PRT1
352
1096
4 0 4 (128 0 320 ) (0 0 320 ) (0 0 64 ) (128 0 64 ) 
4 0 3 (1024 0 64 ) (1024 0 320 ) (128 0 320 ) (128 0 64 ) 
4 0 2 (1024 0 320 ) (1024 0 2112 ) (0 0 2112 ) (0 0 320 ) 
4 0 1 (0 0 64 ) (0 0 2112 ) (0 1024 2112 ) (0 1024 64 ) 
4 1 53 (-1024 0 64 ) (-1024 0 80 ) (-1024 1024 80 ) (-1024 1024 64 ) 
4 1 50 (-1024 0 80 ) (-1024 0 864 ) (-1024 1024 864 ) (-1024 1024 80 ) 
4 1 47 (-1024 0 864 ) (-1024 0 2112 ) (-1024 1024 2112 ) (-1024 1024 864 ) 
4 1 23 (-1024 0 128 ) (-1024 0 64 ) (-992 0 64 ) (-992 0 128 ) 
4 1 21 (-992 0 160 ) (-1024 0 160 ) (-1024 0 128 ) (-992 0 128 ) 
4 1 19 (-832 0 160 ) (-992 0 160 ) (-992 0 64 ) (-832 0 64 ) 
4 1 18 (0 0 64 ) (0 0 160 ) (-832 0 160 ) (-832 0 64 ) 
4 1 14 (-848 0 304 ) (-1024 0 304 ) (-1024 0 160 ) (-848 0 160 ) 
4 1 13 (-832 0 304 ) (-848 0 304 ) (-848 0 160 ) (-832 0 160 ) 
4 1 12 (0 0 160 ) (0 0 304 ) (-832 0 304 ) (-832 0 160 ) 
4 1 11 (-832 0 320 ) (-1024 0 320 ) (-1024 0 304 ) (-832 0 304 ) 
4 1 10 (0 0 304 ) (0 0 320 ) (-832 0 320 ) (-832 0 304 ) 
4 1 9 (-1024 0 416 ) (-1024 0 320 ) (-832 0 320 ) (-832 0 416 ) 
4 1 8 (-832 0 2112 ) (-1024 0 2112 ) (-1024 0 416 ) (-832 0 416 ) 
4 1 7 (0 0 320 ) (0 0 2112 ) (-832 0 2112 ) (-832 0 320 ) 
4 2 39 (1024 -1024 320 ) (1024 -1024 2112 ) (0 -1024 2112 ) (0 -1024 320 ) 
4 2 25 (0 -1024 320 ) (0 -1024 2112 ) (0 -384 2112 ) (0 -384 320 ) 
4 2 7 (0 -384 2112 ) (0 0 2112 ) (0 0 320 ) (0 -384 320 ) 
4 2 4 (0 -128 320 ) (0 0 320 ) (128 0 320 ) (128 -128 320 ) 
4 2 6 (0 -1024 320 ) (0 -512 320 ) (128 -512 320 ) (128 -1024 320 ) 
4 2 3 (128 0 320 ) (1024 0 320 ) (1024 -1024 320 ) (128 -1024 320 ) 
4 3 40 (1024 -1024 64 ) (1024 -1024 192 ) (128 -1024 192 ) (128 -1024 64 ) 
4 3 39 (1024 -1024 192 ) (1024 -1024 320 ) (128 -1024 320 ) (128 -1024 192 ) 
4 3 5 (128 -128 64 ) (128 -512 64 ) (128 -512 112 ) (128 -128 112 ) 
4 3 4 (128 0 64 ) (128 -128 64 ) (128 -128 320 ) (128 0 320 ) 
4 3 6 (128 -512 64 ) (128 -1024 64 ) (128 -1024 320 ) (128 -512 320 ) 
4 4 18 (0 0 160 ) (0 0 64 ) (0 -128 64 ) (0 -128 160 ) 
4 4 12 (0 0 304 ) (0 0 160 ) (0 -128 160 ) (0 -128 304 ) 
4 4 10 (0 -128 320 ) (0 0 320 ) (0 0 304 ) (0 -128 304 ) 
4 4 5 (0 -128 64 ) (128 -128 64 ) (128 -128 112 ) (0 -128 112 ) 
4 5 32 (0 -384 64 ) (0 -512 64 ) (0 -512 112 ) (0 -384 112 ) 
4 5 18 (0 -128 112 ) (0 -128 64 ) (0 -384 64 ) (0 -384 112 ) 
4 5 6 (0 -512 64 ) (128 -512 64 ) (128 -512 112 ) (0 -512 112 ) 
4 6 40 (0 -1024 192 ) (0 -1024 64 ) (128 -1024 64 ) (128 -1024 192 ) 
4 6 39 (128 -1024 320 ) (0 -1024 320 ) (0 -1024 192 ) (128 -1024 192 ) 
4 6 32 (0 -1024 64 ) (0 -1024 144 ) (0 -512 144 ) (0 -512 64 ) 
4 6 27 (0 -1024 144 ) (0 -1024 320 ) (0 -512 320 ) (0 -512 144 ) 
4 7 25 (-832 -384 320 ) (0 -384 320 ) (0 -384 2112 ) (-832 -384 2112 ) 
4 7 10 (0 -384 320 ) (-832 -384 320 ) (-832 0 320 ) (0 0 320 ) 
3 7 9 (-832 0 320 ) (-832 -208 368 ) (-832 0 416 ) 
4 7 8 (-832 -384 327.384613 ) (-832 -384 2112 ) (-832 0 2112 ) (-832 0 416 ) 
4 8 288 (-1024 -384 327.384613 ) (-1024 -384 352 ) (-1024 -376 352 ) (-1024 -376 329.230774 ) 
4 8 286 (-1024 -376 352 ) (-1024 -368 352 ) (-1024 -368 331.076904 ) (-1024 -376 329.230774 ) 
4 8 251 (-1024 -384 352 ) (-1024 -384 864 ) (-1024 -368 864 ) (-1024 -368 352 ) 
4 8 249 (-1024 -384 864 ) (-1024 -384 2112 ) (-1024 -368 2112 ) (-1024 -368 864 ) 
4 8 86 (-1024 -32 408.615387 ) (-1024 -368 331.076904 ) (-1024 -368 648 ) (-1024 -32 648 ) 
4 8 80 (-1024 0 648 ) (-1024 0 416 ) (-1024 -32 408.615387 ) (-1024 -32 648 ) 
4 8 79 (-1024 -316 648 ) (-1024 -368 648 ) (-1024 -368 656 ) (-1024 -316 656 ) 
4 8 78 (-1024 -132 648 ) (-1024 -316 648 ) (-1024 -316 656 ) (-1024 -132 656 ) 
4 8 73 (-1024 -368 656 ) (-1024 -368 736 ) (-1024 -132 736 ) (-1024 -132 656 ) 
4 8 72 (-1024 -368 736 ) (-1024 -368 744 ) (-1024 -316 744 ) (-1024 -316 736 ) 
4 8 71 (-1024 -316 744 ) (-1024 -132 744 ) (-1024 -132 736 ) (-1024 -316 736 ) 
4 8 70 (-1024 -80 648 ) (-1024 -132 648 ) (-1024 -132 744 ) (-1024 -80 744 ) 
4 8 68 (-1024 0 744 ) (-1024 0 648 ) (-1024 -80 648 ) (-1024 -80 744 ) 
4 8 62 (-1024 0 864 ) (-1024 0 744 ) (-1024 -368 744 ) (-1024 -368 864 ) 
4 8 60 (-1024 -368 2112 ) (-1024 0 2112 ) (-1024 0 864 ) (-1024 -368 864 ) 
4 8 26 (-1024 -384 2112 ) (-1024 -384 327.384644 ) (-832 -384 327.384613 ) (-832 -384 2112 ) 
4 8 9 (-1024 0 416 ) (-832 0 416 ) (-832 -207.998749 368 ) (-1024 -207.998749 368 ) 
3 9 87 (-1024 -208 368 ) (-1024 -32 408.615387 ) (-1024 -32 327.384613 ) 
4 9 83 (-1024 0 336 ) (-1024 0 320 ) (-1024 -32 327.384613 ) (-1024 -32 336 ) 
4 9 80 (-1024 -32 408.615387 ) (-1024 0 416 ) (-1024 0 336 ) (-1024 -32 336 ) 
4 10 27 (-832 -384 304 ) (0 -384 304 ) (0 -384 320 ) (-832 -384 320 ) 
4 10 12 (0 -384 304 ) (-832 -384 304 ) (-832 0 304 ) (0 0 304 ) 
4 10 11 (-832 0 304 ) (-832 -32 304 ) (-832 -32 320 ) (-832 0 320 ) 
4 11 84 (-1024 -32 320 ) (-1024 0 320 ) (-1024 0 304 ) (-1024 -32 304 ) 
4 11 14 (-1024 -32 304 ) (-1024 0 304 ) (-848 0 304 ) (-848 -32 304 ) 
4 11 13 (-848 0 304 ) (-832 0 304 ) (-832 -32 304 ) (-848 -32 304 ) 
4 12 27 (-832 -384 160 ) (0 -384 160 ) (0 -384 304 ) (-832 -384 304 ) 
4 12 18 (0 -384 160 ) (-832 -384 160 ) (-832 0 160 ) (0 0 160 ) 
4 12 13 (-832 0 160 ) (-832 -32 160 ) (-832 -32 304 ) (-832 0 304 ) 
4 13 19 (-848 -32 160 ) (-848 0 160 ) (-832 0 160 ) (-832 -32 160 ) 
4 13 14 (-848 0 160 ) (-848 -32 160 ) (-848 -32 304 ) (-848 0 304 ) 
4 14 84 (-1024 -32 304 ) (-1024 0 304 ) (-1024 0 160 ) (-1024 -32 160 ) 
4 14 21 (-1024 -32 160 ) (-1024 0 160 ) (-992 0 160 ) (-992 -32 160 ) 
4 14 19 (-992 0 160 ) (-848 0 160 ) (-848 -32 160 ) (-992 -32 160 ) 
4 15 92 (-1024 -368 304 ) (-1024 -48 304 ) (-1024 -48 160 ) (-1024 -368 160 ) 
4 15 22 (-1024 -368 160 ) (-1024 -224 160 ) (-992 -224 160 ) (-992 -368 160 ) 
4 15 17 (-1024 -368 160 ) (-992 -368 160 ) (-992 -368 276 ) (-1024 -368 276 ) 
4 15 16 (-896 -368 272 ) (-960 -368 272 ) (-960 -368 208 ) (-896 -368 208 ) 
4 16 28 (-896 -384 272 ) (-960 -384 272 ) (-960 -384 208 ) (-896 -384 208 ) 
4 17 287 (-1024 -368 276 ) (-1024 -368 160 ) (-1024 -376 160 ) (-1024 -376 276 ) 
4 17 22 (-1024 -376 160 ) (-1024 -368 160 ) (-992 -368 160 ) (-992 -376 160 ) 
4 18 33 (-832 -384 120 ) (-832 -384 64 ) (-824 -384 64 ) (-824 -384 120 ) 
4 18 32 (0 -384 64 ) (0 -384 144 ) (-824 -384 144 ) (-824 -384 64 ) 
4 18 27 (0 -384 144 ) (0 -384 160 ) (-832 -384 160 ) (-832 -384 144 ) 
4 18 20 (-832 -32 64 ) (-832 -384 64 ) (-832 -384 128 ) (-832 -32 128 ) 
4 18 19 (-832 0 64 ) (-832 -32 64 ) (-832 -32 160 ) (-832 0 160 ) 
4 19 23 (-992 0 128 ) (-992 0 64 ) (-992 -32 64 ) (-992 -32 128 ) 
4 19 21 (-992 -32 160 ) (-992 0 160 ) (-992 0 128 ) (-992 -32 128 ) 
4 19 20 (-992 -32 128 ) (-992 -32 64 ) (-832 -32 64 ) (-832 -32 128 ) 
4 20 35 (-992 -384 80 ) (-992 -384 64 ) (-832 -384 64 ) (-832 -384 80 ) 
4 20 24 (-992 -384 64 ) (-992 -384 128 ) (-992 -376 128 ) (-992 -376 64 ) 
4 20 23 (-992 -376 128 ) (-992 -32 128 ) (-992 -32 64 ) (-992 -376 64 ) 
4 21 84 (-1024 -32 160 ) (-1024 0 160 ) (-1024 0 128 ) (-1024 -32 128 ) 
4 21 23 (-1024 -32 128 ) (-1024 0 128 ) (-992 0 128 ) (-992 -32 128 ) 
4 22 287 (-1024 -376 144.800003 ) (-1024 -376 160 ) (-1024 -368 160 ) (-1024 -368 145.600006 ) 
3 22 96 (-1024 -368 160 ) (-1024 -224 160 ) (-1024 -368 145.600006 ) 
4 23 326 (-1024 -376 64 ) (-1024 -376 80 ) (-1024 -368 80 ) (-1024 -368 64 ) 
4 23 324 (-1024 -376 80 ) (-1024 -376 128 ) (-1024 -368 128 ) (-1024 -368 80 ) 
4 23 97 (-1024 -368 128 ) (-1024 -32 128 ) (-1024 -32 64 ) (-1024 -368 64 ) 
4 23 84 (-1024 -32 128 ) (-1024 0 128 ) (-1024 0 64 ) (-1024 -32 64 ) 
4 23 24 (-992 -376 64 ) (-992 -376 128 ) (-1024 -376 128 ) (-1024 -376 64 ) 
4 24 326 (-1024 -384 64 ) (-1024 -384 80 ) (-1024 -376 80 ) (-1024 -376 64 ) 
4 24 324 (-1024 -384 80 ) (-1024 -384 128 ) (-1024 -376 128 ) (-1024 -376 80 ) 
4 24 35 (-1024 -384 80 ) (-1024 -384 64 ) (-992 -384 64 ) (-992 -384 80 ) 
4 25 43 (-832 -1024 320 ) (0 -1024 320 ) (0 -1024 2112 ) (-832 -1024 2112 ) 
4 25 27 (-832 -384 320 ) (0 -384 320 ) (0 -1024 320 ) (-832 -1024 320 ) 
5 25 26 (-832 -416 320 ) (-832 -1024 320 ) (-832 -1024 2112 ) (-832 -384 2112 ) (-832 -384 327.384644 ) 
4 26 316 (-1024 -1024 320 ) (-1024 -1024 352 ) (-1024 -416 352 ) (-1024 -416 320 ) 
4 26 300 (-1024 -384 336 ) (-1024 -384 327.384644 ) (-1024 -416 320 ) (-1024 -416 336 ) 
4 26 299 (-1024 -416 352 ) (-1024 -384 352 ) (-1024 -384 336 ) (-1024 -416 336 ) 
4 26 251 (-1024 -424 864 ) (-1024 -384 864 ) (-1024 -384 352 ) (-1024 -424 352 ) 
4 26 254 (-1024 -1024 352 ) (-1024 -1024 864 ) (-1024 -424 864 ) (-1024 -424 352 ) 
4 26 249 (-1024 -1024 864 ) (-1024 -1024 2112 ) (-1024 -384 2112 ) (-1024 -384 864 ) 
4 26 43 (-1024 -1024 2112 ) (-1024 -1024 320 ) (-832 -1024 320 ) (-832 -1024 2112 ) 
4 26 30 (-896 -1024 320 ) (-960 -1024 320 ) (-960 -416 320 ) (-896 -416 320 ) 
4 26 27 (-832 -416 320 ) (-832 -1024 320 ) (-896 -1024 320 ) (-896 -416 320 ) 
4 26 31 (-960 -1024 320 ) (-1024 -1024 320 ) (-1024 -416 320 ) (-960 -416 320 ) 
4 27 44 (-896 -1024 144 ) (0 -1024 144 ) (0 -1024 192 ) (-896 -1024 192 ) 
4 27 43 (0 -1024 192 ) (0 -1024 320 ) (-896 -1024 320 ) (-896 -1024 192 ) 
4 27 38 (-832 -1024 144 ) (-896 -1024 144 ) (-896 -744 144 ) (-832 -744 144 ) 
4 27 36 (-896 -736 144 ) (-896 -496 144 ) (-832 -496 144 ) (-832 -736 144 ) 
4 27 34 (-824 -1024 144 ) (-832 -1024 144 ) (-832 -744 144 ) (-824 -744 144 ) 
4 27 32 (0 -1024 144 ) (-824 -1024 144 ) (-824 -384 144 ) (0 -384 144 ) 
4 27 29 (-896 -384 144 ) (-896 -388 144 ) (-896 -388 205.665985 ) (-896 -384 206.666000 ) 
4 27 28 (-896 -388 207 ) (-896 -388 320 ) (-896 -384 320 ) (-896 -384 208 ) 
4 27 30 (-896 -388 144 ) (-896 -1024 144 ) (-896 -1024 320 ) (-896 -388 320 ) 
4 28 30 (-960 -388 320 ) (-960 -388 207 ) (-896 -388 207 ) (-896 -388 320 ) 
4 28 31 (-960 -388 207 ) (-960 -388 320 ) (-960 -384 320 ) (-960 -384 208 ) 
4 29 31 (-960 -384 144 ) (-960 -388 144 ) (-960 -388 205.665985 ) (-960 -384 206.666000 ) 
4 29 30 (-960 -388 205.666000 ) (-960 -388 144 ) (-896 -388 144 ) (-896 -388 205.665985 ) 
4 30 44 (-960 -1024 144 ) (-896 -1024 144 ) (-896 -1024 192 ) (-960 -1024 192 ) 
4 30 43 (-896 -1024 192 ) (-896 -1024 320 ) (-960 -1024 320 ) (-960 -1024 192 ) 
4 30 38 (-896 -1024 144 ) (-960 -1024 144 ) (-960 -744 144 ) (-896 -744 144 ) 
4 30 36 (-960 -736 144 ) (-960 -496 144 ) (-896 -496 144 ) (-896 -736 144 ) 
4 30 31 (-960 -388 144 ) (-960 -1024 144 ) (-960 -1024 320 ) (-960 -388 320 ) 
4 31 320 (-1024 -1024 144 ) (-1024 -1024 192 ) (-1024 -416 192 ) (-1024 -416 144 ) 
4 31 316 (-1024 -1024 192 ) (-1024 -1024 320 ) (-1024 -416 320 ) (-1024 -416 192 ) 
4 31 302 (-1024 -384 208 ) (-1024 -384 144 ) (-1024 -388 144 ) (-1024 -388 207 ) 
4 31 307 (-1024 -388 144 ) (-1024 -416 144 ) (-1024 -416 200 ) (-1024 -388 207 ) 
4 31 301 (-1024 -416 320 ) (-1024 -384 320 ) (-1024 -384 208 ) (-1024 -416 200 ) 
4 31 44 (-1024 -1024 192 ) (-1024 -1024 144 ) (-960 -1024 144 ) (-960 -1024 192 ) 
4 31 43 (-1024 -1024 320 ) (-1024 -1024 192 ) (-960 -1024 192 ) (-960 -1024 320 ) 
4 31 38 (-960 -1024 144 ) (-1024 -1024 144 ) (-1024 -744 144 ) (-960 -744 144 ) 
4 31 36 (-1024 -736 144 ) (-1024 -496 144 ) (-960 -496 144 ) (-960 -736 144 ) 
4 32 44 (0 -1024 64 ) (0 -1024 144 ) (-824 -1024 144 ) (-824 -1024 64 ) 
4 32 33 (-824 -384 64 ) (-824 -744 64 ) (-824 -744 120 ) (-824 -384 120 ) 
4 32 34 (-824 -744 64 ) (-824 -1024 64 ) (-824 -1024 144 ) (-824 -744 144 ) 
4 33 37 (-832 -736 64 ) (-832 -744 64 ) (-832 -744 120 ) (-832 -736 120 ) 
4 33 35 (-832 -384 80 ) (-832 -384 64 ) (-832 -496 64 ) (-832 -496 80 ) 
4 33 36 (-832 -496 64 ) (-832 -736 64 ) (-832 -736 120 ) (-832 -496 120 ) 
4 33 34 (-832 -744 120 ) (-832 -744 64 ) (-824 -744 64 ) (-824 -744 120 ) 
4 34 44 (-824 -1024 144 ) (-832 -1024 144 ) (-832 -1024 64 ) (-824 -1024 64 ) 
4 34 38 (-832 -1024 64 ) (-832 -1024 144 ) (-832 -744 144 ) (-832 -744 64 ) 
4 35 330 (-1024 -384 80 ) (-1024 -384 64 ) (-1024 -496 64 ) (-1024 -496 80 ) 
4 35 36 (-1024 -496 64 ) (-832 -496 64 ) (-832 -496 80 ) (-1024 -496 80 ) 
4 36 330 (-1024 -496 80 ) (-1024 -496 64 ) (-1024 -736 64 ) (-1024 -736 80 ) 
4 36 327 (-1024 -736 144 ) (-1024 -496 144 ) (-1024 -496 80 ) (-1024 -736 80 ) 
4 36 37 (-1024 -736 64 ) (-832 -736 64 ) (-832 -736 120 ) (-1024 -736 120 ) 
4 37 330 (-1024 -736 80 ) (-1024 -736 64 ) (-1024 -744 64 ) (-1024 -744 80 ) 
4 37 328 (-1024 -736 120 ) (-1024 -736 80 ) (-1024 -744 80 ) (-1024 -744 120 ) 
4 37 38 (-1024 -744 64 ) (-832 -744 64 ) (-832 -744 120 ) (-1024 -744 120 ) 
4 38 330 (-1024 -1024 64 ) (-1024 -1024 80 ) (-1024 -744 80 ) (-1024 -744 64 ) 
4 38 329 (-1024 -1024 80 ) (-1024 -1024 144 ) (-1024 -744 144 ) (-1024 -744 80 ) 
4 38 44 (-1024 -1024 144 ) (-1024 -1024 64 ) (-832 -1024 64 ) (-832 -1024 144 ) 
4 39 43 (0 -1024 2112 ) (0 -1024 192 ) (0 -2048 192 ) (0 -2048 2112 ) 
4 39 40 (0 -1072 192 ) (0 -1024 192 ) (1024 -1024 192 ) (1024 -1072 192 ) 
4 39 42 (0 -2048 192 ) (0 -1088 192 ) (1024 -1088 192 ) (1024 -2048 192 ) 
4 40 44 (0 -1024 192 ) (0 -1024 64 ) (0 -1072 64 ) (0 -1072 192 ) 
4 40 41 (0 -1072 64 ) (1024 -1072 64 ) (1024 -1072 128 ) (0 -1072 128 ) 
4 41 45 (0 -1072 64 ) (0 -1088 64 ) (0 -1088 128 ) (0 -1072 128 ) 
4 41 42 (0 -1088 64 ) (1024 -1088 64 ) (1024 -1088 128 ) (0 -1088 128 ) 
4 42 46 (0 -1088 64 ) (0 -2048 64 ) (0 -2048 192 ) (0 -1088 192 ) 
4 43 347 (-1024 -2048 192 ) (-1024 -2048 2112 ) (-1024 -1024 2112 ) (-1024 -1024 192 ) 
4 43 44 (-1024 -1072 192 ) (-1024 -1024 192 ) (0 -1024 192 ) (0 -1072 192 ) 
4 43 46 (0 -2048 192 ) (-1024 -2048 192 ) (-1024 -1088 192 ) (0 -1088 192 ) 
4 44 348 (-1024 -1072 192 ) (-1024 -1024 192 ) (-1024 -1024 64 ) (-1024 -1072 64 ) 
4 44 45 (-1024 -1072 64 ) (0 -1072 64 ) (0 -1072 128 ) (-1024 -1072 128 ) 
4 45 349 (-1024 -1072 128 ) (-1024 -1072 64 ) (-1024 -1088 64 ) (-1024 -1088 128 ) 
4 45 46 (-1024 -1088 64 ) (0 -1088 64 ) (0 -1088 128 ) (-1024 -1088 128 ) 
4 46 350 (-1024 -2048 64 ) (-1024 -2048 192 ) (-1024 -1088 192 ) (-1024 -1088 64 ) 
4 47 127 (-1968 0 2112 ) (-2048 0 2112 ) (-2048 0 911.172607 ) (-1968 0 902.896729 ) 
3 47 103 (-1824 0 888 ) (-1680 0 873.103516 ) (-1680 0 902.896423 ) 
5 47 102 (-1680 0 2112 ) (-1968 0 2112 ) (-1968 0 902.896729 ) (-1824 0 888 ) (-1680 0 902.896423 ) 
5 47 60 (-1024 0 864 ) (-1024 0 2112 ) (-1680 0 2112 ) (-1680 0 873.103516 ) (-1592 0 864 ) 
4 47 54 (-2048 0 911.172485 ) (-2048 0 2112 ) (-2048 1024 2112 ) (-2048 1024 911.172607 ) 
4 47 50 (-1592 1024 864 ) (-1024 1024 864 ) (-1024 0 864 ) (-1592 0 864 ) 
5 47 49 (-1824 1024 888 ) (-1592.001465 1024 864 ) (-1592.001465 8 864 ) (-1600.001343 0 864.827576 ) (-1824 0 888 ) 
4 47 48 (-2048 1024 911.172241 ) (-1824 1024 888 ) (-1824 0 888 ) (-2048 0 911.172241 ) 
4 48 127 (-2048 0 911.172607 ) (-2048 0 864.827515 ) (-1968 0 873.103394 ) (-1968 0 902.896729 ) 
3 48 102 (-1968 0 873.103394 ) (-1824 0 888 ) (-1968 0 902.896729 ) 
4 48 54 (-2048 0 864.827515 ) (-2048 0 911.172485 ) (-2048 1024 911.172607 ) (-2048 1024 864.827515 ) 
4 48 49 (-2048 0 864.827515 ) (-2048 1024 864.827515 ) (-1824.001953 1024 888 ) (-1824.001953 0 888 ) 
3 49 128 (-2048 0 864.827515 ) (-1968 0 864.827515 ) (-1968 0 873.103394 ) 
5 49 103 (-1968 0 864.827515 ) (-1680 0 864.827576 ) (-1680 0 873.103516 ) (-1824 0 888 ) (-1968 0 873.103394 ) 
3 49 61 (-1680 0 864.827576 ) (-1600 0 864.827576 ) (-1680 0 873.103516 ) 
4 49 55 (-2048 0 864.827515 ) (-2048 1024 864.827515 ) (-2048 1024 864 ) (-2048 8 864 ) 
4 49 52 (-2016 40 864 ) (-2016 8 864 ) (-2048 8 864 ) (-2048 40 864 ) 
4 49 51 (-2048 1024 864 ) (-2016 1024 864 ) (-2016 40 864 ) (-2048 40 864 ) 
4 49 50 (-2016 1024 864 ) (-1592 1024 864 ) (-1592 8 864 ) (-2016 8 864 ) 
4 50 140 (-2016 0 144 ) (-2016 0 80 ) (-1680 0 80 ) (-1680 0 144 ) 
4 50 137 (-1872 0 144 ) (-1776 0 144 ) (-1776 0 192 ) (-1872 0 192 ) 
4 50 136 (-1776 0 144 ) (-1680 0 144 ) (-1680 0 192 ) (-1776 0 192 ) 
4 50 139 (-2016 0 192 ) (-2016 0 144 ) (-1872 0 144 ) (-1872 0 192 ) 
4 50 133 (-2016 0 352 ) (-2016 0 192 ) (-1680 0 192 ) (-1680 0 352 ) 
4 50 129 (-1968 0 864 ) (-2016 0 864 ) (-2016 0 352 ) (-1968 0 352 ) 
4 50 119 (-1900 0 352 ) (-1748 0 352 ) (-1748 0 544 ) (-1900 0 544 ) 
4 50 118 (-1748 0 352 ) (-1680 0 352 ) (-1680 0 544 ) (-1748 0 544 ) 
4 50 122 (-1968 0 544 ) (-1968 0 352 ) (-1900 0 352 ) (-1900 0 544 ) 
4 50 116 (-1968 0 648 ) (-1968 0 544 ) (-1680 0 544 ) (-1680 0 648 ) 
4 50 115 (-1968 0 656 ) (-1968 0 648 ) (-1916 0 648 ) (-1916 0 656 ) 
4 50 114 (-1916 0 648 ) (-1732 0 648 ) (-1732 0 656 ) (-1916 0 656 ) 
4 50 108 (-1968 0 744 ) (-1968 0 656 ) (-1732 0 656 ) (-1732 0 744 ) 
4 50 107 (-1732 0 648 ) (-1680 0 648 ) (-1680 0 744 ) (-1732 0 744 ) 
4 50 104 (-1680 0 864 ) (-1968 0 864 ) (-1968 0 744 ) (-1680 0 744 ) 
4 50 83 (-1024 0 320 ) (-1024 0 336 ) (-1632 0 336 ) (-1632 0 320 ) 
4 50 84 (-1024 0 80 ) (-1024 0 320 ) (-1632 0 320 ) (-1632 0 80 ) 
4 50 85 (-1632 0 336 ) (-1680 0 336 ) (-1680 0 80 ) (-1632 0 80 ) 
4 50 81 (-1624 0 648 ) (-1680 0 648 ) (-1680 0 336 ) (-1624 0 336 ) 
4 50 80 (-1024 0 336 ) (-1024 0 648 ) (-1624 0 648 ) (-1624 0 336 ) 
4 50 69 (-1632 0 744 ) (-1680 0 744 ) (-1680 0 648 ) (-1632 0 648 ) 
4 50 68 (-1024 0 648 ) (-1024 0 744 ) (-1632 0 744 ) (-1632 0 648 ) 
4 50 63 (-1624 0 864 ) (-1680 0 864 ) (-1680 0 744 ) (-1624 0 744 ) 
4 50 62 (-1024 0 744 ) (-1024 0 864 ) (-1624 0 864 ) (-1624 0 744 ) 
4 50 53 (-1024 0 80 ) (-2016 0 80 ) (-2016 1024 80 ) (-1024 1024 80 ) 
4 50 52 (-2016 0 144 ) (-2016 0 864 ) (-2016 40 864 ) (-2016 40 144 ) 
4 50 51 (-2016 1024 80 ) (-2016 40 80 ) (-2016 40 864 ) (-2016 1024 864 ) 
4 51 57 (-2048 1024 144 ) (-2048 1024 80 ) (-2048 40 80 ) (-2048 40 144 ) 
4 51 56 (-2048 40 864 ) (-2048 1024 864 ) (-2048 1024 144 ) (-2048 40 144 ) 
4 51 53 (-2048 40 80 ) (-2048 1024 80 ) (-2016 1024 80 ) (-2016 40 80 ) 
4 51 52 (-2016 40 144 ) (-2016 40 864 ) (-2048 40 864 ) (-2048 40 144 ) 
4 52 139 (-2048 0 192 ) (-2048 0 144 ) (-2016 0 144 ) (-2016 0 192 ) 
4 52 133 (-2024 0 192 ) (-2016 0 192 ) (-2016 0 352 ) (-2024 0 352 ) 
4 52 135 (-2048 0 352 ) (-2048 0 192 ) (-2024 0 192 ) (-2024 0 352 ) 
4 52 129 (-2016 0 864 ) (-2024 0 864 ) (-2024 0 352 ) (-2016 0 352 ) 
4 52 132 (-2024 0 864 ) (-2048 0 864 ) (-2048 0 352 ) (-2024 0 352 ) 
4 52 56 (-2048 0 144 ) (-2048 0 864 ) (-2048 40 864 ) (-2048 40 144 ) 
4 53 141 (-1680 0 80 ) (-2048 0 80 ) (-2048 0 64 ) (-1680 0 64 ) 
4 53 84 (-1024 0 64 ) (-1024 0 80 ) (-1632 0 80 ) (-1632 0 64 ) 
4 53 85 (-1632 0 80 ) (-1680 0 80 ) (-1680 0 64 ) (-1632 0 64 ) 
4 53 59 (-2048 0 64 ) (-2048 0 80 ) (-2048 1024 80 ) (-2048 1024 64 ) 
5 54 331 (-2048 0 864.827515 ) (-2048 0 2112 ) (-3072 0 2112 ) (-3072 0 864 ) (-2056 0 864 ) 
4 54 55 (-2055.998047 8 864 ) (-2055.998047 1024 864 ) (-2048 1024 864.827393 ) (-2048 0 864.827393 ) 
4 54 56 (-3072 0 864 ) (-3072 1024 864 ) (-2056 1024 864 ) (-2056 0 864 ) 
4 55 56 (-2056 1024 864 ) (-2048 1024 864 ) (-2048 8 864 ) (-2056 8 864 ) 
4 56 333 (-2048 0 144 ) (-2048 0 864 ) (-3072 0 864 ) (-3072 0 144 ) 
4 56 58 (-3072 0 144 ) (-3072 40 144 ) (-2248 40 144 ) (-2248 0 144 ) 
4 56 57 (-3072 40 144 ) (-3072 1024 144 ) (-2048 1024 144 ) (-2048 40 144 ) 
4 57 59 (-3072 40 80 ) (-3072 1024 80 ) (-2048 1024 80 ) (-2048 40 80 ) 
4 57 58 (-3072 40 80 ) (-2248 40 80 ) (-2248 40 144 ) (-3072 40 144 ) 
4 58 343 (-2256 0 144 ) (-2824 0 144 ) (-2824 0 80 ) (-2256 0 80 ) 
4 58 345 (-2824 0 144 ) (-3072 0 144 ) (-3072 0 80 ) (-2824 0 80 ) 
4 58 341 (-2248 0 144 ) (-2256 0 144 ) (-2256 0 80 ) (-2248 0 80 ) 
4 58 59 (-2248 0 80 ) (-3072 0 80 ) (-3072 40 80 ) (-2248 40 80 ) 
4 59 346 (-2048 0 64 ) (-2048 0 80 ) (-3072 0 80 ) (-3072 0 64 ) 
5 60 249 (-1024 -368 864 ) (-1024 -368 2112 ) (-1680 -368 2112 ) (-1680 -368 873.103516 ) (-1592 -368 864 ) 
4 60 149 (-1680 -368 873.103455 ) (-1680 -368 2112 ) (-1680 -80 2112 ) (-1680 -80 873.103516 ) 
4 60 103 (-1680 0 902.896484 ) (-1680 0 873.103516 ) (-1680 -80 873.103516 ) (-1680 -80 902.896423 ) 
4 60 102 (-1680 -80 2112 ) (-1680 0 2112 ) (-1680 0 902.896484 ) (-1680 -80 902.896423 ) 
4 60 62 (-1024 -368 864 ) (-1592 -368 864 ) (-1592 0 864 ) (-1024 0 864 ) 
3 60 61 (-1680 -79.998840 873.103333 ) (-1680 0 873.103333 ) (-1600.001343 0 864.827576 ) 
3 61 103 (-1680 -80 873.103516 ) (-1680 0 873.103516 ) (-1680 0 864.827576 ) 
4 62 251 (-1024 -368 744 ) (-1024 -368 864 ) (-1624 -368 864 ) (-1624 -368 744 ) 
4 62 72 (-1024 -368 744 ) (-1624 -368 744 ) (-1624 -316 744 ) (-1024 -316 744 ) 
4 62 71 (-1624 -316 744 ) (-1624 -132 744 ) (-1024 -132 744 ) (-1024 -316 744 ) 
4 62 70 (-1624 -132 744 ) (-1624 -80 744 ) (-1024 -80 744 ) (-1024 -132 744 ) 
4 62 68 (-1624 -80 744 ) (-1624 0 744 ) (-1024 0 744 ) (-1024 -80 744 ) 
4 62 66 (-1624 -80 744 ) (-1624 -368 744 ) (-1624 -368 800 ) (-1624 -80 800 ) 
4 62 65 (-1624 -32 744 ) (-1624 -80 744 ) (-1624 -80 800 ) (-1624 -32 800 ) 
4 62 64 (-1624 -24 744 ) (-1624 -32 744 ) (-1624 -32 800 ) (-1624 -24 800 ) 
4 62 63 (-1624 0 744 ) (-1624 -24 744 ) (-1624 -24 864 ) (-1624 0 864 ) 
4 63 104 (-1680 -24 864 ) (-1680 0 864 ) (-1680 0 744 ) (-1680 -24 744 ) 
4 63 69 (-1680 -24 744 ) (-1680 0 744 ) (-1632 0 744 ) (-1632 -24 744 ) 
4 63 68 (-1632 0 744 ) (-1624 0 744 ) (-1624 -24 744 ) (-1632 -24 744 ) 
4 63 64 (-1680 -24 744 ) (-1624 -24 744 ) (-1624 -24 800 ) (-1680 -24 800 ) 
4 64 105 (-1680 -24 800 ) (-1680 -24 744 ) (-1680 -32 744 ) (-1680 -32 800 ) 
4 64 69 (-1680 -32 744 ) (-1680 -24 744 ) (-1632 -24 744 ) (-1632 -32 744 ) 
4 64 68 (-1632 -24 744 ) (-1624 -24 744 ) (-1624 -32 744 ) (-1632 -32 744 ) 
4 64 65 (-1632 -32 744 ) (-1624 -32 744 ) (-1624 -32 800 ) (-1632 -32 800 ) 
4 65 68 (-1632 -32 744 ) (-1624 -32 744 ) (-1624 -80 744 ) (-1632 -80 744 ) 
4 65 66 (-1632 -80 744 ) (-1624 -80 744 ) (-1624 -80 800 ) (-1632 -80 800 ) 
4 66 252 (-1632 -368 800 ) (-1632 -368 744 ) (-1624 -368 744 ) (-1624 -368 800 ) 
4 66 72 (-1624 -368 744 ) (-1632 -368 744 ) (-1632 -316 744 ) (-1624 -316 744 ) 
4 66 71 (-1632 -316 744 ) (-1632 -132 744 ) (-1624 -132 744 ) (-1624 -316 744 ) 
4 66 70 (-1632 -132 744 ) (-1632 -80 744 ) (-1624 -80 744 ) (-1624 -132 744 ) 
4 66 67 (-1632 -80 752 ) (-1632 -80 744 ) (-1632 -368 744 ) (-1632 -368 752 ) 
4 67 72 (-1632 -368 744 ) (-1644 -368 744 ) (-1644 -316 744 ) (-1632 -316 744 ) 
4 67 71 (-1640 -132 744 ) (-1632 -132 744 ) (-1632 -316 744 ) (-1640 -316 744 ) 
4 67 70 (-1644 -132 744 ) (-1644 -80 744 ) (-1632 -80 744 ) (-1632 -132 744 ) 
4 68 88 (-1624 -80 648 ) (-1632 -80 648 ) (-1632 -32 648 ) (-1624 -32 648 ) 
4 68 86 (-1024 -32 648 ) (-1024 -80 648 ) (-1624 -80 648 ) (-1624 -32 648 ) 
4 68 82 (-1624 -24 648 ) (-1624 -32 648 ) (-1632 -32 648 ) (-1632 -24 648 ) 
4 68 81 (-1632 0 648 ) (-1624 0 648 ) (-1624 -24 648 ) (-1632 -24 648 ) 
4 68 80 (-1624 0 648 ) (-1024 0 648 ) (-1024 -32 648 ) (-1624 -32 648 ) 
4 68 70 (-1632 -80 648 ) (-1024 -80 648 ) (-1024 -80 744 ) (-1632 -80 744 ) 
4 68 69 (-1632 0 648 ) (-1632 -32 648 ) (-1632 -32 744 ) (-1632 0 744 ) 
4 69 107 (-1680 -32 744 ) (-1680 0 744 ) (-1680 0 648 ) (-1680 -32 648 ) 
4 69 82 (-1680 -32 648 ) (-1680 -24 648 ) (-1632 -24 648 ) (-1632 -32 648 ) 
4 69 81 (-1680 -24 648 ) (-1680 0 648 ) (-1632 0 648 ) (-1632 -24 648 ) 
4 70 99 (-1644 -80 648 ) (-1632 -80 648 ) (-1632 -132 648 ) (-1644 -132 648 ) 
4 70 88 (-1632 -80 648 ) (-1624 -80 648 ) (-1624 -132 648 ) (-1632 -132 648 ) 
4 70 86 (-1624 -80 648 ) (-1024 -80 648 ) (-1024 -132 648 ) (-1624 -132 648 ) 
4 70 78 (-1636 -132 648 ) (-1024 -132 648 ) (-1024 -132 656 ) (-1636 -132 656 ) 
4 70 73 (-1024 -132 656 ) (-1024 -132 736 ) (-1640 -132 736 ) (-1640 -132 656 ) 
4 70 71 (-1024 -132 736 ) (-1024 -132 744 ) (-1640 -132 744 ) (-1640 -132 736 ) 
4 71 73 (-1640 -132 736 ) (-1024 -132 736 ) (-1024 -316 736 ) (-1640 -316 736 ) 
4 71 72 (-1640 -316 736 ) (-1024 -316 736 ) (-1024 -316 744 ) (-1640 -316 744 ) 
4 72 252 (-1624 -368 744 ) (-1632 -368 744 ) (-1632 -368 736 ) (-1624 -368 736 ) 
4 72 251 (-1024 -368 736 ) (-1024 -368 744 ) (-1624 -368 744 ) (-1624 -368 736 ) 
4 72 77 (-1640 -368 736 ) (-1644 -368 736 ) (-1644 -316 736 ) (-1640 -316 736 ) 
4 72 73 (-1024 -368 736 ) (-1640 -368 736 ) (-1640 -316 736 ) (-1024 -316 736 ) 
4 73 252 (-1624 -368 736 ) (-1632 -368 736 ) (-1632 -368 656 ) (-1624 -368 656 ) 
4 73 251 (-1024 -368 656 ) (-1024 -368 736 ) (-1624 -368 736 ) (-1624 -368 656 ) 
4 73 79 (-1024 -368 656 ) (-1640 -368 656 ) (-1640 -316 656 ) (-1024 -316 656 ) 
4 73 78 (-1636 -132 656 ) (-1024 -132 656 ) (-1024 -316 656 ) (-1636 -316 656 ) 
4 73 77 (-1640 -316 656 ) (-1640 -368 656 ) (-1640 -368 736 ) (-1640 -316 736 ) 
4 73 76 (-1640 -260 656 ) (-1640 -300 656 ) (-1640 -300 736 ) (-1640 -260 736 ) 
4 73 74 (-1640 -148 656 ) (-1640 -188 656 ) (-1640 -188 736 ) (-1640 -148 736 ) 
4 73 75 (-1640 -204 656 ) (-1640 -244 656 ) (-1640 -244 736 ) (-1640 -204 736 ) 
4 74 162 (-1680 -188 736 ) (-1680 -148 736 ) (-1680 -148 656 ) (-1680 -188 656 ) 
4 75 162 (-1680 -244 736 ) (-1680 -204 736 ) (-1680 -204 656 ) (-1680 -244 656 ) 
4 76 162 (-1680 -300 736 ) (-1680 -260 736 ) (-1680 -260 656 ) (-1680 -300 656 ) 
4 77 79 (-1640 -368 656 ) (-1644 -368 656 ) (-1644 -316 656 ) (-1640 -316 656 ) 
4 78 99 (-1636 -132 648 ) (-1632 -132 648 ) (-1632 -316 648 ) (-1636 -316 648 ) 
4 78 88 (-1632 -132 648 ) (-1624 -132 648 ) (-1624 -316 648 ) (-1632 -316 648 ) 
4 78 86 (-1624 -132 648 ) (-1024 -132 648 ) (-1024 -316 648 ) (-1624 -316 648 ) 
4 78 79 (-1636 -316 648 ) (-1024 -316 648 ) (-1024 -316 656 ) (-1636 -316 656 ) 
4 79 252 (-1624 -368 656 ) (-1632 -368 656 ) (-1632 -368 648 ) (-1624 -368 648 ) 
4 79 251 (-1024 -368 648 ) (-1024 -368 656 ) (-1624 -368 656 ) (-1624 -368 648 ) 
4 79 99 (-1632 -368 648 ) (-1644 -368 648 ) (-1644 -316 648 ) (-1632 -316 648 ) 
4 79 88 (-1624 -368 648 ) (-1632 -368 648 ) (-1632 -316 648 ) (-1624 -316 648 ) 
4 79 86 (-1024 -368 648 ) (-1624 -368 648 ) (-1624 -316 648 ) (-1024 -316 648 ) 
4 80 87 (-1024 -32 336 ) (-1024 -32 408.615387 ) (-1624 -32 408.615417 ) (-1624 -32 336 ) 
4 80 86 (-1024 -32 408.615387 ) (-1024 -32 648 ) (-1624 -32 648 ) (-1624 -32 408.615417 ) 
4 80 83 (-1024 -32 336 ) (-1624 -32 336 ) (-1624 0 336 ) (-1024 0 336 ) 
4 80 82 (-1624 -32 352 ) (-1624 -32 648 ) (-1624 -24 648 ) (-1624 -24 352 ) 
4 80 81 (-1624 0 336 ) (-1624 -24 336 ) (-1624 -24 648 ) (-1624 0 648 ) 
4 81 133 (-1680 0 352 ) (-1680 0 336 ) (-1680 -24 336 ) (-1680 -24 352 ) 
4 81 118 (-1680 0 544 ) (-1680 0 352 ) (-1680 -24 352 ) (-1680 -24 544 ) 
4 81 116 (-1680 -24 648 ) (-1680 0 648 ) (-1680 0 544 ) (-1680 -24 544 ) 
4 81 83 (-1632 0 336 ) (-1624 0 336 ) (-1624 -24 336 ) (-1632 -24 336 ) 
4 81 85 (-1680 -24 336 ) (-1680 0 336 ) (-1632 0 336 ) (-1632 -24 336 ) 
4 81 82 (-1624 -24 352 ) (-1624 -24 648 ) (-1680 -24 648 ) (-1680 -24 352 ) 
4 82 118 (-1680 -32 352 ) (-1680 -32 544 ) (-1680 -24 544 ) (-1680 -24 352 ) 
4 82 116 (-1680 -32 544 ) (-1680 -32 648 ) (-1680 -24 648 ) (-1680 -24 544 ) 
4 82 89 (-1632 -32 408.615356 ) (-1632 -32 352 ) (-1624 -32 352 ) (-1624 -32 408.615387 ) 
4 82 88 (-1624 -32 648 ) (-1632 -32 648 ) (-1632 -32 408.615356 ) (-1624 -32 408.615387 ) 
4 83 91 (-1624 -32 336 ) (-1632 -32 336 ) (-1632 -32 327.384613 ) (-1624 -32 327.384613 ) 
4 83 87 (-1024 -32 327.384613 ) (-1024 -32 336 ) (-1624 -32 336 ) (-1624 -32 327.384613 ) 
4 83 85 (-1632 -32 327.384613 ) (-1632 -32 336 ) (-1632 0 336 ) (-1632 0 320 ) 
4 84 98 (-1632 -32 128 ) (-1632 -32 64 ) (-1120 -32 64 ) (-1120 -32 128 ) 
4 84 97 (-1024 -32 64 ) (-1024 -32 128 ) (-1120 -32 128 ) (-1120 -32 64 ) 
4 84 85 (-1632 0 64 ) (-1632 -32 64 ) (-1632 -32 320 ) (-1632 0 320 ) 
4 85 141 (-1680 -32 64 ) (-1680 -32 80 ) (-1680 0 80 ) (-1680 0 64 ) 
4 85 140 (-1680 -32 80 ) (-1680 -32 144 ) (-1680 0 144 ) (-1680 0 80 ) 
4 85 136 (-1680 -32 144 ) (-1680 -32 192 ) (-1680 0 192 ) (-1680 0 144 ) 
4 85 134 (-1680 -32 192 ) (-1680 -32 336 ) (-1680 -24 336 ) (-1680 -24 192 ) 
4 85 133 (-1680 -24 336 ) (-1680 0 336 ) (-1680 0 192 ) (-1680 -24 192 ) 
4 85 101 (-1680 -32 128 ) (-1680 -32 64 ) (-1632 -32 64 ) (-1632 -32 128 ) 
4 86 294 (-1624 -368 336 ) (-1624 -368 331.076935 ) (-1536 -368 331.076935 ) (-1536 -368 336 ) 
4 86 293 (-1536 -368 352 ) (-1624 -368 352 ) (-1624 -368 336 ) (-1536 -368 336 ) 
4 86 290 (-1120 -368 352 ) (-1536 -368 352 ) (-1536 -368 331.076935 ) (-1120 -368 331.076935 ) 
4 86 286 (-1024 -368 331.076935 ) (-1024 -368 352 ) (-1120 -368 352 ) (-1120 -368 331.076935 ) 
4 86 251 (-1024 -368 352 ) (-1024 -368 648 ) (-1624 -368 648 ) (-1624 -368 352 ) 
3 86 90 (-1624 -346.666718 336 ) (-1624 -368 331.076935 ) (-1624 -368 336 ) 
5 86 88 (-1624 -32 648 ) (-1624 -32 408.615417 ) (-1624 -277.333405 352 ) (-1624 -368 352 ) (-1624 -368 648 ) 
4 86 87 (-1624 -207.998108 368 ) (-1624 -32 408.614502 ) (-1024 -32 408.614502 ) (-1024 -207.998108 368 ) 
3 87 91 (-1624 -32 336 ) (-1624 -32 327.384613 ) (-1624 -69.333359 336 ) 
4 87 89 (-1624 -32 408.615417 ) (-1624 -32 352 ) (-1624 -138.666718 352 ) (-1624 -208 368 ) 
4 88 252 (-1624 -368 648 ) (-1632 -368 648 ) (-1632 -368 352 ) (-1624 -368 352 ) 
5 88 100 (-1632 -80 397.538452 ) (-1632 -277.333313 352 ) (-1632 -368 352 ) (-1632 -368 544 ) (-1632 -80 544 ) 
4 88 99 (-1632 -368 560 ) (-1632 -368 648 ) (-1632 -80 648 ) (-1632 -80 560 ) 
4 88 89 (-1632 -207.997467 368 ) (-1632 -32 408.614197 ) (-1624 -32 408.614258 ) (-1624 -207.997498 368 ) 
4 89 100 (-1632 -80 352 ) (-1632 -138.666809 352 ) (-1632 -208 368 ) (-1632 -80 397.538452 ) 
4 90 294 (-1632 -368 336 ) (-1632 -368 331.076935 ) (-1624 -368 331.076935 ) (-1624 -368 336 ) 
4 92 291 (-1280 -368 208 ) (-1216 -368 208 ) (-1216 -368 272 ) (-1280 -368 272 ) 
4 92 292 (-1456 -368 272 ) (-1456 -368 208 ) (-1392 -368 208 ) (-1392 -368 272 ) 
4 92 287 (-1024 -368 160 ) (-1024 -368 276 ) (-1120 -368 276 ) (-1120 -368 160 ) 
4 92 96 (-1024 -368 160 ) (-1120 -368 160 ) (-1120 -224 160 ) (-1024 -224 160 ) 
4 92 93 (-1456 -48 304 ) (-1456 -48 276 ) (-1456 -272 276 ) (-1456 -272 304 ) 
4 92 94 (-1456 -272 160 ) (-1456 -368 160 ) (-1456 -368 304 ) (-1456 -272 304 ) 
4 93 94 (-1488 -272 304 ) (-1488 -272 276 ) (-1456 -272 276 ) (-1456 -272 304 ) 
4 93 95 (-1488 -48 304 ) (-1488 -48 276 ) (-1488 -272 276 ) (-1488 -272 304 ) 
4 94 95 (-1488 -272 160 ) (-1488 -368 160 ) (-1488 -368 304 ) (-1488 -272 304 ) 
11 95 295 (-1600 -368 246 ) (-1600 -368 160 ) (-1552 -368 160 ) (-1552 -368 246 ) (-1553.824219 -368 247.528580 ) (-1559.036377 -368 248.828705 ) (-1566.824829 -368 249.696152 ) (-1575.994873 -368 250 ) (-1585.186035 -368 249.695328 ) (-1592.964722 -368 248.829300 ) (-1598.169800 -368 247.531342 ) 
4 96 287 (-1024 -368 145.599991 ) (-1024 -368 160 ) (-1120 -368 160 ) (-1120 -368 145.599991 ) 
4 97 326 (-1024 -368 64 ) (-1024 -368 80 ) (-1120 -368 80 ) (-1120 -368 64 ) 
4 97 324 (-1024 -368 80 ) (-1024 -368 128 ) (-1120 -368 128 ) (-1120 -368 80 ) 
4 97 98 (-1120 -368 64 ) (-1120 -368 128 ) (-1120 -32 128 ) (-1120 -32 64 ) 
4 98 326 (-1120 -368 64 ) (-1120 -368 80 ) (-1632 -368 80 ) (-1632 -368 64 ) 
4 98 324 (-1120 -368 80 ) (-1120 -368 128 ) (-1632 -368 128 ) (-1632 -368 80 ) 
4 98 101 (-1632 -32 128 ) (-1632 -32 64 ) (-1632 -368 64 ) (-1632 -368 128 ) 
4 101 326 (-1632 -368 64 ) (-1632 -368 80 ) (-1680 -368 80 ) (-1680 -368 64 ) 
4 101 324 (-1632 -368 80 ) (-1632 -368 128 ) (-1680 -368 128 ) (-1680 -368 80 ) 
4 101 232 (-1680 -368 64 ) (-1680 -368 128 ) (-1680 -248 128 ) (-1680 -248 64 ) 
4 101 231 (-1680 -248 128 ) (-1680 -192 128 ) (-1680 -192 64 ) (-1680 -248 64 ) 
4 101 229 (-1680 -192 128 ) (-1680 -80 128 ) (-1680 -80 64 ) (-1680 -192 64 ) 
4 101 144 (-1680 -80 128 ) (-1680 -32 128 ) (-1680 -32 64 ) (-1680 -80 64 ) 
3 102 150 (-1968 -80 902.896606 ) (-1968 -80 873.103394 ) (-1824 -80 888 ) 
5 102 149 (-1680 -80 902.896545 ) (-1680 -80 2112 ) (-1968 -80 2112 ) (-1968 -80 902.896606 ) (-1824 -80 888 ) 
4 102 127 (-1968 0 2112 ) (-1968 0 873.103394 ) (-1968 -80 873.103394 ) (-1968 -80 2112 ) 
4 102 103 (-1968 -80 873.103088 ) (-1968 0 873.103088 ) (-1680 0 902.896118 ) (-1680 -80 902.896118 ) 
3 103 152 (-1680 -80 873.103455 ) (-1824 -80 888 ) (-1968 -80 873.103394 ) 
3 103 149 (-1680 -80 873.103455 ) (-1680 -80 902.896545 ) (-1824 -80 888 ) 
3 103 128 (-1968 0 873.103394 ) (-1968 0 864.827576 ) (-1968 -80 873.103394 ) 
4 104 129 (-1968 0 864 ) (-1968 0 744 ) (-1968 -24 744 ) (-1968 -24 864 ) 
4 104 108 (-1968 -24 744 ) (-1968 0 744 ) (-1732 0 744 ) (-1732 -24 744 ) 
4 104 107 (-1732 0 744 ) (-1680 0 744 ) (-1680 -24 744 ) (-1732 -24 744 ) 
4 104 105 (-1968 -24 744 ) (-1680 -24 744 ) (-1680 -24 800 ) (-1968 -24 800 ) 
4 105 130 (-1968 -24 744 ) (-1968 -32 744 ) (-1968 -32 800 ) (-1968 -24 800 ) 
4 105 108 (-1968 -32 744 ) (-1968 -24 744 ) (-1732 -24 744 ) (-1732 -32 744 ) 
4 105 107 (-1732 -24 744 ) (-1680 -24 744 ) (-1680 -32 744 ) (-1732 -32 744 ) 
4 105 106 (-1968 -32 744 ) (-1680 -32 744 ) (-1680 -32 752 ) (-1968 -32 752 ) 
4 106 109 (-1968 -44 744 ) (-1968 -40 744 ) (-1916 -40 744 ) (-1916 -44 744 ) 
4 106 108 (-1968 -40 744 ) (-1968 -32 744 ) (-1732 -32 744 ) (-1732 -40 744 ) 
4 106 107 (-1732 -32 744 ) (-1680 -32 744 ) (-1680 -44 744 ) (-1732 -44 744 ) 
4 107 123 (-1732 -44 648 ) (-1732 -40 648 ) (-1680 -40 648 ) (-1680 -44 648 ) 
4 107 117 (-1732 -40 648 ) (-1732 -32 648 ) (-1680 -32 648 ) (-1680 -40 648 ) 
4 107 116 (-1732 -32 648 ) (-1732 0 648 ) (-1680 0 648 ) (-1680 -32 648 ) 
4 107 114 (-1732 0 648 ) (-1732 -36 648 ) (-1732 -36 656 ) (-1732 0 656 ) 
4 107 108 (-1732 -40 744 ) (-1732 0 744 ) (-1732 0 656 ) (-1732 -40 656 ) 
4 108 130 (-1968 -24 656 ) (-1968 -32 656 ) (-1968 -32 744 ) (-1968 -24 744 ) 
4 108 129 (-1968 0 744 ) (-1968 0 656 ) (-1968 -24 656 ) (-1968 -24 744 ) 
4 108 115 (-1968 -40 656 ) (-1968 0 656 ) (-1916 0 656 ) (-1916 -40 656 ) 
4 108 114 (-1916 0 656 ) (-1732 0 656 ) (-1732 -36 656 ) (-1916 -36 656 ) 
4 108 113 (-1968 -40 656 ) (-1916 -40 656 ) (-1916 -40 736 ) (-1968 -40 736 ) 
4 108 112 (-1900 -40 656 ) (-1860 -40 656 ) (-1860 -40 736 ) (-1900 -40 736 ) 
4 108 110 (-1788 -40 656 ) (-1748 -40 656 ) (-1748 -40 736 ) (-1788 -40 736 ) 
4 108 111 (-1844 -40 656 ) (-1804 -40 656 ) (-1804 -40 736 ) (-1844 -40 736 ) 
4 108 109 (-1916 -40 744 ) (-1968 -40 744 ) (-1968 -40 736 ) (-1916 -40 736 ) 
4 109 113 (-1968 -44 736 ) (-1968 -40 736 ) (-1916 -40 736 ) (-1916 -44 736 ) 
4 110 155 (-1788 -80 656 ) (-1748 -80 656 ) (-1748 -80 736 ) (-1788 -80 736 ) 
4 111 156 (-1844 -80 656 ) (-1824 -80 656 ) (-1824 -80 736 ) (-1844 -80 736 ) 
4 111 155 (-1824 -80 656 ) (-1804 -80 656 ) (-1804 -80 736 ) (-1824 -80 736 ) 
4 112 156 (-1900 -80 656 ) (-1860 -80 656 ) (-1860 -80 736 ) (-1900 -80 736 ) 
4 113 115 (-1968 -44 656 ) (-1968 -40 656 ) (-1916 -40 656 ) (-1916 -44 656 ) 
4 114 117 (-1916 -36 648 ) (-1916 -32 648 ) (-1732 -32 648 ) (-1732 -36 648 ) 
4 114 116 (-1916 -32 648 ) (-1916 0 648 ) (-1732 0 648 ) (-1732 -32 648 ) 
4 114 115 (-1916 0 648 ) (-1916 -36 648 ) (-1916 -36 656 ) (-1916 0 656 ) 
4 115 130 (-1968 -24 648 ) (-1968 -32 648 ) (-1968 -32 656 ) (-1968 -24 656 ) 
4 115 129 (-1968 0 656 ) (-1968 0 648 ) (-1968 -24 648 ) (-1968 -24 656 ) 
4 115 123 (-1968 -44 648 ) (-1968 -40 648 ) (-1916 -40 648 ) (-1916 -44 648 ) 
4 115 117 (-1968 -40 648 ) (-1968 -32 648 ) (-1916 -32 648 ) (-1916 -40 648 ) 
4 115 116 (-1968 -32 648 ) (-1968 0 648 ) (-1916 0 648 ) (-1916 -32 648 ) 
4 116 130 (-1968 -24 544 ) (-1968 -32 544 ) (-1968 -32 648 ) (-1968 -24 648 ) 
4 116 129 (-1968 0 648 ) (-1968 0 544 ) (-1968 -24 544 ) (-1968 -24 648 ) 
4 116 119 (-1900 0 544 ) (-1748 0 544 ) (-1748 -32 544 ) (-1900 -32 544 ) 
4 116 118 (-1748 0 544 ) (-1680 0 544 ) (-1680 -32 544 ) (-1748 -32 544 ) 
4 116 122 (-1968 -32 544 ) (-1968 0 544 ) (-1900 0 544 ) (-1900 -32 544 ) 
4 116 117 (-1680 -32 560 ) (-1680 -32 648 ) (-1968 -32 648 ) (-1968 -32 560 ) 
4 117 123 (-1680 -40 648 ) (-1968 -40 648 ) (-1968 -40 560 ) (-1680 -40 560 ) 
4 118 133 (-1748 0 352 ) (-1680 0 352 ) (-1680 -24 352 ) (-1748 -24 352 ) 
4 118 120 (-1748 -40 384 ) (-1748 -40 544 ) (-1748 -36 544 ) (-1748 -36 384 ) 
4 118 121 (-1748 -36 352 ) (-1748 -40 352 ) (-1748 -40 376 ) (-1748 -36 376 ) 
4 118 119 (-1748 0 352 ) (-1748 -36 352 ) (-1748 -36 544 ) (-1748 0 544 ) 
4 119 133 (-1900 0 352 ) (-1748 0 352 ) (-1748 -24 352 ) (-1900 -24 352 ) 
4 119 120 (-1900 -36 544 ) (-1900 -36 384 ) (-1748 -36 384 ) (-1748 -36 544 ) 
4 119 121 (-1900 -36 376 ) (-1900 -36 352 ) (-1748 -36 352 ) (-1748 -36 376 ) 
4 119 122 (-1900 0 352 ) (-1900 -36 352 ) (-1900 -36 544 ) (-1900 0 544 ) 
4 120 126 (-1860 -40 464 ) (-1900 -40 464 ) (-1900 -40 384 ) (-1860 -40 384 ) 
4 120 125 (-1804 -40 464 ) (-1844 -40 464 ) (-1844 -40 384 ) (-1804 -40 384 ) 
4 120 124 (-1748 -40 384 ) (-1748 -40 464 ) (-1788 -40 464 ) (-1788 -40 384 ) 
4 120 122 (-1900 -40 384 ) (-1900 -40 544 ) (-1900 -36 544 ) (-1900 -36 384 ) 
4 121 122 (-1900 -36 352 ) (-1900 -40 352 ) (-1900 -40 376 ) (-1900 -36 376 ) 
4 122 133 (-1968 -24 352 ) (-1968 0 352 ) (-1900 0 352 ) (-1900 -24 352 ) 
4 122 130 (-1968 -24 352 ) (-1968 -32 352 ) (-1968 -32 544 ) (-1968 -24 544 ) 
4 122 129 (-1968 0 544 ) (-1968 0 352 ) (-1968 -24 352 ) (-1968 -24 544 ) 
4 124 215 (-1748 -80 464 ) (-1788 -80 464 ) (-1788 -80 384 ) (-1748 -80 384 ) 
4 125 215 (-1804 -80 464 ) (-1844 -80 464 ) (-1844 -80 384 ) (-1804 -80 384 ) 
4 126 215 (-1860 -80 464 ) (-1900 -80 464 ) (-1900 -80 384 ) (-1860 -80 384 ) 
4 127 331 (-2048 -80 864.827515 ) (-2048 -80 2112 ) (-2048 0 2112 ) (-2048 0 864.827515 ) 
4 127 179 (-2048 -80 2112 ) (-2048 -80 864.827515 ) (-1968 -80 873.103394 ) (-1968 -80 2112 ) 
3 127 128 (-1968 0 873.103088 ) (-1968 -80 873.103088 ) (-2048 0 864.827209 ) 
4 129 133 (-2024 -24 352 ) (-2024 0 352 ) (-1968 0 352 ) (-1968 -24 352 ) 
4 129 130 (-2024 -24 800 ) (-2024 -24 352 ) (-1968 -24 352 ) (-1968 -24 800 ) 
4 129 132 (-2024 0 352 ) (-2024 -24 352 ) (-2024 -24 864 ) (-2024 0 864 ) 
4 130 131 (-2024 -32 800 ) (-2024 -32 352 ) (-2016 -32 352 ) (-2016 -32 800 ) 
4 130 132 (-2024 -24 352 ) (-2024 -32 352 ) (-2024 -32 800 ) (-2024 -24 800 ) 
4 131 245 (-2024 -80 352 ) (-2016 -80 352 ) (-2016 -80 528 ) (-2024 -80 528 ) 
4 131 210 (-2016 -80 528 ) (-2016 -80 536 ) (-2024 -80 536 ) (-2024 -80 528 ) 
4 131 195 (-2016 -80 536 ) (-2016 -80 560 ) (-2024 -80 560 ) (-2024 -80 536 ) 
4 131 193 (-2016 -80 560 ) (-2016 -80 648 ) (-2024 -80 648 ) (-2024 -80 560 ) 
4 131 190 (-2016 -80 648 ) (-2016 -80 656 ) (-2024 -80 656 ) (-2024 -80 648 ) 
4 131 189 (-2016 -80 656 ) (-2016 -80 736 ) (-2024 -80 736 ) (-2024 -80 656 ) 
4 131 183 (-2016 -80 736 ) (-2016 -80 744 ) (-2024 -80 744 ) (-2024 -80 736 ) 
4 131 181 (-2016 -80 744 ) (-2016 -80 800 ) (-2024 -80 800 ) (-2024 -80 744 ) 
4 131 132 (-2024 -32 352 ) (-2024 -80 352 ) (-2024 -80 800 ) (-2024 -32 800 ) 
4 132 333 (-2048 -80 352 ) (-2048 -80 864 ) (-2048 0 864 ) (-2048 0 352 ) 
4 132 246 (-2048 -80 528 ) (-2048 -80 352 ) (-2024 -80 352 ) (-2024 -80 528 ) 
4 132 210 (-2048 -80 536 ) (-2048 -80 528 ) (-2024 -80 528 ) (-2024 -80 536 ) 
4 132 195 (-2048 -80 560 ) (-2048 -80 536 ) (-2024 -80 536 ) (-2024 -80 560 ) 
4 132 193 (-2048 -80 648 ) (-2048 -80 560 ) (-2024 -80 560 ) (-2024 -80 648 ) 
4 132 190 (-2048 -80 656 ) (-2048 -80 648 ) (-2024 -80 648 ) (-2024 -80 656 ) 
4 132 189 (-2048 -80 736 ) (-2048 -80 656 ) (-2024 -80 656 ) (-2024 -80 736 ) 
4 132 183 (-2048 -80 744 ) (-2048 -80 736 ) (-2024 -80 736 ) (-2024 -80 744 ) 
4 132 182 (-2048 -80 864 ) (-2048 -80 744 ) (-2024 -80 744 ) (-2024 -80 864 ) 
4 132 147 (-2024 -80 352 ) (-2048 -80 352 ) (-2048 -32 352 ) (-2024 -32 352 ) 
4 132 135 (-2048 -32 352 ) (-2048 0 352 ) (-2024 0 352 ) (-2024 -32 352 ) 
4 133 137 (-1872 0 192 ) (-1776 0 192 ) (-1776 -24 192 ) (-1872 -24 192 ) 
4 133 136 (-1776 0 192 ) (-1680 0 192 ) (-1680 -24 192 ) (-1776 -24 192 ) 
4 133 139 (-2024 -24 192 ) (-2024 0 192 ) (-1872 0 192 ) (-1872 -24 192 ) 
4 133 134 (-2024 -24 336 ) (-2024 -24 192 ) (-1680 -24 192 ) (-1680 -24 336 ) 
4 133 135 (-2024 0 192 ) (-2024 -24 192 ) (-2024 -24 352 ) (-2024 0 352 ) 
4 134 146 (-2016 -32 336 ) (-2024 -32 336 ) (-2024 -32 192 ) (-2016 -32 192 ) 
4 134 143 (-1832 -32 272 ) (-1872 -32 272 ) (-1872 -32 192 ) (-1832 -32 192 ) 
4 134 142 (-1776 -32 272 ) (-1816 -32 272 ) (-1816 -32 192 ) (-1776 -32 192 ) 
4 134 137 (-1872 -28 192 ) (-1872 -24 192 ) (-1776 -24 192 ) (-1776 -28 192 ) 
4 134 136 (-1680 -32 192 ) (-1776 -32 192 ) (-1776 -24 192 ) (-1680 -24 192 ) 
4 134 139 (-1872 -32 192 ) (-2024 -32 192 ) (-2024 -24 192 ) (-1872 -24 192 ) 
4 134 135 (-2024 -24 192 ) (-2024 -32 192 ) (-2024 -32 336 ) (-2024 -24 336 ) 
4 135 333 (-2048 -32 192 ) (-2048 -32 352 ) (-2048 0 352 ) (-2048 0 192 ) 
4 135 147 (-2024 -32 352 ) (-2048 -32 352 ) (-2048 -32 192 ) (-2024 -32 192 ) 
4 135 139 (-2024 -32 192 ) (-2048 -32 192 ) (-2048 0 192 ) (-2024 0 192 ) 
4 136 140 (-1680 -32 144 ) (-1776 -32 144 ) (-1776 0 144 ) (-1680 0 144 ) 
4 136 138 (-1776 -28 144 ) (-1776 -32 144 ) (-1776 -32 184 ) (-1776 -28 184 ) 
4 136 137 (-1776 0 144 ) (-1776 -28 144 ) (-1776 -28 192 ) (-1776 0 192 ) 
4 137 140 (-1872 -28 144 ) (-1872 0 144 ) (-1776 0 144 ) (-1776 -28 144 ) 
4 137 138 (-1872 -28 184 ) (-1872 -28 144 ) (-1776 -28 144 ) (-1776 -28 184 ) 
4 137 139 (-1872 0 144 ) (-1872 -28 144 ) (-1872 -28 192 ) (-1872 0 192 ) 
4 138 140 (-1776 -32 144 ) (-1872 -32 144 ) (-1872 -28 144 ) (-1776 -28 144 ) 
4 138 139 (-1872 -28 144 ) (-1872 -32 144 ) (-1872 -32 184 ) (-1872 -28 184 ) 
4 139 333 (-2048 -32 144 ) (-2048 -32 192 ) (-2048 0 192 ) (-2048 0 144 ) 
4 139 146 (-2016 -32 192 ) (-2024 -32 192 ) (-2024 -32 144 ) (-2016 -32 144 ) 
4 139 147 (-2024 -32 192 ) (-2048 -32 192 ) (-2048 -32 144 ) (-2024 -32 144 ) 
4 139 140 (-1872 -32 144 ) (-2016 -32 144 ) (-2016 0 144 ) (-1872 0 144 ) 
4 140 145 (-2016 -32 128 ) (-2016 -32 80 ) (-1968 -32 80 ) (-1968 -32 128 ) 
4 140 144 (-1680 -32 80 ) (-1680 -32 128 ) (-1968 -32 128 ) (-1968 -32 80 ) 
4 140 141 (-1680 -32 80 ) (-2016 -32 80 ) (-2016 0 80 ) (-1680 0 80 ) 
4 141 346 (-2048 -32 64 ) (-2048 -32 80 ) (-2048 0 80 ) (-2048 0 64 ) 
4 141 148 (-2016 -32 80 ) (-2048 -32 80 ) (-2048 -32 64 ) (-2016 -32 64 ) 
4 141 145 (-1968 -32 80 ) (-2016 -32 80 ) (-2016 -32 64 ) (-1968 -32 64 ) 
4 141 144 (-1680 -32 64 ) (-1680 -32 80 ) (-1968 -32 80 ) (-1968 -32 64 ) 
4 142 226 (-1776 -80 272 ) (-1816 -80 272 ) (-1816 -80 192 ) (-1776 -80 192 ) 
4 143 226 (-1832 -80 272 ) (-1872 -80 272 ) (-1872 -80 192 ) (-1832 -80 192 ) 
4 144 229 (-1680 -80 64 ) (-1680 -80 128 ) (-1968 -80 128 ) (-1968 -80 64 ) 
4 144 145 (-1968 -32 128 ) (-1968 -32 64 ) (-1968 -80 64 ) (-1968 -80 128 ) 
4 145 244 (-1968 -80 64 ) (-1968 -80 128 ) (-2016 -80 128 ) (-2016 -80 64 ) 
4 145 148 (-2016 -32 80 ) (-2016 -32 64 ) (-2016 -80 64 ) (-2016 -80 80 ) 
4 146 247 (-2016 -80 144 ) (-2016 -80 336 ) (-2024 -80 336 ) (-2024 -80 144 ) 
4 146 147 (-2024 -32 336 ) (-2024 -32 144 ) (-2024 -80 144 ) (-2024 -80 336 ) 
4 147 333 (-2048 -80 144 ) (-2048 -80 352 ) (-2048 -32 352 ) (-2048 -32 144 ) 
4 147 247 (-2048 -80 336 ) (-2048 -80 144 ) (-2024 -80 144 ) (-2024 -80 336 ) 
4 147 246 (-2024 -80 352 ) (-2048 -80 352 ) (-2048 -80 336 ) (-2024 -80 336 ) 
4 148 346 (-2048 -80 64 ) (-2048 -80 80 ) (-2048 -32 80 ) (-2048 -32 64 ) 
4 148 248 (-2016 -80 64 ) (-2016 -80 80 ) (-2048 -80 80 ) (-2048 -80 64 ) 
3 149 256 (-1680 -368 873.103455 ) (-1680 -368 902.896484 ) (-1824 -368 888 ) 
5 149 255 (-1680 -368 902.896484 ) (-1680 -368 2112 ) (-1968 -368 2112 ) (-1968 -368 902.896729 ) (-1824 -368 888 ) 
4 149 179 (-1968 -80 2112 ) (-1968 -80 902.896729 ) (-1968 -368 902.896606 ) (-1968 -368 2112 ) 
3 149 152 (-1824 -80 888 ) (-1680 -80 873.103271 ) (-1824 -224 888 ) 
3 149 151 (-1680 -368 873.103271 ) (-1824 -368 888 ) (-1824 -224 888 ) 
4 149 150 (-1968 -368 902.896423 ) (-1968 -80 902.896423 ) (-1824 -80 888 ) (-1824 -368 888 ) 
3 150 255 (-1824 -368 888 ) (-1968 -368 902.896729 ) (-1968 -368 873.103394 ) 
4 150 179 (-1968 -80 902.896729 ) (-1968 -80 873.103394 ) (-1968 -368 873.103394 ) (-1968 -368 902.896606 ) 
3 150 152 (-1968 -80 873.103394 ) (-1824.001953 -80 888 ) (-1824.001953 -224.002075 888 ) 
3 150 151 (-1968 -368 873.103394 ) (-1824.001953 -224.002075 888 ) (-1824.001953 -368 888 ) 
3 151 256 (-1680 -368 873.103455 ) (-1824 -368 888 ) (-1968 -368 873.103394 ) 
4 153 164 (-1872 -292 760 ) (-1872 -268 760 ) (-1840 -268 760 ) (-1840 -292 760 ) 
4 153 163 (-1872 -268 760 ) (-1872 -136 760 ) (-1840 -136 760 ) (-1840 -268 760 ) 
4 153 165 (-1840 -360 760 ) (-1872 -360 760 ) (-1872 -292 760 ) (-1840 -292 760 ) 
4 153 162 (-1688 -136 760 ) (-1688 -360 760 ) (-1840 -360 760 ) (-1840 -136 760 ) 
4 153 166 (-1872 -360 760 ) (-1960 -360 760 ) (-1960 -136 760 ) (-1872 -136 760 ) 
4 153 157 (-1824 -136 760 ) (-1960 -136 760 ) (-1960 -88 760 ) (-1824 -88 760 ) 
4 153 155 (-1688 -88 760 ) (-1688 -136 760 ) (-1824 -136 760 ) (-1824 -88 760 ) 
4 154 162 (-1680 -136 624 ) (-1680 -136 760 ) (-1688 -136 760 ) (-1688 -136 624 ) 
4 154 155 (-1688 -88 624 ) (-1688 -136 624 ) (-1688 -136 760 ) (-1688 -88 760 ) 
4 155 162 (-1688 -136 760 ) (-1824 -136 760 ) (-1824 -136 624 ) (-1688 -136 624 ) 
4 155 157 (-1824 -136 624 ) (-1824 -136 760 ) (-1824 -88 760 ) (-1824 -88 624 ) 
4 155 156 (-1824 -88 760 ) (-1824 -80 760 ) (-1824 -80 624 ) (-1824 -88 624 ) 
4 156 169 (-1960 -80 600 ) (-1824 -80 600 ) (-1824 -88 600 ) (-1960 -88 600 ) 
4 156 157 (-1960 -88 600 ) (-1824 -88 600 ) (-1824 -88 760 ) (-1960 -88 760 ) 
4 157 173 (-1964 -88 600 ) (-1960 -88 600 ) (-1960 -136 600 ) (-1964 -136 600 ) 
4 157 169 (-1960 -88 600 ) (-1824 -88 600 ) (-1824 -136 600 ) (-1960 -136 600 ) 
4 157 163 (-1840 -136 760 ) (-1872 -136 760 ) (-1872 -136 624 ) (-1840 -136 624 ) 
4 157 162 (-1824 -136 624 ) (-1824 -136 760 ) (-1840 -136 760 ) (-1840 -136 624 ) 
4 157 166 (-1872 -136 760 ) (-1964 -136 760 ) (-1964 -136 624 ) (-1872 -136 624 ) 
4 157 160 (-1964 -96 600 ) (-1964 -120 600 ) (-1964 -120 672 ) (-1964 -96 672 ) 
4 157 159 (-1964 -120 672 ) (-1964 -120 760 ) (-1964 -96 760 ) (-1964 -96 672 ) 
4 157 158 (-1964 -88 760 ) (-1964 -88 600 ) (-1964 -96 600 ) (-1964 -96 760 ) 
4 157 161 (-1964 -120 600 ) (-1964 -136 600 ) (-1964 -136 760 ) (-1964 -120 760 ) 
4 158 174 (-1968 -96 600 ) (-1968 -88 600 ) (-1964 -88 600 ) (-1964 -96 600 ) 
4 158 160 (-1968 -96 600 ) (-1964 -96 600 ) (-1964 -96 672 ) (-1968 -96 672 ) 
4 158 159 (-1964 -96 672 ) (-1964 -96 760 ) (-1968 -96 760 ) (-1968 -96 672 ) 
4 159 161 (-1964 -120 672 ) (-1964 -120 760 ) (-1968 -120 760 ) (-1968 -120 672 ) 
4 159 160 (-1964 -120 672 ) (-1968 -120 672 ) (-1968 -96 672 ) (-1964 -96 672 ) 
4 160 175 (-1968 -120 600 ) (-1968 -96 600 ) (-1964 -96 600 ) (-1964 -120 600 ) 
4 160 161 (-1968 -120 600 ) (-1964 -120 600 ) (-1964 -120 672 ) (-1968 -120 672 ) 
4 161 176 (-1968 -136 600 ) (-1968 -120 600 ) (-1964 -120 600 ) (-1964 -136 600 ) 
4 161 166 (-1964 -136 624 ) (-1964 -136 760 ) (-1968 -136 760 ) (-1968 -136 624 ) 
4 162 167 (-1840 -360 624 ) (-1688 -360 624 ) (-1688 -360 760 ) (-1840 -360 760 ) 
4 162 164 (-1840 -292 656 ) (-1840 -292 760 ) (-1840 -268 760 ) (-1840 -268 656 ) 
4 162 163 (-1840 -136 760 ) (-1840 -136 624 ) (-1840 -268 624 ) (-1840 -268 760 ) 
4 162 165 (-1840 -292 624 ) (-1840 -360 624 ) (-1840 -360 760 ) (-1840 -292 760 ) 
4 163 164 (-1872 -268 760 ) (-1872 -268 656 ) (-1840 -268 656 ) (-1840 -268 760 ) 
4 163 166 (-1872 -136 760 ) (-1872 -136 624 ) (-1872 -268 624 ) (-1872 -268 760 ) 
4 164 166 (-1872 -292 656 ) (-1872 -292 760 ) (-1872 -268 760 ) (-1872 -268 656 ) 
4 164 165 (-1872 -292 760 ) (-1872 -292 656 ) (-1840 -292 656 ) (-1840 -292 760 ) 
4 165 167 (-1872 -360 624 ) (-1840 -360 624 ) (-1840 -360 760 ) (-1872 -360 760 ) 
4 165 166 (-1872 -292 624 ) (-1872 -360 624 ) (-1872 -360 760 ) (-1872 -292 760 ) 
4 166 187 (-1968 -204 656 ) (-1968 -244 656 ) (-1968 -244 736 ) (-1968 -204 736 ) 
4 166 188 (-1968 -260 656 ) (-1968 -300 656 ) (-1968 -300 736 ) (-1968 -260 736 ) 
4 166 186 (-1968 -148 656 ) (-1968 -188 656 ) (-1968 -188 736 ) (-1968 -148 736 ) 
4 166 167 (-1960 -360 624 ) (-1872 -360 624 ) (-1872 -360 760 ) (-1960 -360 760 ) 
4 167 263 (-1804 -368 736 ) (-1844 -368 736 ) (-1844 -368 656 ) (-1804 -368 656 ) 
4 167 264 (-1860 -368 736 ) (-1900 -368 736 ) (-1900 -368 656 ) (-1860 -368 656 ) 
4 167 262 (-1748 -368 736 ) (-1788 -368 736 ) (-1788 -368 656 ) (-1748 -368 656 ) 
4 168 197 (-1680 -88 536 ) (-1680 -136 536 ) (-1688 -136 536 ) (-1688 -88 536 ) 
4 168 170 (-1688 -136 536 ) (-1680 -136 536 ) (-1680 -136 600 ) (-1688 -136 600 ) 
4 168 169 (-1688 -88 536 ) (-1688 -136 536 ) (-1688 -136 600 ) (-1688 -88 600 ) 
4 169 197 (-1688 -88 536 ) (-1688 -136 536 ) (-1960 -136 536 ) (-1960 -88 536 ) 
4 169 196 (-1960 -80 536 ) (-1688 -80 536 ) (-1688 -88 536 ) (-1960 -88 536 ) 
4 169 173 (-1960 -88 536 ) (-1960 -136 536 ) (-1960 -136 600 ) (-1960 -88 600 ) 
4 169 172 (-1960 -80 536 ) (-1960 -88 536 ) (-1960 -88 544 ) (-1960 -80 544 ) 
4 169 171 (-1952 -136 536 ) (-1696 -136 536 ) (-1696 -136 600 ) (-1952 -136 600 ) 
4 171 177 (-1696 -152 600 ) (-1952 -152 600 ) (-1952 -152 536 ) (-1696 -152 536 ) 
4 172 196 (-1968 -80 536 ) (-1960 -80 536 ) (-1960 -88 536 ) (-1968 -88 536 ) 
4 172 174 (-1964 -88 544 ) (-1968 -88 544 ) (-1968 -88 536 ) (-1964 -88 536 ) 
4 172 173 (-1960 -88 536 ) (-1960 -88 544 ) (-1964 -88 544 ) (-1964 -88 536 ) 
4 173 197 (-1960 -88 536 ) (-1960 -136 536 ) (-1964 -136 536 ) (-1964 -88 536 ) 
4 173 175 (-1964 -96 536 ) (-1964 -120 536 ) (-1964 -120 600 ) (-1964 -96 600 ) 
4 173 174 (-1964 -88 600 ) (-1964 -88 536 ) (-1964 -96 536 ) (-1964 -96 600 ) 
4 173 176 (-1964 -120 536 ) (-1964 -144 536 ) (-1964 -144 600 ) (-1964 -120 600 ) 
4 174 197 (-1968 -96 536 ) (-1968 -88 536 ) (-1964 -88 536 ) (-1964 -96 536 ) 
4 174 175 (-1964 -96 536 ) (-1964 -96 600 ) (-1968 -96 600 ) (-1968 -96 536 ) 
4 175 197 (-1968 -120 536 ) (-1968 -96 536 ) (-1964 -96 536 ) (-1964 -120 536 ) 
4 175 176 (-1964 -120 536 ) (-1964 -120 600 ) (-1968 -120 600 ) (-1968 -120 536 ) 
4 176 197 (-1968 -136 536 ) (-1968 -120 536 ) (-1964 -120 536 ) (-1964 -136 536 ) 
4 177 208 (-1960 -328 536 ) (-1960 -327.801514 536 ) (-1688 -320.678864 536 ) (-1688 -328 536 ) 
4 177 207 (-1960 -311.795532 536 ) (-1960 -304 536 ) (-1688 -304 536 ) (-1688 -304.673859 536 ) 
4 177 205 (-1960 -215.795547 536 ) (-1960 -208 536 ) (-1688 -208 536 ) (-1688 -208.673843 536 ) 
4 177 203 (-1960 -232 536 ) (-1960 -231.801498 536 ) (-1688 -224.678864 536 ) (-1688 -232 536 ) 
4 177 199 (-1960 -176 536 ) (-1960 -175.337173 536 ) (-1688 -168.215469 536 ) (-1688 -176 536 ) 
4 177 198 (-1960 -159.332138 536 ) (-1960 -152 536 ) (-1688 -152 536 ) (-1688 -152.209488 536 ) 
4 177 178 (-1696 -352 600 ) (-1952 -352 600 ) (-1952 -352 536 ) (-1696 -352 536 ) 
4 179 331 (-2048 -368 864.827515 ) (-2048 -368 2112 ) (-2048 -80 2112 ) (-2048 -80 864.827515 ) 
4 179 280 (-2048 -368 2112 ) (-2048 -368 864.827515 ) (-1968 -368 873.103394 ) (-1968 -368 2112 ) 
4 180 192 (-2004 -316 744 ) (-2004 -368 744 ) (-2016 -368 744 ) (-2016 -316 744 ) 
4 180 184 (-2008 -316 744 ) (-2016 -316 744 ) (-2016 -132 744 ) (-2008 -132 744 ) 
4 180 183 (-2016 -80 744 ) (-2004 -80 744 ) (-2004 -132 744 ) (-2016 -132 744 ) 
4 180 181 (-2016 -80 744 ) (-2016 -368 744 ) (-2016 -368 752 ) (-2016 -80 752 ) 
4 181 283 (-2024 -368 744 ) (-2016 -368 744 ) (-2016 -368 800 ) (-2024 -368 800 ) 
4 181 192 (-2016 -316 744 ) (-2016 -368 744 ) (-2024 -368 744 ) (-2024 -316 744 ) 
4 181 184 (-2016 -132 744 ) (-2016 -316 744 ) (-2024 -316 744 ) (-2024 -132 744 ) 
4 181 183 (-2024 -80 744 ) (-2016 -80 744 ) (-2016 -132 744 ) (-2024 -132 744 ) 
4 181 182 (-2024 -80 744 ) (-2024 -368 744 ) (-2024 -368 800 ) (-2024 -80 800 ) 
4 182 333 (-2048 -368 744 ) (-2048 -368 864 ) (-2048 -80 864 ) (-2048 -80 744 ) 
4 182 284 (-2048 -368 864 ) (-2048 -368 744 ) (-2024 -368 744 ) (-2024 -368 864 ) 
4 182 192 (-2024 -316 744 ) (-2024 -368 744 ) (-2048 -368 744 ) (-2048 -316 744 ) 
4 182 184 (-2024 -132 744 ) (-2024 -316 744 ) (-2048 -316 744 ) (-2048 -132 744 ) 
4 182 183 (-2048 -80 744 ) (-2024 -80 744 ) (-2024 -132 744 ) (-2048 -132 744 ) 
4 183 333 (-2048 -132 744 ) (-2048 -80 744 ) (-2048 -80 736 ) (-2048 -132 736 ) 
4 183 185 (-2008 -80 736 ) (-2004 -80 736 ) (-2004 -132 736 ) (-2008 -132 736 ) 
4 183 189 (-2048 -132 736 ) (-2048 -80 736 ) (-2008 -80 736 ) (-2008 -132 736 ) 
4 183 184 (-2048 -132 736 ) (-2008 -132 736 ) (-2008 -132 744 ) (-2048 -132 744 ) 
4 184 333 (-2048 -316 744 ) (-2048 -132 744 ) (-2048 -132 736 ) (-2048 -316 736 ) 
4 184 192 (-2008 -316 744 ) (-2048 -316 744 ) (-2048 -316 736 ) (-2008 -316 736 ) 
4 184 189 (-2008 -316 736 ) (-2048 -316 736 ) (-2048 -132 736 ) (-2008 -132 736 ) 
4 185 190 (-2008 -132 656 ) (-2008 -80 656 ) (-2004 -80 656 ) (-2004 -132 656 ) 
4 185 189 (-2008 -80 656 ) (-2008 -132 656 ) (-2008 -132 736 ) (-2008 -80 736 ) 
4 186 189 (-2008 -148 656 ) (-2008 -188 656 ) (-2008 -188 736 ) (-2008 -148 736 ) 
4 187 189 (-2008 -204 656 ) (-2008 -244 656 ) (-2008 -244 736 ) (-2008 -204 736 ) 
4 188 189 (-2008 -260 656 ) (-2008 -300 656 ) (-2008 -300 736 ) (-2008 -260 736 ) 
4 189 333 (-2048 -80 736 ) (-2048 -80 656 ) (-2048 -316 656 ) (-2048 -316 736 ) 
4 189 192 (-2008 -316 736 ) (-2048 -316 736 ) (-2048 -316 656 ) (-2008 -316 656 ) 
4 189 191 (-2012 -316 656 ) (-2048 -316 656 ) (-2048 -132 656 ) (-2012 -132 656 ) 
4 189 190 (-2048 -132 656 ) (-2048 -80 656 ) (-2008 -80 656 ) (-2008 -132 656 ) 
4 190 333 (-2048 -80 656 ) (-2048 -80 648 ) (-2048 -132 648 ) (-2048 -132 656 ) 
4 190 193 (-2048 -80 648 ) (-2004 -80 648 ) (-2004 -132 648 ) (-2048 -132 648 ) 
4 190 191 (-2048 -132 648 ) (-2012 -132 648 ) (-2012 -132 656 ) (-2048 -132 656 ) 
4 191 333 (-2048 -132 648 ) (-2048 -316 648 ) (-2048 -316 656 ) (-2048 -132 656 ) 
4 191 193 (-2012 -316 648 ) (-2048 -316 648 ) (-2048 -132 648 ) (-2012 -132 648 ) 
4 191 192 (-2048 -316 648 ) (-2012 -316 648 ) (-2012 -316 656 ) (-2048 -316 656 ) 
4 192 333 (-2048 -368 648 ) (-2048 -368 744 ) (-2048 -316 744 ) (-2048 -316 648 ) 
4 192 283 (-2024 -368 648 ) (-2016 -368 648 ) (-2016 -368 744 ) (-2024 -368 744 ) 
4 192 284 (-2048 -368 744 ) (-2048 -368 648 ) (-2024 -368 648 ) (-2024 -368 744 ) 
4 192 193 (-2004 -368 648 ) (-2048 -368 648 ) (-2048 -316 648 ) (-2004 -316 648 ) 
4 193 333 (-2048 -368 560 ) (-2048 -368 648 ) (-2048 -80 648 ) (-2048 -80 560 ) 
4 193 283 (-2024 -368 560 ) (-2016 -368 560 ) (-2016 -368 648 ) (-2024 -368 648 ) 
4 193 284 (-2048 -368 648 ) (-2048 -368 560 ) (-2024 -368 560 ) (-2024 -368 648 ) 
4 193 195 (-2048 -80 560 ) (-2016 -80 560 ) (-2016 -368 560 ) (-2048 -368 560 ) 
4 194 210 (-2016 -80 536 ) (-2008 -80 536 ) (-2008 -368 536 ) (-2016 -368 536 ) 
4 194 195 (-2016 -80 536 ) (-2016 -368 536 ) (-2016 -368 544 ) (-2016 -80 544 ) 
4 195 333 (-2048 -368 536 ) (-2048 -368 560 ) (-2048 -80 560 ) (-2048 -80 536 ) 
4 195 283 (-2024 -368 536 ) (-2016 -368 536 ) (-2016 -368 560 ) (-2024 -368 560 ) 
4 195 284 (-2048 -368 560 ) (-2048 -368 536 ) (-2024 -368 536 ) (-2024 -368 560 ) 
4 195 210 (-2048 -80 536 ) (-2016 -80 536 ) (-2016 -368 536 ) (-2048 -368 536 ) 
4 196 211 (-1896 -80 528 ) (-1880 -80 528 ) (-1880 -88 528 ) (-1896 -88 528 ) 
4 196 197 (-1968 -88 536 ) (-1968 -88 528 ) (-1688 -88 528 ) (-1688 -88 536 ) 
4 197 212 (-1688 -136 528 ) (-1960 -136 528 ) (-1960 -88 528 ) (-1688 -88 528 ) 
4 198 212 (-1688 -152.209488 528 ) (-1960 -159.332138 528 ) (-1960 -152 528 ) (-1688 -152 528 ) 
4 199 212 (-1688 -176 528 ) (-1960 -176 528 ) (-1960 -175.337158 528 ) (-1688 -168.215454 528 ) 
4 199 201 (-1968 -176 536 ) (-1968 -176 528 ) (-1967.579956 -176 528 ) (-1967.579956 -176 536 ) 
4 199 200 (-1967.479980 -175.533127 528 ) (-1968 -175.546738 528 ) (-1968 -175.546738 536 ) (-1967.479858 -175.533127 536 ) 
4 201 205 (-1968 -208 528 ) (-1967.579956 -208 528 ) (-1967.579956 -208 536 ) (-1968 -208 536 ) 
4 202 205 (-1680.119873 -208 536 ) (-1680.119873 -208 528 ) (-1680.107666 -208.467194 528 ) (-1680.107666 -208.467194 536 ) 
3 203 212 (-1688 -232 528 ) (-1967.579956 -232 528 ) (-1688 -224.678864 528 ) 
4 204 207 (-1968 -304 528 ) (-1967.579956 -304 528 ) (-1967.579956 -304 536 ) (-1968 -304 536 ) 
4 204 206 (-1967.579956 -232 528 ) (-1968 -232.010956 528 ) (-1968 -232.010956 536 ) (-1967.579956 -232 536 ) 
4 205 212 (-1688 -208.673828 528 ) (-1960 -215.795547 528 ) (-1960 -208 528 ) (-1688 -208 528 ) 
4 207 212 (-1688 -304.673859 528 ) (-1960 -311.795532 528 ) (-1960 -304 528 ) (-1688 -304 528 ) 
3 208 212 (-1688 -328 528 ) (-1967.580322 -328 528 ) (-1688 -320.678894 528 ) 
4 208 209 (-1680.420166 -328 528 ) (-1680 -328 528 ) (-1680 -328 536 ) (-1680.420166 -328 536 ) 
4 210 333 (-2048 -368 528 ) (-2048 -368 536 ) (-2048 -80 536 ) (-2048 -80 528 ) 
4 210 283 (-2016 -368 536 ) (-2024 -368 536 ) (-2024 -368 528 ) (-2016 -368 528 ) 
4 210 284 (-2024 -368 536 ) (-2048 -368 536 ) (-2048 -368 528 ) (-2024 -368 528 ) 
4 210 245 (-2024 -80 528 ) (-2016 -80 528 ) (-2016 -368 528 ) (-2024 -368 528 ) 
4 210 246 (-2048 -80 528 ) (-2024 -80 528 ) (-2024 -368 528 ) (-2048 -368 528 ) 
4 210 233 (-2016 -80 528 ) (-2008 -80 528 ) (-2008 -368 528 ) (-2016 -368 528 ) 
4 211 215 (-1896 -80 520 ) (-1880 -80 520 ) (-1880 -88 520 ) (-1896 -88 520 ) 
4 211 212 (-1896 -88 520 ) (-1880 -88 520 ) (-1880 -88 528 ) (-1896 -88 528 ) 
4 212 220 (-1840 -360 520 ) (-1872 -360 520 ) (-1872 -336 520 ) (-1840 -336 520 ) 
4 212 219 (-1872 -336 520 ) (-1872 -136 520 ) (-1840 -136 520 ) (-1840 -336 520 ) 
4 212 218 (-1688 -136 520 ) (-1688 -360 520 ) (-1840 -360 520 ) (-1840 -136 520 ) 
4 212 221 (-1872 -360 520 ) (-1960 -360 520 ) (-1960 -136 520 ) (-1872 -136 520 ) 
4 212 216 (-1912 -136 520 ) (-1960 -136 520 ) (-1960 -88 520 ) (-1912 -88 520 ) 
4 212 215 (-1688 -88 520 ) (-1688 -136 520 ) (-1912 -136 520 ) (-1912 -88 520 ) 
4 213 215 (-1688 -88 440 ) (-1688 -88 448 ) (-1688 -80 448 ) (-1688 -80 440 ) 
4 213 214 (-1688 -88 448 ) (-1688 -88 440 ) (-1680 -88 440 ) (-1680 -88 448 ) 
4 214 218 (-1680 -136 352 ) (-1680 -136 520 ) (-1688 -136 520 ) (-1688 -136 352 ) 
4 214 215 (-1688 -88 336 ) (-1688 -136 336 ) (-1688 -136 520 ) (-1688 -88 520 ) 
4 215 224 (-1688 -88 336 ) (-1688 -136 336 ) (-1912 -136 336 ) (-1912 -88 336 ) 
4 215 223 (-1896 -80 336 ) (-1880 -80 336 ) (-1880 -88 336 ) (-1896 -88 336 ) 
4 215 219 (-1840 -136 520 ) (-1872 -136 520 ) (-1872 -136 352 ) (-1840 -136 352 ) 
4 215 218 (-1688 -136 352 ) (-1688 -136 520 ) (-1840 -136 520 ) (-1840 -136 352 ) 
4 215 221 (-1872 -136 520 ) (-1912 -136 520 ) (-1912 -136 352 ) (-1872 -136 352 ) 
4 215 216 (-1912 -136 352 ) (-1912 -136 520 ) (-1912 -80 520 ) (-1912 -80 352 ) 
4 216 221 (-1912 -136 352 ) (-1912 -136 520 ) (-1960 -136 520 ) (-1960 -136 352 ) 
4 216 217 (-1960 -88 352 ) (-1960 -136 352 ) (-1960 -136 520 ) (-1960 -88 520 ) 
4 217 221 (-1960 -136 520 ) (-1968 -136 520 ) (-1968 -136 352 ) (-1960 -136 352 ) 
4 218 222 (-1840 -360 352 ) (-1688 -360 352 ) (-1688 -360 520 ) (-1840 -360 520 ) 
4 218 220 (-1840 -360 384 ) (-1840 -360 520 ) (-1840 -336 520 ) (-1840 -336 384 ) 
4 218 219 (-1840 -136 520 ) (-1840 -136 352 ) (-1840 -336 352 ) (-1840 -336 520 ) 
4 219 220 (-1872 -336 520 ) (-1872 -336 384 ) (-1840 -336 384 ) (-1840 -336 520 ) 
4 219 221 (-1872 -136 520 ) (-1872 -136 352 ) (-1872 -336 352 ) (-1872 -336 520 ) 
4 220 222 (-1840 -360 384 ) (-1840 -360 520 ) (-1872 -360 520 ) (-1872 -360 384 ) 
4 220 221 (-1872 -360 384 ) (-1872 -360 520 ) (-1872 -336 520 ) (-1872 -336 384 ) 
4 221 236 (-1968 -260 384 ) (-1968 -300 384 ) (-1968 -300 464 ) (-1968 -260 464 ) 
4 221 235 (-1968 -204 384 ) (-1968 -244 384 ) (-1968 -244 464 ) (-1968 -204 464 ) 
4 221 234 (-1968 -148 384 ) (-1968 -188 384 ) (-1968 -188 464 ) (-1968 -148 464 ) 
4 221 222 (-1960 -360 352 ) (-1872 -360 352 ) (-1872 -360 520 ) (-1960 -360 520 ) 
4 222 271 (-1844 -368 384 ) (-1804 -368 384 ) (-1804 -368 464 ) (-1844 -368 464 ) 
4 222 272 (-1900 -368 384 ) (-1860 -368 384 ) (-1860 -368 464 ) (-1900 -368 464 ) 
4 222 270 (-1788 -368 384 ) (-1748 -368 384 ) (-1748 -368 464 ) (-1788 -368 464 ) 
4 223 226 (-1896 -80 328 ) (-1880 -80 328 ) (-1880 -88 328 ) (-1896 -88 328 ) 
4 223 224 (-1896 -88 328 ) (-1880 -88 328 ) (-1880 -88 336 ) (-1896 -88 336 ) 
4 224 227 (-1688 -88 328 ) (-1688 -360 328 ) (-1960 -360 328 ) (-1960 -88 328 ) 
4 225 227 (-1680 -88 248 ) (-1680 -88 256 ) (-1688 -88 256 ) (-1688 -88 248 ) 
4 225 226 (-1688 -88 248 ) (-1688 -88 256 ) (-1688 -80 256 ) (-1688 -80 248 ) 
4 226 227 (-1960 -88 160 ) (-1688 -88 160 ) (-1688 -88 328 ) (-1960 -88 328 ) 
4 227 242 (-1968 -196 252 ) (-1968 -196 160 ) (-1968 -244 160 ) (-1968 -244 252 ) 
4 227 230 (-1968 -248 160 ) (-1968 -192 160 ) (-1824 -192 160 ) (-1824 -248 160 ) 
4 227 228 (-1960 -360 160 ) (-1688 -360 160 ) (-1688 -360 328 ) (-1960 -360 328 ) 
4 228 314 (-1872 -368 192 ) (-1832 -368 192 ) (-1832 -368 272 ) (-1872 -368 272 ) 
4 228 313 (-1816 -368 192 ) (-1776 -368 192 ) (-1776 -368 272 ) (-1816 -368 272 ) 
4 229 244 (-1968 -80 128 ) (-1968 -80 64 ) (-1968 -192 64 ) (-1968 -192 128 ) 
4 229 231 (-1680 -192 64 ) (-1680 -192 128 ) (-1968 -192 128 ) (-1968 -192 64 ) 
4 230 242 (-1968 -244 160 ) (-1968 -196 160 ) (-1968 -196 144 ) (-1968 -244 144 ) 
4 231 244 (-1968 -192 128 ) (-1968 -192 64 ) (-1968 -248 64 ) (-1968 -248 128 ) 
4 231 232 (-1680 -248 64 ) (-1680 -248 128 ) (-1968 -248 128 ) (-1968 -248 64 ) 
4 232 326 (-1680 -368 64 ) (-1680 -368 80 ) (-1968 -368 80 ) (-1968 -368 64 ) 
4 232 324 (-1680 -368 80 ) (-1680 -368 128 ) (-1968 -368 128 ) (-1968 -368 80 ) 
4 232 244 (-1968 -368 64 ) (-1968 -368 128 ) (-1968 -248 128 ) (-1968 -248 64 ) 
4 233 245 (-2016 -368 464 ) (-2016 -368 528 ) (-2016 -80 528 ) (-2016 -80 464 ) 
4 233 237 (-2016 -368 464 ) (-2016 -80 464 ) (-2008 -80 464 ) (-2008 -368 464 ) 
4 234 237 (-2008 -148 384 ) (-2008 -188 384 ) (-2008 -188 464 ) (-2008 -148 464 ) 
4 235 237 (-2008 -204 384 ) (-2008 -244 384 ) (-2008 -244 464 ) (-2008 -204 464 ) 
4 236 237 (-2008 -260 384 ) (-2008 -300 384 ) (-2008 -300 464 ) (-2008 -260 464 ) 
4 237 245 (-2016 -368 384 ) (-2016 -368 464 ) (-2016 -80 464 ) (-2016 -80 384 ) 
4 237 238 (-2012 -80 384 ) (-2008 -80 384 ) (-2008 -148 384 ) (-2012 -148 384 ) 
4 237 240 (-2008 -300 384 ) (-2008 -368 384 ) (-2012 -368 384 ) (-2012 -300 384 ) 
4 237 241 (-2016 -368 384 ) (-2016 -80 384 ) (-2012 -80 384 ) (-2012 -368 384 ) 
4 238 239 (-2012 -148 376 ) (-2012 -148 352 ) (-2008 -148 352 ) (-2008 -148 376 ) 
4 238 241 (-2012 -80 352 ) (-2012 -148 352 ) (-2012 -148 384 ) (-2012 -80 384 ) 
4 239 241 (-2012 -148 352 ) (-2012 -300 352 ) (-2012 -300 376 ) (-2012 -148 376 ) 
4 239 240 (-2012 -300 376 ) (-2012 -300 352 ) (-2008 -300 352 ) (-2008 -300 376 ) 
4 240 241 (-2012 -300 352 ) (-2012 -368 352 ) (-2012 -368 384 ) (-2012 -300 384 ) 
4 241 245 (-2016 -368 352 ) (-2016 -368 384 ) (-2016 -80 384 ) (-2016 -80 352 ) 
4 242 247 (-2016 -196 252 ) (-2016 -196 144 ) (-2016 -244 144 ) (-2016 -244 252 ) 
4 243 325 (-1968 -368 128 ) (-1968 -368 144 ) (-2016 -368 144 ) (-2016 -368 128 ) 
4 243 244 (-2016 -368 128 ) (-2016 -256 128 ) (-1968 -256 128 ) (-1968 -368 128 ) 
4 244 326 (-1968 -368 64 ) (-1968 -368 80 ) (-2016 -368 80 ) (-2016 -368 64 ) 
4 244 325 (-1968 -368 80 ) (-1968 -368 128 ) (-2016 -368 128 ) (-2016 -368 80 ) 
4 244 248 (-2016 -368 64 ) (-2016 -368 80 ) (-2016 -80 80 ) (-2016 -80 64 ) 
4 245 283 (-2016 -368 352 ) (-2016 -368 528 ) (-2024 -368 528 ) (-2024 -368 352 ) 
4 245 246 (-2024 -368 352 ) (-2024 -368 528 ) (-2024 -80 528 ) (-2024 -80 352 ) 
4 246 333 (-2048 -368 336 ) (-2048 -368 528 ) (-2048 -80 528 ) (-2048 -80 336 ) 
4 246 312 (-2048 -368 352 ) (-2048 -368 336 ) (-2024 -368 336 ) (-2024 -368 352 ) 
4 246 284 (-2024 -368 528 ) (-2048 -368 528 ) (-2048 -368 352 ) (-2024 -368 352 ) 
4 246 247 (-2048 -80 336 ) (-2024 -80 336 ) (-2024 -368 336 ) (-2048 -368 336 ) 
4 247 333 (-2048 -368 144 ) (-2048 -368 336 ) (-2048 -80 336 ) (-2048 -80 144 ) 
4 247 315 (-2016 -368 144 ) (-2016 -368 272 ) (-2048 -368 272 ) (-2048 -368 144 ) 
4 247 311 (-2016 -368 272 ) (-2016 -368 336 ) (-2024 -368 336 ) (-2024 -368 272 ) 
4 247 312 (-2024 -368 336 ) (-2048 -368 336 ) (-2048 -368 272 ) (-2024 -368 272 ) 
4 248 346 (-2048 -368 64 ) (-2048 -368 80 ) (-2048 -80 80 ) (-2048 -80 64 ) 
4 248 326 (-2016 -368 64 ) (-2016 -368 80 ) (-2048 -368 80 ) (-2048 -368 64 ) 
5 249 347 (-1024 -1024 864 ) (-1024 -1024 2112 ) (-1680 -1024 2112 ) (-1680 -1024 873.103516 ) (-1592 -1024 864 ) 
4 249 256 (-1680 -368 902.896484 ) (-1680 -368 873.103516 ) (-1680 -1024 873.103455 ) (-1680 -1024 902.896484 ) 
4 249 255 (-1680 -368 2112 ) (-1680 -368 902.896484 ) (-1680 -1024 902.896484 ) (-1680 -1024 2112 ) 
4 249 251 (-1592 -424 864 ) (-1592 -368 864 ) (-1024 -368 864 ) (-1024 -424 864 ) 
4 249 254 (-1024 -1024 864 ) (-1592 -1024 864 ) (-1592 -424 864 ) (-1024 -424 864 ) 
4 249 250 (-1680 -1024 873.103333 ) (-1680 -368 873.103333 ) (-1592.001465 -456 864 ) (-1592.001465 -1024 864 ) 
3 250 347 (-1680 -1024 873.103516 ) (-1680 -1024 864 ) (-1592 -1024 864 ) 
4 250 256 (-1680 -368 873.103516 ) (-1680 -456 864 ) (-1680 -1024 864 ) (-1680 -1024 873.103455 ) 
4 250 254 (-1592 -1024 864 ) (-1680 -1024 864 ) (-1680 -456 864 ) (-1592 -456 864 ) 
4 251 316 (-1024 -416 352 ) (-1024 -424 352 ) (-1624 -424 352 ) (-1624 -416 352 ) 
4 251 299 (-1024 -384 352 ) (-1024 -416 352 ) (-1624 -416 352 ) (-1624 -384 352 ) 
4 251 296 (-1536 -376 352 ) (-1536 -384 352 ) (-1624 -384 352 ) (-1624 -376 352 ) 
4 251 293 (-1624 -368 352 ) (-1536 -368 352 ) (-1536 -376 352 ) (-1624 -376 352 ) 
4 251 290 (-1536 -368 352 ) (-1120 -368 352 ) (-1120 -384 352 ) (-1536 -384 352 ) 
4 251 288 (-1024 -376 352 ) (-1024 -384 352 ) (-1120 -384 352 ) (-1120 -376 352 ) 
4 251 286 (-1120 -368 352 ) (-1024 -368 352 ) (-1024 -376 352 ) (-1120 -376 352 ) 
4 251 252 (-1624 -368 352 ) (-1624 -424 352 ) (-1624 -424 800 ) (-1624 -368 800 ) 
4 251 254 (-1024 -424 864 ) (-1624 -424 864 ) (-1624 -424 352 ) (-1024 -424 352 ) 
4 252 253 (-1632 -416 352 ) (-1632 -424 352 ) (-1632 -424 800 ) (-1632 -416 800 ) 
4 252 254 (-1632 -424 800 ) (-1632 -424 352 ) (-1624 -424 352 ) (-1624 -424 800 ) 
4 253 276 (-1680 -416 352 ) (-1680 -424 352 ) (-1680 -424 384 ) (-1680 -416 384 ) 
4 253 275 (-1680 -424 384 ) (-1680 -424 648 ) (-1680 -416 648 ) (-1680 -416 384 ) 
4 253 266 (-1680 -424 648 ) (-1680 -424 656 ) (-1680 -416 656 ) (-1680 -416 648 ) 
4 253 265 (-1680 -424 656 ) (-1680 -424 744 ) (-1680 -416 744 ) (-1680 -416 656 ) 
4 253 258 (-1680 -424 744 ) (-1680 -424 800 ) (-1680 -416 800 ) (-1680 -416 744 ) 
4 253 254 (-1680 -424 800 ) (-1680 -424 352 ) (-1632 -424 352 ) (-1632 -424 800 ) 
4 254 347 (-1024 -1024 352 ) (-1024 -1024 864 ) (-1680 -1024 864 ) (-1680 -1024 352 ) 
4 254 318 (-1624 -1024 352 ) (-1680 -1024 352 ) (-1680 -424 352 ) (-1624 -424 352 ) 
4 254 316 (-1024 -424 352 ) (-1024 -1024 352 ) (-1624 -1024 352 ) (-1624 -424 352 ) 
4 254 276 (-1680 -424 352 ) (-1680 -1024 352 ) (-1680 -1024 384 ) (-1680 -424 384 ) 
4 254 275 (-1680 -1024 384 ) (-1680 -1024 648 ) (-1680 -424 648 ) (-1680 -424 384 ) 
4 254 266 (-1680 -1024 648 ) (-1680 -1024 656 ) (-1680 -424 656 ) (-1680 -424 648 ) 
4 254 265 (-1680 -1024 656 ) (-1680 -1024 744 ) (-1680 -424 744 ) (-1680 -424 656 ) 
4 254 259 (-1680 -1024 744 ) (-1680 -1024 864 ) (-1680 -424 864 ) (-1680 -424 744 ) 
4 255 347 (-1968 -1024 2112 ) (-1968 -1024 873.103394 ) (-1680 -1024 902.896545 ) (-1680 -1024 2112 ) 
4 255 280 (-1968 -368 2112 ) (-1968 -368 873.103394 ) (-1968 -1024 873.103394 ) (-1968 -1024 2112 ) 
4 255 256 (-1968 -1024 873.103088 ) (-1968 -368 873.103088 ) (-1680 -368 902.896179 ) (-1680 -1024 902.896179 ) 
4 256 347 (-1968 -1024 873.103394 ) (-1968 -1024 864 ) (-1680 -1024 864 ) (-1680 -1024 902.896545 ) 
4 256 281 (-1968 -368 873.103394 ) (-1968 -456 864 ) (-1968 -1024 864 ) (-1968 -1024 873.103394 ) 
4 256 259 (-1968 -1024 864 ) (-1968 -456 864 ) (-1680 -456 864 ) (-1680 -1024 864 ) 
4 257 268 (-1968 -416 744 ) (-1968 -404 744 ) (-1916 -404 744 ) (-1916 -416 744 ) 
4 257 260 (-1732 -404 744 ) (-1680 -404 744 ) (-1680 -408 744 ) (-1732 -408 744 ) 
4 257 265 (-1680 -408 744 ) (-1680 -416 744 ) (-1916 -416 744 ) (-1916 -408 744 ) 
4 257 258 (-1968 -416 744 ) (-1680 -416 744 ) (-1680 -416 752 ) (-1968 -416 752 ) 
4 258 282 (-1968 -416 744 ) (-1968 -424 744 ) (-1968 -424 800 ) (-1968 -416 800 ) 
4 258 268 (-1968 -424 744 ) (-1968 -416 744 ) (-1916 -416 744 ) (-1916 -424 744 ) 
4 258 265 (-1916 -416 744 ) (-1680 -416 744 ) (-1680 -424 744 ) (-1916 -424 744 ) 
4 258 259 (-1968 -424 744 ) (-1680 -424 744 ) (-1680 -424 800 ) (-1968 -424 800 ) 
4 259 347 (-1968 -1024 864 ) (-1968 -1024 744 ) (-1680 -1024 744 ) (-1680 -1024 864 ) 
4 259 285 (-1968 -424 744 ) (-1968 -1024 744 ) (-1968 -1024 864 ) (-1968 -424 864 ) 
4 259 268 (-1968 -1024 744 ) (-1968 -424 744 ) (-1916 -424 744 ) (-1916 -1024 744 ) 
4 259 265 (-1916 -424 744 ) (-1680 -424 744 ) (-1680 -1024 744 ) (-1916 -1024 744 ) 
4 260 261 (-1680 -408 736 ) (-1732 -408 736 ) (-1732 -404 736 ) (-1680 -404 736 ) 
4 260 265 (-1732 -408 736 ) (-1680 -408 736 ) (-1680 -408 744 ) (-1732 -408 744 ) 
4 261 266 (-1680 -404 656 ) (-1680 -408 656 ) (-1732 -408 656 ) (-1732 -404 656 ) 
4 261 265 (-1732 -408 656 ) (-1680 -408 656 ) (-1680 -408 736 ) (-1732 -408 736 ) 
4 262 265 (-1788 -408 656 ) (-1748 -408 656 ) (-1748 -408 736 ) (-1788 -408 736 ) 
4 263 265 (-1844 -408 656 ) (-1804 -408 656 ) (-1804 -408 736 ) (-1844 -408 736 ) 
4 264 265 (-1900 -408 656 ) (-1860 -408 656 ) (-1860 -408 736 ) (-1900 -408 736 ) 
4 265 347 (-1680 -1024 656 ) (-1680 -1024 744 ) (-1916 -1024 744 ) (-1916 -1024 656 ) 
4 265 268 (-1916 -1024 656 ) (-1916 -1024 744 ) (-1916 -408 744 ) (-1916 -408 656 ) 
4 265 267 (-1916 -1024 656 ) (-1916 -412 656 ) (-1732 -412 656 ) (-1732 -1024 656 ) 
4 265 266 (-1732 -408 656 ) (-1680 -408 656 ) (-1680 -1024 656 ) (-1732 -1024 656 ) 
4 266 347 (-1732 -1024 648 ) (-1680 -1024 648 ) (-1680 -1024 656 ) (-1732 -1024 656 ) 
4 266 273 (-1680 -408 648 ) (-1680 -416 648 ) (-1732 -416 648 ) (-1732 -408 648 ) 
4 266 275 (-1680 -416 648 ) (-1680 -1024 648 ) (-1732 -1024 648 ) (-1732 -416 648 ) 
4 266 269 (-1680 -404 648 ) (-1680 -408 648 ) (-1732 -408 648 ) (-1732 -404 648 ) 
4 266 267 (-1732 -412 648 ) (-1732 -1024 648 ) (-1732 -1024 656 ) (-1732 -412 656 ) 
4 267 347 (-1916 -1024 648 ) (-1732 -1024 648 ) (-1732 -1024 656 ) (-1916 -1024 656 ) 
4 267 273 (-1732 -412 648 ) (-1732 -416 648 ) (-1916 -416 648 ) (-1916 -412 648 ) 
4 267 275 (-1732 -416 648 ) (-1732 -1024 648 ) (-1916 -1024 648 ) (-1916 -416 648 ) 
4 267 268 (-1916 -412 648 ) (-1916 -1024 648 ) (-1916 -1024 656 ) (-1916 -412 656 ) 
4 268 347 (-1968 -1024 744 ) (-1968 -1024 648 ) (-1916 -1024 648 ) (-1916 -1024 744 ) 
4 268 282 (-1968 -416 648 ) (-1968 -424 648 ) (-1968 -424 744 ) (-1968 -416 744 ) 
4 268 285 (-1968 -424 648 ) (-1968 -1024 648 ) (-1968 -1024 744 ) (-1968 -424 744 ) 
4 268 273 (-1968 -416 648 ) (-1968 -408 648 ) (-1916 -408 648 ) (-1916 -416 648 ) 
4 268 275 (-1968 -1024 648 ) (-1968 -416 648 ) (-1916 -416 648 ) (-1916 -1024 648 ) 
4 268 269 (-1968 -408 648 ) (-1968 -404 648 ) (-1916 -404 648 ) (-1916 -408 648 ) 
4 269 273 (-1680 -408 560 ) (-1680 -408 648 ) (-1968 -408 648 ) (-1968 -408 560 ) 
4 270 274 (-1748 -408 464 ) (-1788 -408 464 ) (-1788 -408 384 ) (-1748 -408 384 ) 
4 271 274 (-1804 -408 464 ) (-1844 -408 464 ) (-1844 -408 384 ) (-1804 -408 384 ) 
4 272 274 (-1860 -408 464 ) (-1900 -408 464 ) (-1900 -408 384 ) (-1860 -408 384 ) 
4 273 275 (-1680 -416 560 ) (-1680 -416 648 ) (-1968 -416 648 ) (-1968 -416 560 ) 
4 274 278 (-1748 -412 384 ) (-1748 -416 384 ) (-1900 -416 384 ) (-1900 -412 384 ) 
4 274 276 (-1748 -408 384 ) (-1680 -408 384 ) (-1680 -416 384 ) (-1748 -416 384 ) 
4 274 279 (-1968 -416 384 ) (-1968 -408 384 ) (-1900 -408 384 ) (-1900 -416 384 ) 
4 274 275 (-1968 -416 384 ) (-1680 -416 384 ) (-1680 -416 544 ) (-1968 -416 544 ) 
4 275 347 (-1968 -1024 648 ) (-1968 -1024 384 ) (-1680 -1024 384 ) (-1680 -1024 648 ) 
4 275 282 (-1968 -424 648 ) (-1968 -416 648 ) (-1968 -416 384 ) (-1968 -424 384 ) 
4 275 285 (-1968 -1024 384 ) (-1968 -1024 648 ) (-1968 -424 648 ) (-1968 -424 384 ) 
4 275 278 (-1900 -416 384 ) (-1748 -416 384 ) (-1748 -1024 384 ) (-1900 -1024 384 ) 
4 275 276 (-1748 -416 384 ) (-1680 -416 384 ) (-1680 -1024 384 ) (-1748 -1024 384 ) 
4 275 279 (-1968 -1024 384 ) (-1968 -416 384 ) (-1900 -416 384 ) (-1900 -1024 384 ) 
4 276 347 (-1748 -1024 352 ) (-1680 -1024 352 ) (-1680 -1024 384 ) (-1748 -1024 384 ) 
4 276 318 (-1680 -424 352 ) (-1680 -1024 352 ) (-1748 -1024 352 ) (-1748 -424 352 ) 
4 276 277 (-1748 -408 376 ) (-1748 -408 352 ) (-1748 -412 352 ) (-1748 -412 376 ) 
4 276 278 (-1748 -1024 384 ) (-1748 -412 384 ) (-1748 -412 352 ) (-1748 -1024 352 ) 
4 277 278 (-1900 -412 376 ) (-1900 -412 352 ) (-1748 -412 352 ) (-1748 -412 376 ) 
4 277 279 (-1900 -408 376 ) (-1900 -408 352 ) (-1900 -412 352 ) (-1900 -412 376 ) 
4 278 347 (-1900 -1024 352 ) (-1748 -1024 352 ) (-1748 -1024 384 ) (-1900 -1024 384 ) 
4 278 318 (-1748 -1024 352 ) (-1900 -1024 352 ) (-1900 -424 352 ) (-1748 -424 352 ) 
4 278 279 (-1900 -1024 384 ) (-1900 -412 384 ) (-1900 -412 352 ) (-1900 -1024 352 ) 
4 279 347 (-1968 -1024 384 ) (-1968 -1024 352 ) (-1900 -1024 352 ) (-1900 -1024 384 ) 
4 279 318 (-1900 -1024 352 ) (-1968 -1024 352 ) (-1968 -424 352 ) (-1900 -424 352 ) 
4 279 282 (-1968 -416 352 ) (-1968 -424 352 ) (-1968 -424 384 ) (-1968 -416 384 ) 
4 279 285 (-1968 -424 352 ) (-1968 -1024 352 ) (-1968 -1024 384 ) (-1968 -424 384 ) 
4 280 347 (-2048 -1024 2112 ) (-2048 -1024 864.827515 ) (-1968 -1024 873.103394 ) (-1968 -1024 2112 ) 
4 280 331 (-2048 -1024 864.827515 ) (-2048 -1024 2112 ) (-2048 -368 2112 ) (-2048 -368 864.827515 ) 
4 280 281 (-2048 -1024 864.827209 ) (-2048 -448.003601 864.827209 ) (-1968 -368 873.103088 ) (-1968 -1024 873.103088 ) 
4 281 347 (-2048 -1024 864.827515 ) (-2048 -1024 864 ) (-1968 -1024 864 ) (-1968 -1024 873.103394 ) 
4 281 332 (-2048 -1024 864 ) (-2048 -1024 864.827515 ) (-2048 -448 864.827515 ) (-2048 -456 864 ) 
4 281 285 (-2048 -1024 864 ) (-2048 -456 864 ) (-1968 -456 864 ) (-1968 -1024 864 ) 
4 282 283 (-2016 -416 352 ) (-2016 -424 352 ) (-2016 -424 800 ) (-2016 -416 800 ) 
4 282 285 (-2016 -424 352 ) (-1968 -424 352 ) (-1968 -424 800 ) (-2016 -424 800 ) 
4 283 284 (-2024 -368 352 ) (-2024 -424 352 ) (-2024 -424 800 ) (-2024 -368 800 ) 
4 283 285 (-2024 -424 352 ) (-2016 -424 352 ) (-2016 -424 800 ) (-2024 -424 800 ) 
4 284 333 (-2048 -424 864 ) (-2048 -368 864 ) (-2048 -368 352 ) (-2048 -424 352 ) 
4 284 319 (-2048 -424 352 ) (-2048 -416 352 ) (-2024 -416 352 ) (-2024 -424 352 ) 
4 284 312 (-2048 -416 352 ) (-2048 -368 352 ) (-2024 -368 352 ) (-2024 -416 352 ) 
4 284 285 (-2048 -424 352 ) (-2024 -424 352 ) (-2024 -424 864 ) (-2048 -424 864 ) 
4 285 347 (-2048 -1024 864 ) (-2048 -1024 352 ) (-1968 -1024 352 ) (-1968 -1024 864 ) 
4 285 333 (-2048 -1024 352 ) (-2048 -1024 864 ) (-2048 -424 864 ) (-2048 -424 352 ) 
4 285 318 (-2024 -424 352 ) (-1968 -424 352 ) (-1968 -1024 352 ) (-2024 -1024 352 ) 
4 285 319 (-2048 -1024 352 ) (-2048 -424 352 ) (-2024 -424 352 ) (-2024 -1024 352 ) 
4 286 290 (-1120 -376 329.230774 ) (-1120 -376 352 ) (-1120 -368 352 ) (-1120 -368 331.076935 ) 
4 286 288 (-1120 -376 352 ) (-1120 -376 329.230774 ) (-1024 -376 329.230774 ) (-1024 -376 352 ) 
4 287 289 (-1118 -376 144.799988 ) (-1056 -376 144.799988 ) (-1056 -376 248 ) (-1118 -376 248 ) 
4 288 300 (-1024 -384 327.384613 ) (-1024 -384 336 ) (-1120 -384 336 ) (-1120 -384 327.384613 ) 
4 288 299 (-1024 -384 336 ) (-1024 -384 352 ) (-1120 -384 352 ) (-1120 -384 336 ) 
4 288 290 (-1120 -384 327.384613 ) (-1120 -384 352 ) (-1120 -376 352 ) (-1120 -376 329.230774 ) 
4 289 302 (-1118 -384 144 ) (-1056 -384 144 ) (-1056 -384 208 ) (-1118 -384 208 ) 
4 289 301 (-1056 -384 208 ) (-1056 -384 248 ) (-1118 -384 248 ) (-1118 -384 208 ) 
4 290 300 (-1120 -384 327.384613 ) (-1120 -384 336 ) (-1536 -384 336 ) (-1536 -384 327.384613 ) 
4 290 299 (-1120 -384 336 ) (-1120 -384 352 ) (-1536 -384 352 ) (-1536 -384 336 ) 
4 290 297 (-1536 -384 327.384613 ) (-1536 -384 336 ) (-1536 -376 336 ) (-1536 -376 329.230774 ) 
4 290 296 (-1536 -384 336 ) (-1536 -384 352 ) (-1536 -376 352 ) (-1536 -376 336 ) 
4 290 294 (-1536 -368 336 ) (-1536 -368 331.076935 ) (-1536 -376 329.230774 ) (-1536 -376 336 ) 
4 290 293 (-1536 -376 352 ) (-1536 -368 352 ) (-1536 -368 336 ) (-1536 -376 336 ) 
4 291 301 (-1216 -384 272 ) (-1280 -384 272 ) (-1280 -384 208 ) (-1216 -384 208 ) 
4 292 301 (-1392 -384 272 ) (-1456 -384 272 ) (-1456 -384 208 ) (-1392 -384 208 ) 
4 293 296 (-1624 -376 336 ) (-1536 -376 336 ) (-1536 -376 352 ) (-1624 -376 352 ) 
4 293 294 (-1536 -376 336 ) (-1624 -376 336 ) (-1624 -368 336 ) (-1536 -368 336 ) 
4 294 297 (-1632 -376 336 ) (-1632 -376 329.230774 ) (-1536 -376 329.230774 ) (-1536 -376 336 ) 
11 295 298 (-1600 -376 160 ) (-1552 -376 160 ) (-1552 -376 246 ) (-1553.824219 -376 247.528580 ) (-1559.036377 -376 248.828705 ) (-1566.824829 -376 249.696152 ) (-1575.994873 -376 250 ) (-1585.186035 -376 249.695328 ) (-1592.964722 -376 248.829300 ) (-1598.169800 -376 247.531342 ) (-1600 -376 246 ) 
4 296 299 (-1624 -384 336 ) (-1536 -384 336 ) (-1536 -384 352 ) (-1624 -384 352 ) 
4 296 297 (-1624 -376 336 ) (-1536 -376 336 ) (-1536 -384 336 ) (-1624 -384 336 ) 
4 297 300 (-1632 -384 336 ) (-1632 -384 327.384613 ) (-1536 -384 327.384613 ) (-1536 -384 336 ) 
4 298 308 (-1616 -384 160 ) (-1536 -384 160 ) (-1536 -384 208 ) (-1616 -384 208 ) 
4 298 301 (-1536 -384 208 ) (-1536 -384 276 ) (-1616 -384 276 ) (-1616 -384 208 ) 
4 299 316 (-1024 -416 336 ) (-1024 -416 352 ) (-1624 -416 352 ) (-1624 -416 336 ) 
4 299 300 (-1024 -416 336 ) (-1624 -416 336 ) (-1624 -384 336 ) (-1024 -384 336 ) 
4 300 317 (-1624 -416 336 ) (-1632 -416 336 ) (-1632 -416 320 ) (-1624 -416 320 ) 
4 300 316 (-1024 -416 320 ) (-1024 -416 336 ) (-1624 -416 336 ) (-1624 -416 320 ) 
4 301 317 (-1624 -416 320 ) (-1632 -416 320 ) (-1632 -416 200 ) (-1624 -416 200 ) 
4 301 316 (-1024 -416 200 ) (-1024 -416 320 ) (-1624 -416 320 ) (-1624 -416 200 ) 
4 301 308 (-1624 -408 202 ) (-1624 -384 208 ) (-1528 -384 208 ) (-1528 -408 202 ) 
4 301 309 (-1528 -416 200 ) (-1624 -416 200 ) (-1624 -408 202 ) (-1528 -408 202 ) 
4 301 310 (-1624 -416 200 ) (-1632 -416 200 ) (-1632 -384 208 ) (-1624 -384 208 ) 
4 301 306 (-1528 -388 207 ) (-1528 -384 208 ) (-1456 -384 208 ) (-1456 -388 207 ) 
4 301 302 (-1216 -384 208 ) (-1024 -384 208 ) (-1024 -388 207 ) (-1216 -388 207 ) 
4 301 304 (-1392 -384 208 ) (-1280 -384 208 ) (-1280 -388 207 ) (-1392 -388 207 ) 
4 301 307 (-1024 -416 200 ) (-1528 -416 200 ) (-1528 -388 207 ) (-1024 -388 207 ) 
4 302 303 (-1216 -388 144 ) (-1216 -388 205.665985 ) (-1216 -384 206.665985 ) (-1216 -384 144 ) 
4 302 307 (-1216 -388 144 ) (-1024 -388 144 ) (-1024 -388 206.996124 ) (-1216 -388 206.996109 ) 
4 303 307 (-1280 -388 144 ) (-1216 -388 144 ) (-1216 -388 205.665985 ) (-1280 -388 205.665985 ) 
4 303 304 (-1280 -388 144 ) (-1280 -388 205.665985 ) (-1280 -384 206.665985 ) (-1280 -384 144 ) 
4 304 305 (-1392 -388 144 ) (-1392 -388 205.665985 ) (-1392 -384 206.665985 ) (-1392 -384 144 ) 
4 304 307 (-1392 -388 144 ) (-1280 -388 144 ) (-1280 -388 206.996109 ) (-1392 -388 206.996109 ) 
4 305 306 (-1456 -388 144 ) (-1456 -388 205.665985 ) (-1456 -384 206.665985 ) (-1456 -384 144 ) 
4 305 307 (-1456 -388 144 ) (-1392 -388 144 ) (-1392 -388 205.665985 ) (-1456 -388 205.665985 ) 
4 306 308 (-1528 -388 206.998047 ) (-1528 -384 207.998047 ) (-1528 -384 152 ) (-1528 -388 152 ) 
4 306 307 (-1528 -388 206.996094 ) (-1528 -388 144 ) (-1456 -388 144 ) (-1456 -388 206.996109 ) 
4 307 320 (-1528 -416 144 ) (-1024 -416 144 ) (-1024 -416 192 ) (-1528 -416 192 ) 
4 307 316 (-1024 -416 192 ) (-1024 -416 200 ) (-1528 -416 200 ) (-1528 -416 192 ) 
4 307 308 (-1528 -408 201.998047 ) (-1528 -388 206.998047 ) (-1528 -388 152 ) (-1528 -408 152 ) 
4 307 309 (-1528 -416 144 ) (-1528 -416 199.998047 ) (-1528 -408 201.998047 ) (-1528 -408 144 ) 
4 308 309 (-1624 -408 202 ) (-1624 -408 152 ) (-1528 -408 152 ) (-1528 -408 202 ) 
4 308 310 (-1624 -408 201.998047 ) (-1624 -384 207.998047 ) (-1624 -384 152 ) (-1624 -408 152 ) 
4 309 320 (-1624 -416 144 ) (-1528 -416 144 ) (-1528 -416 192 ) (-1624 -416 192 ) 
4 309 316 (-1528 -416 192 ) (-1528 -416 200 ) (-1624 -416 200 ) (-1624 -416 192 ) 
4 309 310 (-1624 -416 144 ) (-1624 -416 199.998047 ) (-1624 -408 201.998047 ) (-1624 -408 144 ) 
4 310 320 (-1632 -416 144 ) (-1624 -416 144 ) (-1624 -416 192 ) (-1632 -416 192 ) 
4 310 317 (-1624 -416 192 ) (-1624 -416 200 ) (-1632 -416 200 ) (-1632 -416 192 ) 
4 311 317 (-2024 -416 336 ) (-2024 -416 272 ) (-2016 -416 272 ) (-2016 -416 336 ) 
4 311 315 (-2024 -368 272 ) (-2016 -368 272 ) (-2016 -416 272 ) (-2024 -416 272 ) 
4 311 312 (-2024 -368 272 ) (-2024 -416 272 ) (-2024 -416 336 ) (-2024 -368 336 ) 
4 312 333 (-2048 -416 352 ) (-2048 -368 352 ) (-2048 -368 272 ) (-2048 -416 272 ) 
4 312 319 (-2024 -416 352 ) (-2048 -416 352 ) (-2048 -416 272 ) (-2024 -416 272 ) 
4 312 315 (-2048 -368 272 ) (-2024 -368 272 ) (-2024 -416 272 ) (-2048 -416 272 ) 
4 313 317 (-1776 -416 272 ) (-1816 -416 272 ) (-1816 -416 192 ) (-1776 -416 192 ) 
4 314 317 (-1832 -416 272 ) (-1872 -416 272 ) (-1872 -416 192 ) (-1832 -416 192 ) 
4 315 333 (-2048 -368 272 ) (-2048 -368 144 ) (-2048 -416 144 ) (-2048 -416 272 ) 
4 315 323 (-2048 -416 144 ) (-2016 -416 144 ) (-2016 -416 192 ) (-2048 -416 192 ) 
4 315 317 (-2016 -416 192 ) (-2016 -416 272 ) (-2024 -416 272 ) (-2024 -416 192 ) 
4 315 319 (-2024 -416 272 ) (-2048 -416 272 ) (-2048 -416 192 ) (-2024 -416 192 ) 
4 316 347 (-1024 -1024 192 ) (-1024 -1024 352 ) (-1624 -1024 352 ) (-1624 -1024 192 ) 
4 316 320 (-1024 -1024 192 ) (-1624 -1024 192 ) (-1624 -416 192 ) (-1024 -416 192 ) 
4 316 317 (-1624 -416 336 ) (-1624 -416 192 ) (-1624 -424 192 ) (-1624 -424 336 ) 
4 316 318 (-1624 -424 192 ) (-1624 -1024 192 ) (-1624 -1024 352 ) (-1624 -424 352 ) 
4 317 322 (-1776 -420 192 ) (-1776 -424 192 ) (-1872 -424 192 ) (-1872 -420 192 ) 
4 317 320 (-1776 -416 192 ) (-1624 -416 192 ) (-1624 -424 192 ) (-1776 -424 192 ) 
4 317 323 (-2024 -424 192 ) (-2024 -416 192 ) (-1872 -416 192 ) (-1872 -424 192 ) 
4 317 318 (-2024 -424 336 ) (-2024 -424 192 ) (-1624 -424 192 ) (-1624 -424 336 ) 
4 317 319 (-2024 -416 336 ) (-2024 -416 192 ) (-2024 -424 192 ) (-2024 -424 336 ) 
4 318 347 (-1624 -1024 352 ) (-2024 -1024 352 ) (-2024 -1024 192 ) (-1624 -1024 192 ) 
4 318 322 (-1776 -1024 192 ) (-1872 -1024 192 ) (-1872 -424 192 ) (-1776 -424 192 ) 
4 318 320 (-1624 -1024 192 ) (-1776 -1024 192 ) (-1776 -424 192 ) (-1624 -424 192 ) 
4 318 323 (-1872 -1024 192 ) (-2024 -1024 192 ) (-2024 -424 192 ) (-1872 -424 192 ) 
4 318 319 (-2024 -424 192 ) (-2024 -1024 192 ) (-2024 -1024 352 ) (-2024 -424 352 ) 
4 319 347 (-2024 -1024 352 ) (-2048 -1024 352 ) (-2048 -1024 192 ) (-2024 -1024 192 ) 
4 319 333 (-2048 -1024 192 ) (-2048 -1024 352 ) (-2048 -416 352 ) (-2048 -416 192 ) 
4 319 323 (-2024 -1024 192 ) (-2048 -1024 192 ) (-2048 -416 192 ) (-2024 -416 192 ) 
4 320 348 (-1024 -1024 144 ) (-1024 -1024 192 ) (-1776 -1024 192 ) (-1776 -1024 144 ) 
4 320 327 (-1776 -736 144 ) (-1776 -496 144 ) (-1024 -496 144 ) (-1024 -736 144 ) 
4 320 329 (-1024 -1024 144 ) (-1776 -1024 144 ) (-1776 -744 144 ) (-1024 -744 144 ) 
4 320 321 (-1776 -416 184 ) (-1776 -416 144 ) (-1776 -420 144 ) (-1776 -420 184 ) 
4 320 322 (-1776 -1024 192 ) (-1776 -420 192 ) (-1776 -420 144 ) (-1776 -1024 144 ) 
4 321 322 (-1872 -420 184 ) (-1872 -420 144 ) (-1776 -420 144 ) (-1776 -420 184 ) 
4 321 323 (-1872 -416 184 ) (-1872 -416 144 ) (-1872 -420 144 ) (-1872 -420 184 ) 
4 322 348 (-1776 -1024 192 ) (-1872 -1024 192 ) (-1872 -1024 144 ) (-1776 -1024 144 ) 
4 322 327 (-1872 -736 144 ) (-1872 -496 144 ) (-1776 -496 144 ) (-1776 -736 144 ) 
4 322 329 (-1776 -1024 144 ) (-1872 -1024 144 ) (-1872 -744 144 ) (-1776 -744 144 ) 
4 322 323 (-1872 -1024 192 ) (-1872 -420 192 ) (-1872 -420 144 ) (-1872 -1024 144 ) 
4 323 348 (-1872 -1024 192 ) (-2048 -1024 192 ) (-2048 -1024 144 ) (-1872 -1024 144 ) 
4 323 333 (-2048 -1024 144 ) (-2048 -1024 192 ) (-2048 -416 192 ) (-2048 -416 144 ) 
4 323 327 (-2048 -736 144 ) (-2048 -496 144 ) (-1872 -496 144 ) (-1872 -736 144 ) 
4 323 329 (-1872 -1024 144 ) (-2048 -1024 144 ) (-2048 -744 144 ) (-1872 -744 144 ) 
4 324 326 (-1024 -384 80 ) (-1968 -384 80 ) (-1968 -368 80 ) (-1024 -368 80 ) 
4 324 325 (-1968 -368 80 ) (-1968 -384 80 ) (-1968 -384 128 ) (-1968 -368 128 ) 
4 325 326 (-1968 -384 80 ) (-2016 -384 80 ) (-2016 -368 80 ) (-1968 -368 80 ) 
4 326 346 (-2048 -384 64 ) (-2048 -384 80 ) (-2048 -368 80 ) (-2048 -368 64 ) 
4 326 330 (-1024 -384 64 ) (-1024 -384 80 ) (-2048 -384 80 ) (-2048 -384 64 ) 
4 327 334 (-2048 -736 144 ) (-2048 -496 144 ) (-2048 -496 80 ) (-2048 -736 80 ) 
4 327 330 (-2048 -736 80 ) (-2048 -496 80 ) (-1024 -496 80 ) (-1024 -736 80 ) 
4 327 328 (-2048 -736 80 ) (-1024 -736 80 ) (-1024 -736 120 ) (-2048 -736 120 ) 
4 328 335 (-2048 -736 120 ) (-2048 -736 80 ) (-2048 -744 80 ) (-2048 -744 120 ) 
4 328 330 (-2048 -744 80 ) (-2048 -736 80 ) (-1024 -736 80 ) (-1024 -744 80 ) 
4 328 329 (-2048 -744 80 ) (-1024 -744 80 ) (-1024 -744 120 ) (-2048 -744 120 ) 
4 329 348 (-1024 -1024 80 ) (-1024 -1024 144 ) (-2048 -1024 144 ) (-2048 -1024 80 ) 
4 329 336 (-2048 -1024 80 ) (-2048 -1024 144 ) (-2048 -744 144 ) (-2048 -744 80 ) 
4 329 330 (-1024 -1024 80 ) (-2048 -1024 80 ) (-2048 -744 80 ) (-1024 -744 80 ) 
4 330 348 (-1024 -1024 64 ) (-1024 -1024 80 ) (-2048 -1024 80 ) (-2048 -1024 64 ) 
4 330 346 (-2048 -1024 64 ) (-2048 -1024 80 ) (-2048 -384 80 ) (-2048 -384 64 ) 
5 331 351 (-2048 -1024 864.827515 ) (-2048 -1024 2112 ) (-3072 -1024 2112 ) (-3072 -1024 864 ) (-2056 -1024 864 ) 
4 331 332 (-2055.998047 -1024 864 ) (-2055.998047 -456 864 ) (-2048 -448.001831 864.827393 ) (-2048 -1024 864.827393 ) 
4 331 333 (-3072 0 864 ) (-2056 0 864 ) (-2056 -1024 864 ) (-3072 -1024 864 ) 
3 332 351 (-2048 -1024 864 ) (-2048 -1024 864.827515 ) (-2056 -1024 864 ) 
4 332 333 (-2048 -456 864 ) (-2048 -1024 864 ) (-2056 -1024 864 ) (-2056 -456 864 ) 
4 333 351 (-2048 -1024 144 ) (-2048 -1024 864 ) (-3072 -1024 864 ) (-3072 -1024 144 ) 
4 333 343 (-2824 0 144 ) (-2256 0 144 ) (-2256 -736 144 ) (-2824 -736 144 ) 
4 333 344 (-2256 -744 144 ) (-2256 -1024 144 ) (-2824 -1024 144 ) (-2824 -744 144 ) 
4 333 345 (-3072 0 144 ) (-2824 0 144 ) (-2824 -1024 144 ) (-3072 -1024 144 ) 
4 333 341 (-2256 0 144 ) (-2248 0 144 ) (-2248 -132 144 ) (-2256 -132 144 ) 
4 333 342 (-2248 -744 144 ) (-2248 -1024 144 ) (-2256 -1024 144 ) (-2256 -744 144 ) 
4 333 339 (-2184 -496 144 ) (-2184 -744 144 ) (-2248 -744 144 ) (-2248 -496 144 ) 
4 333 340 (-2184 -744 144 ) (-2184 -1024 144 ) (-2248 -1024 144 ) (-2248 -744 144 ) 
4 333 338 (-2176 -1024 144 ) (-2184 -1024 144 ) (-2184 -744 144 ) (-2176 -744 144 ) 
4 333 334 (-2048 -496 144 ) (-2048 -736 144 ) (-2176 -736 144 ) (-2176 -496 144 ) 
4 333 336 (-2048 -744 144 ) (-2048 -1024 144 ) (-2176 -1024 144 ) (-2176 -744 144 ) 
4 334 346 (-2176 -736 80 ) (-2176 -496 80 ) (-2048 -496 80 ) (-2048 -736 80 ) 
4 334 337 (-2176 -496 120 ) (-2176 -496 80 ) (-2176 -736 80 ) (-2176 -736 120 ) 
4 334 335 (-2176 -736 120 ) (-2176 -736 80 ) (-2048 -736 80 ) (-2048 -736 120 ) 
4 335 346 (-2176 -744 80 ) (-2176 -736 80 ) (-2048 -736 80 ) (-2048 -744 80 ) 
4 335 337 (-2176 -736 80 ) (-2176 -744 80 ) (-2176 -744 120 ) (-2176 -736 120 ) 
4 335 336 (-2176 -744 120 ) (-2176 -744 80 ) (-2048 -744 80 ) (-2048 -744 120 ) 
4 336 351 (-2048 -1024 80 ) (-2048 -1024 144 ) (-2176 -1024 144 ) (-2176 -1024 80 ) 
4 336 346 (-2048 -1024 80 ) (-2176 -1024 80 ) (-2176 -744 80 ) (-2048 -744 80 ) 
4 336 338 (-2176 -744 80 ) (-2176 -1024 80 ) (-2176 -1024 144 ) (-2176 -744 144 ) 
4 337 346 (-2184 -744 80 ) (-2184 -496 80 ) (-2176 -496 80 ) (-2176 -744 80 ) 
4 337 338 (-2184 -744 120 ) (-2184 -744 80 ) (-2176 -744 80 ) (-2176 -744 120 ) 
4 338 351 (-2176 -1024 144 ) (-2184 -1024 144 ) (-2184 -1024 80 ) (-2176 -1024 80 ) 
4 338 346 (-2176 -1024 80 ) (-2184 -1024 80 ) (-2184 -744 80 ) (-2176 -744 80 ) 
4 338 340 (-2184 -744 80 ) (-2184 -1024 80 ) (-2184 -1024 144 ) (-2184 -744 144 ) 
4 339 340 (-2248 -744 144 ) (-2248 -744 128 ) (-2184 -744 128 ) (-2184 -744 144 ) 
4 340 351 (-2184 -1024 144 ) (-2248 -1024 144 ) (-2248 -1024 80 ) (-2184 -1024 80 ) 
4 340 346 (-2184 -1024 80 ) (-2248 -1024 80 ) (-2248 -744 80 ) (-2184 -744 80 ) 
4 340 342 (-2248 -744 80 ) (-2248 -1024 80 ) (-2248 -1024 144 ) (-2248 -744 144 ) 
4 341 346 (-2256 -132 80 ) (-2256 0 80 ) (-2248 0 80 ) (-2248 -132 80 ) 
4 341 343 (-2256 0 80 ) (-2256 -132 80 ) (-2256 -132 144 ) (-2256 0 144 ) 
4 342 351 (-2248 -1024 144 ) (-2256 -1024 144 ) (-2256 -1024 80 ) (-2248 -1024 80 ) 
4 342 346 (-2248 -1024 80 ) (-2256 -1024 80 ) (-2256 -744 80 ) (-2248 -744 80 ) 
4 342 344 (-2256 -744 80 ) (-2256 -1024 80 ) (-2256 -1024 144 ) (-2256 -744 144 ) 
4 343 346 (-2824 -736 80 ) (-2824 0 80 ) (-2256 0 80 ) (-2256 -736 80 ) 
4 343 345 (-2824 0 80 ) (-2824 -736 80 ) (-2824 -736 144 ) (-2824 0 144 ) 
4 344 351 (-2256 -1024 144 ) (-2824 -1024 144 ) (-2824 -1024 80 ) (-2256 -1024 80 ) 
4 344 346 (-2256 -1024 80 ) (-2824 -1024 80 ) (-2824 -744 80 ) (-2256 -744 80 ) 
4 344 345 (-2824 -744 80 ) (-2824 -1024 80 ) (-2824 -1024 144 ) (-2824 -744 144 ) 
4 345 351 (-2824 -1024 144 ) (-3072 -1024 144 ) (-3072 -1024 80 ) (-2824 -1024 80 ) 
4 345 346 (-2824 -1024 80 ) (-3072 -1024 80 ) (-3072 0 80 ) (-2824 0 80 ) 
4 346 351 (-2048 -1024 64 ) (-2048 -1024 80 ) (-3072 -1024 80 ) (-3072 -1024 64 ) 
4 347 351 (-2048 -1024 2112 ) (-2048 -1024 192 ) (-2048 -2048 192 ) (-2048 -2048 2112 ) 
4 347 348 (-2048 -1072 192 ) (-2048 -1024 192 ) (-1024 -1024 192 ) (-1024 -1072 192 ) 
4 347 350 (-2048 -2048 192 ) (-2048 -1088 192 ) (-1024 -1088 192 ) (-1024 -2048 192 ) 
4 348 351 (-2048 -1024 192 ) (-2048 -1024 64 ) (-2048 -1072 64 ) (-2048 -1072 192 ) 
4 348 349 (-2048 -1072 64 ) (-1024 -1072 64 ) (-1024 -1072 128 ) (-2048 -1072 128 ) 
4 349 351 (-2048 -1072 64 ) (-2048 -1088 64 ) (-2048 -1088 128 ) (-2048 -1072 128 ) 
4 349 350 (-2048 -1088 64 ) (-1024 -1088 64 ) (-1024 -1088 128 ) (-2048 -1088 128 ) 
4 350 351 (-2048 -1088 64 ) (-2048 -2048 64 ) (-2048 -2048 192 ) (-2048 -1088 192 ) 
