PRT1
237
713
4 0 3 (4096 3072 -576 ) (4096 3072 1024 ) (3072 3072 1024 ) (3072 3072 -576 ) 
4 0 1 (3072 3072 -576 ) (3072 3072 1024 ) (3072 4096 1024 ) (3072 4096 -576 ) 
4 1 10 (3072 3072 -576 ) (3072 3072 -320 ) (2048 3072 -320 ) (2048 3072 -576 ) 
4 1 8 (2560 3072 -32 ) (2048 3072 -32 ) (2048 3072 -320 ) (2560 3072 -320 ) 
4 1 7 (3072 3072 -320 ) (3072 3072 -32 ) (2560 3072 -32 ) (2560 3072 -320 ) 
4 1 6 (3072 3072 -32 ) (3072 3072 1024 ) (2048 3072 1024 ) (2048 3072 -32 ) 
4 1 2 (2048 3072 -576 ) (2048 3072 1024 ) (2048 4096 1024 ) (2048 4096 -576 ) 
4 2 78 (1024 3072 -576 ) (1024 3072 1024 ) (1024 4096 1024 ) (1024 4096 -576 ) 
4 2 14 (2048 3072 -576 ) (2048 3072 -320 ) (1024 3072 -320 ) (1024 3072 -576 ) 
4 2 12 (2048 3072 -320 ) (2048 3072 -32 ) (1024 3072 -32 ) (1024 3072 -320 ) 
4 2 11 (2048 3072 -32 ) (2048 3072 1024 ) (1024 3072 1024 ) (1024 3072 -32 ) 
4 3 10 (3072 3072 -320 ) (3072 3072 -576 ) (3072 2048 -576 ) (3072 2048 -320 ) 
4 3 7 (3072 3072 -32 ) (3072 3072 -320 ) (3072 2048 -320 ) (3072 2048 -32 ) 
4 3 6 (3072 3072 1024 ) (3072 3072 -32 ) (3072 2048 -32 ) (3072 2048 1024 ) 
4 3 4 (4096 2048 -576 ) (4096 2048 1024 ) (3072 2048 1024 ) (3072 2048 -576 ) 
4 4 18 (3072 1024 -576 ) (3072 1024 -320 ) (3072 2048 -320 ) (3072 2048 -576 ) 
4 4 16 (3072 1024 -320 ) (3072 1024 -32 ) (3072 2048 -32 ) (3072 2048 -320 ) 
4 4 15 (3072 1024 -32 ) (3072 1024 1024 ) (3072 2048 1024 ) (3072 2048 -32 ) 
4 4 5 (3072 1024 1024 ) (3072 1024 -576 ) (4096 1024 -576 ) (4096 1024 1024 ) 
4 5 49 (4096 0 -576 ) (4096 0 1024 ) (3072 0 1024 ) (3072 0 -576 ) 
4 5 30 (3072 0 -576 ) (3072 0 -320 ) (3072 1024 -320 ) (3072 1024 -576 ) 
4 5 28 (3072 0 -320 ) (3072 0 -32 ) (3072 1024 -32 ) (3072 1024 -320 ) 
4 5 27 (3072 0 -32 ) (3072 0 1024 ) (3072 1024 1024 ) (3072 1024 -32 ) 
4 6 15 (3072 2048 -32 ) (3072 2048 1024 ) (2048 2048 1024 ) (2048 2048 -32 ) 
4 6 11 (2048 3072 1024 ) (2048 3072 -32 ) (2048 2048 -32 ) (2048 2048 1024 ) 
4 6 9 (2048 2048 -32 ) (2048 2560 -32 ) (2560 2560 -32 ) (2560 2048 -32 ) 
4 6 8 (2048 2560 -32 ) (2048 3072 -32 ) (2560 3072 -32 ) (2560 2560 -32 ) 
4 6 7 (2560 3072 -32 ) (3072 3072 -32 ) (3072 2048 -32 ) (2560 2048 -32 ) 
4 7 16 (3072 2048 -320 ) (3072 2048 -32 ) (2560 2048 -32 ) (2560 2048 -320 ) 
4 7 10 (3072 2048 -320 ) (2560 2048 -320 ) (2560 3072 -320 ) (3072 3072 -320 ) 
4 7 9 (2560 2560 -320 ) (2560 2048 -320 ) (2560 2048 -32 ) (2560 2560 -32 ) 
4 7 8 (2560 3072 -320 ) (2560 2560 -320 ) (2560 2560 -32 ) (2560 3072 -32 ) 
4 8 12 (2048 3072 -32 ) (2048 3072 -320 ) (2048 2560 -320 ) (2048 2560 -32 ) 
4 8 10 (2048 2560 -320 ) (2048 3072 -320 ) (2560 3072 -320 ) (2560 2560 -320 ) 
4 8 9 (2048 2560 -320 ) (2560 2560 -320 ) (2560 2560 -32 ) (2048 2560 -32 ) 
4 9 17 (2560 2048 -32 ) (2048 2048 -32 ) (2048 2048 -320 ) (2560 2048 -320 ) 
4 9 13 (2048 2560 -320 ) (2048 2048 -320 ) (2048 2048 -32 ) (2048 2560 -32 ) 
4 9 10 (2560 2048 -320 ) (2048 2048 -320 ) (2048 2560 -320 ) (2560 2560 -320 ) 
4 10 18 (3072 2048 -576 ) (3072 2048 -320 ) (2048 2048 -320 ) (2048 2048 -576 ) 
4 10 14 (2048 3072 -320 ) (2048 3072 -576 ) (2048 2048 -576 ) (2048 2048 -320 ) 
4 11 81 (1024 2048 -32 ) (1024 2048 1024 ) (1024 3072 1024 ) (1024 3072 -32 ) 
4 11 24 (1940.661743 2048 149.755737 ) (1938.831665 2048 147.436813 ) (1945.629150 2048 142.568649 ) (1947.459961 2048 144.891464 ) 
4 11 22 (2048 2048 272.449738 ) (2048 2048 285.768616 ) (1940.661743 2048 149.755737 ) (1947.459961 2048 144.891464 ) 
4 11 21 (1938.831665 2048 147.436813 ) (1797.224121 2048 -32 ) (1808.035889 2048 -32 ) (1945.629150 2048 142.568649 ) 
5 11 20 (2048 2048 285.768616 ) (2048 2048 1024 ) (1024 2048 1024 ) (1024 2048 -32 ) (1797.224121 2048 -32 ) 
3 11 19 (2048 2048 -32 ) (2048 2048 272.449738 ) (1808.035889 2048 -32 ) 
4 11 13 (2048 2048 -32 ) (1024 2048 -32 ) (1024 2560 -32 ) (2048 2560 -32 ) 
4 11 12 (1024 2560 -32 ) (1024 3072 -32 ) (2048 3072 -32 ) (2048 2560 -32 ) 
4 12 82 (1024 2560 -32 ) (1024 3072 -32 ) (1024 3072 -320 ) (1024 2560 -320 ) 
4 12 14 (2048 3072 -320 ) (2048 2560 -320 ) (1024 2560 -320 ) (1024 3072 -320 ) 
4 12 13 (1024 2560 -320 ) (2048 2560 -320 ) (2048 2560 -32 ) (1024 2560 -32 ) 
4 13 83 (1024 2048 -320 ) (1024 2048 -32 ) (1024 2560 -32 ) (1024 2560 -320 ) 
4 13 25 (2048 2048 -320 ) (2048 2048 -32 ) (1024 2048 -32 ) (1024 2048 -320 ) 
4 13 14 (2048 2560 -320 ) (2048 2048 -320 ) (1024 2048 -320 ) (1024 2560 -320 ) 
4 14 84 (1024 2048 -576 ) (1024 2048 -320 ) (1024 3072 -320 ) (1024 3072 -576 ) 
4 14 26 (2048 2048 -576 ) (2048 2048 -320 ) (1024 2048 -320 ) (1024 2048 -576 ) 
4 15 27 (3072 1024 -32 ) (3072 1024 1024 ) (2048 1024 1024 ) (2048 1024 -32 ) 
4 15 23 (2048 1723.490723 155.134277 ) (2048 1716.570557 152.632538 ) (2048 1696.468994 157.689743 ) (2048 1703.411743 160.219315 ) 
4 15 22 (2048 2048 285.768677 ) (2048 2048 272.449768 ) (2048 1723.490723 155.134277 ) (2048 1703.411743 160.219315 ) 
4 15 21 (2048 1716.570557 152.632538 ) (2048 1205.854004 -32 ) (2048 1175.838501 -32 ) (2048 1696.468994 157.689743 ) 
5 15 20 (2048 1024 -32 ) (2048 1024 1024 ) (2048 2048 1024 ) (2048 2048 285.768677 ) (2048 1175.838501 -32 ) 
3 15 19 (2048 2048 272.449768 ) (2048 2048 -32 ) (2048 1205.854004 -32 ) 
4 15 17 (2048 1024 -32 ) (2048 2048 -32 ) (2560 2048 -32 ) (2560 1024 -32 ) 
4 15 16 (2560 2048 -32 ) (3072 2048 -32 ) (3072 1024 -32 ) (2560 1024 -32 ) 
4 16 28 (3072 1024 -320 ) (3072 1024 -32 ) (2560 1024 -32 ) (2560 1024 -320 ) 
4 16 18 (3072 1024 -320 ) (2560 1024 -320 ) (2560 2048 -320 ) (3072 2048 -320 ) 
4 16 17 (2560 2048 -320 ) (2560 1024 -320 ) (2560 1024 -32 ) (2560 2048 -32 ) 
4 17 29 (2560 1024 -32 ) (2048 1024 -32 ) (2048 1024 -320 ) (2560 1024 -320 ) 
4 17 25 (2048 1024 -320 ) (2048 1024 -32 ) (2048 2048 -32 ) (2048 2048 -320 ) 
4 17 18 (2560 1024 -320 ) (2048 1024 -320 ) (2048 2048 -320 ) (2560 2048 -320 ) 
4 18 30 (3072 1024 -576 ) (3072 1024 -320 ) (2048 1024 -320 ) (2048 1024 -576 ) 
4 18 26 (2048 1024 -576 ) (2048 1024 -320 ) (2048 2048 -320 ) (2048 2048 -576 ) 
4 19 24 (1969.638794 1976.409790 147.151947 ) (1947.458618 2048 144.892258 ) (1945.627930 2048 142.569534 ) (1967.928955 1975.799683 144.761902 ) 
4 19 23 (2048 1716.566772 152.633545 ) (2048 1723.486938 155.135284 ) (1970.822021 1972.590820 147.272491 ) (1969.108887 1971.979736 144.877899 ) 
3 19 22 (2048 1723.486938 155.135284 ) (2048 2048 272.452271 ) (1947.458618 2048 144.892258 ) 
4 19 21 (1808.034180 2048 -32 ) (2048 1205.847900 -32 ) (2048 1716.566772 152.633545 ) (1945.627930 2048 142.569534 ) 
3 19 25 (1808.035889 2048 -32 ) (2048 2048 -32 ) (2048 1205.854004 -32 ) 
4 20 98 (1024 1024 -32 ) (1024 1024 256 ) (1024 2048 256 ) (1024 2048 -32 ) 
4 20 97 (1024 1024 256 ) (1024 1024 1024 ) (1024 2048 1024 ) (1024 2048 256 ) 
4 20 31 (1024 1024 1024 ) (1024 1024 -32 ) (2048 1024 -32 ) (2048 1024 1024 ) 
4 20 24 (1938.831421 2048 147.437119 ) (1940.661377 2048 149.755951 ) (1963.509766 1974.650024 151.983246 ) (1961.799805 1974.040039 149.594254 ) 
4 20 23 (1964.699707 1970.829956 152.099243 ) (2048 1703.410889 160.219513 ) (2048 1696.468140 157.689957 ) (1962.986450 1970.218750 149.705704 ) 
3 20 22 (1940.661377 2048 149.755951 ) (2048 2048 285.769043 ) (2048 1703.410889 160.219513 ) 
4 20 21 (2048 1175.836182 -32 ) (1797.223389 2048 -32 ) (1938.831421 2048 147.437119 ) (2048 1696.468140 157.689957 ) 
5 20 25 (2048 1024 -32 ) (1024 1024 -32 ) (1024 2048 -32 ) (1797.224121 2048 -32 ) (2048 1175.838501 -32 ) 
4 21 24 (1938.826782 2048 147.438568 ) (1961.795532 1974.038696 149.595734 ) (1967.928955 1975.799805 144.760254 ) (1945.627930 2048 142.567886 ) 
4 21 23 (1962.982178 1970.217651 149.707184 ) (2048 1696.453369 157.691864 ) (2048 1716.566895 152.631912 ) (1969.108887 1971.979614 144.876251 ) 
4 21 25 (1797.224121 2048 -32 ) (1808.035889 2048 -32 ) (2048 1205.854004 -32 ) (2048 1175.838501 -32 ) 
4 22 24 (1963.506836 1974.649048 151.986786 ) (1940.658203 2048 149.759476 ) (1947.460205 2048 144.892365 ) (1969.640259 1976.410156 147.152023 ) 
4 22 23 (2048 1703.400391 160.223312 ) (1964.696655 1970.829224 152.102783 ) (1970.823486 1972.591309 147.272568 ) (2048 1723.491699 155.135162 ) 
4 25 103 (1024 1024 -320 ) (1024 1024 -32 ) (1024 2048 -32 ) (1024 2048 -320 ) 
4 25 32 (1024 1024 -32 ) (1024 1024 -320 ) (2048 1024 -320 ) (2048 1024 -32 ) 
4 25 26 (1024 2048 -320 ) (2048 2048 -320 ) (2048 1024 -320 ) (1024 1024 -320 ) 
4 26 104 (1024 1024 -576 ) (1024 1024 -320 ) (1024 2048 -320 ) (1024 2048 -576 ) 
4 26 33 (1024 1024 -320 ) (1024 1024 -576 ) (2048 1024 -576 ) (2048 1024 -320 ) 
4 27 52 (3072 0 -32 ) (3072 0 1024 ) (2048 0 1024 ) (2048 0 -32 ) 
4 27 31 (2048 1024 1024 ) (2048 1024 -32 ) (2048 0 -32 ) (2048 0 1024 ) 
4 27 29 (2048 0 -32 ) (2048 1024 -32 ) (2560 1024 -32 ) (2560 0 -32 ) 
4 27 28 (2560 1024 -32 ) (3072 1024 -32 ) (3072 0 -32 ) (2560 0 -32 ) 
4 28 53 (3072 0 -320 ) (3072 0 -32 ) (2560 0 -32 ) (2560 0 -320 ) 
4 28 30 (3072 0 -320 ) (2560 0 -320 ) (2560 1024 -320 ) (3072 1024 -320 ) 
4 28 29 (2560 1024 -320 ) (2560 0 -320 ) (2560 0 -32 ) (2560 1024 -32 ) 
4 29 54 (2560 0 -32 ) (2048 0 -32 ) (2048 0 -320 ) (2560 0 -320 ) 
4 29 32 (2048 1024 -32 ) (2048 1024 -320 ) (2048 0 -320 ) (2048 0 -32 ) 
4 29 30 (2560 0 -320 ) (2048 0 -320 ) (2048 1024 -320 ) (2560 1024 -320 ) 
4 30 55 (3072 0 -576 ) (3072 0 -320 ) (2048 0 -320 ) (2048 0 -576 ) 
4 30 33 (2048 1024 -320 ) (2048 1024 -576 ) (2048 0 -576 ) (2048 0 -320 ) 
4 31 105 (1024 0 -32 ) (1024 0 1024 ) (1024 1024 1024 ) (1024 1024 -32 ) 
4 31 56 (2048 0 -32 ) (2048 0 1024 ) (1024 0 1024 ) (1024 0 -32 ) 
4 31 32 (2048 0 -32 ) (1024 0 -32 ) (1024 1024 -32 ) (2048 1024 -32 ) 
4 32 106 (1024 0 -320 ) (1024 0 -32 ) (1024 1024 -32 ) (1024 1024 -320 ) 
4 32 57 (2048 0 -320 ) (2048 0 -32 ) (1024 0 -32 ) (1024 0 -320 ) 
4 32 33 (1024 0 -320 ) (1024 1024 -320 ) (2048 1024 -320 ) (2048 0 -320 ) 
4 33 107 (1024 0 -576 ) (1024 0 -320 ) (1024 1024 -320 ) (1024 1024 -576 ) 
4 33 58 (2048 0 -576 ) (2048 0 -320 ) (1024 0 -320 ) (1024 0 -576 ) 
10 34 39 (6220 -3072 -373.569427 ) (6220 -3072 -528 ) (6295.601074 -3072 -528 ) (6310.214355 -3072 -518.235168 ) (6329.301270 -3072 -489.671631 ) (6336 -3072 -455.996613 ) (6329.301270 -3072 -422.324768 ) (6310.224121 -3072 -393.774780 ) (6281.670898 -3072 -374.697205 ) (6248.001465 -3072 -368 ) 
4 34 36 (6220 -3072 -528 ) (6220 -3072 -373.569458 ) (6220 -2048 -373.569427 ) (6220 -2048 -528 ) 
4 34 35 (6276 -2048 -528 ) (6295.601074 -2048 -528 ) (6295.601074 -3072 -528 ) (6276 -3072 -528 ) 
4 35 40 (6276 -3072 -532 ) (6289.614746 -3072 -532 ) (6295.600586 -3072 -528 ) (6276 -3072 -528 ) 
4 35 37 (6289.614746 -3072 -532 ) (6276 -3072 -532 ) (6276 -2048 -532 ) (6289.614746 -2048 -532 ) 
9 36 41 (6206.389160 -3072 -532 ) (6220 -3072 -532 ) (6220 -3072 -373.569519 ) (6214.318848 -3072 -374.699585 ) (6185.781250 -3072 -393.767731 ) (6166.699219 -3072 -422.326721 ) (6160 -3072 -456.002594 ) (6166.698242 -3072 -489.670105 ) (6185.782715 -3072 -518.232483 ) 
4 36 38 (6220 -3072 -532 ) (6206.389160 -3072 -532 ) (6206.389160 -2048 -532 ) (6220 -2048 -532 ) 
4 37 42 (6289.614746 -3072 -532 ) (6276 -3072 -532 ) (6276 -3072 -538.430359 ) (6281.683594 -3072 -537.299805 ) 
4 38 43 (6220 -3072 -532 ) (6206.389160 -3072 -532 ) (6214.323730 -3072 -537.300720 ) (6220 -3072 -538.429932 ) 
10 39 44 (6220 -4096 -373.569427 ) (6220 -4096 -528 ) (6295.601074 -4096 -528 ) (6310.214355 -4096 -518.235168 ) (6329.301270 -4096 -489.671631 ) (6336 -4096 -455.996613 ) (6329.301270 -4096 -422.324768 ) (6310.224121 -4096 -393.774780 ) (6281.670898 -4096 -374.697205 ) (6248.001465 -4096 -368 ) 
4 39 41 (6220 -3072 -373.569427 ) (6220 -3072 -528 ) (6220 -4096 -528 ) (6220 -4096 -373.569458 ) 
4 39 40 (6276 -3072 -528 ) (6295.601074 -3072 -528 ) (6295.601074 -4096 -528 ) (6276 -4096 -528 ) 
4 40 45 (6276 -4096 -532 ) (6289.614746 -4096 -532 ) (6295.600586 -4096 -528 ) (6276 -4096 -528 ) 
4 40 42 (6276 -3072 -532 ) (6289.614746 -3072 -532 ) (6289.614746 -4096 -532 ) (6276 -4096 -532 ) 
9 41 46 (6206.389648 -4096 -532 ) (6220 -4096 -532 ) (6220 -4096 -373.569519 ) (6214.318848 -4096 -374.699585 ) (6185.781250 -4096 -393.767731 ) (6166.699219 -4096 -422.326721 ) (6160 -4096 -456.002563 ) (6166.697754 -4096 -489.668823 ) (6185.782715 -4096 -518.232422 ) 
4 41 43 (6206.389160 -3072 -532 ) (6220 -3072 -532 ) (6220 -4096 -532 ) (6206.389648 -4096 -532 ) 
4 42 47 (6289.614746 -4096 -532 ) (6276 -4096 -532 ) (6276 -4096 -538.430359 ) (6281.683594 -4096 -537.299805 ) 
4 43 48 (6220 -4096 -532 ) (6206.389648 -4096 -532 ) (6214.323730 -4096 -537.300720 ) (6220 -4096 -538.429932 ) 
4 44 46 (6220 -5096 -528 ) (6220 -5096 -373.569458 ) (6220 -4096 -373.569427 ) (6220 -4096 -528 ) 
4 44 45 (6276 -4096 -528 ) (6295.601074 -4096 -528 ) (6295.601074 -5096 -528 ) (6276 -5096 -528 ) 
4 45 47 (6276 -4096 -532 ) (6289.614746 -4096 -532 ) (6289.614746 -5096 -532 ) (6276 -5096 -532 ) 
4 46 48 (6206.389648 -4096 -532 ) (6220 -4096 -532 ) (6220 -5096 -532 ) (6206.390625 -5096 -532 ) 
4 49 55 (3072 0 -320 ) (3072 0 -576 ) (3072 -1024 -576 ) (3072 -1024 -320 ) 
4 49 53 (3072 0 -32 ) (3072 0 -320 ) (3072 -1024 -320 ) (3072 -1024 -32 ) 
4 49 52 (3072 0 1024 ) (3072 0 -32 ) (3072 -1024 -32 ) (3072 -1024 1024 ) 
4 49 50 (4096 -1024 -576 ) (4096 -1024 1024 ) (3072 -1024 1024 ) (3072 -1024 -576 ) 
4 50 62 (3072 -2048 -576 ) (3072 -2048 -320 ) (3072 -1024 -320 ) (3072 -1024 -576 ) 
4 50 60 (3072 -2048 -320 ) (3072 -2048 -32 ) (3072 -1024 -32 ) (3072 -1024 -320 ) 
4 50 59 (3072 -2048 -32 ) (3072 -2048 1024 ) (3072 -1024 1024 ) (3072 -1024 -32 ) 
4 50 51 (3072 -2048 1024 ) (3072 -2048 -576 ) (4096 -2048 -576 ) (4096 -2048 1024 ) 
4 51 75 (4096 -3072 -576 ) (4096 -3072 1024 ) (3072 -3072 1024 ) (3072 -3072 -576 ) 
4 51 70 (3072 -3072 -576 ) (3072 -3072 -320 ) (3072 -2048 -320 ) (3072 -2048 -576 ) 
4 51 67 (3072 -3072 -320 ) (3072 -3072 -32 ) (3072 -2048 -32 ) (3072 -2048 -320 ) 
4 51 66 (3072 -3072 -32 ) (3072 -3072 1024 ) (3072 -2048 1024 ) (3072 -2048 -32 ) 
4 52 59 (3072 -1024 -32 ) (3072 -1024 1024 ) (2048 -1024 1024 ) (2048 -1024 -32 ) 
4 52 56 (2048 0 1024 ) (2048 0 -32 ) (2048 -1024 -32 ) (2048 -1024 1024 ) 
4 52 54 (2048 -1024 -32 ) (2048 0 -32 ) (2560 0 -32 ) (2560 -1024 -32 ) 
4 52 53 (2560 0 -32 ) (3072 0 -32 ) (3072 -1024 -32 ) (2560 -1024 -32 ) 
4 53 60 (3072 -1024 -320 ) (3072 -1024 -32 ) (2560 -1024 -32 ) (2560 -1024 -320 ) 
4 53 55 (3072 -1024 -320 ) (2560 -1024 -320 ) (2560 0 -320 ) (3072 0 -320 ) 
4 53 54 (2560 0 -320 ) (2560 -1024 -320 ) (2560 -1024 -32 ) (2560 0 -32 ) 
4 54 61 (2560 -1024 -32 ) (2048 -1024 -32 ) (2048 -1024 -320 ) (2560 -1024 -320 ) 
4 54 57 (2048 0 -32 ) (2048 0 -320 ) (2048 -1024 -320 ) (2048 -1024 -32 ) 
4 54 55 (2560 -1024 -320 ) (2048 -1024 -320 ) (2048 0 -320 ) (2560 0 -320 ) 
4 55 62 (3072 -1024 -576 ) (3072 -1024 -320 ) (2048 -1024 -320 ) (2048 -1024 -576 ) 
4 55 58 (2048 0 -320 ) (2048 0 -576 ) (2048 -1024 -576 ) (2048 -1024 -320 ) 
4 56 151 (1024 -1024 -32 ) (1024 -1024 1024 ) (1024 0 1024 ) (1024 0 -32 ) 
4 56 63 (2048 -1024 -32 ) (2048 -1024 1024 ) (1024 -1024 1024 ) (1024 -1024 -32 ) 
4 56 57 (2048 -1024 -32 ) (1024 -1024 -32 ) (1024 0 -32 ) (2048 0 -32 ) 
4 57 152 (1024 -1024 -320 ) (1024 -1024 -32 ) (1024 0 -32 ) (1024 0 -320 ) 
4 57 64 (2048 -1024 -320 ) (2048 -1024 -32 ) (1024 -1024 -32 ) (1024 -1024 -320 ) 
4 57 58 (2048 0 -320 ) (2048 -1024 -320 ) (1024 -1024 -320 ) (1024 0 -320 ) 
4 58 153 (1024 -1024 -576 ) (1024 -1024 -320 ) (1024 0 -320 ) (1024 0 -576 ) 
4 58 65 (2048 -1024 -576 ) (2048 -1024 -320 ) (1024 -1024 -320 ) (1024 -1024 -576 ) 
4 59 66 (3072 -2048 -32 ) (3072 -2048 1024 ) (2048 -2048 1024 ) (2048 -2048 -32 ) 
4 59 63 (2048 -2048 -32 ) (2048 -2048 1024 ) (2048 -1024 1024 ) (2048 -1024 -32 ) 
4 59 61 (2048 -2048 -32 ) (2048 -1024 -32 ) (2560 -1024 -32 ) (2560 -2048 -32 ) 
4 59 60 (2560 -1024 -32 ) (3072 -1024 -32 ) (3072 -2048 -32 ) (2560 -2048 -32 ) 
4 60 67 (3072 -2048 -320 ) (3072 -2048 -32 ) (2560 -2048 -32 ) (2560 -2048 -320 ) 
4 60 62 (3072 -2048 -320 ) (2560 -2048 -320 ) (2560 -1024 -320 ) (3072 -1024 -320 ) 
4 60 61 (2560 -1024 -320 ) (2560 -2048 -320 ) (2560 -2048 -32 ) (2560 -1024 -32 ) 
4 61 68 (2560 -2048 -32 ) (2048 -2048 -32 ) (2048 -2048 -320 ) (2560 -2048 -320 ) 
4 61 64 (2048 -2048 -320 ) (2048 -2048 -32 ) (2048 -1024 -32 ) (2048 -1024 -320 ) 
4 61 62 (2560 -2048 -320 ) (2048 -2048 -320 ) (2048 -1024 -320 ) (2560 -1024 -320 ) 
4 62 70 (3072 -2048 -576 ) (3072 -2048 -320 ) (2048 -2048 -320 ) (2048 -2048 -576 ) 
4 62 65 (2048 -2048 -576 ) (2048 -2048 -320 ) (2048 -1024 -320 ) (2048 -1024 -576 ) 
4 63 187 (1024 -2048 -32 ) (1024 -2048 1024 ) (1024 -1024 1024 ) (1024 -1024 -32 ) 
4 63 71 (1024 -2048 1024 ) (1024 -2048 -32 ) (2048 -2048 -32 ) (2048 -2048 1024 ) 
4 63 64 (2048 -2048 -32 ) (1024 -2048 -32 ) (1024 -1024 -32 ) (2048 -1024 -32 ) 
4 64 188 (1024 -2048 -320 ) (1024 -2048 -32 ) (1024 -1024 -32 ) (1024 -1024 -320 ) 
4 64 72 (1024 -2048 -32 ) (1024 -2048 -320 ) (2048 -2048 -320 ) (2048 -2048 -32 ) 
4 64 65 (1024 -1024 -320 ) (2048 -1024 -320 ) (2048 -2048 -320 ) (1024 -2048 -320 ) 
4 65 189 (1024 -2048 -576 ) (1024 -2048 -320 ) (1024 -1024 -320 ) (1024 -1024 -576 ) 
4 65 74 (1024 -2048 -320 ) (1024 -2048 -576 ) (2048 -2048 -576 ) (2048 -2048 -320 ) 
4 66 76 (3072 -3072 -32 ) (3072 -3072 1024 ) (2048 -3072 1024 ) (2048 -3072 -32 ) 
4 66 71 (2048 -2048 1024 ) (2048 -2048 -32 ) (2048 -3072 -32 ) (2048 -3072 1024 ) 
4 66 69 (2048 -3072 -32 ) (2048 -2560 -32 ) (2560 -2560 -32 ) (2560 -3072 -32 ) 
4 66 68 (2048 -2560 -32 ) (2048 -2048 -32 ) (2560 -2048 -32 ) (2560 -2560 -32 ) 
4 66 67 (2560 -2048 -32 ) (3072 -2048 -32 ) (3072 -3072 -32 ) (2560 -3072 -32 ) 
4 67 76 (3072 -3072 -320 ) (3072 -3072 -32 ) (2560 -3072 -32 ) (2560 -3072 -320 ) 
4 67 70 (3072 -3072 -320 ) (2560 -3072 -320 ) (2560 -2048 -320 ) (3072 -2048 -320 ) 
4 67 69 (2560 -2560 -320 ) (2560 -3072 -320 ) (2560 -3072 -32 ) (2560 -2560 -32 ) 
4 67 68 (2560 -2048 -320 ) (2560 -2560 -320 ) (2560 -2560 -32 ) (2560 -2048 -32 ) 
4 68 72 (2048 -2048 -32 ) (2048 -2048 -320 ) (2048 -2560 -320 ) (2048 -2560 -32 ) 
4 68 70 (2048 -2560 -320 ) (2048 -2048 -320 ) (2560 -2048 -320 ) (2560 -2560 -320 ) 
4 68 69 (2048 -2560 -320 ) (2560 -2560 -320 ) (2560 -2560 -32 ) (2048 -2560 -32 ) 
4 69 76 (2560 -3072 -32 ) (2048 -3072 -32 ) (2048 -3072 -320 ) (2560 -3072 -320 ) 
4 69 73 (2048 -2560 -320 ) (2048 -3072 -320 ) (2048 -3072 -32 ) (2048 -2560 -32 ) 
4 69 70 (2560 -3072 -320 ) (2048 -3072 -320 ) (2048 -2560 -320 ) (2560 -2560 -320 ) 
4 70 76 (3072 -3072 -576 ) (3072 -3072 -320 ) (2048 -3072 -320 ) (2048 -3072 -576 ) 
4 70 74 (2048 -2048 -320 ) (2048 -2048 -576 ) (2048 -3072 -576 ) (2048 -3072 -320 ) 
4 71 190 (1024 -3072 -32 ) (1024 -3072 1024 ) (1024 -2048 1024 ) (1024 -2048 -32 ) 
4 71 77 (2048 -3072 -32 ) (2048 -3072 1024 ) (1024 -3072 1024 ) (1024 -3072 -32 ) 
4 71 73 (2048 -3072 -32 ) (1024 -3072 -32 ) (1024 -2560 -32 ) (2048 -2560 -32 ) 
4 71 72 (1024 -2560 -32 ) (1024 -2048 -32 ) (2048 -2048 -32 ) (2048 -2560 -32 ) 
4 72 191 (1024 -2560 -32 ) (1024 -2048 -32 ) (1024 -2048 -320 ) (1024 -2560 -320 ) 
4 72 74 (1024 -2560 -320 ) (1024 -2048 -320 ) (2048 -2048 -320 ) (2048 -2560 -320 ) 
4 72 73 (1024 -2560 -320 ) (2048 -2560 -320 ) (2048 -2560 -32 ) (1024 -2560 -32 ) 
4 73 192 (1024 -3072 -320 ) (1024 -3072 -32 ) (1024 -2560 -32 ) (1024 -2560 -320 ) 
4 73 77 (2048 -3072 -320 ) (2048 -3072 -32 ) (1024 -3072 -32 ) (1024 -3072 -320 ) 
4 73 74 (1024 -3072 -320 ) (1024 -2560 -320 ) (2048 -2560 -320 ) (2048 -3072 -320 ) 
4 74 193 (1024 -3072 -576 ) (1024 -3072 -320 ) (1024 -2048 -320 ) (1024 -2048 -576 ) 
4 74 77 (2048 -3072 -576 ) (2048 -3072 -320 ) (1024 -3072 -320 ) (1024 -3072 -576 ) 
4 75 76 (3072 -3072 1024 ) (3072 -3072 -576 ) (3072 -4096 -576 ) (3072 -4096 1024 ) 
4 76 77 (2048 -3072 1024 ) (2048 -3072 -576 ) (2048 -4096 -576 ) (2048 -4096 1024 ) 
4 77 216 (1024 -4096 -576 ) (1024 -4096 1024 ) (1024 -3072 1024 ) (1024 -3072 -576 ) 
4 78 84 (1024 3072 -576 ) (1024 3072 -320 ) (0 3072 -320 ) (0 3072 -576 ) 
4 78 82 (1024 3072 -320 ) (1024 3072 -32 ) (0 3072 -32 ) (0 3072 -320 ) 
4 78 81 (1024 3072 -32 ) (1024 3072 1024 ) (0 3072 1024 ) (0 3072 -32 ) 
4 78 79 (0 3072 -576 ) (0 3072 1024 ) (0 4096 1024 ) (0 4096 -576 ) 
4 79 92 (0 3072 -576 ) (0 3072 -320 ) (-1024 3072 -320 ) (-1024 3072 -576 ) 
4 79 86 (0 3072 -320 ) (0 3072 -32 ) (-1024 3072 -32 ) (-1024 3072 -320 ) 
4 79 85 (0 3072 -32 ) (0 3072 1024 ) (-1024 3072 1024 ) (-1024 3072 -32 ) 
4 79 80 (-1024 3072 -576 ) (-1024 3072 1024 ) (-1024 4096 1024 ) (-1024 4096 -576 ) 
4 80 133 (-2048 3072 -576 ) (-2048 3072 1024 ) (-2048 4096 1024 ) (-2048 4096 -576 ) 
4 80 96 (-1024 3072 -576 ) (-1024 3072 -320 ) (-2048 3072 -320 ) (-2048 3072 -576 ) 
4 80 94 (-1024 3072 -320 ) (-1024 3072 -32 ) (-2048 3072 -32 ) (-2048 3072 -320 ) 
4 80 93 (-1024 3072 -32 ) (-1024 3072 1024 ) (-2048 3072 1024 ) (-2048 3072 -32 ) 
4 81 99 (160 2048 256 ) (0 2048 256 ) (0 2048 -32 ) (160 2048 -32 ) 
4 81 98 (1024 2048 -32 ) (1024 2048 256 ) (160 2048 256 ) (160 2048 -32 ) 
4 81 97 (1024 2048 256 ) (1024 2048 1024 ) (0 2048 1024 ) (0 2048 256 ) 
4 81 85 (0 2048 -32 ) (0 2048 1024 ) (0 3072 1024 ) (0 3072 -32 ) 
4 81 83 (0 2048 -32 ) (0 2560 -32 ) (1024 2560 -32 ) (1024 2048 -32 ) 
4 81 82 (0 2560 -32 ) (0 3072 -32 ) (1024 3072 -32 ) (1024 2560 -32 ) 
4 82 86 (0 2560 -32 ) (0 3072 -32 ) (0 3072 -320 ) (0 2560 -320 ) 
4 82 84 (0 2560 -320 ) (0 3072 -320 ) (1024 3072 -320 ) (1024 2560 -320 ) 
4 82 83 (0 2560 -320 ) (1024 2560 -320 ) (1024 2560 -32 ) (0 2560 -32 ) 
4 83 103 (1024 2048 -320 ) (1024 2048 -32 ) (0 2048 -32 ) (0 2048 -320 ) 
4 83 87 (0 2048 -320 ) (0 2048 -32 ) (0 2560 -32 ) (0 2560 -320 ) 
4 83 84 (1024 2048 -320 ) (0 2048 -320 ) (0 2560 -320 ) (1024 2560 -320 ) 
4 84 104 (1024 2048 -576 ) (1024 2048 -320 ) (0 2048 -320 ) (0 2048 -576 ) 
4 84 92 (0 2048 -576 ) (0 2048 -320 ) (0 3072 -320 ) (0 3072 -576 ) 
4 85 109 (0 2048 -32 ) (0 2048 256 ) (-224 2048 256 ) (-224 2048 -32 ) 
4 85 113 (-224 2048 256 ) (-1024 2048 256 ) (-1024 2048 -32 ) (-224 2048 -32 ) 
4 85 108 (0 2048 256 ) (0 2048 1024 ) (-1024 2048 1024 ) (-1024 2048 256 ) 
4 85 93 (-1024 3072 1024 ) (-1024 3072 -32 ) (-1024 2048 -32 ) (-1024 2048 1024 ) 
4 85 91 (-1024 2048 -32 ) (-1024 2560 -32 ) (-512 2560 -32 ) (-512 2048 -32 ) 
4 85 90 (-512 2560 -32 ) (-416 2560 -32 ) (-416 2048 -32 ) (-512 2048 -32 ) 
4 85 88 (-352 2560 -32 ) (-256 2560 -32 ) (-256 2048 -32 ) (-352 2048 -32 ) 
4 85 87 (-256 2560 -32 ) (0 2560 -32 ) (0 2048 -32 ) (-256 2048 -32 ) 
4 85 89 (-416 2560 -32 ) (-352 2560 -32 ) (-352 2048 -32 ) (-416 2048 -32 ) 
4 85 86 (-1024 2560 -32 ) (-1024 3072 -32 ) (0 3072 -32 ) (0 2560 -32 ) 
4 86 94 (-1024 3072 -32 ) (-1024 3072 -320 ) (-1024 2560 -320 ) (-1024 2560 -32 ) 
4 86 92 (-1024 2560 -320 ) (-1024 3072 -320 ) (0 3072 -320 ) (0 2560 -320 ) 
4 86 91 (-1024 2560 -320 ) (-512 2560 -320 ) (-512 2560 -32 ) (-1024 2560 -32 ) 
4 86 90 (-512 2560 -320 ) (-416 2560 -320 ) (-416 2560 -32 ) (-512 2560 -32 ) 
4 86 88 (-352 2560 -320 ) (-256 2560 -320 ) (-256 2560 -32 ) (-352 2560 -32 ) 
4 86 87 (-256 2560 -320 ) (0 2560 -320 ) (0 2560 -32 ) (-256 2560 -32 ) 
4 86 89 (-416 2560 -320 ) (-352 2560 -320 ) (-352 2560 -32 ) (-416 2560 -32 ) 
4 87 114 (0 2048 -320 ) (0 2048 -32 ) (-256 2048 -32 ) (-256 2048 -320 ) 
4 87 92 (0 2048 -320 ) (-256 2048 -320 ) (-256 2560 -320 ) (0 2560 -320 ) 
4 87 88 (-256 2560 -32 ) (-256 2560 -320 ) (-256 2048 -320 ) (-256 2048 -32 ) 
4 88 115 (-256 2048 -32 ) (-352 2048 -32 ) (-352 2048 -320 ) (-256 2048 -320 ) 
4 88 92 (-256 2048 -320 ) (-352 2048 -320 ) (-352 2560 -320 ) (-256 2560 -320 ) 
4 88 89 (-352 2560 -32 ) (-352 2560 -320 ) (-352 2048 -320 ) (-352 2048 -32 ) 
4 89 116 (-352 2048 -32 ) (-416 2048 -32 ) (-416 2048 -320 ) (-352 2048 -320 ) 
4 89 92 (-352 2048 -320 ) (-416 2048 -320 ) (-416 2560 -320 ) (-352 2560 -320 ) 
4 89 90 (-416 2560 -32 ) (-416 2560 -320 ) (-416 2048 -320 ) (-416 2048 -32 ) 
4 90 117 (-416 2048 -32 ) (-512 2048 -32 ) (-512 2048 -320 ) (-416 2048 -320 ) 
4 90 92 (-416 2048 -320 ) (-512 2048 -320 ) (-512 2560 -320 ) (-416 2560 -320 ) 
4 90 91 (-512 2560 -32 ) (-512 2560 -320 ) (-512 2048 -320 ) (-512 2048 -32 ) 
4 91 118 (-512 2048 -32 ) (-1024 2048 -32 ) (-1024 2048 -320 ) (-512 2048 -320 ) 
4 91 95 (-1024 2560 -320 ) (-1024 2048 -320 ) (-1024 2048 -32 ) (-1024 2560 -32 ) 
4 91 92 (-512 2048 -320 ) (-1024 2048 -320 ) (-1024 2560 -320 ) (-512 2560 -320 ) 
4 92 119 (0 2048 -576 ) (0 2048 -320 ) (-1024 2048 -320 ) (-1024 2048 -576 ) 
4 92 96 (-1024 3072 -320 ) (-1024 3072 -576 ) (-1024 2048 -576 ) (-1024 2048 -320 ) 
4 93 135 (-2048 2048 -32 ) (-2048 2048 1024 ) (-2048 3072 1024 ) (-2048 3072 -32 ) 
4 93 120 (-2048 2048 1024 ) (-2048 2048 -32 ) (-1024 2048 -32 ) (-1024 2048 1024 ) 
4 93 95 (-1024 2048 -32 ) (-2048 2048 -32 ) (-2048 2560 -32 ) (-1024 2560 -32 ) 
4 93 94 (-2048 2560 -32 ) (-2048 3072 -32 ) (-1024 3072 -32 ) (-1024 2560 -32 ) 
4 94 136 (-2048 2560 -32 ) (-2048 3072 -32 ) (-2048 3072 -320 ) (-2048 2560 -320 ) 
4 94 96 (-2048 2560 -320 ) (-2048 3072 -320 ) (-1024 3072 -320 ) (-1024 2560 -320 ) 
4 94 95 (-2048 2560 -320 ) (-1024 2560 -320 ) (-1024 2560 -32 ) (-2048 2560 -32 ) 
4 95 137 (-2048 2048 -320 ) (-2048 2048 -32 ) (-2048 2560 -32 ) (-2048 2560 -320 ) 
4 95 121 (-2048 2048 -32 ) (-2048 2048 -320 ) (-1024 2048 -320 ) (-1024 2048 -32 ) 
4 95 96 (-2048 2048 -320 ) (-2048 2560 -320 ) (-1024 2560 -320 ) (-1024 2048 -320 ) 
4 96 139 (-2048 2048 -576 ) (-2048 2048 -320 ) (-2048 3072 -320 ) (-2048 3072 -576 ) 
4 96 122 (-2048 2048 -320 ) (-2048 2048 -576 ) (-1024 2048 -576 ) (-1024 2048 -320 ) 
4 97 108 (0 2048 1024 ) (0 2048 256 ) (0 1024 256 ) (0 1024 1024 ) 
4 97 105 (1024 1024 256 ) (1024 1024 1024 ) (0 1024 1024 ) (0 1024 256 ) 
4 97 100 (0 1280 256 ) (0 1600 256 ) (160 1600 256 ) (160 1280 256 ) 
4 97 99 (0 1600 256 ) (0 2048 256 ) (160 2048 256 ) (160 1600 256 ) 
4 97 102 (0 1024 256 ) (0 1280 256 ) (160 1280 256 ) (160 1024 256 ) 
4 97 98 (160 2048 256 ) (1024 2048 256 ) (1024 1024 256 ) (160 1024 256 ) 
4 98 105 (1024 1024 -32 ) (1024 1024 256 ) (160 1024 256 ) (160 1024 -32 ) 
4 98 101 (160 1600 -32 ) (160 1280 -32 ) (160 1280 96 ) (160 1600 96 ) 
4 98 100 (160 1280 96 ) (160 1280 256 ) (160 1600 256 ) (160 1600 96 ) 
4 98 99 (160 2048 -32 ) (160 1600 -32 ) (160 1600 256 ) (160 2048 256 ) 
4 98 102 (160 1280 -32 ) (160 1024 -32 ) (160 1024 256 ) (160 1280 256 ) 
4 98 103 (160 2048 -32 ) (1024 2048 -32 ) (1024 1024 -32 ) (160 1024 -32 ) 
4 99 109 (0 2048 256 ) (0 2048 -32 ) (0 1600 -32 ) (0 1600 256 ) 
4 99 101 (0 1600 -32 ) (160 1600 -32 ) (160 1600 96 ) (0 1600 96 ) 
4 99 100 (160 1600 96 ) (160 1600 256 ) (0 1600 256 ) (0 1600 96 ) 
4 99 103 (0 1600 -32 ) (0 2048 -32 ) (160 2048 -32 ) (160 1600 -32 ) 
4 100 110 (0 1280 96 ) (0 1280 256 ) (0 1600 256 ) (0 1600 96 ) 
4 100 102 (160 1280 96 ) (160 1280 256 ) (0 1280 256 ) (0 1280 96 ) 
4 100 101 (160 1280 96 ) (0 1280 96 ) (0 1600 96 ) (160 1600 96 ) 
4 101 111 (0 1600 -32 ) (0 1280 -32 ) (0 1280 96 ) (0 1600 96 ) 
4 101 103 (0 1280 -32 ) (0 1600 -32 ) (160 1600 -32 ) (160 1280 -32 ) 
4 101 102 (0 1280 -32 ) (160 1280 -32 ) (160 1280 96 ) (0 1280 96 ) 
4 102 112 (0 1280 -32 ) (0 1024 -32 ) (0 1024 256 ) (0 1280 256 ) 
4 102 105 (160 1024 256 ) (0 1024 256 ) (0 1024 -32 ) (160 1024 -32 ) 
4 102 103 (0 1024 -32 ) (0 1280 -32 ) (160 1280 -32 ) (160 1024 -32 ) 
4 103 114 (0 2048 -32 ) (0 2048 -320 ) (0 1024 -320 ) (0 1024 -32 ) 
4 103 106 (1024 1024 -320 ) (1024 1024 -32 ) (0 1024 -32 ) (0 1024 -320 ) 
4 103 104 (1024 1024 -320 ) (0 1024 -320 ) (0 2048 -320 ) (1024 2048 -320 ) 
4 104 119 (0 2048 -320 ) (0 2048 -576 ) (0 1024 -576 ) (0 1024 -320 ) 
4 104 107 (1024 1024 -576 ) (1024 1024 -320 ) (0 1024 -320 ) (0 1024 -576 ) 
4 105 151 (1024 0 -32 ) (1024 0 1024 ) (0 0 1024 ) (0 0 -32 ) 
4 105 123 (0 0 -32 ) (0 0 1024 ) (0 1024 1024 ) (0 1024 -32 ) 
4 105 106 (1024 1024 -32 ) (1024 0 -32 ) (0 0 -32 ) (0 1024 -32 ) 
4 106 152 (1024 0 -320 ) (1024 0 -32 ) (0 0 -32 ) (0 0 -320 ) 
4 106 124 (0 0 -320 ) (0 0 -32 ) (0 1024 -32 ) (0 1024 -320 ) 
4 106 107 (1024 0 -320 ) (0 0 -320 ) (0 1024 -320 ) (1024 1024 -320 ) 
4 107 153 (1024 0 -576 ) (1024 0 -320 ) (0 0 -320 ) (0 0 -576 ) 
4 107 129 (0 0 -576 ) (0 0 -320 ) (0 1024 -320 ) (0 1024 -576 ) 
4 108 123 (0 1024 256 ) (0 1024 1024 ) (-1024 1024 1024 ) (-1024 1024 256 ) 
4 108 120 (-1024 2048 1024 ) (-1024 2048 256 ) (-1024 1024 256 ) (-1024 1024 1024 ) 
4 108 110 (-224 1280 256 ) (-224 1600 256 ) (0 1600 256 ) (0 1280 256 ) 
4 108 109 (-224 1600 256 ) (-224 2048 256 ) (0 2048 256 ) (0 1600 256 ) 
4 108 112 (0 1024 256 ) (-224 1024 256 ) (-224 1280 256 ) (0 1280 256 ) 
4 108 113 (-224 1024 256 ) (-1024 1024 256 ) (-1024 2048 256 ) (-224 2048 256 ) 
4 109 114 (-224 1600 -32 ) (-224 2048 -32 ) (0 2048 -32 ) (0 1600 -32 ) 
4 109 111 (-224 1600 96 ) (-224 1600 -32 ) (0 1600 -32 ) (0 1600 96 ) 
4 109 110 (-224 1600 256 ) (-224 1600 96 ) (0 1600 96 ) (0 1600 256 ) 
4 109 113 (-224 2048 -32 ) (-224 1600 -32 ) (-224 1600 256 ) (-224 2048 256 ) 
4 110 113 (-224 1280 96 ) (-224 1280 256 ) (-224 1600 256 ) (-224 1600 96 ) 
4 110 112 (-224 1280 256 ) (-224 1280 96 ) (0 1280 96 ) (0 1280 256 ) 
4 110 111 (0 1280 96 ) (-224 1280 96 ) (-224 1600 96 ) (0 1600 96 ) 
4 111 114 (-224 1280 -32 ) (-224 1600 -32 ) (0 1600 -32 ) (0 1280 -32 ) 
4 111 113 (-224 1600 -32 ) (-224 1280 -32 ) (-224 1280 96 ) (-224 1600 96 ) 
4 111 112 (-224 1280 96 ) (-224 1280 -32 ) (0 1280 -32 ) (0 1280 96 ) 
4 112 123 (0 1024 -32 ) (0 1024 256 ) (-224 1024 256 ) (-224 1024 -32 ) 
4 112 114 (0 1024 -32 ) (-224 1024 -32 ) (-224 1280 -32 ) (0 1280 -32 ) 
4 112 113 (-224 1280 -32 ) (-224 1024 -32 ) (-224 1024 256 ) (-224 1280 256 ) 
4 113 123 (-224 1024 256 ) (-1024 1024 256 ) (-1024 1024 -32 ) (-224 1024 -32 ) 
4 113 120 (-1024 2048 256 ) (-1024 2048 -32 ) (-1024 1024 -32 ) (-1024 1024 256 ) 
4 113 118 (-512 1024 -32 ) (-1024 1024 -32 ) (-1024 2048 -32 ) (-512 2048 -32 ) 
4 113 117 (-416 1024 -32 ) (-512 1024 -32 ) (-512 2048 -32 ) (-416 2048 -32 ) 
4 113 115 (-256 1024 -32 ) (-352 1024 -32 ) (-352 2048 -32 ) (-256 2048 -32 ) 
4 113 114 (-224 1024 -32 ) (-256 1024 -32 ) (-256 2048 -32 ) (-224 2048 -32 ) 
4 113 116 (-352 1024 -32 ) (-416 1024 -32 ) (-416 2048 -32 ) (-352 2048 -32 ) 
4 114 124 (0 1024 -320 ) (0 1024 -32 ) (-256 1024 -32 ) (-256 1024 -320 ) 
4 114 119 (-256 2048 -320 ) (0 2048 -320 ) (0 1024 -320 ) (-256 1024 -320 ) 
4 114 115 (-256 2048 -320 ) (-256 1024 -320 ) (-256 1024 -32 ) (-256 2048 -32 ) 
4 115 125 (-256 1024 -32 ) (-352 1024 -32 ) (-352 1024 -320 ) (-256 1024 -320 ) 
4 115 119 (-352 2048 -320 ) (-256 2048 -320 ) (-256 1024 -320 ) (-352 1024 -320 ) 
4 115 116 (-352 2048 -320 ) (-352 1024 -320 ) (-352 1024 -32 ) (-352 2048 -32 ) 
4 116 126 (-352 1024 -32 ) (-416 1024 -32 ) (-416 1024 -320 ) (-352 1024 -320 ) 
4 116 119 (-416 2048 -320 ) (-352 2048 -320 ) (-352 1024 -320 ) (-416 1024 -320 ) 
4 116 117 (-416 2048 -320 ) (-416 1024 -320 ) (-416 1024 -32 ) (-416 2048 -32 ) 
4 117 127 (-416 1024 -32 ) (-512 1024 -32 ) (-512 1024 -320 ) (-416 1024 -320 ) 
4 117 119 (-512 2048 -320 ) (-416 2048 -320 ) (-416 1024 -320 ) (-512 1024 -320 ) 
4 117 118 (-512 2048 -320 ) (-512 1024 -320 ) (-512 1024 -32 ) (-512 2048 -32 ) 
4 118 128 (-512 1024 -32 ) (-1024 1024 -32 ) (-1024 1024 -320 ) (-512 1024 -320 ) 
4 118 121 (-1024 2048 -32 ) (-1024 2048 -320 ) (-1024 1024 -320 ) (-1024 1024 -32 ) 
4 118 119 (-1024 1024 -320 ) (-1024 2048 -320 ) (-512 2048 -320 ) (-512 1024 -320 ) 
4 119 129 (0 1024 -576 ) (0 1024 -320 ) (-1024 1024 -320 ) (-1024 1024 -576 ) 
4 119 122 (-1024 2048 -320 ) (-1024 2048 -576 ) (-1024 1024 -576 ) (-1024 1024 -320 ) 
4 120 141 (-2048 1024 -32 ) (-2048 1024 1024 ) (-2048 2048 1024 ) (-2048 2048 -32 ) 
4 120 130 (-2048 1024 1024 ) (-2048 1024 -32 ) (-1024 1024 -32 ) (-1024 1024 1024 ) 
4 120 121 (-1024 1024 -32 ) (-2048 1024 -32 ) (-2048 2048 -32 ) (-1024 2048 -32 ) 
4 121 142 (-2048 1024 -320 ) (-2048 1024 -32 ) (-2048 2048 -32 ) (-2048 2048 -320 ) 
4 121 131 (-2048 1024 -32 ) (-2048 1024 -320 ) (-1024 1024 -320 ) (-1024 1024 -32 ) 
4 121 122 (-1024 2048 -320 ) (-1024 1024 -320 ) (-2048 1024 -320 ) (-2048 2048 -320 ) 
4 122 144 (-2048 1024 -576 ) (-2048 1024 -320 ) (-2048 2048 -320 ) (-2048 2048 -576 ) 
4 122 132 (-2048 1024 -320 ) (-2048 1024 -576 ) (-1024 1024 -576 ) (-1024 1024 -320 ) 
4 123 164 (-416 0 80 ) (-512 0 80 ) (-512 0 -32 ) (-416 0 -32 ) 
4 123 165 (-512 0 80 ) (-1024 0 80 ) (-1024 0 -32 ) (-512 0 -32 ) 
4 123 162 (-352 0 80 ) (-416 0 80 ) (-416 0 -32 ) (-352 0 -32 ) 
4 123 161 (-256 0 80 ) (-352 0 80 ) (-352 0 -32 ) (-256 0 -32 ) 
4 123 160 (0 0 -32 ) (0 0 80 ) (-256 0 80 ) (-256 0 -32 ) 
4 123 156 (-344 0 112 ) (-424 0 112 ) (-424 0 80 ) (-344 0 80 ) 
4 123 159 (-424 0 112 ) (-1024 0 112 ) (-1024 0 80 ) (-424 0 80 ) 
4 123 155 (0 0 80 ) (0 0 112 ) (-344 0 112 ) (-344 0 80 ) 
4 123 154 (0 0 112 ) (0 0 1024 ) (-1024 0 1024 ) (-1024 0 112 ) 
4 123 130 (-1024 1024 1024 ) (-1024 1024 -32 ) (-1024 0 -32 ) (-1024 0 1024 ) 
4 123 128 (-512 0 -32 ) (-1024 0 -32 ) (-1024 1024 -32 ) (-512 1024 -32 ) 
4 123 127 (-416 0 -32 ) (-512 0 -32 ) (-512 1024 -32 ) (-416 1024 -32 ) 
4 123 125 (-256 0 -32 ) (-352 0 -32 ) (-352 1024 -32 ) (-256 1024 -32 ) 
4 123 124 (0 0 -32 ) (-256 0 -32 ) (-256 1024 -32 ) (0 1024 -32 ) 
4 123 126 (-352 0 -32 ) (-416 0 -32 ) (-416 1024 -32 ) (-352 1024 -32 ) 
4 124 166 (0 0 -320 ) (0 0 -32 ) (-256 0 -32 ) (-256 0 -320 ) 
4 124 129 (-256 1024 -320 ) (0 1024 -320 ) (0 0 -320 ) (-256 0 -320 ) 
4 124 125 (-256 1024 -320 ) (-256 0 -320 ) (-256 0 -32 ) (-256 1024 -32 ) 
4 125 167 (-256 0 -32 ) (-352 0 -32 ) (-352 0 -320 ) (-256 0 -320 ) 
4 125 129 (-352 1024 -320 ) (-256 1024 -320 ) (-256 0 -320 ) (-352 0 -320 ) 
4 125 126 (-352 1024 -320 ) (-352 0 -320 ) (-352 0 -32 ) (-352 1024 -32 ) 
4 126 168 (-352 0 -32 ) (-416 0 -32 ) (-416 0 -320 ) (-352 0 -320 ) 
4 126 129 (-416 1024 -320 ) (-352 1024 -320 ) (-352 0 -320 ) (-416 0 -320 ) 
4 126 127 (-416 1024 -320 ) (-416 0 -320 ) (-416 0 -32 ) (-416 1024 -32 ) 
4 127 169 (-416 0 -32 ) (-512 0 -32 ) (-512 0 -320 ) (-416 0 -320 ) 
4 127 129 (-512 1024 -320 ) (-416 1024 -320 ) (-416 0 -320 ) (-512 0 -320 ) 
4 127 128 (-512 1024 -320 ) (-512 0 -320 ) (-512 0 -32 ) (-512 1024 -32 ) 
4 128 170 (-512 0 -32 ) (-1024 0 -32 ) (-1024 0 -320 ) (-512 0 -320 ) 
4 128 131 (-1024 1024 -32 ) (-1024 1024 -320 ) (-1024 0 -320 ) (-1024 0 -32 ) 
4 128 129 (-1024 1024 -320 ) (-512 1024 -320 ) (-512 0 -320 ) (-1024 0 -320 ) 
4 129 181 (-352 0 -560 ) (-416 0 -560 ) (-416 0 -576 ) (-352 0 -576 ) 
4 129 180 (0 0 -576 ) (0 0 -560 ) (-352 0 -560 ) (-352 0 -576 ) 
4 129 183 (-416 0 -560 ) (-1024 0 -560 ) (-1024 0 -576 ) (-416 0 -576 ) 
4 129 178 (-416 0 -320 ) (-512 0 -320 ) (-512 0 -560 ) (-416 0 -560 ) 
4 129 179 (-512 0 -320 ) (-1024 0 -320 ) (-1024 0 -560 ) (-512 0 -560 ) 
4 129 176 (-352 0 -320 ) (-416 0 -320 ) (-416 0 -560 ) (-352 0 -560 ) 
4 129 175 (-256 0 -320 ) (-352 0 -320 ) (-352 0 -560 ) (-256 0 -560 ) 
4 129 174 (0 0 -560 ) (0 0 -320 ) (-256 0 -320 ) (-256 0 -560 ) 
4 129 132 (-1024 1024 -320 ) (-1024 1024 -576 ) (-1024 0 -576 ) (-1024 0 -320 ) 
4 130 184 (-1024 0 -32 ) (-1024 0 1024 ) (-2048 0 1024 ) (-2048 0 -32 ) 
4 130 146 (-2048 0 -32 ) (-2048 0 1024 ) (-2048 1024 1024 ) (-2048 1024 -32 ) 
4 130 131 (-1024 0 -32 ) (-2048 0 -32 ) (-2048 1024 -32 ) (-1024 1024 -32 ) 
4 131 185 (-1024 0 -320 ) (-1024 0 -32 ) (-2048 0 -32 ) (-2048 0 -320 ) 
4 131 147 (-2048 0 -320 ) (-2048 0 -32 ) (-2048 1024 -32 ) (-2048 1024 -320 ) 
4 131 132 (-2048 0 -320 ) (-2048 1024 -320 ) (-1024 1024 -320 ) (-1024 0 -320 ) 
4 132 186 (-1024 0 -576 ) (-1024 0 -320 ) (-2048 0 -320 ) (-2048 0 -576 ) 
4 132 149 (-2048 0 -576 ) (-2048 0 -320 ) (-2048 1024 -320 ) (-2048 1024 -576 ) 
4 133 139 (-2048 3072 -576 ) (-2048 3072 -320 ) (-3072 3072 -320 ) (-3072 3072 -576 ) 
4 133 136 (-2048 3072 -320 ) (-2048 3072 -32 ) (-2560 3072 -32 ) (-2560 3072 -320 ) 
4 133 138 (-2560 3072 -32 ) (-3072 3072 -32 ) (-3072 3072 -320 ) (-2560 3072 -320 ) 
4 133 135 (-2048 3072 -32 ) (-2048 3072 1024 ) (-3072 3072 1024 ) (-3072 3072 -32 ) 
4 133 134 (-3072 3072 -576 ) (-3072 3072 1024 ) (-3072 4096 1024 ) (-3072 4096 -576 ) 
4 134 140 (-3072 3072 -576 ) (-3072 3072 1024 ) (-4096 3072 1024 ) (-4096 3072 -576 ) 
4 135 141 (-2048 2048 -32 ) (-2048 2048 1024 ) (-3072 2048 1024 ) (-3072 2048 -32 ) 
4 135 140 (-3072 3072 1024 ) (-3072 3072 -32 ) (-3072 2048 -32 ) (-3072 2048 1024 ) 
4 135 137 (-2048 2560 -32 ) (-2048 2048 -32 ) (-2560 2048 -32 ) (-2560 2560 -32 ) 
4 135 136 (-2560 3072 -32 ) (-2048 3072 -32 ) (-2048 2560 -32 ) (-2560 2560 -32 ) 
4 135 138 (-3072 2048 -32 ) (-3072 3072 -32 ) (-2560 3072 -32 ) (-2560 2048 -32 ) 
4 136 139 (-2560 2560 -320 ) (-2560 3072 -320 ) (-2048 3072 -320 ) (-2048 2560 -320 ) 
4 136 138 (-2560 3072 -320 ) (-2560 2560 -320 ) (-2560 2560 -32 ) (-2560 3072 -32 ) 
4 136 137 (-2560 2560 -32 ) (-2560 2560 -320 ) (-2048 2560 -320 ) (-2048 2560 -32 ) 
4 137 142 (-2048 2048 -320 ) (-2048 2048 -32 ) (-2560 2048 -32 ) (-2560 2048 -320 ) 
4 137 139 (-2048 2048 -320 ) (-2560 2048 -320 ) (-2560 2560 -320 ) (-2048 2560 -320 ) 
4 137 138 (-2560 2560 -320 ) (-2560 2048 -320 ) (-2560 2048 -32 ) (-2560 2560 -32 ) 
4 138 143 (-2560 2048 -32 ) (-3072 2048 -32 ) (-3072 2048 -320 ) (-2560 2048 -320 ) 
4 138 140 (-3072 3072 -32 ) (-3072 3072 -320 ) (-3072 2048 -320 ) (-3072 2048 -32 ) 
4 138 139 (-2560 2048 -320 ) (-3072 2048 -320 ) (-3072 3072 -320 ) (-2560 3072 -320 ) 
4 139 144 (-2048 2048 -576 ) (-2048 2048 -320 ) (-3072 2048 -320 ) (-3072 2048 -576 ) 
4 139 140 (-3072 3072 -320 ) (-3072 3072 -576 ) (-3072 2048 -576 ) (-3072 2048 -320 ) 
4 140 145 (-3072 2048 -576 ) (-3072 2048 1024 ) (-4096 2048 1024 ) (-4096 2048 -576 ) 
4 141 146 (-2048 1024 -32 ) (-2048 1024 1024 ) (-3072 1024 1024 ) (-3072 1024 -32 ) 
4 141 145 (-3072 1024 -32 ) (-3072 1024 1024 ) (-3072 2048 1024 ) (-3072 2048 -32 ) 
4 141 143 (-3072 1024 -32 ) (-3072 2048 -32 ) (-2560 2048 -32 ) (-2560 1024 -32 ) 
4 141 142 (-2560 2048 -32 ) (-2048 2048 -32 ) (-2048 1024 -32 ) (-2560 1024 -32 ) 
4 142 147 (-2048 1024 -320 ) (-2048 1024 -32 ) (-2560 1024 -32 ) (-2560 1024 -320 ) 
4 142 144 (-2048 1024 -320 ) (-2560 1024 -320 ) (-2560 2048 -320 ) (-2048 2048 -320 ) 
4 142 143 (-2560 2048 -320 ) (-2560 1024 -320 ) (-2560 1024 -32 ) (-2560 2048 -32 ) 
4 143 148 (-2560 1024 -32 ) (-3072 1024 -32 ) (-3072 1024 -320 ) (-2560 1024 -320 ) 
4 143 145 (-3072 1024 -320 ) (-3072 1024 -32 ) (-3072 2048 -32 ) (-3072 2048 -320 ) 
4 143 144 (-2560 1024 -320 ) (-3072 1024 -320 ) (-3072 2048 -320 ) (-2560 2048 -320 ) 
4 144 149 (-2048 1024 -576 ) (-2048 1024 -320 ) (-3072 1024 -320 ) (-3072 1024 -576 ) 
4 144 145 (-3072 1024 -576 ) (-3072 1024 -320 ) (-3072 2048 -320 ) (-3072 2048 -576 ) 
4 145 150 (-4096 1024 1024 ) (-4096 1024 -576 ) (-3072 1024 -576 ) (-3072 1024 1024 ) 
4 146 219 (-2048 0 -32 ) (-2048 0 1024 ) (-3072 0 1024 ) (-3072 0 -32 ) 
4 146 150 (-3072 1024 1024 ) (-3072 1024 -32 ) (-3072 0 -32 ) (-3072 0 1024 ) 
4 146 148 (-3072 0 -32 ) (-3072 1024 -32 ) (-2560 1024 -32 ) (-2560 0 -32 ) 
4 146 147 (-2560 1024 -32 ) (-2048 1024 -32 ) (-2048 0 -32 ) (-2560 0 -32 ) 
4 147 220 (-2048 0 -320 ) (-2048 0 -32 ) (-2560 0 -32 ) (-2560 0 -320 ) 
4 147 149 (-2048 0 -320 ) (-2560 0 -320 ) (-2560 1024 -320 ) (-2048 1024 -320 ) 
4 147 148 (-2560 1024 -320 ) (-2560 0 -320 ) (-2560 0 -32 ) (-2560 1024 -32 ) 
4 148 221 (-2560 0 -32 ) (-3072 0 -32 ) (-3072 0 -320 ) (-2560 0 -320 ) 
4 148 150 (-3072 1024 -32 ) (-3072 1024 -320 ) (-3072 0 -320 ) (-3072 0 -32 ) 
4 148 149 (-2560 0 -320 ) (-3072 0 -320 ) (-3072 1024 -320 ) (-2560 1024 -320 ) 
4 149 222 (-2048 0 -576 ) (-2048 0 -320 ) (-3072 0 -320 ) (-3072 0 -576 ) 
4 149 150 (-3072 1024 -320 ) (-3072 1024 -576 ) (-3072 0 -576 ) (-3072 0 -320 ) 
4 150 223 (-3072 0 -576 ) (-3072 0 1024 ) (-4096 0 1024 ) (-4096 0 -576 ) 
4 151 187 (1024 -1024 -32 ) (1024 -1024 1024 ) (0 -1024 1024 ) (0 -1024 -32 ) 
4 151 160 (0 -1024 -32 ) (0 -1024 80 ) (0 0 80 ) (0 0 -32 ) 
4 151 155 (0 -1024 80 ) (0 -1024 112 ) (0 0 112 ) (0 0 80 ) 
4 151 154 (0 -1024 112 ) (0 -1024 1024 ) (0 0 1024 ) (0 0 112 ) 
4 151 152 (0 -1024 -32 ) (0 0 -32 ) (1024 0 -32 ) (1024 -1024 -32 ) 
4 152 188 (1024 -1024 -320 ) (1024 -1024 -32 ) (0 -1024 -32 ) (0 -1024 -320 ) 
4 152 171 (0 -1024 -320 ) (0 -1024 -32 ) (0 -768 -32 ) (0 -768 -320 ) 
4 152 166 (0 -768 -32 ) (0 0 -32 ) (0 0 -320 ) (0 -768 -320 ) 
4 152 153 (1024 -1024 -320 ) (0 -1024 -320 ) (0 0 -320 ) (1024 0 -320 ) 
4 153 189 (1024 -1024 -576 ) (1024 -1024 -320 ) (0 -1024 -320 ) (0 -1024 -576 ) 
4 153 180 (0 -1024 -576 ) (0 -1024 -560 ) (0 0 -560 ) (0 0 -576 ) 
4 153 174 (0 -1024 -560 ) (0 -1024 -320 ) (0 0 -320 ) (0 0 -560 ) 
4 154 194 (0 -1024 112 ) (0 -1024 1024 ) (-1024 -1024 1024 ) (-1024 -1024 112 ) 
4 154 184 (-1024 0 1024 ) (-1024 0 112 ) (-1024 -1024 112 ) (-1024 -1024 1024 ) 
8 154 157 (-354 -896 112 ) (-362.786316 -917.212769 112 ) (-384 -926 112 ) (-405.213928 -917.213196 112 ) (-414 -896 112 ) (-405.213287 -874.787109 112 ) (-384 -866 112 ) (-362.787476 -874.785767 112 ) 
4 154 156 (-424 0 112 ) (-344 0 112 ) (-344 -856 112 ) (-424 -856 112 ) 
4 154 158 (-344 -936 112 ) (-344 -1024 112 ) (-424 -1024 112 ) (-424 -936 112 ) 
4 154 159 (-1024 -1024 112 ) (-1024 0 112 ) (-424 0 112 ) (-424 -1024 112 ) 
4 154 155 (-344 0 112 ) (0 0 112 ) (0 -1024 112 ) (-344 -1024 112 ) 
4 155 194 (0 -1024 80 ) (0 -1024 112 ) (-344 -1024 112 ) (-344 -1024 80 ) 
4 155 161 (-344 -768 80 ) (-344 0 80 ) (-256 0 80 ) (-256 -768 80 ) 
4 155 160 (0 -1024 80 ) (-256 -1024 80 ) (-256 0 80 ) (0 0 80 ) 
4 155 156 (-344 0 80 ) (-344 -856 80 ) (-344 -856 112 ) (-344 0 112 ) 
4 155 158 (-344 -936 80 ) (-344 -1024 80 ) (-344 -1024 112 ) (-344 -936 112 ) 
4 156 164 (-424 -768 80 ) (-424 0 80 ) (-416 0 80 ) (-416 -768 80 ) 
4 156 162 (-416 0 80 ) (-352 0 80 ) (-352 -768 80 ) (-416 -768 80 ) 
4 156 161 (-352 0 80 ) (-344 0 80 ) (-344 -768 80 ) (-352 -768 80 ) 
4 156 159 (-424 0 80 ) (-424 -856 80 ) (-424 -856 112 ) (-424 0 112 ) 
8 157 163 (-414 -896 80 ) (-405.213287 -874.787170 80 ) (-384 -866 80 ) (-362.787659 -874.785278 80 ) (-354 -896 80 ) (-362.786316 -917.212769 80 ) (-384 -926 80 ) (-405.212738 -917.213684 80 ) 
4 158 194 (-344 -1024 112 ) (-424 -1024 112 ) (-424 -1024 80 ) (-344 -1024 80 ) 
4 158 159 (-424 -936 80 ) (-424 -1024 80 ) (-424 -1024 112 ) (-424 -936 112 ) 
4 159 194 (-424 -1024 112 ) (-1024 -1024 112 ) (-1024 -1024 80 ) (-424 -1024 80 ) 
4 159 184 (-1024 0 112 ) (-1024 0 80 ) (-1024 -1024 80 ) (-1024 -1024 112 ) 
4 159 164 (-512 -768 80 ) (-512 0 80 ) (-424 0 80 ) (-424 -768 80 ) 
4 159 165 (-512 -1024 80 ) (-1024 -1024 80 ) (-1024 0 80 ) (-512 0 80 ) 
4 160 194 (0 -1024 -32 ) (0 -1024 80 ) (-256 -1024 80 ) (-256 -1024 -32 ) 
4 160 171 (0 -768 -32 ) (0 -1024 -32 ) (-256 -1024 -32 ) (-256 -768 -32 ) 
4 160 166 (-256 0 -32 ) (0 0 -32 ) (0 -768 -32 ) (-256 -768 -32 ) 
4 160 161 (-256 0 -32 ) (-256 -768 -32 ) (-256 -768 80 ) (-256 0 80 ) 
4 161 167 (-352 0 -32 ) (-256 0 -32 ) (-256 -768 -32 ) (-352 -768 -32 ) 
4 161 162 (-352 0 -32 ) (-352 -768 -32 ) (-352 -768 80 ) (-352 0 80 ) 
4 162 168 (-416 0 -32 ) (-352 0 -32 ) (-352 -768 -32 ) (-416 -768 -32 ) 
4 162 164 (-416 0 -32 ) (-416 -768 -32 ) (-416 -768 80 ) (-416 0 80 ) 
4 163 172 (-352 -864 -32 ) (-352 -928 -32 ) (-416 -928 -32 ) (-416 -864 -32 ) 
4 164 169 (-512 0 -32 ) (-416 0 -32 ) (-416 -768 -32 ) (-512 -768 -32 ) 
4 164 165 (-512 0 -32 ) (-512 -768 -32 ) (-512 -768 80 ) (-512 0 80 ) 
4 165 194 (-512 -1024 80 ) (-1024 -1024 80 ) (-1024 -1024 -32 ) (-512 -1024 -32 ) 
4 165 184 (-1024 0 80 ) (-1024 0 -32 ) (-1024 -1024 -32 ) (-1024 -1024 80 ) 
4 165 173 (-1024 -1024 -32 ) (-1024 -768 -32 ) (-512 -768 -32 ) (-512 -1024 -32 ) 
4 165 170 (-1024 -768 -32 ) (-1024 0 -32 ) (-512 0 -32 ) (-512 -768 -32 ) 
4 166 174 (-256 0 -320 ) (0 0 -320 ) (0 -768 -320 ) (-256 -768 -320 ) 
4 166 171 (-256 -768 -320 ) (0 -768 -320 ) (0 -768 -32 ) (-256 -768 -32 ) 
4 166 167 (-256 0 -320 ) (-256 -768 -320 ) (-256 -768 -32 ) (-256 0 -32 ) 
4 167 175 (-352 0 -320 ) (-256 0 -320 ) (-256 -768 -320 ) (-352 -768 -320 ) 
4 167 168 (-352 0 -320 ) (-352 -768 -320 ) (-352 -768 -32 ) (-352 0 -32 ) 
4 168 176 (-416 0 -320 ) (-352 0 -320 ) (-352 -768 -320 ) (-416 -768 -320 ) 
4 168 169 (-416 0 -320 ) (-416 -768 -320 ) (-416 -768 -32 ) (-416 0 -32 ) 
4 169 178 (-512 0 -320 ) (-416 0 -320 ) (-416 -768 -320 ) (-512 -768 -320 ) 
4 169 170 (-512 0 -320 ) (-512 -768 -320 ) (-512 -768 -32 ) (-512 0 -32 ) 
4 170 185 (-1024 0 -32 ) (-1024 0 -320 ) (-1024 -768 -320 ) (-1024 -768 -32 ) 
4 170 179 (-1024 -768 -320 ) (-1024 0 -320 ) (-512 0 -320 ) (-512 -768 -320 ) 
4 170 173 (-1024 -768 -320 ) (-512 -768 -320 ) (-512 -768 -32 ) (-1024 -768 -32 ) 
4 171 195 (0 -1024 -320 ) (0 -1024 -32 ) (-256 -1024 -32 ) (-256 -1024 -320 ) 
4 171 174 (0 -1024 -320 ) (-256 -1024 -320 ) (-256 -768 -320 ) (0 -768 -320 ) 
4 172 177 (-416 -928 -320 ) (-416 -864 -320 ) (-352 -864 -320 ) (-352 -928 -320 ) 
4 173 199 (-512 -1024 -32 ) (-1024 -1024 -32 ) (-1024 -1024 -320 ) (-512 -1024 -320 ) 
4 173 185 (-1024 -768 -320 ) (-1024 -1024 -320 ) (-1024 -1024 -32 ) (-1024 -768 -32 ) 
4 173 179 (-512 -1024 -320 ) (-1024 -1024 -320 ) (-1024 -768 -320 ) (-512 -768 -320 ) 
4 174 200 (0 -1024 -560 ) (0 -1024 -320 ) (-256 -1024 -320 ) (-256 -1024 -560 ) 
4 174 180 (-256 0 -560 ) (0 0 -560 ) (0 -1024 -560 ) (-256 -1024 -560 ) 
4 174 175 (-256 0 -560 ) (-256 -768 -560 ) (-256 -768 -320 ) (-256 0 -320 ) 
4 175 180 (-352 0 -560 ) (-256 0 -560 ) (-256 -768 -560 ) (-352 -768 -560 ) 
4 175 176 (-352 0 -560 ) (-352 -768 -560 ) (-352 -768 -320 ) (-352 0 -320 ) 
4 176 181 (-416 0 -560 ) (-352 0 -560 ) (-352 -768 -560 ) (-416 -768 -560 ) 
4 176 178 (-416 0 -560 ) (-416 -768 -560 ) (-416 -768 -320 ) (-416 0 -320 ) 
4 178 183 (-512 0 -560 ) (-416 0 -560 ) (-416 -768 -560 ) (-512 -768 -560 ) 
4 178 179 (-512 0 -560 ) (-512 -768 -560 ) (-512 -768 -320 ) (-512 0 -320 ) 
4 179 200 (-512 -1024 -320 ) (-1024 -1024 -320 ) (-1024 -1024 -560 ) (-512 -1024 -560 ) 
4 179 186 (-1024 0 -320 ) (-1024 0 -560 ) (-1024 -1024 -560 ) (-1024 -1024 -320 ) 
4 179 183 (-1024 -1024 -560 ) (-1024 0 -560 ) (-512 0 -560 ) (-512 -1024 -560 ) 
4 180 200 (0 -1024 -576 ) (0 -1024 -560 ) (-352 -1024 -560 ) (-352 -1024 -576 ) 
4 180 181 (-352 0 -576 ) (-352 -864 -576 ) (-352 -864 -560 ) (-352 0 -560 ) 
4 180 182 (-352 -928 -576 ) (-352 -1024 -576 ) (-352 -1024 -560 ) (-352 -928 -560 ) 
4 181 183 (-416 0 -576 ) (-416 -864 -576 ) (-416 -864 -560 ) (-416 0 -560 ) 
4 182 200 (-352 -1024 -560 ) (-416 -1024 -560 ) (-416 -1024 -576 ) (-352 -1024 -576 ) 
4 182 183 (-416 -928 -576 ) (-416 -1024 -576 ) (-416 -1024 -560 ) (-416 -928 -560 ) 
4 183 200 (-416 -1024 -560 ) (-1024 -1024 -560 ) (-1024 -1024 -576 ) (-416 -1024 -576 ) 
4 183 186 (-1024 0 -560 ) (-1024 0 -576 ) (-1024 -1024 -576 ) (-1024 -1024 -560 ) 
4 184 219 (-2048 0 1024 ) (-2048 0 -32 ) (-2048 -1024 -32 ) (-2048 -1024 1024 ) 
4 184 201 (-2048 -1024 1024 ) (-2048 -1024 -32 ) (-1024 -1024 -32 ) (-1024 -1024 1024 ) 
4 184 185 (-1024 -1024 -32 ) (-2048 -1024 -32 ) (-2048 0 -32 ) (-1024 0 -32 ) 
4 185 220 (-2048 0 -32 ) (-2048 0 -320 ) (-2048 -1024 -320 ) (-2048 -1024 -32 ) 
4 185 202 (-2048 -1024 -32 ) (-2048 -1024 -320 ) (-1024 -1024 -320 ) (-1024 -1024 -32 ) 
4 185 186 (-2048 -1024 -320 ) (-2048 0 -320 ) (-1024 0 -320 ) (-1024 -1024 -320 ) 
4 186 222 (-2048 0 -320 ) (-2048 0 -576 ) (-2048 -1024 -576 ) (-2048 -1024 -320 ) 
4 186 203 (-2048 -1024 -320 ) (-2048 -1024 -576 ) (-1024 -1024 -576 ) (-1024 -1024 -320 ) 
4 187 194 (0 -1024 1024 ) (0 -1024 -32 ) (0 -2048 -32 ) (0 -2048 1024 ) 
4 187 190 (1024 -2048 -32 ) (1024 -2048 1024 ) (0 -2048 1024 ) (0 -2048 -32 ) 
4 187 188 (1024 -2048 -32 ) (0 -2048 -32 ) (0 -1024 -32 ) (1024 -1024 -32 ) 
4 188 195 (0 -1024 -32 ) (0 -1024 -320 ) (0 -2048 -320 ) (0 -2048 -32 ) 
4 188 191 (1024 -2048 -320 ) (1024 -2048 -32 ) (0 -2048 -32 ) (0 -2048 -320 ) 
4 188 189 (0 -2048 -320 ) (0 -1024 -320 ) (1024 -1024 -320 ) (1024 -2048 -320 ) 
4 189 200 (0 -1024 -320 ) (0 -1024 -576 ) (0 -2048 -576 ) (0 -2048 -320 ) 
4 189 193 (1024 -2048 -576 ) (1024 -2048 -320 ) (0 -2048 -320 ) (0 -2048 -576 ) 
4 190 216 (1024 -3072 -32 ) (1024 -3072 1024 ) (0 -3072 1024 ) (0 -3072 -32 ) 
4 190 204 (0 -3072 -32 ) (0 -3072 1024 ) (0 -2048 1024 ) (0 -2048 -32 ) 
4 190 192 (1024 -2560 -32 ) (1024 -3072 -32 ) (0 -3072 -32 ) (0 -2560 -32 ) 
4 190 191 (1024 -2048 -32 ) (1024 -2560 -32 ) (0 -2560 -32 ) (0 -2048 -32 ) 
4 191 205 (0 -2560 -32 ) (0 -2048 -32 ) (0 -2048 -320 ) (0 -2560 -320 ) 
4 191 193 (0 -2560 -320 ) (0 -2048 -320 ) (1024 -2048 -320 ) (1024 -2560 -320 ) 
4 191 192 (0 -2560 -320 ) (1024 -2560 -320 ) (1024 -2560 -32 ) (0 -2560 -32 ) 
4 192 216 (1024 -3072 -320 ) (1024 -3072 -32 ) (0 -3072 -32 ) (0 -3072 -320 ) 
4 192 210 (0 -3072 -320 ) (0 -3072 -32 ) (0 -2560 -32 ) (0 -2560 -320 ) 
4 192 193 (1024 -3072 -320 ) (0 -3072 -320 ) (0 -2560 -320 ) (1024 -2560 -320 ) 
4 193 216 (1024 -3072 -576 ) (1024 -3072 -320 ) (0 -3072 -320 ) (0 -3072 -576 ) 
4 193 211 (0 -3072 -576 ) (0 -3072 -320 ) (0 -2048 -320 ) (0 -2048 -576 ) 
4 194 204 (0 -2048 -32 ) (0 -2048 1024 ) (-1024 -2048 1024 ) (-1024 -2048 -32 ) 
4 194 201 (-1024 -1024 1024 ) (-1024 -1024 -32 ) (-1024 -2048 -32 ) (-1024 -2048 1024 ) 
4 194 199 (-1024 -2048 -32 ) (-1024 -1024 -32 ) (-512 -1024 -32 ) (-512 -2048 -32 ) 
4 194 198 (-512 -1024 -32 ) (-416 -1024 -32 ) (-416 -2048 -32 ) (-512 -2048 -32 ) 
4 194 196 (-352 -1024 -32 ) (-256 -1024 -32 ) (-256 -2048 -32 ) (-352 -2048 -32 ) 
4 194 195 (-256 -1024 -32 ) (0 -1024 -32 ) (0 -2048 -32 ) (-256 -2048 -32 ) 
4 194 197 (-416 -1024 -32 ) (-352 -1024 -32 ) (-352 -2048 -32 ) (-416 -2048 -32 ) 
4 195 205 (0 -2048 -320 ) (0 -2048 -32 ) (-256 -2048 -32 ) (-256 -2048 -320 ) 
4 195 200 (0 -2048 -320 ) (-256 -2048 -320 ) (-256 -1024 -320 ) (0 -1024 -320 ) 
4 195 196 (-256 -1024 -320 ) (-256 -2048 -320 ) (-256 -2048 -32 ) (-256 -1024 -32 ) 
4 196 206 (-256 -2048 -32 ) (-352 -2048 -32 ) (-352 -2048 -320 ) (-256 -2048 -320 ) 
4 196 200 (-256 -2048 -320 ) (-352 -2048 -320 ) (-352 -1024 -320 ) (-256 -1024 -320 ) 
4 196 197 (-352 -1024 -320 ) (-352 -2048 -320 ) (-352 -2048 -32 ) (-352 -1024 -32 ) 
4 197 207 (-352 -2048 -32 ) (-416 -2048 -32 ) (-416 -2048 -320 ) (-352 -2048 -320 ) 
4 197 200 (-352 -2048 -320 ) (-416 -2048 -320 ) (-416 -1024 -320 ) (-352 -1024 -320 ) 
4 197 198 (-416 -1024 -320 ) (-416 -2048 -320 ) (-416 -2048 -32 ) (-416 -1024 -32 ) 
4 198 208 (-416 -2048 -32 ) (-512 -2048 -32 ) (-512 -2048 -320 ) (-416 -2048 -320 ) 
4 198 200 (-416 -2048 -320 ) (-512 -2048 -320 ) (-512 -1024 -320 ) (-416 -1024 -320 ) 
4 198 199 (-512 -1024 -320 ) (-512 -2048 -320 ) (-512 -2048 -32 ) (-512 -1024 -32 ) 
4 199 209 (-512 -2048 -32 ) (-1024 -2048 -32 ) (-1024 -2048 -320 ) (-512 -2048 -320 ) 
4 199 202 (-1024 -1024 -32 ) (-1024 -1024 -320 ) (-1024 -2048 -320 ) (-1024 -2048 -32 ) 
4 199 200 (-512 -2048 -320 ) (-1024 -2048 -320 ) (-1024 -1024 -320 ) (-512 -1024 -320 ) 
4 200 211 (0 -2048 -576 ) (0 -2048 -320 ) (-1024 -2048 -320 ) (-1024 -2048 -576 ) 
4 200 203 (-1024 -1024 -320 ) (-1024 -1024 -576 ) (-1024 -2048 -576 ) (-1024 -2048 -320 ) 
4 201 224 (-2048 -2048 -32 ) (-2048 -2048 1024 ) (-2048 -1024 1024 ) (-2048 -1024 -32 ) 
4 201 212 (-2048 -2048 1024 ) (-2048 -2048 -32 ) (-1024 -2048 -32 ) (-1024 -2048 1024 ) 
4 201 202 (-1024 -2048 -32 ) (-2048 -2048 -32 ) (-2048 -1024 -32 ) (-1024 -1024 -32 ) 
4 202 225 (-2048 -2048 -320 ) (-2048 -2048 -32 ) (-2048 -1024 -32 ) (-2048 -1024 -320 ) 
4 202 213 (-2048 -2048 -32 ) (-2048 -2048 -320 ) (-1024 -2048 -320 ) (-1024 -2048 -32 ) 
4 202 203 (-1024 -1024 -320 ) (-1024 -2048 -320 ) (-2048 -2048 -320 ) (-2048 -1024 -320 ) 
4 203 227 (-2048 -2048 -576 ) (-2048 -2048 -320 ) (-2048 -1024 -320 ) (-2048 -1024 -576 ) 
4 203 215 (-2048 -2048 -320 ) (-2048 -2048 -576 ) (-1024 -2048 -576 ) (-1024 -2048 -320 ) 
4 204 217 (0 -3072 -32 ) (0 -3072 1024 ) (-1024 -3072 1024 ) (-1024 -3072 -32 ) 
4 204 212 (-1024 -2048 1024 ) (-1024 -2048 -32 ) (-1024 -3072 -32 ) (-1024 -3072 1024 ) 
4 204 209 (-1024 -2560 -32 ) (-1024 -2048 -32 ) (-512 -2048 -32 ) (-512 -2560 -32 ) 
4 204 208 (-512 -2048 -32 ) (-416 -2048 -32 ) (-416 -2560 -32 ) (-512 -2560 -32 ) 
4 204 206 (-352 -2048 -32 ) (-256 -2048 -32 ) (-256 -2560 -32 ) (-352 -2560 -32 ) 
4 204 205 (-256 -2048 -32 ) (0 -2048 -32 ) (0 -2560 -32 ) (-256 -2560 -32 ) 
4 204 207 (-416 -2048 -32 ) (-352 -2048 -32 ) (-352 -2560 -32 ) (-416 -2560 -32 ) 
4 204 210 (0 -3072 -32 ) (-1024 -3072 -32 ) (-1024 -2560 -32 ) (0 -2560 -32 ) 
4 205 211 (-256 -2048 -320 ) (0 -2048 -320 ) (0 -2560 -320 ) (-256 -2560 -320 ) 
4 205 210 (-256 -2560 -320 ) (0 -2560 -320 ) (0 -2560 -32 ) (-256 -2560 -32 ) 
4 205 206 (-256 -2048 -320 ) (-256 -2560 -320 ) (-256 -2560 -32 ) (-256 -2048 -32 ) 
4 206 211 (-352 -2048 -320 ) (-256 -2048 -320 ) (-256 -2560 -320 ) (-352 -2560 -320 ) 
4 206 207 (-352 -2048 -320 ) (-352 -2560 -320 ) (-352 -2560 -32 ) (-352 -2048 -32 ) 
4 206 210 (-352 -2560 -320 ) (-256 -2560 -320 ) (-256 -2560 -32 ) (-352 -2560 -32 ) 
4 207 211 (-416 -2048 -320 ) (-352 -2048 -320 ) (-352 -2560 -320 ) (-416 -2560 -320 ) 
4 207 208 (-416 -2048 -320 ) (-416 -2560 -320 ) (-416 -2560 -32 ) (-416 -2048 -32 ) 
4 207 210 (-416 -2560 -320 ) (-352 -2560 -320 ) (-352 -2560 -32 ) (-416 -2560 -32 ) 
4 208 211 (-512 -2048 -320 ) (-416 -2048 -320 ) (-416 -2560 -320 ) (-512 -2560 -320 ) 
4 208 210 (-512 -2560 -320 ) (-416 -2560 -320 ) (-416 -2560 -32 ) (-512 -2560 -32 ) 
4 208 209 (-512 -2048 -320 ) (-512 -2560 -320 ) (-512 -2560 -32 ) (-512 -2048 -32 ) 
4 209 213 (-1024 -2048 -32 ) (-1024 -2048 -320 ) (-1024 -2560 -320 ) (-1024 -2560 -32 ) 
4 209 211 (-1024 -2048 -320 ) (-512 -2048 -320 ) (-512 -2560 -320 ) (-1024 -2560 -320 ) 
4 209 210 (-1024 -2560 -320 ) (-512 -2560 -320 ) (-512 -2560 -32 ) (-1024 -2560 -32 ) 
4 210 217 (0 -3072 -320 ) (0 -3072 -32 ) (-1024 -3072 -32 ) (-1024 -3072 -320 ) 
4 210 214 (-1024 -2560 -320 ) (-1024 -3072 -320 ) (-1024 -3072 -32 ) (-1024 -2560 -32 ) 
4 210 211 (0 -2560 -320 ) (0 -3072 -320 ) (-1024 -3072 -320 ) (-1024 -2560 -320 ) 
4 211 217 (0 -3072 -576 ) (0 -3072 -320 ) (-1024 -3072 -320 ) (-1024 -3072 -576 ) 
4 211 215 (-1024 -2048 -320 ) (-1024 -2048 -576 ) (-1024 -3072 -576 ) (-1024 -3072 -320 ) 
4 212 229 (-2048 -3072 -32 ) (-2048 -3072 1024 ) (-2048 -2048 1024 ) (-2048 -2048 -32 ) 
4 212 218 (-1024 -3072 -32 ) (-1024 -3072 1024 ) (-2048 -3072 1024 ) (-2048 -3072 -32 ) 
4 212 214 (-1024 -3072 -32 ) (-2048 -3072 -32 ) (-2048 -2560 -32 ) (-1024 -2560 -32 ) 
4 212 213 (-2048 -2560 -32 ) (-2048 -2048 -32 ) (-1024 -2048 -32 ) (-1024 -2560 -32 ) 
4 213 230 (-2048 -2560 -32 ) (-2048 -2048 -32 ) (-2048 -2048 -320 ) (-2048 -2560 -320 ) 
4 213 215 (-2048 -2560 -320 ) (-2048 -2048 -320 ) (-1024 -2048 -320 ) (-1024 -2560 -320 ) 
4 213 214 (-2048 -2560 -320 ) (-1024 -2560 -320 ) (-1024 -2560 -32 ) (-2048 -2560 -32 ) 
4 214 231 (-2048 -3072 -320 ) (-2048 -3072 -32 ) (-2048 -2560 -32 ) (-2048 -2560 -320 ) 
4 214 218 (-1024 -3072 -320 ) (-1024 -3072 -32 ) (-2048 -3072 -32 ) (-2048 -3072 -320 ) 
4 214 215 (-2048 -3072 -320 ) (-2048 -2560 -320 ) (-1024 -2560 -320 ) (-1024 -3072 -320 ) 
4 215 233 (-2048 -3072 -576 ) (-2048 -3072 -320 ) (-2048 -2048 -320 ) (-2048 -2048 -576 ) 
4 215 218 (-1024 -3072 -576 ) (-1024 -3072 -320 ) (-2048 -3072 -320 ) (-2048 -3072 -576 ) 
4 216 217 (0 -4096 -576 ) (0 -4096 1024 ) (0 -3072 1024 ) (0 -3072 -576 ) 
4 217 218 (-1024 -3072 1024 ) (-1024 -3072 -576 ) (-1024 -4096 -576 ) (-1024 -4096 1024 ) 
4 218 235 (-2048 -4096 -576 ) (-2048 -4096 1024 ) (-2048 -3072 1024 ) (-2048 -3072 -576 ) 
4 219 224 (-2048 -1024 -32 ) (-2048 -1024 1024 ) (-3072 -1024 1024 ) (-3072 -1024 -32 ) 
4 219 223 (-3072 0 1024 ) (-3072 0 -32 ) (-3072 -1024 -32 ) (-3072 -1024 1024 ) 
4 219 221 (-3072 -1024 -32 ) (-3072 0 -32 ) (-2560 0 -32 ) (-2560 -1024 -32 ) 
4 219 220 (-2560 0 -32 ) (-2048 0 -32 ) (-2048 -1024 -32 ) (-2560 -1024 -32 ) 
4 220 225 (-2048 -1024 -320 ) (-2048 -1024 -32 ) (-2560 -1024 -32 ) (-2560 -1024 -320 ) 
4 220 222 (-2048 -1024 -320 ) (-2560 -1024 -320 ) (-2560 0 -320 ) (-2048 0 -320 ) 
4 220 221 (-2560 0 -320 ) (-2560 -1024 -320 ) (-2560 -1024 -32 ) (-2560 0 -32 ) 
4 221 226 (-2560 -1024 -32 ) (-3072 -1024 -32 ) (-3072 -1024 -320 ) (-2560 -1024 -320 ) 
4 221 223 (-3072 0 -32 ) (-3072 0 -320 ) (-3072 -1024 -320 ) (-3072 -1024 -32 ) 
4 221 222 (-2560 -1024 -320 ) (-3072 -1024 -320 ) (-3072 0 -320 ) (-2560 0 -320 ) 
4 222 227 (-2048 -1024 -576 ) (-2048 -1024 -320 ) (-3072 -1024 -320 ) (-3072 -1024 -576 ) 
4 222 223 (-3072 0 -320 ) (-3072 0 -576 ) (-3072 -1024 -576 ) (-3072 -1024 -320 ) 
4 223 228 (-3072 -1024 -576 ) (-3072 -1024 1024 ) (-4096 -1024 1024 ) (-4096 -1024 -576 ) 
4 224 229 (-2048 -2048 -32 ) (-2048 -2048 1024 ) (-3072 -2048 1024 ) (-3072 -2048 -32 ) 
4 224 228 (-3072 -2048 -32 ) (-3072 -2048 1024 ) (-3072 -1024 1024 ) (-3072 -1024 -32 ) 
4 224 226 (-3072 -2048 -32 ) (-3072 -1024 -32 ) (-2560 -1024 -32 ) (-2560 -2048 -32 ) 
4 224 225 (-2560 -1024 -32 ) (-2048 -1024 -32 ) (-2048 -2048 -32 ) (-2560 -2048 -32 ) 
4 225 230 (-2048 -2048 -320 ) (-2048 -2048 -32 ) (-2560 -2048 -32 ) (-2560 -2048 -320 ) 
4 225 227 (-2048 -2048 -320 ) (-2560 -2048 -320 ) (-2560 -1024 -320 ) (-2048 -1024 -320 ) 
4 225 226 (-2560 -1024 -320 ) (-2560 -2048 -320 ) (-2560 -2048 -32 ) (-2560 -1024 -32 ) 
4 226 232 (-2560 -2048 -32 ) (-3072 -2048 -32 ) (-3072 -2048 -320 ) (-2560 -2048 -320 ) 
4 226 228 (-3072 -2048 -320 ) (-3072 -2048 -32 ) (-3072 -1024 -32 ) (-3072 -1024 -320 ) 
4 226 227 (-2560 -2048 -320 ) (-3072 -2048 -320 ) (-3072 -1024 -320 ) (-2560 -1024 -320 ) 
4 227 233 (-2048 -2048 -576 ) (-2048 -2048 -320 ) (-3072 -2048 -320 ) (-3072 -2048 -576 ) 
4 227 228 (-3072 -2048 -576 ) (-3072 -2048 -320 ) (-3072 -1024 -320 ) (-3072 -1024 -576 ) 
4 228 234 (-4096 -2048 1024 ) (-4096 -2048 -576 ) (-3072 -2048 -576 ) (-3072 -2048 1024 ) 
4 229 235 (-2048 -3072 -32 ) (-2048 -3072 1024 ) (-3072 -3072 1024 ) (-3072 -3072 -32 ) 
4 229 234 (-3072 -2048 1024 ) (-3072 -2048 -32 ) (-3072 -3072 -32 ) (-3072 -3072 1024 ) 
4 229 231 (-2048 -3072 -32 ) (-2560 -3072 -32 ) (-2560 -2560 -32 ) (-2048 -2560 -32 ) 
4 229 230 (-2560 -2560 -32 ) (-2560 -2048 -32 ) (-2048 -2048 -32 ) (-2048 -2560 -32 ) 
4 229 232 (-2560 -3072 -32 ) (-3072 -3072 -32 ) (-3072 -2048 -32 ) (-2560 -2048 -32 ) 
4 230 233 (-2560 -2048 -320 ) (-2048 -2048 -320 ) (-2048 -2560 -320 ) (-2560 -2560 -320 ) 
4 230 232 (-2560 -2048 -320 ) (-2560 -2560 -320 ) (-2560 -2560 -32 ) (-2560 -2048 -32 ) 
4 230 231 (-2560 -2560 -32 ) (-2560 -2560 -320 ) (-2048 -2560 -320 ) (-2048 -2560 -32 ) 
4 231 235 (-2048 -3072 -320 ) (-2048 -3072 -32 ) (-2560 -3072 -32 ) (-2560 -3072 -320 ) 
4 231 233 (-2048 -2560 -320 ) (-2048 -3072 -320 ) (-2560 -3072 -320 ) (-2560 -2560 -320 ) 
4 231 232 (-2560 -2560 -320 ) (-2560 -3072 -320 ) (-2560 -3072 -32 ) (-2560 -2560 -32 ) 
4 232 235 (-2560 -3072 -32 ) (-3072 -3072 -32 ) (-3072 -3072 -320 ) (-2560 -3072 -320 ) 
4 232 234 (-3072 -2048 -32 ) (-3072 -2048 -320 ) (-3072 -3072 -320 ) (-3072 -3072 -32 ) 
4 232 233 (-3072 -2048 -320 ) (-2560 -2048 -320 ) (-2560 -3072 -320 ) (-3072 -3072 -320 ) 
4 233 235 (-2048 -3072 -576 ) (-2048 -3072 -320 ) (-3072 -3072 -320 ) (-3072 -3072 -576 ) 
4 233 234 (-3072 -2048 -320 ) (-3072 -2048 -576 ) (-3072 -3072 -576 ) (-3072 -3072 -320 ) 
4 234 236 (-3072 -3072 -576 ) (-3072 -3072 1024 ) (-4096 -3072 1024 ) (-4096 -3072 -576 ) 
4 235 236 (-3072 -3072 1024 ) (-3072 -3072 -576 ) (-3072 -4096 -576 ) (-3072 -4096 1024 ) 
