PRT1
51
102
4 0 18 (1024 -564.727295 336 ) (1024 -523.272705 336 ) (1024 -523.272705 256 ) (1024 -564.727295 256 ) 
4 1 12 (192 0 64 ) (192 0 256 ) (0 0 256 ) (0 0 64 ) 
4 1 9 (0 0 64 ) (0 0 88 ) (0 128 88 ) (0 128 64 ) 
4 1 5 (0 0 88 ) (0 0 240 ) (0 128 240 ) (0 128 88 ) 
4 1 4 (0 0 240 ) (0 0 256 ) (0 128 256 ) (0 128 240 ) 
4 1 2 (192 32 64 ) (192 0 64 ) (0 0 64 ) (0 32 64 ) 
4 2 12 (192 0 61.090908 ) (192 0 64 ) (0 0 64 ) (0 0 61.090908 ) 
3 2 11 (0 0 61.090908 ) (0 0 64 ) (0 32 64 ) 
4 3 8 (-296 256 88 ) (-296 128 88 ) (-352 128 88 ) (-352 256 88 ) 
4 3 5 (-352 128 88 ) (-296 128 88 ) (-296 128 160 ) (-352 128 160 ) 
4 4 40 (-448 0 256 ) (-480 0 256 ) (-480 0 240 ) (-448 0 240 ) 
4 4 23 (0 0 240 ) (0 0 256 ) (-448 0 256 ) (-448 0 240 ) 
4 4 7 (-400 0 240 ) (-448 0 240 ) (-448 128 240 ) (-400 128 240 ) 
4 4 6 (-384 0 240 ) (-400 0 240 ) (-400 128 240 ) (-384 128 240 ) 
4 4 5 (0 0 240 ) (-384 0 240 ) (-384 128 240 ) (0 128 240 ) 
4 5 24 (0 0 88 ) (0 0 160 ) (-384 0 160 ) (-384 0 88 ) 
4 5 23 (0 0 160 ) (0 0 240 ) (-384 0 240 ) (-384 0 160 ) 
4 5 9 (0 128 88 ) (0 0 88 ) (-384 0 88 ) (-384 128 88 ) 
4 5 6 (-384 0 240 ) (-384 128 240 ) (-384 128 96 ) (-384 0 96 ) 
4 6 25 (-400 0 160 ) (-400 0 96 ) (-384 0 96 ) (-384 0 160 ) 
4 6 23 (-384 0 240 ) (-400 0 240 ) (-400 0 160 ) (-384 0 160 ) 
4 6 7 (-400 0 240 ) (-400 128 240 ) (-400 128 96 ) (-400 0 96 ) 
4 7 26 (-448 0 160 ) (-448 0 88 ) (-400 0 88 ) (-400 0 160 ) 
4 7 23 (-400 0 240 ) (-448 0 240 ) (-448 0 160 ) (-400 0 160 ) 
4 7 10 (-400 0 88 ) (-448 0 88 ) (-448 128 88 ) (-400 128 88 ) 
4 8 9 (-352 128 64 ) (-296 128 64 ) (-296 128 88 ) (-352 128 88 ) 
4 9 41 (0 0 64 ) (0 0 88 ) (-384 0 88 ) (-384 0 64 ) 
4 9 11 (0 0 64 ) (-384 0 64 ) (-384 32 64 ) (0 32 64 ) 
4 10 42 (-400 0 88 ) (-448 0 88 ) (-448 0 64 ) (-400 0 64 ) 
4 11 48 (0 0 61.090908 ) (0 0 64 ) (-384 0 64 ) (-384 0 61.090908 ) 
4 12 48 (0 0 64 ) (0 0 61.090912 ) (0 -56 56 ) (0 -56 64 ) 
4 12 41 (0 0 88 ) (0 0 64 ) (0 -56 64 ) (0 -56 88 ) 
4 12 24 (0 0 160 ) (0 0 88 ) (0 -56 88 ) (0 -56 160 ) 
4 12 23 (0 0 256 ) (0 0 160 ) (0 -56 160 ) (0 -56 256 ) 
4 12 13 (192 -56 56 ) (192 -56 256 ) (0 -56 256 ) (0 -56 56 ) 
4 13 49 (0 -64 56 ) (0 -64 64 ) (0 -56 64 ) (0 -56 56 ) 
4 13 41 (0 -64 64 ) (0 -64 88 ) (0 -56 88 ) (0 -56 64 ) 
4 13 24 (0 -64 88 ) (0 -64 160 ) (0 -56 160 ) (0 -56 88 ) 
4 13 23 (0 -64 160 ) (0 -64 256 ) (0 -56 256 ) (0 -56 160 ) 
20 13 15 (70.181038 -64 172.979004 ) (75.754517 -64 175.818817 ) (80.181091 -64 180.245361 ) (83.020920 -64 185.818893 ) (84 -64 191.996323 ) (83.019424 -64 198.183304 ) (80.179657 -64 203.756760 ) (75.756897 -64 208.179459 ) (70.180061 -64 211.021057 ) (64 -64 212 ) (57.819893 -64 211.021133 ) (52.243656 -64 208.179962 ) (47.820091 -64 203.756409 ) (44.979061 -64 198.180603 ) (44 -64 192 ) (44.978493 -64 185.821426 ) (47.820908 -64 180.242599 ) (52.243057 -64 175.820633 ) (57.820621 -64 172.978821 ) (64 -64 172 ) 
4 13 14 (0 -56 56 ) (192 -56 56 ) (192 -64 56 ) (0 -64 56 ) 
4 14 50 (0 -64 48 ) (0 -64 56 ) (0 -56 56 ) (0 -56 48 ) 
20 15 22 (70.181000 -256 172.979004 ) (75.754501 -256 175.818817 ) (80.181107 -256 180.245392 ) (83.020927 -256 185.818909 ) (84 -256 191.996292 ) (83.019417 -256 198.183304 ) (80.179657 -256 203.756760 ) (75.756897 -256 208.179459 ) (70.180061 -256 211.021057 ) (64 -256 212 ) (57.819893 -256 211.021133 ) (52.244907 -256 208.180588 ) (47.819073 -256 203.754776 ) (44.979053 -256 198.180954 ) (44 -256 192 ) (44.978806 -256 185.820190 ) (47.820057 -256 180.243652 ) (52.243473 -256 175.820419 ) (57.820564 -256 172.978836 ) (64 -256 172 ) 
4 16 17 (128 -384 296 ) (128 -320 296 ) (352 -320 296 ) (352 -384 296 ) 
4 17 22 (128 -320 256 ) (192 -320 256 ) (192 -384 256 ) (128 -384 256 ) 
4 18 19 (224 -480 256 ) (224 -608 256 ) (224 -608 336 ) (224 -480 336 ) 
4 19 20 (128 -480 256 ) (128 -608 256 ) (128 -608 336 ) (128 -480 336 ) 
4 20 28 (0 -608 336 ) (0 -480 336 ) (0 -480 256 ) (0 -608 256 ) 
4 21 29 (0 -832 336 ) (0 -704 336 ) (0 -704 256 ) (0 -832 256 ) 
4 22 45 (0 -448 64 ) (0 -448 88 ) (0 -256 88 ) (0 -256 64 ) 
4 22 37 (0 -448 88 ) (0 -448 104 ) (0 -256 104 ) (0 -256 88 ) 
4 22 35 (0 -448 104 ) (0 -448 106 ) (0 -256 106 ) (0 -256 104 ) 
4 22 33 (0 -448 106 ) (0 -448 119 ) (0 -256 119 ) (0 -256 106 ) 
4 22 30 (0 -448 119 ) (0 -448 256 ) (0 -256 256 ) (0 -256 119 ) 
4 23 40 (-448 0 256 ) (-448 0 240 ) (-448 -64 240 ) (-448 -64 256 ) 
4 23 25 (-400 0 160 ) (-384 0 160 ) (-384 -64 160 ) (-400 -64 160 ) 
4 23 24 (-384 0 160 ) (0 0 160 ) (0 -64 160 ) (-384 -64 160 ) 
4 23 26 (-448 -64 160 ) (-448 0 160 ) (-400 0 160 ) (-400 -64 160 ) 
4 24 41 (-384 0 88 ) (0 0 88 ) (0 -64 88 ) (-384 -64 88 ) 
4 24 25 (-384 -64 96 ) (-384 -64 160 ) (-384 0 160 ) (-384 0 96 ) 
4 25 26 (-400 -64 96 ) (-400 -64 160 ) (-400 0 160 ) (-400 0 96 ) 
4 26 42 (-448 -64 88 ) (-448 0 88 ) (-400 0 88 ) (-400 -64 88 ) 
4 27 43 (-352 -128 88 ) (-296 -128 88 ) (-296 -256 88 ) (-352 -256 88 ) 
4 27 38 (-301.255005 -256 88 ) (-296 -256 88 ) (-296 -256 104 ) (-301.255005 -256 104 ) 
4 27 36 (-352 -256 88 ) (-301.255005 -256 88 ) (-301.255005 -256 104 ) (-352 -256 104 ) 
4 27 35 (-296 -256 104 ) (-296 -256 106 ) (-352 -256 106 ) (-352 -256 104 ) 
4 27 34 (-296 -256 106 ) (-296 -256 119 ) (-352 -256 119 ) (-352 -256 106 ) 
4 27 30 (-296 -256 119 ) (-296 -256 160 ) (-352 -256 160 ) (-352 -256 119 ) 
4 30 32 (-55.505707 -448 119 ) (-56.929222 -448 119 ) (-149.392975 -355.535980 119 ) (-148.686005 -354.828003 119 ) 
4 30 31 (-160.706985 -344.221954 119 ) (-248.928711 -256 119 ) (-247.522812 -256 119 ) (-160 -343.515015 119 ) 
4 30 33 (0 -448 119 ) (-55.505707 -448 119 ) (-247.522812 -256 119 ) (0 -256 119 ) 
4 30 34 (-56.929222 -448 119 ) (-448 -448 119 ) (-448 -256 119 ) (-248.928711 -256 119 ) 
4 31 35 (-160.706985 -344.221954 106 ) (-248.928711 -256 106 ) (-247.522812 -256 106 ) (-160 -343.515015 106 ) 
4 31 33 (-160.001038 -343.516052 106 ) (-247.524887 -256 106 ) (-247.523438 -256 119 ) (-160 -343.515442 119 ) 
4 31 34 (-248.929688 -256 106 ) (-160.707367 -344.222321 106 ) (-160.707214 -344.222168 119 ) (-248.929169 -256 119 ) 
4 32 35 (-55.505707 -448 106 ) (-56.929222 -448 106 ) (-149.392975 -355.535980 106 ) (-148.686005 -354.828003 106 ) 
4 32 34 (-149.393341 -355.536346 106 ) (-56.929688 -448 106 ) (-56.929688 -448 119 ) (-149.393204 -355.536194 119 ) 
4 32 33 (-55.507812 -448 106 ) (-148.687042 -354.829041 106 ) (-148.686462 -354.828461 119 ) (-55.506836 -448 119 ) 
4 33 35 (0 -448 106 ) (-55.505707 -448 106 ) (-247.522812 -256 106 ) (0 -256 106 ) 
4 34 35 (-56.929222 -448 106 ) (-448 -448 106 ) (-448 -256 106 ) (-248.928711 -256 106 ) 
4 35 39 (-18.745018 -448 104 ) (-109.254990 -448 104 ) (-160 -397.255005 104 ) (-114.745010 -352 104 ) 
4 35 38 (-205.255005 -352 104 ) (-301.255005 -256 104 ) (-210.744995 -256 104 ) (-160 -306.744995 104 ) 
4 35 37 (0 -448 104 ) (-18.745018 -448 104 ) (-210.744995 -256 104 ) (0 -256 104 ) 
4 35 36 (-109.254990 -448 104 ) (-448 -448 104 ) (-448 -256 104 ) (-301.255005 -256 104 ) 
4 36 44 (-448 -448 88 ) (-448 -256 88 ) (-301.255005 -256 88 ) (-109.254990 -448 88 ) 
4 36 39 (-160.003357 -397.258362 104 ) (-109.261719 -448 104 ) (-109.261719 -448 88 ) (-160.003357 -397.258362 88 ) 
4 36 38 (-301.261719 -256 88 ) (-301.261719 -256 104 ) (-205.258362 -352.003357 104 ) (-205.258362 -352.003357 88 ) 
4 37 45 (-210.744995 -256 88 ) (0 -256 88 ) (0 -448 88 ) (-18.745018 -448 88 ) 
4 37 39 (-18.742188 -448 88 ) (-18.742188 -448 104 ) (-114.743599 -351.998596 104 ) (-114.743599 -351.998596 88 ) 
4 37 38 (-159.998596 -306.743591 104 ) (-210.742157 -256 104 ) (-210.742157 -256 88 ) (-159.998596 -306.743591 88 ) 
4 38 46 (-301.255005 -256 88 ) (-210.744995 -256 88 ) (-160 -306.744995 88 ) (-205.255005 -352 88 ) 
4 39 47 (-114.745010 -352 88 ) (-18.745018 -448 88 ) (-109.254990 -448 88 ) (-160 -397.255005 88 ) 
4 41 49 (0 -56 64 ) (0 -64 64 ) (-384 -64 64 ) (-384 -56 64 ) 
4 41 48 (-384 0 64 ) (0 0 64 ) (0 -56 64 ) (-384 -56 64 ) 
4 43 46 (-301.255005 -256 64 ) (-296 -256 64 ) (-296 -256 88 ) (-301.255005 -256 88 ) 
4 43 44 (-352 -256 64 ) (-301.255005 -256 64 ) (-301.255005 -256 88 ) (-352 -256 88 ) 
4 44 47 (-109.259766 -448 88 ) (-109.259766 -448 64 ) (-160.002380 -397.257385 64 ) (-160.002380 -397.257385 88 ) 
4 44 46 (-205.257385 -352.002380 64 ) (-301.259766 -256 64 ) (-301.259766 -256 88 ) (-205.257385 -352.002380 88 ) 
4 45 47 (-114.743599 -351.998596 64 ) (-18.742188 -448 64 ) (-18.742188 -448 88 ) (-114.743607 -351.998596 88 ) 
4 45 46 (-210.742172 -256 88 ) (-210.742172 -256 64 ) (-159.998596 -306.743591 64 ) (-159.998611 -306.743591 88 ) 
4 48 49 (-384 -56 64 ) (-384 -56 56 ) (0 -56 56 ) (0 -56 64 ) 
4 49 50 (0 -64 56 ) (-384 -64 56 ) (-384 -56 56 ) (0 -56 56 ) 
