PRT1
65
176
4 0 38 (1024 0 704 ) (1024 0 1024 ) (0 0 1024 ) (0 0 704 ) 
4 0 24 (0 0 704 ) (0 0 1024 ) (0 1024 1024 ) (0 1024 704 ) 
4 0 2 (321.419006 640 704 ) (321.419006 512 704 ) (193.419006 512 704 ) (193.419006 640 704 ) 
4 0 1 (577.419067 192 704 ) (577.419067 64 704 ) (449.419037 64 704 ) (449.419037 192 704 ) 
4 1 3 (449.419037 64 640 ) (449.419037 192 640 ) (577.419067 192 640 ) (577.419067 64 640 ) 
4 2 3 (193.419006 512 640 ) (193.419006 640 640 ) (321.419006 640 640 ) (321.419006 512 640 ) 
4 3 28 (0 208 640 ) (0 224 640 ) (0 224 192 ) (0 208 192 ) 
4 3 27 (0 224 640 ) (0 1024 640 ) (0 1024 192 ) (0 224 192 ) 
4 3 30 (0 32 640 ) (0 208 640 ) (0 208 192 ) (0 32 192 ) 
4 3 23 (320 192 192 ) (1024 192 192 ) (1024 32 192 ) (320 32 192 ) 
4 3 14 (0 192 192 ) (0 1024 192 ) (1024 1024 192 ) (1024 192 192 ) 
4 3 11 (32 32 192 ) (288 32 192 ) (288 32 224 ) (32 32 224 ) 
4 3 13 (16 32 192 ) (32 32 192 ) (32 32 256 ) (16 32 256 ) 
4 3 9 (320 32 192 ) (1024 32 192 ) (1024 32 256 ) (320 32 256 ) 
4 3 10 (288 32 192 ) (304 32 192 ) (304 32 256 ) (288 32 256 ) 
4 3 5 (288 32 640 ) (32 32 640 ) (32 32 304 ) (288 32 304 ) 
4 3 6 (32 32 272 ) (32 32 256 ) (288 32 256 ) (288 32 272 ) 
4 3 4 (1024 32 256 ) (1024 32 640 ) (288 32 640 ) (288 32 256 ) 
4 3 8 (32 32 640 ) (0 32 640 ) (0 32 256 ) (32 32 256 ) 
4 4 41 (1024 0 256 ) (1024 0 640 ) (288 0 640 ) (288 0 256 ) 
4 4 9 (320 32 256 ) (1024 32 256 ) (1024 0 256 ) (320 0 256 ) 
4 4 10 (288 32 256 ) (304 32 256 ) (304 0 256 ) (288 0 256 ) 
4 4 5 (288 32 640 ) (288 32 304 ) (288 16 304 ) (288 16 640 ) 
4 4 6 (288 32 272 ) (288 32 256 ) (288 16 256 ) (288 16 272 ) 
4 4 7 (288 16 256 ) (288 0 256 ) (288 0 640 ) (288 16 640 ) 
4 5 8 (32 32 640 ) (32 32 304 ) (32 16 304 ) (32 16 640 ) 
4 5 7 (32 16 640 ) (32 16 304 ) (288 16 304 ) (288 16 640 ) 
4 6 7 (32 16 272 ) (32 16 256 ) (288 16 256 ) (288 16 272 ) 
4 6 8 (32 32 272 ) (32 32 256 ) (32 16 256 ) (32 16 272 ) 
4 7 42 (288 0 640 ) (176 0 640 ) (176 0 256 ) (288 0 256 ) 
4 7 44 (176 0 640 ) (32 0 640 ) (32 0 256 ) (176 0 256 ) 
4 7 12 (288 16 256 ) (288 0 256 ) (32 0 256 ) (32 16 256 ) 
4 7 8 (32 16 256 ) (32 0 256 ) (32 0 640 ) (32 16 640 ) 
4 8 44 (32 0 640 ) (0 0 640 ) (0 0 256 ) (32 0 256 ) 
4 8 30 (0 0 256 ) (0 0 640 ) (0 32 640 ) (0 32 256 ) 
4 8 13 (16 32 256 ) (32 32 256 ) (32 0 256 ) (16 0 256 ) 
4 9 41 (1024 0 192 ) (1024 0 256 ) (320 0 256 ) (320 0 192 ) 
4 9 23 (320 32 192 ) (1024 32 192 ) (1024 0 192 ) (320 0 192 ) 
4 10 41 (304 0 256 ) (288 0 256 ) (288 0 192 ) (304 0 192 ) 
4 10 11 (288 32 224 ) (288 32 192 ) (288 16 192 ) (288 16 224 ) 
4 10 12 (288 0 256 ) (288 16 256 ) (288 16 192 ) (288 0 192 ) 
4 11 12 (32 16 224 ) (32 16 192 ) (288 16 192 ) (288 16 224 ) 
4 11 13 (32 32 224 ) (32 32 192 ) (32 16 192 ) (32 16 224 ) 
4 12 42 (288 0 256 ) (176 0 256 ) (176 0 192 ) (288 0 192 ) 
4 12 44 (176 0 256 ) (32 0 256 ) (32 0 192 ) (176 0 192 ) 
4 12 13 (32 0 256 ) (32 16 256 ) (32 16 192 ) (32 0 192 ) 
4 13 44 (32 0 256 ) (16 0 256 ) (16 0 192 ) (32 0 192 ) 
4 14 28 (0 208 192 ) (0 224 192 ) (0 224 144 ) (0 208 144 ) 
4 14 27 (0 224 192 ) (0 1024 192 ) (0 1024 144 ) (0 224 144 ) 
4 14 30 (0 192 192 ) (0 208 192 ) (0 208 144 ) (0 192 144 ) 
4 14 23 (1024 192 144 ) (1024 192 192 ) (320 192 192 ) (320 192 144 ) 
4 14 19 (1024 192 144 ) (480 192 144 ) (480 208 144 ) (1024 208 144 ) 
4 14 20 (160 192 144 ) (0 192 144 ) (0 208 144 ) (160 208 144 ) 
4 14 18 (96 224 144 ) (1024 224 144 ) (1024 208 144 ) (96 208 144 ) 
4 14 16 (0 256 144 ) (0 1024 144 ) (320 1024 144 ) (320 256 144 ) 
4 14 17 (0 224 144 ) (0 240 144 ) (320 240 144 ) (320 224 144 ) 
4 14 15 (320 1024 144 ) (1024 1024 144 ) (1024 224 144 ) (320 224 144 ) 
4 15 21 (320 1024 128 ) (1024 1024 128 ) (1024 224 128 ) (320 224 128 ) 
4 15 18 (320 224 128 ) (1024 224 128 ) (1024 224 144 ) (320 224 144 ) 
4 15 16 (320 1024 128 ) (320 256 128 ) (320 256 144 ) (320 1024 144 ) 
4 15 17 (320 240 128 ) (320 224 128 ) (320 224 144 ) (320 240 144 ) 
4 16 27 (0 1024 144 ) (0 1024 128 ) (0 256 128 ) (0 256 144 ) 
4 16 22 (0 256 128 ) (0 1024 128 ) (320 1024 128 ) (320 256 128 ) 
4 17 27 (0 240 128 ) (0 224 128 ) (0 224 144 ) (0 240 144 ) 
4 17 18 (96 224 128 ) (320 224 128 ) (320 224 144 ) (96 224 144 ) 
4 18 21 (320 224 128 ) (1024 224 128 ) (1024 208 128 ) (320 208 128 ) 
4 18 19 (480 208 128 ) (1024 208 128 ) (1024 208 144 ) (480 208 144 ) 
4 18 20 (96 208 128 ) (160 208 128 ) (160 208 144 ) (96 208 144 ) 
4 19 23 (1024 192 128 ) (1024 192 144 ) (480 192 144 ) (480 192 128 ) 
4 19 21 (1024 192 128 ) (480 192 128 ) (480 208 128 ) (1024 208 128 ) 
4 20 30 (0 208 128 ) (0 192 128 ) (0 192 144 ) (0 208 144 ) 
4 21 23 (320 192 64 ) (1024 192 64 ) (1024 192 128 ) (320 192 128 ) 
4 21 22 (320 1024 64 ) (320 256 64 ) (320 256 128 ) (320 1024 128 ) 
4 22 27 (0 1024 128 ) (0 1024 64 ) (0 256 64 ) (0 256 128 ) 
4 23 45 (1024 0 64 ) (1024 0 96 ) (320 0 96 ) (320 0 64 ) 
4 23 41 (1024 0 96 ) (1024 0 192 ) (320 0 192 ) (320 0 96 ) 
4 24 46 (0 0 704 ) (0 0 1024 ) (-1024 0 1024 ) (-1024 0 704 ) 
4 24 26 (-446.580994 128 704 ) (-446.580994 0 704 ) (-574.580994 0 704 ) (-574.580994 128 704 ) 
4 24 25 (-62.581402 448 704 ) (-62.581402 320 704 ) (-190.580994 320 704 ) (-190.580994 448 704 ) 
4 25 27 (-190.580994 320 640 ) (-190.580994 448 640 ) (-62.581402 448 640 ) (-62.581402 320 640 ) 
4 26 36 (-446.580994 0 640 ) (-448 0 640 ) (-448 128 640 ) (-446.580994 128 640 ) 
4 26 37 (-448 0 640 ) (-574.580994 0 640 ) (-574.580994 128 640 ) (-448 128 640 ) 
4 27 28 (-224 224 640 ) (-224 224 144 ) (0 224 144 ) (0 224 640 ) 
4 27 29 (-224 224 128 ) (-224 224 64 ) (0 224 64 ) (0 224 128 ) 
4 27 31 (-224 1024 64 ) (-224 224 64 ) (-224 224 640 ) (-224 1024 640 ) 
4 28 30 (-224 208 640 ) (-224 208 144 ) (0 208 144 ) (0 208 640 ) 
4 28 31 (-224 208 144 ) (-224 208 640 ) (-224 224 640 ) (-224 224 144 ) 
4 29 31 (-224 224 64 ) (-224 208 64 ) (-224 208 128 ) (-224 224 128 ) 
4 29 30 (-224 208 128 ) (-224 208 64 ) (0 208 64 ) (0 208 128 ) 
4 30 59 (0 0 64 ) (0 0 128 ) (-224 0 128 ) (-224 0 64 ) 
4 30 55 (0 0 128 ) (0 0 256 ) (-224 0 256 ) (-224 0 128 ) 
4 30 50 (0 0 256 ) (0 0 640 ) (-224 0 640 ) (-224 0 256 ) 
4 30 31 (-224 208 64 ) (-224 0 64 ) (-224 0 640 ) (-224 208 640 ) 
4 31 59 (-320 0 128 ) (-320 0 64 ) (-224 0 64 ) (-224 0 128 ) 
4 31 55 (-320 0 256 ) (-320 0 128 ) (-224 0 128 ) (-224 0 256 ) 
4 31 50 (-224 0 640 ) (-320 0 640 ) (-320 0 256 ) (-224 0 256 ) 
4 31 33 (-320 0 224 ) (-320 0 640 ) (-320 64 640 ) (-320 64 128 ) 
4 31 34 (-320 64 64 ) (-320 0 64 ) (-320 0 128 ) (-320 64 128 ) 
5 31 32 (-320 1024 64 ) (-320 192 64 ) (-320 64 192 ) (-320 64 640 ) (-320 1024 640 ) 
4 32 36 (-384 128 128 ) (-384 64 192 ) (-384 64 640 ) (-384 128 640 ) 
5 32 35 (-384 1024 64 ) (-384 192 64 ) (-384 128 128 ) (-384 128 640 ) (-384 1024 640 ) 
4 32 33 (-384 64 640 ) (-384 64 192 ) (-320 64 192 ) (-320 64 640 ) 
4 33 56 (-384 0 256 ) (-384 0 224 ) (-320 0 224 ) (-320 0 256 ) 
4 33 51 (-336 0 640 ) (-368 0 640 ) (-368 0 256 ) (-336 0 256 ) 
4 33 50 (-320 0 640 ) (-336 0 640 ) (-336 0 256 ) (-320 0 256 ) 
4 33 54 (-368 0 640 ) (-384 0 640 ) (-384 0 256 ) (-368 0 256 ) 
4 33 36 (-384 0 224 ) (-384 0 640 ) (-384 64 640 ) (-384 64 128 ) 
4 34 60 (-384 0 128 ) (-384 0 64 ) (-320 0 64 ) (-320 0 128 ) 
4 35 36 (-448 128 640 ) (-448 128 128 ) (-384 128 128 ) (-384 128 640 ) 
4 35 37 (-448 1024 64 ) (-448 128 64 ) (-448 128 640 ) (-448 1024 640 ) 
4 36 58 (-448 0 256 ) (-448 0 128 ) (-384 0 128 ) (-384 0 256 ) 
4 36 54 (-384 0 640 ) (-448 0 640 ) (-448 0 256 ) (-384 0 256 ) 
4 36 37 (-448 0 128 ) (-448 0 640 ) (-448 128 640 ) (-448 128 128 ) 
4 37 64 (-1024 0 128 ) (-1024 0 64 ) (-448 0 64 ) (-448 0 128 ) 
4 37 58 (-1024 0 256 ) (-1024 0 128 ) (-448 0 128 ) (-448 0 256 ) 
4 37 54 (-448 0 640 ) (-1024 0 640 ) (-1024 0 256 ) (-448 0 256 ) 
4 38 46 (0 0 1024 ) (0 0 704 ) (0 -1024 704 ) (0 -1024 1024 ) 
4 38 40 (193.419006 -448 704 ) (193.419006 -576 704 ) (129.419006 -576 704 ) (129.419006 -448 704 ) 
4 38 39 (257.419006 -448 704 ) (257.419006 -576 704 ) (193.419006 -576 704 ) (193.419006 -448 704 ) 
4 39 43 (193.419006 -576 640 ) (193.419006 -448 640 ) (257.419006 -448 640 ) (257.419006 -576 640 ) 
4 39 40 (193.419006 -448 640 ) (193.419006 -576 640 ) (193.419006 -576 704 ) (193.419006 -448 704 ) 
4 40 43 (176 -448 640 ) (193.419006 -448 640 ) (193.419006 -576 640 ) (176 -576 640 ) 
4 40 44 (129.419006 -576 640 ) (129.419006 -448 640 ) (176 -448 640 ) (176 -576 640 ) 
4 41 45 (288 0 96 ) (1024 0 96 ) (1024 -1024 96 ) (288 -1024 96 ) 
4 41 42 (288 -16 112 ) (288 -16 640 ) (288 0 640 ) (288 0 112 ) 
4 41 43 (288 -16 96 ) (288 -1024 96 ) (288 -1024 640 ) (288 -16 640 ) 
4 42 43 (176 -16 640 ) (176 -16 112 ) (288 -16 112 ) (288 -16 640 ) 
4 42 44 (176 -16 112 ) (176 -16 640 ) (176 0 640 ) (176 0 112 ) 
4 43 45 (288 -16 96 ) (288 -1024 96 ) (176 -1024 96 ) (176 -16 96 ) 
4 43 44 (176 -16 96 ) (176 -1024 96 ) (176 -1024 640 ) (176 -16 640 ) 
4 44 59 (0 0 128 ) (0 0 96 ) (0 -1024 96 ) (0 -1024 128 ) 
4 44 55 (0 0 256 ) (0 0 128 ) (0 -1024 128 ) (0 -1024 256 ) 
4 44 50 (0 0 640 ) (0 0 256 ) (0 -1024 256 ) (0 -1024 640 ) 
4 44 45 (0 0 96 ) (176 0 96 ) (176 -1024 96 ) (0 -1024 96 ) 
4 45 59 (0 0 96 ) (0 0 64 ) (0 -1024 64 ) (0 -1024 96 ) 
4 46 49 (-318.580994 -384 704 ) (-318.580994 -512 704 ) (-446.580994 -512 704 ) (-446.580994 -384 704 ) 
4 46 48 (-190.580994 -64 704 ) (-190.580994 -192 704 ) (-254.580994 -192 704 ) (-254.580994 -64 704 ) 
4 46 47 (-126.581009 -64 704 ) (-126.581009 -192 704 ) (-190.580994 -192 704 ) (-190.580994 -64 704 ) 
4 47 50 (-190.580994 -192 640 ) (-190.580994 -64 640 ) (-126.581009 -64 640 ) (-126.581009 -192 640 ) 
4 47 48 (-190.580994 -64 640 ) (-190.580994 -192 640 ) (-190.580994 -192 704 ) (-190.580994 -64 704 ) 
4 48 50 (-254.580994 -192 640 ) (-254.580994 -64 640 ) (-190.580994 -64 640 ) (-190.580994 -192 640 ) 
4 49 53 (-368 -384 640 ) (-336 -384 640 ) (-336 -512 640 ) (-368 -512 640 ) 
4 49 50 (-336 -384 640 ) (-318.580994 -384 640 ) (-318.580994 -512 640 ) (-336 -512 640 ) 
4 49 54 (-446.580994 -512 640 ) (-446.580994 -384 640 ) (-368 -384 640 ) (-368 -512 640 ) 
4 50 56 (-336 -21.333199 256 ) (-336 0 256 ) (-320 0 256 ) (-320 -21.333199 256 ) 
4 50 57 (-320 -1024 256 ) (-336 -1024 256 ) (-336 -64 256 ) (-320 -64 256 ) 
4 50 55 (0 -1024 256 ) (-320 -1024 256 ) (-320 0 256 ) (0 0 256 ) 
4 50 52 (-336 -48 288 ) (-336 -48 640 ) (-336 -32 640 ) (-336 -32 288 ) 
4 50 51 (-336 0 256 ) (-336 -32 256 ) (-336 -32 640 ) (-336 0 640 ) 
4 50 53 (-336 -48 256 ) (-336 -1024 256 ) (-336 -1024 640 ) (-336 -48 640 ) 
4 51 56 (-368 -21.333199 256 ) (-368 0 256 ) (-336 0 256 ) (-336 -21.333199 256 ) 
4 51 52 (-368 -32 640 ) (-368 -32 288 ) (-336 -32 288 ) (-336 -32 640 ) 
4 51 54 (-368 0 256 ) (-368 -32 256 ) (-368 -32 640 ) (-368 0 640 ) 
4 52 54 (-368 -48 288 ) (-368 -48 640 ) (-368 -32 640 ) (-368 -32 288 ) 
4 52 53 (-368 -48 640 ) (-368 -48 288 ) (-336 -48 288 ) (-336 -48 640 ) 
4 53 57 (-336 -1024 256 ) (-368 -1024 256 ) (-368 -64 256 ) (-336 -64 256 ) 
4 53 54 (-368 -48 256 ) (-368 -1024 256 ) (-368 -1024 640 ) (-368 -48 640 ) 
4 54 56 (-384 -21.333199 256 ) (-384 0 256 ) (-368 0 256 ) (-368 -21.333199 256 ) 
4 54 57 (-368 -1024 256 ) (-384 -1024 256 ) (-384 -64 256 ) (-368 -64 256 ) 
4 54 58 (-384 -1024 256 ) (-1024 -1024 256 ) (-1024 0 256 ) (-384 0 256 ) 
4 55 59 (-320 0 128 ) (0 0 128 ) (0 -1024 128 ) (-320 -1024 128 ) 
3 55 56 (-320 -21.333199 256 ) (-320 0 256 ) (-320 0 224 ) 
4 55 57 (-320 -64 128 ) (-320 -1024 128 ) (-320 -1024 256 ) (-320 -64 256 ) 
3 56 58 (-384 -21.333199 256 ) (-384 0 256 ) (-384 0 224 ) 
4 57 60 (-320 -64 128 ) (-320 -128 128 ) (-384 -128 128 ) (-384 -64 128 ) 
4 57 61 (-320 -128 128 ) (-320 -1024 128 ) (-384 -1024 128 ) (-384 -128 128 ) 
4 57 58 (-384 -64 128 ) (-384 -1024 128 ) (-384 -1024 256 ) (-384 -64 256 ) 
4 58 62 (-448 0 128 ) (-384 0 128 ) (-384 -64 128 ) (-448 -64 128 ) 
4 58 63 (-384 -192 128 ) (-384 -1024 128 ) (-448 -1024 128 ) (-448 -192 128 ) 
4 58 64 (-1024 -1024 128 ) (-1024 0 128 ) (-448 0 128 ) (-448 -1024 128 ) 
3 59 60 (-320 0 64 ) (-320 -128 128 ) (-320 0 128 ) 
4 59 61 (-320 -128 64 ) (-320 -1024 64 ) (-320 -1024 128 ) (-320 -128 128 ) 
4 60 62 (-384 0 64 ) (-384 -64 96 ) (-384 -64 128 ) (-384 0 128 ) 
4 61 63 (-384 -192 64 ) (-384 -1024 64 ) (-384 -1024 128 ) (-384 -192 128 ) 
4 62 64 (-448 0 64 ) (-448 -64 64 ) (-448 -64 128 ) (-448 0 128 ) 
4 63 64 (-448 -192 64 ) (-448 -1024 64 ) (-448 -1024 128 ) (-448 -192 128 ) 
