PRT1
232
630
4 0 2 (4096 0 -512 ) (4096 0 1792 ) (4096 1024 1792 ) (4096 1024 -512 ) 
4 0 1 (4096 0 1792 ) (4096 0 -512 ) (4608 0 -512 ) (4608 0 1792 ) 
4 1 8 (4608 -1024 -512 ) (4608 -1024 1792 ) (4096 -1024 1792 ) (4096 -1024 -512 ) 
4 1 3 (4096 -1024 -512 ) (4096 -1024 1792 ) (4096 0 1792 ) (4096 0 -512 ) 
4 2 4 (3072 0 -512 ) (3072 0 1792 ) (3072 1024 1792 ) (3072 1024 -512 ) 
4 2 3 (4096 0 -512 ) (4096 0 1792 ) (3072 0 1792 ) (3072 0 -512 ) 
4 3 10 (4096 -1024 -512 ) (4096 -1024 1792 ) (3072 -1024 1792 ) (3072 -1024 -512 ) 
4 3 6 (3072 -1024 -512 ) (3072 -1024 1792 ) (3072 0 1792 ) (3072 0 -512 ) 
4 4 6 (3072 0 -512 ) (3072 0 1792 ) (2048 0 1792 ) (2048 0 -512 ) 
4 4 5 (2048 0 -512 ) (2048 0 1792 ) (2048 1024 1792 ) (2048 1024 -512 ) 
4 5 39 (1024 0 -512 ) (1024 0 -64 ) (1024 1024 -64 ) (1024 1024 -512 ) 
4 5 37 (1024 0 -64 ) (1024 0 0 ) (1024 1024 0 ) (1024 1024 -64 ) 
4 5 33 (1024 0 0 ) (1024 0 64 ) (1024 1024 64 ) (1024 1024 0 ) 
4 5 25 (1024 0 64 ) (1024 0 192 ) (1024 1024 192 ) (1024 1024 64 ) 
4 5 24 (1024 0 192 ) (1024 0 1792 ) (1024 1024 1792 ) (1024 1024 192 ) 
4 5 7 (2048 0 -512 ) (2048 0 1792 ) (1024 0 1792 ) (1024 0 -512 ) 
4 6 12 (3072 -1024 -512 ) (3072 -1024 1792 ) (2048 -1024 1792 ) (2048 -1024 -512 ) 
4 6 7 (2048 0 1792 ) (2048 0 -512 ) (2048 -1024 -512 ) (2048 -1024 1792 ) 
4 7 81 (1024 -1024 -512 ) (1024 -1024 -136 ) (1024 -320 -136 ) (1024 -320 -512 ) 
4 7 78 (1024 -1024 -136 ) (1024 -1024 -128 ) (1024 -320 -128 ) (1024 -320 -136 ) 
4 7 75 (1024 -1024 -128 ) (1024 -1024 0 ) (1024 -320 0 ) (1024 -320 -128 ) 
4 7 73 (1024 -1024 0 ) (1024 -1024 64 ) (1024 -320 64 ) (1024 -320 0 ) 
4 7 71 (1024 -608 192 ) (1024 -608 64 ) (1024 -640 64 ) (1024 -640 192 ) 
4 7 70 (1024 -640 256 ) (1024 -608 256 ) (1024 -608 192 ) (1024 -640 192 ) 
4 7 67 (1024 -608 256 ) (1024 -536 256 ) (1024 -536 64 ) (1024 -608 64 ) 
4 7 72 (1024 -1024 64 ) (1024 -1024 256 ) (1024 -640 256 ) (1024 -640 64 ) 
4 7 66 (1024 -1024 256 ) (1024 -1024 1792 ) (1024 -536 1792 ) (1024 -536 256 ) 
4 7 65 (1024 -320 192 ) (1024 -320 64 ) (1024 -536 64 ) (1024 -536 192 ) 
4 7 58 (1024 -536 1792 ) (1024 -320 1792 ) (1024 -320 192 ) (1024 -536 192 ) 
4 7 56 (1024 0 0 ) (1024 0 -512 ) (1024 -320 -512 ) (1024 -320 0 ) 
4 7 54 (1024 0 64 ) (1024 0 0 ) (1024 -320 0 ) (1024 -320 64 ) 
4 7 46 (1024 0 192 ) (1024 0 64 ) (1024 -320 64 ) (1024 -320 192 ) 
4 7 41 (1024 0 320 ) (1024 0 192 ) (1024 -320 192 ) (1024 -320 320 ) 
4 7 40 (1024 -320 1792 ) (1024 0 1792 ) (1024 0 320 ) (1024 -320 320 ) 
4 7 13 (2048 -1024 -512 ) (2048 -1024 1792 ) (1024 -1024 1792 ) (1024 -1024 -512 ) 
4 8 10 (4096 -2048 -512 ) (4096 -2048 1792 ) (4096 -1024 1792 ) (4096 -1024 -512 ) 
4 8 9 (4608 -2048 -512 ) (4608 -2048 1792 ) (4096 -2048 1792 ) (4096 -2048 -512 ) 
4 9 16 (4608 -3072 -512 ) (4608 -3072 1792 ) (4096 -3072 1792 ) (4096 -3072 -512 ) 
4 9 11 (4096 -3072 -512 ) (4096 -3072 1792 ) (4096 -2048 1792 ) (4096 -2048 -512 ) 
4 10 12 (3072 -1024 1792 ) (3072 -1024 -512 ) (3072 -2048 -512 ) (3072 -2048 1792 ) 
4 10 11 (4096 -2048 -512 ) (4096 -2048 1792 ) (3072 -2048 1792 ) (3072 -2048 -512 ) 
4 11 18 (4096 -3072 -512 ) (4096 -3072 1792 ) (3072 -3072 1792 ) (3072 -3072 -512 ) 
4 11 14 (3072 -3072 -512 ) (3072 -3072 1792 ) (3072 -2048 1792 ) (3072 -2048 -512 ) 
4 12 14 (3072 -2048 -512 ) (3072 -2048 1792 ) (2048 -2048 1792 ) (2048 -2048 -512 ) 
4 12 13 (2048 -1024 1792 ) (2048 -1024 -512 ) (2048 -2048 -512 ) (2048 -2048 1792 ) 
4 13 216 (1024 -2048 -512 ) (1024 -2048 1792 ) (1024 -1024 1792 ) (1024 -1024 -512 ) 
4 13 15 (2048 -2048 -512 ) (2048 -2048 1792 ) (1024 -2048 1792 ) (1024 -2048 -512 ) 
4 14 19 (3072 -3072 -512 ) (3072 -3072 1792 ) (2048 -3072 1792 ) (2048 -3072 -512 ) 
4 14 15 (2048 -2048 1792 ) (2048 -2048 -512 ) (2048 -3072 -512 ) (2048 -3072 1792 ) 
4 15 217 (1024 -3072 -512 ) (1024 -3072 1792 ) (1024 -2048 1792 ) (1024 -2048 -512 ) 
4 15 20 (1024 -3072 1792 ) (1024 -3072 -512 ) (2048 -3072 -512 ) (2048 -3072 1792 ) 
4 16 18 (4096 -3072 1792 ) (4096 -3072 -512 ) (4096 -4096 -512 ) (4096 -4096 1792 ) 
4 16 17 (4608 -4096 -512 ) (4608 -4096 1792 ) (4096 -4096 1792 ) (4096 -4096 -512 ) 
4 17 21 (4096 -4608 -512 ) (4096 -4608 1792 ) (4096 -4096 1792 ) (4096 -4096 -512 ) 
4 18 21 (4096 -4096 -512 ) (4096 -4096 1792 ) (3072 -4096 1792 ) (3072 -4096 -512 ) 
4 18 19 (3072 -3072 1792 ) (3072 -3072 -512 ) (3072 -4096 -512 ) (3072 -4096 1792 ) 
4 19 22 (3072 -4096 -512 ) (3072 -4096 1792 ) (2048 -4096 1792 ) (2048 -4096 -512 ) 
4 19 20 (2048 -4096 -512 ) (2048 -4096 1792 ) (2048 -3072 1792 ) (2048 -3072 -512 ) 
4 20 222 (1024 -4096 -512 ) (1024 -4096 1792 ) (1024 -3072 1792 ) (1024 -3072 -512 ) 
4 20 23 (1024 -4096 1792 ) (1024 -4096 -512 ) (2048 -4096 -512 ) (2048 -4096 1792 ) 
4 21 22 (3072 -4096 1792 ) (3072 -4096 -512 ) (3072 -4608 -512 ) (3072 -4608 1792 ) 
4 22 23 (2048 -4096 1792 ) (2048 -4096 -512 ) (2048 -4608 -512 ) (2048 -4608 1792 ) 
4 23 225 (1024 -4608 -512 ) (1024 -4608 1792 ) (1024 -4096 1792 ) (1024 -4096 -512 ) 
4 24 82 (0 0 192 ) (0 0 1792 ) (0 1024 1792 ) (0 1024 192 ) 
4 24 45 (480 0 320 ) (0 0 320 ) (0 0 192 ) (480 0 192 ) 
4 24 42 (504 0 304 ) (504 0 192 ) (552 0 192 ) (552 0 304 ) 
4 24 41 (1024 0 192 ) (1024 0 320 ) (576 0 320 ) (576 0 192 ) 
4 24 40 (1024 0 320 ) (1024 0 1792 ) (0 0 1792 ) (0 0 320 ) 
4 24 31 (384 0 192 ) (320 0 192 ) (320 176 192 ) (384 176 192 ) 
4 24 30 (432 0 192 ) (384 0 192 ) (384 192 192 ) (432 192 192 ) 
4 24 32 (320 0 192 ) (0 0 192 ) (0 192 192 ) (320 192 192 ) 
4 24 28 (432 128 192 ) (432 192 192 ) (448 192 192 ) (448 128 192 ) 
4 24 29 (448 0 192 ) (432 0 192 ) (432 64 192 ) (448 64 192 ) 
4 24 27 (0 256 192 ) (0 1024 192 ) (448 1024 192 ) (448 256 192 ) 
4 24 26 (448 192 192 ) (448 1024 192 ) (704 1024 192 ) (704 192 192 ) 
4 24 25 (1024 0 192 ) (704 0 192 ) (704 1024 192 ) (1024 1024 192 ) 
4 25 46 (1024 0 64 ) (1024 0 192 ) (704 0 192 ) (704 0 64 ) 
4 25 33 (704 1024 64 ) (1024 1024 64 ) (1024 0 64 ) (704 0 64 ) 
4 25 26 (704 1024 64 ) (704 192 64 ) (704 192 192 ) (704 1024 192 ) 
4 26 34 (448 1024 64 ) (504 1024 64 ) (504 192 64 ) (448 192 64 ) 
4 26 33 (504 1024 64 ) (704 1024 64 ) (704 192 64 ) (504 192 64 ) 
4 26 27 (448 1024 64 ) (448 256 64 ) (448 256 192 ) (448 1024 192 ) 
4 27 83 (0 256 192 ) (0 1024 192 ) (0 1024 64 ) (0 256 64 ) 
4 27 35 (0 256 64 ) (0 1024 64 ) (448 1024 64 ) (448 256 64 ) 
4 28 36 (432 192 64 ) (448 192 64 ) (448 128 64 ) (432 128 64 ) 
4 28 30 (432 192 192 ) (432 192 64 ) (432 128 64 ) (432 128 192 ) 
4 29 48 (440 0 192 ) (432 0 192 ) (432 0 64 ) (440 0 64 ) 
4 29 36 (448 64 64 ) (448 0 64 ) (432 0 64 ) (432 64 64 ) 
4 29 30 (432 64 64 ) (432 0 64 ) (432 0 192 ) (432 64 192 ) 
4 30 48 (432 0 192 ) (384 0 192 ) (384 0 64 ) (432 0 64 ) 
4 30 36 (384 192 64 ) (432 192 64 ) (432 0 64 ) (384 0 64 ) 
4 30 31 (384 176 64 ) (384 0 64 ) (384 0 192 ) (384 176 192 ) 
4 31 48 (384 0 192 ) (320 0 192 ) (320 0 64 ) (384 0 64 ) 
4 31 36 (384 176 64 ) (384 0 64 ) (320 0 64 ) (320 176 64 ) 
4 31 32 (320 176 64 ) (320 0 64 ) (320 0 192 ) (320 176 192 ) 
4 32 84 (0 0 64 ) (0 0 192 ) (0 192 192 ) (0 192 64 ) 
4 32 48 (320 0 192 ) (0 0 192 ) (0 0 64 ) (320 0 64 ) 
4 32 36 (0 0 64 ) (0 192 64 ) (320 192 64 ) (320 0 64 ) 
4 33 54 (1024 0 0 ) (1024 0 64 ) (504 0 64 ) (504 0 0 ) 
4 33 37 (1024 0 0 ) (504 0 0 ) (504 1024 0 ) (1024 1024 0 ) 
4 33 34 (504 1024 0 ) (504 192 0 ) (504 192 64 ) (504 1024 64 ) 
4 34 37 (448 192 0 ) (448 1024 0 ) (504 1024 0 ) (504 192 0 ) 
4 34 35 (448 1024 0 ) (448 256 0 ) (448 256 64 ) (448 1024 64 ) 
4 35 91 (0 256 64 ) (0 1024 64 ) (0 1024 0 ) (0 256 0 ) 
4 35 38 (0 256 0 ) (0 1024 0 ) (448 1024 0 ) (448 256 0 ) 
4 36 92 (0 0 0 ) (0 0 64 ) (0 192 64 ) (0 192 0 ) 
4 36 55 (448 0 64 ) (0 0 64 ) (0 0 0 ) (448 0 0 ) 
4 37 56 (1024 0 -64 ) (1024 0 0 ) (448 0 0 ) (448 0 -64 ) 
4 37 39 (448 1024 -64 ) (1024 1024 -64 ) (1024 0 -64 ) (448 0 -64 ) 
4 37 38 (448 1024 -64 ) (448 192 -64 ) (448 192 0 ) (448 1024 0 ) 
4 38 95 (0 192 0 ) (0 1024 0 ) (0 1024 -64 ) (0 192 -64 ) 
4 38 39 (0 192 -64 ) (0 1024 -64 ) (448 1024 -64 ) (448 192 -64 ) 
4 39 97 (0 0 -512 ) (0 0 -64 ) (0 1024 -64 ) (0 1024 -512 ) 
4 39 57 (448 0 -64 ) (0 0 -64 ) (0 0 -512 ) (448 0 -512 ) 
4 39 56 (1024 0 -512 ) (1024 0 -64 ) (448 0 -64 ) (448 0 -512 ) 
4 40 99 (0 -320 320 ) (0 -320 1792 ) (0 0 1792 ) (0 0 320 ) 
4 40 60 (0 -320 1792 ) (0 -320 320 ) (488 -320 320 ) (488 -320 1792 ) 
4 40 59 (488 -320 320 ) (576 -320 320 ) (576 -320 1792 ) (488 -320 1792 ) 
4 40 58 (576 -320 320 ) (1024 -320 320 ) (1024 -320 1792 ) (576 -320 1792 ) 
4 40 44 (488 -320 320 ) (480 -320 320 ) (480 -128 320 ) (488 -128 320 ) 
4 40 43 (480 -112 320 ) (480 -16 320 ) (488 -16 320 ) (488 -112 320 ) 
4 40 45 (480 -320 320 ) (0 -320 320 ) (0 0 320 ) (480 0 320 ) 
4 40 41 (1024 -320 320 ) (576 -320 320 ) (576 0 320 ) (1024 0 320 ) 
4 41 58 (576 -320 192 ) (1024 -320 192 ) (1024 -320 320 ) (576 -320 320 ) 
4 41 46 (1024 -320 192 ) (576 -320 192 ) (576 0 192 ) (1024 0 192 ) 
4 43 45 (480 -16 192 ) (480 -112 192 ) (480 -112 320 ) (480 -16 320 ) 
4 44 61 (480 -320 192 ) (488 -320 192 ) (488 -320 256 ) (480 -320 256 ) 
4 44 60 (488 -320 256 ) (488 -320 320 ) (480 -320 320 ) (480 -320 256 ) 
4 44 45 (480 -128 192 ) (480 -320 192 ) (480 -320 320 ) (480 -128 320 ) 
4 45 100 (0 -320 192 ) (0 -320 256 ) (0 0 256 ) (0 0 192 ) 
4 45 99 (0 -320 256 ) (0 -320 320 ) (0 0 320 ) (0 0 256 ) 
4 45 61 (0 -320 256 ) (0 -320 192 ) (480 -320 192 ) (480 -320 256 ) 
4 45 60 (0 -320 320 ) (0 -320 256 ) (480 -320 256 ) (480 -320 320 ) 
4 45 52 (320 -304 192 ) (320 -128 192 ) (384 -128 192 ) (384 -304 192 ) 
4 45 51 (432 -320 192 ) (384 -320 192 ) (384 -128 192 ) (432 -128 192 ) 
4 45 53 (320 -320 192 ) (0 -320 192 ) (0 -128 192 ) (320 -128 192 ) 
4 45 49 (432 -192 192 ) (432 -128 192 ) (448 -128 192 ) (448 -192 192 ) 
4 45 50 (448 -320 192 ) (432 -320 192 ) (432 -256 192 ) (448 -256 192 ) 
4 45 47 (448 -16 192 ) (448 -112 192 ) (440 -112 192 ) (440 -16 192 ) 
4 45 48 (0 -128 192 ) (0 0 192 ) (440 0 192 ) (440 -128 192 ) 
4 46 65 (576 -320 64 ) (1024 -320 64 ) (1024 -320 192 ) (576 -320 192 ) 
4 46 54 (1024 -320 64 ) (576 -320 64 ) (576 0 64 ) (1024 0 64 ) 
4 47 55 (448 -16 64 ) (448 -112 64 ) (440 -112 64 ) (440 -16 64 ) 
4 47 48 (440 -16 64 ) (440 -112 64 ) (440 -112 192 ) (440 -16 192 ) 
4 48 104 (0 -128 192 ) (0 0 192 ) (0 0 64 ) (0 -128 64 ) 
4 48 55 (0 -128 64 ) (0 0 64 ) (440 0 64 ) (440 -128 64 ) 
4 48 52 (320 -128 64 ) (384 -128 64 ) (384 -128 192 ) (320 -128 192 ) 
4 48 51 (384 -128 64 ) (432 -128 64 ) (432 -128 192 ) (384 -128 192 ) 
4 48 53 (0 -128 64 ) (320 -128 64 ) (320 -128 192 ) (0 -128 192 ) 
4 48 49 (432 -128 64 ) (440 -128 64 ) (440 -128 192 ) (432 -128 192 ) 
4 49 55 (432 -192 64 ) (432 -128 64 ) (448 -128 64 ) (448 -192 64 ) 
4 49 51 (432 -128 192 ) (432 -128 64 ) (432 -192 64 ) (432 -192 192 ) 
4 50 55 (448 -320 64 ) (432 -320 64 ) (432 -256 64 ) (448 -256 64 ) 
4 50 51 (432 -256 64 ) (432 -320 64 ) (432 -320 192 ) (432 -256 192 ) 
4 51 55 (432 -320 64 ) (384 -320 64 ) (384 -128 64 ) (432 -128 64 ) 
4 51 52 (384 -128 192 ) (384 -128 64 ) (384 -304 64 ) (384 -304 192 ) 
4 52 55 (320 -304 64 ) (320 -128 64 ) (384 -128 64 ) (384 -304 64 ) 
4 52 53 (320 -128 192 ) (320 -128 64 ) (320 -304 64 ) (320 -304 192 ) 
4 53 104 (0 -320 64 ) (0 -320 192 ) (0 -128 192 ) (0 -128 64 ) 
4 53 55 (320 -320 64 ) (0 -320 64 ) (0 -128 64 ) (320 -128 64 ) 
4 54 73 (504 -320 0 ) (1024 -320 0 ) (1024 -320 64 ) (504 -320 64 ) 
4 54 56 (1024 -320 0 ) (504 -320 0 ) (504 0 0 ) (1024 0 0 ) 
4 55 105 (0 -320 0 ) (0 -320 64 ) (0 0 64 ) (0 0 0 ) 
4 56 81 (448 -320 -512 ) (1024 -320 -512 ) (1024 -320 -136 ) (448 -320 -136 ) 
4 56 78 (1024 -320 -136 ) (1024 -320 -128 ) (448 -320 -128 ) (448 -320 -136 ) 
4 56 75 (1024 -320 -128 ) (1024 -320 0 ) (448 -320 0 ) (448 -320 -128 ) 
4 56 57 (448 0 -512 ) (448 -320 -512 ) (448 -320 -64 ) (448 0 -64 ) 
4 57 114 (0 -320 -512 ) (0 -320 -128 ) (0 0 -128 ) (0 0 -512 ) 
4 57 106 (0 -320 -128 ) (0 -320 -64 ) (0 0 -64 ) (0 0 -128 ) 
4 57 81 (0 -320 -136 ) (0 -320 -512 ) (448 -320 -512 ) (448 -320 -136 ) 
4 57 79 (0 -320 -128 ) (0 -320 -136 ) (352 -320 -136 ) (352 -320 -128 ) 
4 57 78 (352 -320 -136 ) (448 -320 -136 ) (448 -320 -128 ) (352 -320 -128 ) 
4 57 76 (0 -320 -64 ) (0 -320 -128 ) (352 -320 -128 ) (352 -320 -64 ) 
4 57 75 (352 -320 -128 ) (448 -320 -128 ) (448 -320 -64 ) (352 -320 -64 ) 
4 58 67 (576 -536 192 ) (1024 -536 192 ) (1024 -536 256 ) (576 -536 256 ) 
4 58 66 (1024 -536 256 ) (1024 -536 1792 ) (576 -536 1792 ) (576 -536 256 ) 
4 58 65 (1024 -536 192 ) (576 -536 192 ) (576 -320 192 ) (1024 -320 192 ) 
5 58 59 (576 -512 192 ) (576 -536 192 ) (576 -536 1792 ) (576 -320 1792 ) (576 -320 320 ) 
4 59 68 (488 -536 192 ) (576 -536 192 ) (576 -536 256 ) (488 -536 256 ) 
4 59 66 (576 -536 256 ) (576 -536 1792 ) (488 -536 1792 ) (488 -536 256 ) 
4 59 64 (488 -512 192 ) (488 -536 192 ) (488 -536 256 ) (488 -512 256 ) 
4 59 62 (488 -504 197.333328 ) (488 -512 192 ) (488 -512 256 ) (488 -504 256 ) 
3 59 61 (488 -416 256 ) (488 -504 197.333328 ) (488 -504 256 ) 
5 59 60 (488 -320 1792 ) (488 -320 320 ) (488 -416 256 ) (488 -536 256 ) (488 -536 1792 ) 
4 60 99 (0 -320 1792 ) (0 -320 256 ) (0 -536 256 ) (0 -536 1792 ) 
4 60 66 (0 -536 1792 ) (0 -536 256 ) (488 -536 256 ) (488 -536 1792 ) 
4 60 64 (488 -512 256 ) (488 -536 256 ) (136 -536 256 ) (136 -512 256 ) 
4 60 62 (488 -504 256 ) (488 -512 256 ) (136 -512 256 ) (136 -504 256 ) 
4 60 63 (104 -512 256 ) (0 -512 256 ) (0 -504 256 ) (104 -504 256 ) 
4 60 61 (0 -320 256 ) (488 -320 256 ) (488 -504 256 ) (0 -504 256 ) 
4 61 100 (0 -320 256 ) (0 -320 192 ) (0 -504 192 ) (0 -504 256 ) 
4 61 62 (136 -504 192 ) (488 -504 192 ) (488 -504 256 ) (136 -504 256 ) 
4 61 63 (0 -504 192 ) (104 -504 192 ) (104 -504 256 ) (0 -504 256 ) 
4 62 64 (136 -512 192 ) (488 -512 192 ) (488 -512 256 ) (136 -512 256 ) 
4 63 101 (0 -504 192 ) (0 -512 192 ) (0 -512 256 ) (0 -504 256 ) 
4 64 68 (136 -536 192 ) (488 -536 192 ) (488 -536 256 ) (136 -536 256 ) 
4 65 73 (576 -320 64 ) (1024 -320 64 ) (1024 -536 64 ) (576 -536 64 ) 
4 65 67 (576 -536 64 ) (1024 -536 64 ) (1024 -536 192 ) (576 -536 192 ) 
4 66 216 (1024 -1024 256 ) (1024 -1024 1792 ) (0 -1024 1792 ) (0 -1024 256 ) 
4 66 155 (0 -1024 256 ) (0 -1024 1792 ) (0 -584 1792 ) (0 -584 256 ) 
4 66 117 (0 -584 1792 ) (0 -536 1792 ) (0 -536 256 ) (0 -584 256 ) 
4 66 70 (136 -608 256 ) (1024 -608 256 ) (1024 -640 256 ) (136 -640 256 ) 
4 66 69 (128 -584 256 ) (576 -584 256 ) (576 -608 256 ) (128 -608 256 ) 
4 66 68 (128 -536 256 ) (576 -536 256 ) (576 -584 256 ) (128 -584 256 ) 
4 66 67 (576 -536 256 ) (1024 -536 256 ) (1024 -608 256 ) (576 -608 256 ) 
4 66 72 (1024 -1024 256 ) (0 -1024 256 ) (0 -640 256 ) (1024 -640 256 ) 
4 67 73 (576 -536 64 ) (1024 -536 64 ) (1024 -608 64 ) (576 -608 64 ) 
4 67 71 (576 -608 64 ) (1024 -608 64 ) (1024 -608 192 ) (576 -608 192 ) 
4 67 70 (1024 -608 192 ) (1024 -608 256 ) (576 -608 256 ) (576 -608 192 ) 
4 67 69 (576 -608 192 ) (576 -608 256 ) (576 -584 256 ) (576 -584 192 ) 
4 67 68 (576 -584 256 ) (576 -536 256 ) (576 -536 192 ) (576 -584 192 ) 
4 68 69 (576 -584 192 ) (576 -584 256 ) (128 -584 256 ) (128 -584 192 ) 
4 69 70 (576 -608 192 ) (576 -608 256 ) (136 -608 256 ) (136 -608 192 ) 
4 70 71 (1024 -640 192 ) (576 -640 192 ) (576 -608 192 ) (1024 -608 192 ) 
4 70 72 (1024 -640 192 ) (1024 -640 256 ) (136 -640 256 ) (136 -640 192 ) 
4 71 73 (576 -608 64 ) (1024 -608 64 ) (1024 -640 64 ) (576 -640 64 ) 
4 71 72 (576 -640 64 ) (1024 -640 64 ) (1024 -640 192 ) (576 -640 192 ) 
4 72 216 (1024 -1024 64 ) (1024 -1024 256 ) (0 -1024 256 ) (0 -1024 64 ) 
4 72 158 (0 -1024 64 ) (0 -1024 256 ) (0 -640 256 ) (0 -640 64 ) 
4 72 74 (448 -1024 64 ) (0 -1024 64 ) (0 -640 64 ) (448 -640 64 ) 
4 72 73 (1024 -1024 64 ) (448 -1024 64 ) (448 -640 64 ) (1024 -640 64 ) 
4 73 216 (1024 -1024 0 ) (1024 -1024 64 ) (448 -1024 64 ) (448 -1024 0 ) 
4 73 75 (1024 -1024 0 ) (448 -1024 0 ) (448 -320 0 ) (1024 -320 0 ) 
4 73 74 (448 -384 0 ) (448 -1024 0 ) (448 -1024 64 ) (448 -384 64 ) 
4 74 216 (448 -1024 64 ) (0 -1024 64 ) (0 -1024 0 ) (448 -1024 0 ) 
4 74 159 (0 -1024 0 ) (0 -1024 64 ) (0 -584 64 ) (0 -584 0 ) 
4 74 120 (0 -584 64 ) (0 -536 64 ) (0 -536 0 ) (0 -584 0 ) 
4 74 109 (0 -536 64 ) (0 -384 64 ) (0 -384 0 ) (0 -536 0 ) 
4 74 77 (352 -1024 0 ) (0 -1024 0 ) (0 -384 0 ) (352 -384 0 ) 
4 74 75 (448 -1024 0 ) (352 -1024 0 ) (352 -384 0 ) (448 -384 0 ) 
4 75 216 (1024 -1024 -128 ) (1024 -1024 0 ) (352 -1024 0 ) (352 -1024 -128 ) 
4 75 78 (352 -320 -128 ) (1024 -320 -128 ) (1024 -1024 -128 ) (352 -1024 -128 ) 
4 75 76 (352 -320 -128 ) (352 -376 -128 ) (352 -376 0 ) (352 -320 0 ) 
4 75 77 (352 -384 -128 ) (352 -1024 -128 ) (352 -1024 0 ) (352 -384 0 ) 
4 76 107 (0 -376 0 ) (0 -320 0 ) (0 -320 -128 ) (0 -376 -128 ) 
4 76 79 (0 -376 -128 ) (0 -320 -128 ) (352 -320 -128 ) (352 -376 -128 ) 
4 77 216 (352 -1024 0 ) (0 -1024 0 ) (0 -1024 -128 ) (352 -1024 -128 ) 
4 77 159 (0 -1024 -128 ) (0 -1024 0 ) (0 -584 0 ) (0 -584 -128 ) 
4 77 135 (0 -536 -56 ) (0 -536 -128 ) (0 -584 -128 ) (0 -584 -56 ) 
4 77 120 (0 -584 0 ) (0 -536 0 ) (0 -536 -56 ) (0 -584 -56 ) 
4 77 109 (0 -536 0 ) (0 -384 0 ) (0 -384 -128 ) (0 -536 -128 ) 
4 77 80 (0 -1024 -128 ) (0 -736 -128 ) (352 -736 -128 ) (352 -1024 -128 ) 
4 78 216 (1024 -1024 -136 ) (1024 -1024 -128 ) (352 -1024 -128 ) (352 -1024 -136 ) 
4 78 81 (1024 -1024 -136 ) (352 -1024 -136 ) (352 -320 -136 ) (1024 -320 -136 ) 
4 78 79 (352 -320 -136 ) (352 -384 -136 ) (352 -384 -128 ) (352 -320 -128 ) 
4 78 80 (352 -736 -136 ) (352 -1024 -136 ) (352 -1024 -128 ) (352 -736 -128 ) 
4 79 114 (0 -384 -128 ) (0 -320 -128 ) (0 -320 -136 ) (0 -384 -136 ) 
4 79 81 (0 -384 -136 ) (0 -320 -136 ) (352 -320 -136 ) (352 -384 -136 ) 
4 80 216 (352 -1024 -128 ) (0 -1024 -128 ) (0 -1024 -136 ) (352 -1024 -136 ) 
4 80 165 (0 -1024 -136 ) (0 -1024 -128 ) (0 -736 -128 ) (0 -736 -136 ) 
4 80 81 (352 -1024 -136 ) (0 -1024 -136 ) (0 -736 -136 ) (352 -736 -136 ) 
4 81 216 (1024 -1024 -512 ) (1024 -1024 -136 ) (0 -1024 -136 ) (0 -1024 -512 ) 
4 81 167 (0 -1024 -512 ) (0 -1024 -136 ) (0 -584 -136 ) (0 -584 -512 ) 
4 81 154 (0 -584 -136 ) (0 -536 -136 ) (0 -536 -512 ) (0 -584 -512 ) 
4 81 115 (0 -536 -136 ) (0 -384 -136 ) (0 -384 -512 ) (0 -536 -512 ) 
4 81 114 (0 -384 -136 ) (0 -320 -136 ) (0 -320 -512 ) (0 -384 -512 ) 
4 82 196 (-488 0 1792 ) (-1024 0 1792 ) (-1024 0 192 ) (-488 0 192 ) 
4 82 168 (-440 0 1792 ) (-488 0 1792 ) (-488 0 192 ) (-440 0 192 ) 
4 82 100 (0 0 192 ) (0 0 256 ) (-440 0 256 ) (-440 0 192 ) 
4 82 99 (0 0 256 ) (0 0 1792 ) (-440 0 1792 ) (-440 0 256 ) 
4 82 98 (-1024 0 192 ) (-1024 0 1792 ) (-1024 1024 1792 ) (-1024 1024 192 ) 
4 82 89 (-704 1024 192 ) (-640 1024 192 ) (-640 192 192 ) (-704 192 192 ) 
4 82 90 (-1024 0 192 ) (-1024 1024 192 ) (-704 1024 192 ) (-704 0 192 ) 
4 82 87 (-640 128 192 ) (-640 192 192 ) (-624 192 192 ) (-624 128 192 ) 
4 82 88 (-624 0 192 ) (-640 0 192 ) (-640 64 192 ) (-624 64 192 ) 
4 82 86 (-576 0 192 ) (-624 0 192 ) (-624 192 192 ) (-576 192 192 ) 
4 82 85 (-512 0 192 ) (-576 0 192 ) (-576 176 192 ) (-512 176 192 ) 
4 82 84 (0 192 192 ) (0 0 192 ) (-512 0 192 ) (-512 192 192 ) 
4 82 83 (-640 1024 192 ) (0 1024 192 ) (0 256 192 ) (-640 256 192 ) 
4 83 91 (-640 256 64 ) (-640 1024 64 ) (0 1024 64 ) (0 256 64 ) 
4 83 89 (-640 1024 64 ) (-640 256 64 ) (-640 256 192 ) (-640 1024 192 ) 
4 84 197 (-488 0 192 ) (-512 0 192 ) (-512 0 64 ) (-488 0 64 ) 
4 84 168 (-440 0 192 ) (-488 0 192 ) (-488 0 64 ) (-440 0 64 ) 
4 84 104 (0 0 64 ) (0 0 192 ) (-440 0 192 ) (-440 0 64 ) 
4 84 92 (0 0 64 ) (-512 0 64 ) (-512 192 64 ) (0 192 64 ) 
4 84 85 (-512 176 64 ) (-512 0 64 ) (-512 0 192 ) (-512 176 192 ) 
4 85 198 (-512 0 192 ) (-576 0 192 ) (-576 0 64 ) (-512 0 64 ) 
4 85 92 (-512 0 64 ) (-576 0 64 ) (-576 176 64 ) (-512 176 64 ) 
4 85 86 (-576 176 64 ) (-576 0 64 ) (-576 0 192 ) (-576 176 192 ) 
4 86 199 (-576 0 192 ) (-624 0 192 ) (-624 0 64 ) (-576 0 64 ) 
4 86 92 (-576 0 64 ) (-624 0 64 ) (-624 192 64 ) (-576 192 64 ) 
4 86 87 (-624 192 192 ) (-624 192 64 ) (-624 128 64 ) (-624 128 192 ) 
4 86 88 (-624 64 64 ) (-624 0 64 ) (-624 0 192 ) (-624 64 192 ) 
4 87 92 (-640 128 64 ) (-640 192 64 ) (-624 192 64 ) (-624 128 64 ) 
4 88 200 (-624 0 192 ) (-640 0 192 ) (-640 0 64 ) (-624 0 64 ) 
4 88 92 (-624 0 64 ) (-640 0 64 ) (-640 64 64 ) (-624 64 64 ) 
4 89 93 (-704 192 64 ) (-704 1024 64 ) (-640 1024 64 ) (-640 192 64 ) 
4 89 90 (-704 1024 64 ) (-704 192 64 ) (-704 192 192 ) (-704 1024 192 ) 
4 90 204 (-704 0 192 ) (-1024 0 192 ) (-1024 0 64 ) (-704 0 64 ) 
4 90 98 (-1024 0 64 ) (-1024 0 192 ) (-1024 1024 192 ) (-1024 1024 64 ) 
4 90 94 (-704 0 64 ) (-1024 0 64 ) (-1024 1024 64 ) (-704 1024 64 ) 
4 91 95 (-640 1024 0 ) (0 1024 0 ) (0 256 0 ) (-640 256 0 ) 
4 91 93 (-640 1024 0 ) (-640 256 0 ) (-640 256 64 ) (-640 1024 64 ) 
4 92 205 (-488 0 64 ) (-640 0 64 ) (-640 0 0 ) (-488 0 0 ) 
4 92 171 (-440 0 64 ) (-488 0 64 ) (-488 0 0 ) (-440 0 0 ) 
4 92 105 (0 0 0 ) (0 0 64 ) (-440 0 64 ) (-440 0 0 ) 
4 93 96 (-704 1024 0 ) (-640 1024 0 ) (-640 192 0 ) (-704 192 0 ) 
4 93 94 (-704 1024 0 ) (-704 192 0 ) (-704 192 64 ) (-704 1024 64 ) 
4 94 209 (-704 0 64 ) (-1024 0 64 ) (-1024 0 0 ) (-704 0 0 ) 
4 94 98 (-1024 0 0 ) (-1024 0 64 ) (-1024 1024 64 ) (-1024 1024 0 ) 
4 94 96 (-1024 0 0 ) (-1024 1024 0 ) (-704 1024 0 ) (-704 0 0 ) 
4 95 97 (-640 192 -64 ) (-640 1024 -64 ) (0 1024 -64 ) (0 192 -64 ) 
4 95 96 (-640 1024 -64 ) (-640 192 -64 ) (-640 192 0 ) (-640 1024 0 ) 
4 96 212 (-640 0 0 ) (-1024 0 0 ) (-1024 0 -64 ) (-640 0 -64 ) 
4 96 98 (-1024 0 -64 ) (-1024 0 0 ) (-1024 1024 0 ) (-1024 1024 -64 ) 
4 96 97 (-640 0 -64 ) (-1024 0 -64 ) (-1024 1024 -64 ) (-640 1024 -64 ) 
4 97 210 (-488 0 -64 ) (-640 0 -64 ) (-640 0 -512 ) (-488 0 -512 ) 
4 97 212 (-640 0 -64 ) (-1024 0 -64 ) (-1024 0 -512 ) (-640 0 -512 ) 
4 97 194 (-440 0 -64 ) (-488 0 -64 ) (-488 0 -512 ) (-440 0 -512 ) 
4 97 114 (0 0 -512 ) (0 0 -128 ) (-224 0 -128 ) (-224 0 -512 ) 
4 97 116 (-224 0 -128 ) (-440 0 -128 ) (-440 0 -512 ) (-224 0 -512 ) 
4 97 106 (0 0 -128 ) (0 0 -64 ) (-440 0 -64 ) (-440 0 -128 ) 
4 97 98 (-1024 0 -512 ) (-1024 0 -64 ) (-1024 1024 -64 ) (-1024 1024 -512 ) 
4 98 214 (-2048 0 -512 ) (-2048 0 1792 ) (-2048 1024 1792 ) (-2048 1024 -512 ) 
4 98 213 (-1024 0 -512 ) (-1024 0 1792 ) (-2048 0 1792 ) (-2048 0 -512 ) 
4 99 169 (-440 -536 256 ) (-440 -536 1792 ) (-440 -320 1792 ) (-440 -320 256 ) 
4 99 168 (-440 -320 1792 ) (-440 0 1792 ) (-440 0 256 ) (-440 -320 256 ) 
4 99 119 (-440 -536 1792 ) (-440 -536 256 ) (-224 -536 256 ) (-224 -536 1792 ) 
4 99 117 (-224 -536 256 ) (0 -536 256 ) (0 -536 1792 ) (-224 -536 1792 ) 
4 99 103 (-200 -536 256 ) (-440 -536 256 ) (-440 -512 256 ) (-200 -512 256 ) 
4 99 102 (-440 -512 256 ) (-440 -504 256 ) (-200 -504 256 ) (-200 -512 256 ) 
4 99 101 (-168 -504 256 ) (0 -504 256 ) (0 -512 256 ) (-168 -512 256 ) 
4 99 100 (-440 -504 256 ) (-440 0 256 ) (0 0 256 ) (0 -504 256 ) 
4 100 169 (-440 -504 256 ) (-440 -320 256 ) (-440 -320 192 ) (-440 -504 192 ) 
4 100 168 (-440 -320 256 ) (-440 0 256 ) (-440 0 192 ) (-440 -320 192 ) 
4 100 104 (-440 -320 192 ) (-440 0 192 ) (0 0 192 ) (0 -320 192 ) 
4 100 102 (-440 -504 192 ) (-200 -504 192 ) (-200 -504 256 ) (-440 -504 256 ) 
4 100 101 (-168 -504 192 ) (0 -504 192 ) (0 -504 256 ) (-168 -504 256 ) 
4 102 169 (-440 -512 256 ) (-440 -504 256 ) (-440 -504 192 ) (-440 -512 192 ) 
4 102 103 (-440 -512 192 ) (-200 -512 192 ) (-200 -512 256 ) (-440 -512 256 ) 
4 103 169 (-440 -536 192 ) (-440 -536 256 ) (-440 -512 256 ) (-440 -512 192 ) 
4 103 119 (-440 -536 256 ) (-440 -536 192 ) (-224 -536 192 ) (-224 -536 256 ) 
4 103 118 (-224 -536 192 ) (-200 -536 192 ) (-200 -536 256 ) (-224 -536 256 ) 
4 104 168 (-440 -320 192 ) (-440 0 192 ) (-440 0 64 ) (-440 -320 64 ) 
4 104 105 (-440 -320 64 ) (-440 0 64 ) (0 0 64 ) (0 -320 64 ) 
4 105 171 (-440 -320 64 ) (-440 0 64 ) (-440 0 0 ) (-440 -320 0 ) 
4 106 194 (-440 0 -64 ) (-440 0 -128 ) (-440 -320 -128 ) (-440 -320 -64 ) 
4 106 114 (-224 0 -128 ) (0 0 -128 ) (0 -320 -128 ) (-224 -320 -128 ) 
4 106 116 (-440 -320 -128 ) (-440 0 -128 ) (-224 0 -128 ) (-224 -320 -128 ) 
4 106 107 (-440 -320 -128 ) (0 -320 -128 ) (0 -320 -64 ) (-440 -320 -64 ) 
4 107 195 (-440 -320 -128 ) (-440 -376 -128 ) (-440 -376 -8 ) (-440 -320 -8 ) 
4 107 192 (-440 -376 -8 ) (-440 -376 0 ) (-440 -320 0 ) (-440 -320 -8 ) 
4 107 114 (-224 -320 -128 ) (0 -320 -128 ) (0 -376 -128 ) (-224 -376 -128 ) 
4 107 116 (-440 -376 -128 ) (-440 -320 -128 ) (-224 -320 -128 ) (-224 -376 -128 ) 
4 107 108 (-440 -376 -128 ) (-224 -376 -128 ) (-224 -376 0 ) (-440 -376 0 ) 
4 108 195 (-440 -376 -128 ) (-440 -384 -128 ) (-440 -384 -8 ) (-440 -376 -8 ) 
4 108 192 (-440 -384 -8 ) (-440 -384 0 ) (-440 -376 0 ) (-440 -376 -8 ) 
4 108 116 (-440 -384 -128 ) (-440 -376 -128 ) (-224 -376 -128 ) (-224 -384 -128 ) 
4 108 113 (-440 -384 -128 ) (-432 -384 -128 ) (-432 -384 -8 ) (-440 -384 -8 ) 
4 108 112 (-432 -384 -128 ) (-256 -384 -128 ) (-256 -384 0 ) (-432 -384 0 ) 
4 108 110 (-256 -384 -128 ) (-224 -384 -128 ) (-224 -384 0 ) (-256 -384 0 ) 
4 109 135 (-224 -536 -128 ) (0 -536 -128 ) (0 -536 -56 ) (-224 -536 -56 ) 
4 109 120 (0 -536 -56 ) (0 -536 64 ) (-224 -536 64 ) (-224 -536 -56 ) 
4 109 111 (-224 -536 -28 ) (-224 -536 64 ) (-224 -528 64 ) (-224 -528 -28 ) 
4 109 110 (-224 -384 64 ) (-224 -384 -128 ) (-224 -528 -128 ) (-224 -528 64 ) 
4 110 116 (-256 -528 -128 ) (-256 -384 -128 ) (-224 -384 -128 ) (-224 -528 -128 ) 
4 110 112 (-256 -384 64 ) (-256 -384 -128 ) (-256 -528 -128 ) (-256 -528 64 ) 
4 110 111 (-256 -528 64 ) (-256 -528 -28 ) (-224 -528 -28 ) (-224 -528 64 ) 
4 111 121 (-224 -536 -20 ) (-224 -536 64 ) (-256 -536 64 ) (-256 -536 -20 ) 
4 112 116 (-432 -528 -128 ) (-432 -384 -128 ) (-256 -384 -128 ) (-256 -528 -128 ) 
4 112 113 (-432 -384 -8 ) (-432 -384 -128 ) (-432 -528 -128 ) (-432 -528 -8 ) 
4 113 195 (-440 -536 -128 ) (-440 -536 -8 ) (-440 -384 -8 ) (-440 -384 -128 ) 
4 113 152 (-440 -536 -56 ) (-440 -536 -128 ) (-432 -536 -128 ) (-432 -536 -56 ) 
4 113 134 (-440 -536 -16 ) (-440 -536 -56 ) (-432 -536 -56 ) (-432 -536 -16 ) 
4 113 116 (-432 -536 -128 ) (-440 -536 -128 ) (-440 -384 -128 ) (-432 -384 -128 ) 
4 114 115 (-224 -384 -136 ) (-224 -384 -512 ) (0 -384 -512 ) (0 -384 -136 ) 
4 114 116 (-224 0 -512 ) (-224 -384 -512 ) (-224 -384 -128 ) (-224 0 -128 ) 
4 115 154 (-224 -536 -512 ) (0 -536 -512 ) (0 -536 -136 ) (-224 -536 -136 ) 
4 115 116 (-224 -384 -512 ) (-224 -536 -512 ) (-224 -536 -136 ) (-224 -384 -136 ) 
4 116 194 (-440 -320 -128 ) (-440 0 -128 ) (-440 0 -512 ) (-440 -320 -512 ) 
4 116 195 (-440 -536 -512 ) (-440 -536 -128 ) (-440 -320 -128 ) (-440 -320 -512 ) 
4 116 154 (-440 -536 -136 ) (-440 -536 -512 ) (-224 -536 -512 ) (-224 -536 -136 ) 
4 116 153 (-440 -536 -128 ) (-440 -536 -136 ) (-320 -536 -136 ) (-320 -536 -128 ) 
4 117 155 (0 -584 256 ) (0 -584 1792 ) (-224 -584 1792 ) (-224 -584 256 ) 
4 117 119 (-224 -536 1792 ) (-224 -536 256 ) (-224 -584 256 ) (-224 -584 1792 ) 
4 117 118 (-192 -584 256 ) (-224 -584 256 ) (-224 -536 256 ) (-192 -536 256 ) 
4 118 156 (-192 -584 192 ) (-192 -584 256 ) (-200 -584 256 ) (-200 -584 192 ) 
4 118 157 (-200 -584 256 ) (-224 -584 256 ) (-224 -584 192 ) (-200 -584 192 ) 
4 118 119 (-224 -536 256 ) (-224 -536 192 ) (-224 -584 192 ) (-224 -584 256 ) 
4 119 169 (-440 -584 192 ) (-440 -584 1792 ) (-440 -536 1792 ) (-440 -536 192 ) 
4 119 157 (-440 -584 256 ) (-440 -584 192 ) (-224 -584 192 ) (-224 -584 256 ) 
4 119 155 (-440 -584 1792 ) (-440 -584 256 ) (-224 -584 256 ) (-224 -584 1792 ) 
4 120 159 (-224 -584 -56 ) (0 -584 -56 ) (0 -584 64 ) (-224 -584 64 ) 
4 120 135 (0 -584 -56 ) (-224 -584 -56 ) (-224 -536 -56 ) (0 -536 -56 ) 
4 120 121 (-224 -584 -20 ) (-224 -584 64 ) (-224 -536 64 ) (-224 -536 -20 ) 
4 120 122 (-224 -536 -56 ) (-224 -584 -56 ) (-224 -584 -28 ) (-224 -536 -28 ) 
4 121 160 (-224 -584 -20 ) (-224 -584 64 ) (-256 -584 64 ) (-256 -584 -20 ) 
4 122 135 (-224 -584 -56 ) (-256 -584 -56 ) (-256 -536 -56 ) (-224 -536 -56 ) 
4 122 123 (-256 -536 -56 ) (-256 -584 -56 ) (-256 -584 -28 ) (-256 -536 -28 ) 
4 123 149 (-376 -584 -56 ) (-384 -584 -56 ) (-384 -536 -56 ) (-376 -536 -56 ) 
4 123 147 (-368 -584 -56 ) (-376 -584 -56 ) (-376 -536 -56 ) (-368 -536 -56 ) 
4 123 145 (-360 -584 -56 ) (-368 -584 -56 ) (-368 -536 -56 ) (-360 -536 -56 ) 
4 123 143 (-352 -584 -56 ) (-360 -584 -56 ) (-360 -536 -56 ) (-352 -536 -56 ) 
4 123 141 (-344 -584 -56 ) (-352 -584 -56 ) (-352 -536 -56 ) (-344 -536 -56 ) 
4 123 139 (-336 -584 -56 ) (-344 -584 -56 ) (-344 -536 -56 ) (-336 -536 -56 ) 
4 123 137 (-328 -584 -56 ) (-336 -584 -56 ) (-336 -536 -56 ) (-328 -536 -56 ) 
4 123 136 (-320 -584 -56 ) (-328 -584 -56 ) (-328 -536 -56 ) (-320 -536 -56 ) 
4 123 135 (-256 -584 -56 ) (-320 -584 -56 ) (-320 -536 -56 ) (-256 -536 -56 ) 
4 123 124 (-392 -584 -48 ) (-392 -584 108 ) (-392 -536 108 ) (-392 -536 -48 ) 
4 124 125 (-400 -584 -40 ) (-400 -584 108 ) (-400 -536 108 ) (-400 -536 -40 ) 
4 125 127 (-408 -584 -32 ) (-408 -584 108 ) (-408 -536 108 ) (-408 -536 -32 ) 
4 126 152 (-400 -584 -56 ) (-408 -584 -56 ) (-408 -536 -56 ) (-400 -536 -56 ) 
4 126 128 (-408 -536 -56 ) (-408 -584 -56 ) (-408 -584 -48 ) (-408 -536 -48 ) 
4 127 129 (-416 -584 -24 ) (-416 -584 108 ) (-416 -536 108 ) (-416 -536 -24 ) 
4 128 152 (-408 -584 -56 ) (-416 -584 -56 ) (-416 -536 -56 ) (-408 -536 -56 ) 
4 128 130 (-416 -536 -56 ) (-416 -584 -56 ) (-416 -584 -40 ) (-416 -536 -40 ) 
4 129 131 (-424 -584 -16 ) (-424 -584 108 ) (-424 -536 108 ) (-424 -536 -16 ) 
4 130 152 (-416 -584 -56 ) (-424 -584 -56 ) (-424 -536 -56 ) (-416 -536 -56 ) 
4 130 132 (-424 -536 -56 ) (-424 -584 -56 ) (-424 -584 -32 ) (-424 -536 -32 ) 
4 131 133 (-432 -584 -8 ) (-432 -584 108 ) (-432 -536 108 ) (-432 -536 -8 ) 
4 132 152 (-424 -584 -56 ) (-432 -584 -56 ) (-432 -536 -56 ) (-424 -536 -56 ) 
4 132 134 (-432 -536 -56 ) (-432 -584 -56 ) (-432 -584 -24 ) (-432 -536 -24 ) 
4 133 185 (-440 -584 0 ) (-440 -584 64 ) (-440 -536 64 ) (-440 -536 0 ) 
4 133 170 (-440 -584 64 ) (-440 -584 108 ) (-440 -536 108 ) (-440 -536 64 ) 
4 134 195 (-440 -584 -56 ) (-440 -584 -16 ) (-440 -536 -16 ) (-440 -536 -56 ) 
4 134 163 (-440 -584 -16 ) (-440 -584 -56 ) (-432 -584 -56 ) (-432 -584 -16 ) 
4 134 152 (-432 -584 -56 ) (-440 -584 -56 ) (-440 -536 -56 ) (-432 -536 -56 ) 
4 135 159 (-224 -584 -128 ) (0 -584 -128 ) (0 -584 -56 ) (-224 -584 -56 ) 
4 135 136 (-320 -584 -120 ) (-320 -584 -56 ) (-320 -536 -56 ) (-320 -536 -120 ) 
4 136 137 (-328 -584 -112 ) (-328 -584 -56 ) (-328 -536 -56 ) (-328 -536 -112 ) 
4 137 139 (-336 -584 -104 ) (-336 -584 -56 ) (-336 -536 -56 ) (-336 -536 -104 ) 
4 138 153 (-328 -584 -128 ) (-336 -584 -128 ) (-336 -536 -128 ) (-328 -536 -128 ) 
4 138 140 (-336 -536 -128 ) (-336 -584 -128 ) (-336 -584 -120 ) (-336 -536 -120 ) 
4 139 141 (-344 -584 -96 ) (-344 -584 -56 ) (-344 -536 -56 ) (-344 -536 -96 ) 
4 140 153 (-336 -584 -128 ) (-344 -584 -128 ) (-344 -536 -128 ) (-336 -536 -128 ) 
4 140 142 (-344 -536 -128 ) (-344 -584 -128 ) (-344 -584 -112 ) (-344 -536 -112 ) 
4 141 143 (-352 -584 -88 ) (-352 -584 -56 ) (-352 -536 -56 ) (-352 -536 -88 ) 
4 142 153 (-344 -584 -128 ) (-352 -584 -128 ) (-352 -536 -128 ) (-344 -536 -128 ) 
4 142 144 (-352 -536 -128 ) (-352 -584 -128 ) (-352 -584 -104 ) (-352 -536 -104 ) 
4 143 145 (-360 -584 -80 ) (-360 -584 -56 ) (-360 -536 -56 ) (-360 -536 -80 ) 
4 144 153 (-352 -584 -128 ) (-360 -584 -128 ) (-360 -536 -128 ) (-352 -536 -128 ) 
4 144 146 (-360 -536 -128 ) (-360 -584 -128 ) (-360 -584 -96 ) (-360 -536 -96 ) 
4 145 147 (-368 -584 -72 ) (-368 -584 -56 ) (-368 -536 -56 ) (-368 -536 -72 ) 
4 146 153 (-360 -584 -128 ) (-368 -584 -128 ) (-368 -536 -128 ) (-360 -536 -128 ) 
4 146 148 (-368 -536 -128 ) (-368 -584 -128 ) (-368 -584 -88 ) (-368 -536 -88 ) 
4 147 149 (-376 -584 -64 ) (-376 -584 -56 ) (-376 -536 -56 ) (-376 -536 -64 ) 
4 148 153 (-368 -584 -128 ) (-376 -584 -128 ) (-376 -536 -128 ) (-368 -536 -128 ) 
4 148 150 (-376 -536 -128 ) (-376 -584 -128 ) (-376 -584 -80 ) (-376 -536 -80 ) 
4 150 153 (-376 -584 -128 ) (-384 -584 -128 ) (-384 -536 -128 ) (-376 -536 -128 ) 
4 150 151 (-384 -536 -128 ) (-384 -584 -128 ) (-384 -584 -72 ) (-384 -536 -72 ) 
4 151 153 (-384 -584 -128 ) (-392 -584 -128 ) (-392 -536 -128 ) (-384 -536 -128 ) 
4 151 152 (-392 -536 -128 ) (-392 -584 -128 ) (-392 -584 -64 ) (-392 -536 -64 ) 
4 152 195 (-440 -584 -128 ) (-440 -584 -56 ) (-440 -536 -56 ) (-440 -536 -128 ) 
4 152 163 (-440 -584 -56 ) (-440 -584 -128 ) (-432 -584 -128 ) (-432 -584 -56 ) 
4 152 153 (-392 -584 -128 ) (-440 -584 -128 ) (-440 -536 -128 ) (-392 -536 -128 ) 
4 153 195 (-440 -584 -136 ) (-440 -584 -128 ) (-440 -536 -128 ) (-440 -536 -136 ) 
4 153 166 (-440 -584 -128 ) (-440 -584 -136 ) (-320 -584 -136 ) (-320 -584 -128 ) 
4 153 154 (-320 -584 -136 ) (-440 -584 -136 ) (-440 -536 -136 ) (-320 -536 -136 ) 
4 154 195 (-440 -584 -512 ) (-440 -584 -136 ) (-440 -536 -136 ) (-440 -536 -512 ) 
4 154 167 (-440 -584 -136 ) (-440 -584 -512 ) (0 -584 -512 ) (0 -584 -136 ) 
4 155 218 (0 -1024 256 ) (0 -1024 1792 ) (-440 -1024 1792 ) (-440 -1024 256 ) 
4 155 191 (-440 -1024 256 ) (-440 -1024 1792 ) (-440 -648 1792 ) (-440 -648 256 ) 
4 155 186 (-440 -648 1792 ) (-440 -640 1792 ) (-440 -640 256 ) (-440 -648 256 ) 
4 155 169 (-440 -640 1792 ) (-440 -584 1792 ) (-440 -584 256 ) (-440 -640 256 ) 
4 155 156 (-200 -584 256 ) (-192 -584 256 ) (-192 -608 256 ) (-200 -608 256 ) 
4 155 157 (-440 -640 256 ) (-440 -584 256 ) (-200 -584 256 ) (-200 -640 256 ) 
4 155 158 (-440 -1024 256 ) (-440 -640 256 ) (0 -640 256 ) (0 -1024 256 ) 
4 156 157 (-200 -584 192 ) (-200 -608 192 ) (-200 -608 256 ) (-200 -584 256 ) 
4 157 169 (-440 -640 256 ) (-440 -584 256 ) (-440 -584 192 ) (-440 -640 192 ) 
4 157 158 (-200 -640 256 ) (-440 -640 256 ) (-440 -640 192 ) (-200 -640 192 ) 
4 158 218 (0 -1024 64 ) (0 -1024 256 ) (-440 -1024 256 ) (-440 -1024 64 ) 
4 158 191 (-440 -1024 64 ) (-440 -1024 256 ) (-440 -648 256 ) (-440 -648 64 ) 
4 158 186 (-440 -648 256 ) (-440 -640 256 ) (-440 -640 172 ) (-440 -648 172 ) 
4 158 164 (-432 -1024 64 ) (-440 -1024 64 ) (-440 -640 64 ) (-432 -640 64 ) 
4 158 162 (-256 -1024 64 ) (-432 -1024 64 ) (-432 -640 64 ) (-256 -640 64 ) 
4 158 161 (-224 -1024 64 ) (-256 -1024 64 ) (-256 -640 64 ) (-224 -640 64 ) 
4 158 159 (0 -1024 64 ) (-224 -1024 64 ) (-224 -640 64 ) (0 -640 64 ) 
4 159 218 (0 -1024 -128 ) (0 -1024 64 ) (-224 -1024 64 ) (-224 -1024 -128 ) 
4 159 165 (0 -736 -128 ) (0 -1024 -128 ) (-224 -1024 -128 ) (-224 -736 -128 ) 
4 159 160 (-224 -592 -28 ) (-224 -592 64 ) (-224 -584 64 ) (-224 -584 -28 ) 
4 159 161 (-224 -592 -128 ) (-224 -1024 -128 ) (-224 -1024 64 ) (-224 -592 64 ) 
4 160 161 (-256 -592 64 ) (-256 -592 -28 ) (-224 -592 -28 ) (-224 -592 64 ) 
4 161 218 (-224 -1024 64 ) (-256 -1024 64 ) (-256 -1024 -128 ) (-224 -1024 -128 ) 
4 161 166 (-224 -592 -128 ) (-224 -1024 -128 ) (-256 -1024 -128 ) (-256 -592 -128 ) 
4 161 162 (-256 -592 -128 ) (-256 -1024 -128 ) (-256 -1024 64 ) (-256 -592 64 ) 
4 162 218 (-256 -1024 64 ) (-432 -1024 64 ) (-432 -1024 -128 ) (-256 -1024 -128 ) 
4 162 166 (-256 -592 -128 ) (-256 -1024 -128 ) (-432 -1024 -128 ) (-432 -592 -128 ) 
4 162 163 (-432 -592 -128 ) (-432 -640 -128 ) (-432 -640 -8 ) (-432 -592 -8 ) 
4 162 164 (-432 -640 -128 ) (-432 -1024 -128 ) (-432 -1024 64 ) (-432 -640 64 ) 
4 163 195 (-440 -584 -8 ) (-440 -584 -128 ) (-440 -640 -128 ) (-440 -640 -8 ) 
4 163 166 (-440 -640 -128 ) (-440 -584 -128 ) (-432 -584 -128 ) (-432 -640 -128 ) 
4 163 164 (-440 -640 -128 ) (-432 -640 -128 ) (-432 -640 -8 ) (-440 -640 -8 ) 
4 164 218 (-432 -1024 64 ) (-440 -1024 64 ) (-440 -1024 -128 ) (-432 -1024 -128 ) 
4 164 195 (-440 -1024 -128 ) (-440 -1024 -8 ) (-440 -640 -8 ) (-440 -640 -128 ) 
4 164 193 (-440 -1024 -8 ) (-440 -1024 0 ) (-440 -640 0 ) (-440 -640 -8 ) 
4 164 191 (-440 -1024 0 ) (-440 -1024 64 ) (-440 -648 64 ) (-440 -648 0 ) 
4 164 166 (-440 -1024 -128 ) (-440 -640 -128 ) (-432 -640 -128 ) (-432 -1024 -128 ) 
4 165 218 (0 -1024 -136 ) (0 -1024 -128 ) (-224 -1024 -128 ) (-224 -1024 -136 ) 
4 165 167 (0 -1024 -136 ) (-224 -1024 -136 ) (-224 -736 -136 ) (0 -736 -136 ) 
4 165 166 (-224 -736 -136 ) (-224 -1024 -136 ) (-224 -1024 -128 ) (-224 -736 -128 ) 
4 166 218 (-224 -1024 -128 ) (-440 -1024 -128 ) (-440 -1024 -136 ) (-224 -1024 -136 ) 
4 166 195 (-440 -1024 -136 ) (-440 -1024 -128 ) (-440 -584 -128 ) (-440 -584 -136 ) 
4 166 167 (-224 -1024 -136 ) (-440 -1024 -136 ) (-440 -584 -136 ) (-224 -584 -136 ) 
4 167 218 (0 -1024 -512 ) (0 -1024 -136 ) (-440 -1024 -136 ) (-440 -1024 -512 ) 
4 167 195 (-440 -1024 -512 ) (-440 -1024 -136 ) (-440 -584 -136 ) (-440 -584 -512 ) 
4 168 197 (-488 0 192 ) (-488 0 64 ) (-488 -320 64 ) (-488 -320 192 ) 
4 168 196 (-488 0 1792 ) (-488 0 192 ) (-488 -320 192 ) (-488 -320 1792 ) 
4 168 171 (-488 -320 64 ) (-488 0 64 ) (-440 0 64 ) (-440 -320 64 ) 
4 168 169 (-440 -320 192 ) (-440 -320 1792 ) (-488 -320 1792 ) (-488 -320 192 ) 
4 168 170 (-488 -320 64 ) (-440 -320 64 ) (-440 -320 172 ) (-488 -320 172 ) 
4 169 196 (-488 -640 192 ) (-488 -640 1792 ) (-488 -320 1792 ) (-488 -320 192 ) 
4 169 190 (-488 -640 1792 ) (-488 -640 192 ) (-480 -640 192 ) (-480 -640 1792 ) 
4 169 187 (-480 -640 192 ) (-448 -640 192 ) (-448 -640 1792 ) (-480 -640 1792 ) 
4 169 186 (-448 -640 192 ) (-440 -640 192 ) (-440 -640 1792 ) (-448 -640 1792 ) 
4 170 189 (-480 -640 64 ) (-448 -640 64 ) (-448 -640 84 ) (-480 -640 84 ) 
4 170 188 (-448 -640 92 ) (-448 -640 164 ) (-480 -640 164 ) (-480 -640 92 ) 
4 170 184 (-488 -440 64 ) (-488 -432 64 ) (-440 -432 64 ) (-440 -440 64 ) 
4 170 185 (-440 -640 64 ) (-488 -640 64 ) (-488 -440 64 ) (-440 -440 64 ) 
4 170 182 (-488 -432 64 ) (-488 -424 64 ) (-440 -424 64 ) (-440 -432 64 ) 
4 170 180 (-488 -424 64 ) (-488 -416 64 ) (-440 -416 64 ) (-440 -424 64 ) 
4 170 178 (-488 -416 64 ) (-488 -408 64 ) (-440 -408 64 ) (-440 -416 64 ) 
4 170 176 (-488 -408 64 ) (-488 -400 64 ) (-440 -400 64 ) (-440 -408 64 ) 
4 170 174 (-488 -400 64 ) (-488 -392 64 ) (-440 -392 64 ) (-440 -400 64 ) 
4 170 172 (-488 -392 64 ) (-488 -384 64 ) (-440 -384 64 ) (-440 -392 64 ) 
4 171 205 (-488 0 64 ) (-488 0 0 ) (-488 -320 0 ) (-488 -320 64 ) 
4 172 174 (-440 -392 56 ) (-440 -392 64 ) (-488 -392 64 ) (-488 -392 56 ) 
4 173 192 (-488 -392 0 ) (-488 -384 0 ) (-440 -384 0 ) (-440 -392 0 ) 
4 173 175 (-488 -392 0 ) (-440 -392 0 ) (-440 -392 40 ) (-488 -392 40 ) 
4 174 176 (-440 -400 48 ) (-440 -400 64 ) (-488 -400 64 ) (-488 -400 48 ) 
4 175 192 (-488 -400 0 ) (-488 -392 0 ) (-440 -392 0 ) (-440 -400 0 ) 
4 175 177 (-488 -400 0 ) (-440 -400 0 ) (-440 -400 32 ) (-488 -400 32 ) 
4 176 178 (-440 -408 40 ) (-440 -408 64 ) (-488 -408 64 ) (-488 -408 40 ) 
4 177 192 (-488 -408 0 ) (-488 -400 0 ) (-440 -400 0 ) (-440 -408 0 ) 
4 177 179 (-488 -408 0 ) (-440 -408 0 ) (-440 -408 24 ) (-488 -408 24 ) 
4 178 180 (-440 -416 32 ) (-440 -416 64 ) (-488 -416 64 ) (-488 -416 32 ) 
4 179 192 (-488 -416 0 ) (-488 -408 0 ) (-440 -408 0 ) (-440 -416 0 ) 
4 179 181 (-488 -416 0 ) (-440 -416 0 ) (-440 -416 16 ) (-488 -416 16 ) 
4 180 182 (-440 -424 24 ) (-440 -424 64 ) (-488 -424 64 ) (-488 -424 24 ) 
4 181 192 (-488 -424 0 ) (-488 -416 0 ) (-440 -416 0 ) (-440 -424 0 ) 
4 181 183 (-488 -424 0 ) (-440 -424 0 ) (-440 -424 8 ) (-488 -424 8 ) 
4 182 184 (-440 -432 16 ) (-440 -432 64 ) (-488 -432 64 ) (-488 -432 16 ) 
4 183 192 (-488 -432 0 ) (-488 -424 0 ) (-440 -424 0 ) (-440 -432 0 ) 
4 184 185 (-440 -440 8 ) (-440 -440 64 ) (-488 -440 64 ) (-488 -440 8 ) 
4 185 189 (-448 -640 12 ) (-448 -640 64 ) (-480 -640 64 ) (-480 -640 12 ) 
4 186 191 (-440 -648 172 ) (-440 -648 1792 ) (-448 -648 1792 ) (-448 -648 172 ) 
4 186 187 (-448 -640 1792 ) (-448 -640 172 ) (-448 -648 172 ) (-448 -648 1792 ) 
4 187 191 (-448 -648 172 ) (-448 -648 1792 ) (-480 -648 1792 ) (-480 -648 172 ) 
4 187 190 (-480 -640 1792 ) (-480 -640 172 ) (-480 -648 172 ) (-480 -648 1792 ) 
4 190 202 (-488 -648 172 ) (-488 -648 192 ) (-488 -640 192 ) (-488 -640 172 ) 
4 190 196 (-488 -648 192 ) (-488 -648 1792 ) (-488 -640 1792 ) (-488 -640 192 ) 
4 190 191 (-488 -648 1792 ) (-488 -648 172 ) (-480 -648 172 ) (-480 -648 1792 ) 
4 191 218 (-440 -1024 0 ) (-440 -1024 1792 ) (-488 -1024 1792 ) (-488 -1024 0 ) 
4 191 206 (-488 -648 0 ) (-488 -1024 0 ) (-488 -1024 64 ) (-488 -648 64 ) 
4 191 202 (-488 -1024 64 ) (-488 -1024 192 ) (-488 -648 192 ) (-488 -648 64 ) 
4 191 196 (-488 -1024 192 ) (-488 -1024 1792 ) (-488 -648 1792 ) (-488 -648 192 ) 
4 191 193 (-488 -1024 0 ) (-488 -648 0 ) (-440 -648 0 ) (-440 -1024 0 ) 
4 192 211 (-488 -320 -8 ) (-488 -440 -8 ) (-488 -440 0 ) (-488 -320 0 ) 
4 192 195 (-488 -440 -8 ) (-488 -320 -8 ) (-440 -320 -8 ) (-440 -440 -8 ) 
4 193 218 (-440 -1024 -8 ) (-440 -1024 0 ) (-488 -1024 0 ) (-488 -1024 -8 ) 
4 193 211 (-488 -640 -8 ) (-488 -1024 -8 ) (-488 -1024 0 ) (-488 -640 0 ) 
4 193 195 (-488 -1024 -8 ) (-488 -640 -8 ) (-440 -640 -8 ) (-440 -1024 -8 ) 
4 194 210 (-488 0 -64 ) (-488 0 -512 ) (-488 -320 -512 ) (-488 -320 -64 ) 
4 194 195 (-488 -320 -512 ) (-440 -320 -512 ) (-440 -320 -64 ) (-488 -320 -64 ) 
4 195 218 (-440 -1024 -512 ) (-440 -1024 -8 ) (-488 -1024 -8 ) (-488 -1024 -512 ) 
4 195 211 (-488 -320 -512 ) (-488 -1024 -512 ) (-488 -1024 -8 ) (-488 -320 -8 ) 
4 196 218 (-488 -1024 192 ) (-488 -1024 1792 ) (-1024 -1024 1792 ) (-1024 -1024 192 ) 
4 196 213 (-1024 0 1792 ) (-1024 0 192 ) (-1024 -1024 192 ) (-1024 -1024 1792 ) 
4 196 203 (-640 -320 192 ) (-640 -1024 192 ) (-704 -1024 192 ) (-704 -320 192 ) 
4 196 204 (-1024 -1024 192 ) (-1024 0 192 ) (-704 0 192 ) (-704 -1024 192 ) 
4 196 202 (-488 -640 192 ) (-488 -1024 192 ) (-640 -1024 192 ) (-640 -640 192 ) 
4 196 200 (-640 0 192 ) (-624 0 192 ) (-624 -192 192 ) (-640 -192 192 ) 
4 196 201 (-624 -256 192 ) (-624 -320 192 ) (-640 -320 192 ) (-640 -256 192 ) 
4 196 199 (-624 0 192 ) (-576 0 192 ) (-576 -320 192 ) (-624 -320 192 ) 
4 196 198 (-576 0 192 ) (-512 0 192 ) (-512 -304 192 ) (-576 -304 192 ) 
4 196 197 (-512 0 192 ) (-488 0 192 ) (-488 -320 192 ) (-512 -320 192 ) 
4 197 205 (-512 0 64 ) (-488 0 64 ) (-488 -320 64 ) (-512 -320 64 ) 
4 197 198 (-512 0 64 ) (-512 -304 64 ) (-512 -304 192 ) (-512 0 192 ) 
4 198 205 (-576 0 64 ) (-512 0 64 ) (-512 -304 64 ) (-576 -304 64 ) 
4 198 199 (-576 0 64 ) (-576 -304 64 ) (-576 -304 192 ) (-576 0 192 ) 
4 199 205 (-624 0 64 ) (-576 0 64 ) (-576 -320 64 ) (-624 -320 64 ) 
4 199 200 (-624 0 64 ) (-624 -192 64 ) (-624 -192 192 ) (-624 0 192 ) 
4 199 201 (-624 -256 64 ) (-624 -320 64 ) (-624 -320 192 ) (-624 -256 192 ) 
4 200 205 (-640 0 64 ) (-624 0 64 ) (-624 -192 64 ) (-640 -192 64 ) 
4 201 205 (-624 -256 64 ) (-624 -320 64 ) (-640 -320 64 ) (-640 -256 64 ) 
4 202 218 (-488 -1024 64 ) (-488 -1024 192 ) (-640 -1024 192 ) (-640 -1024 64 ) 
4 202 206 (-488 -640 64 ) (-488 -1024 64 ) (-496 -1024 64 ) (-496 -640 64 ) 
4 202 207 (-496 -1024 64 ) (-640 -1024 64 ) (-640 -640 64 ) (-496 -640 64 ) 
4 202 203 (-640 -640 64 ) (-640 -1024 64 ) (-640 -1024 192 ) (-640 -640 192 ) 
4 203 218 (-640 -1024 192 ) (-704 -1024 192 ) (-704 -1024 64 ) (-640 -1024 64 ) 
4 203 208 (-640 -320 64 ) (-640 -1024 64 ) (-704 -1024 64 ) (-704 -320 64 ) 
4 203 204 (-704 -320 64 ) (-704 -1024 64 ) (-704 -1024 192 ) (-704 -320 192 ) 
4 204 218 (-704 -1024 192 ) (-1024 -1024 192 ) (-1024 -1024 64 ) (-704 -1024 64 ) 
4 204 213 (-1024 0 192 ) (-1024 0 64 ) (-1024 -1024 64 ) (-1024 -1024 192 ) 
4 204 209 (-1024 0 64 ) (-704 0 64 ) (-704 -1024 64 ) (-1024 -1024 64 ) 
4 206 218 (-488 -1024 0 ) (-488 -1024 64 ) (-496 -1024 64 ) (-496 -1024 0 ) 
4 206 211 (-488 -640 0 ) (-488 -1024 0 ) (-496 -1024 0 ) (-496 -640 0 ) 
4 206 207 (-496 -640 0 ) (-496 -1024 0 ) (-496 -1024 64 ) (-496 -640 64 ) 
4 207 218 (-496 -1024 64 ) (-640 -1024 64 ) (-640 -1024 0 ) (-496 -1024 0 ) 
4 207 211 (-496 -1024 0 ) (-640 -1024 0 ) (-640 -384 0 ) (-496 -384 0 ) 
4 207 208 (-640 -384 0 ) (-640 -1024 0 ) (-640 -1024 64 ) (-640 -384 64 ) 
4 208 218 (-640 -1024 64 ) (-704 -1024 64 ) (-704 -1024 0 ) (-640 -1024 0 ) 
4 208 212 (-640 -320 0 ) (-640 -1024 0 ) (-704 -1024 0 ) (-704 -320 0 ) 
4 208 209 (-704 -320 0 ) (-704 -1024 0 ) (-704 -1024 64 ) (-704 -320 64 ) 
4 209 218 (-704 -1024 64 ) (-1024 -1024 64 ) (-1024 -1024 0 ) (-704 -1024 0 ) 
4 209 213 (-1024 0 64 ) (-1024 0 0 ) (-1024 -1024 0 ) (-1024 -1024 64 ) 
4 209 212 (-1024 -1024 0 ) (-1024 0 0 ) (-704 0 0 ) (-704 -1024 0 ) 
4 210 211 (-640 -320 -64 ) (-640 -320 -512 ) (-488 -320 -512 ) (-488 -320 -64 ) 
4 210 212 (-640 0 -512 ) (-640 -320 -512 ) (-640 -320 -64 ) (-640 0 -64 ) 
4 211 218 (-488 -1024 -512 ) (-488 -1024 0 ) (-640 -1024 0 ) (-640 -1024 -512 ) 
4 211 212 (-640 -320 -512 ) (-640 -1024 -512 ) (-640 -1024 0 ) (-640 -320 0 ) 
4 212 218 (-640 -1024 0 ) (-1024 -1024 0 ) (-1024 -1024 -512 ) (-640 -1024 -512 ) 
4 212 213 (-1024 0 0 ) (-1024 0 -512 ) (-1024 -1024 -512 ) (-1024 -1024 0 ) 
4 213 219 (-1024 -1024 -512 ) (-1024 -1024 1792 ) (-2048 -1024 1792 ) (-2048 -1024 -512 ) 
4 213 215 (-2048 -1024 -512 ) (-2048 -1024 1792 ) (-2048 0 1792 ) (-2048 0 -512 ) 
4 214 215 (-2048 0 -512 ) (-2048 0 1792 ) (-3072 0 1792 ) (-3072 0 -512 ) 
4 215 228 (-2048 -1024 -512 ) (-2048 -1024 1792 ) (-3072 -1024 1792 ) (-3072 -1024 -512 ) 
4 216 218 (0 -1024 1792 ) (0 -1024 -512 ) (0 -2048 -512 ) (0 -2048 1792 ) 
4 216 217 (1024 -2048 -512 ) (1024 -2048 1792 ) (0 -2048 1792 ) (0 -2048 -512 ) 
4 217 222 (1024 -3072 -512 ) (1024 -3072 1792 ) (0 -3072 1792 ) (0 -3072 -512 ) 
4 217 220 (0 -3072 -512 ) (0 -3072 1792 ) (0 -2048 1792 ) (0 -2048 -512 ) 
4 218 220 (0 -2048 -512 ) (0 -2048 1792 ) (-1024 -2048 1792 ) (-1024 -2048 -512 ) 
4 218 219 (-1024 -1024 1792 ) (-1024 -1024 -512 ) (-1024 -2048 -512 ) (-1024 -2048 1792 ) 
4 219 228 (-2048 -1024 1792 ) (-2048 -1024 -512 ) (-2048 -2048 -512 ) (-2048 -2048 1792 ) 
4 219 221 (-1024 -2048 -512 ) (-1024 -2048 1792 ) (-2048 -2048 1792 ) (-2048 -2048 -512 ) 
4 220 223 (0 -3072 -512 ) (0 -3072 1792 ) (-1024 -3072 1792 ) (-1024 -3072 -512 ) 
4 220 221 (-1024 -2048 1792 ) (-1024 -2048 -512 ) (-1024 -3072 -512 ) (-1024 -3072 1792 ) 
4 221 229 (-2048 -3072 -512 ) (-2048 -3072 1792 ) (-2048 -2048 1792 ) (-2048 -2048 -512 ) 
4 221 224 (-1024 -3072 -512 ) (-1024 -3072 1792 ) (-2048 -3072 1792 ) (-2048 -3072 -512 ) 
4 222 225 (1024 -4096 -512 ) (1024 -4096 1792 ) (0 -4096 1792 ) (0 -4096 -512 ) 
4 222 223 (0 -4096 -512 ) (0 -4096 1792 ) (0 -3072 1792 ) (0 -3072 -512 ) 
4 223 226 (0 -4096 -512 ) (0 -4096 1792 ) (-1024 -4096 1792 ) (-1024 -4096 -512 ) 
4 223 224 (-1024 -3072 1792 ) (-1024 -3072 -512 ) (-1024 -4096 -512 ) (-1024 -4096 1792 ) 
4 224 230 (-2048 -4096 -512 ) (-2048 -4096 1792 ) (-2048 -3072 1792 ) (-2048 -3072 -512 ) 
4 224 227 (-2048 -4096 1792 ) (-2048 -4096 -512 ) (-1024 -4096 -512 ) (-1024 -4096 1792 ) 
4 225 226 (0 -4096 1792 ) (0 -4096 -512 ) (0 -4608 -512 ) (0 -4608 1792 ) 
4 226 227 (-1024 -4096 1792 ) (-1024 -4096 -512 ) (-1024 -4608 -512 ) (-1024 -4608 1792 ) 
4 227 231 (-2048 -4608 -512 ) (-2048 -4608 1792 ) (-2048 -4096 1792 ) (-2048 -4096 -512 ) 
4 228 229 (-2048 -2048 -512 ) (-2048 -2048 1792 ) (-3072 -2048 1792 ) (-3072 -2048 -512 ) 
4 229 230 (-2048 -3072 -512 ) (-2048 -3072 1792 ) (-3072 -3072 1792 ) (-3072 -3072 -512 ) 
4 230 231 (-2048 -4096 -512 ) (-2048 -4096 1792 ) (-3072 -4096 1792 ) (-3072 -4096 -512 ) 
