PRT1
92
279
4 0 52 (0 384 64 ) (0 384 2112 ) (0 1024 2112 ) (0 1024 64 ) 
4 0 9 (0 384 192 ) (0 384 64 ) (128 384 64 ) (128 384 192 ) 
6 0 8 (181.134003 384 167.440002 ) (170.400299 384 172.805847 ) (170 384 168 ) (179 384 150 ) (186.511520 384 153.003021 ) (188.681046 384 154.861588 ) 
5 0 7 (186.512390 384 153.003754 ) (180.423996 384 147.787994 ) (195.273804 384 140.363602 ) (196.655457 384 141.572556 ) (189.160126 384 154.064438 ) 
3 0 6 (177.333115 384 149.334442 ) (168.800156 384 153.601929 ) (168.138214 384 145.656891 ) 
4 0 5 (165.528015 384 114.336029 ) (187.304688 384 133.390625 ) (180.201996 384 147.595993 ) (167.384811 384 136.611679 ) 
4 0 4 (0 384 2112 ) (0 384 192 ) (200 384 192 ) (200 384 2112 ) 
3 0 3 (200 384 158 ) (200 384 144.505005 ) (209.813538 384 153.091736 ) 
4 0 2 (256 384 192 ) (256 384 2112 ) (200 384 2112 ) (200 384 192 ) 
4 0 1 (256 384 64 ) (1024 384 64 ) (1024 384 2112 ) (256 384 2112 ) 
4 1 46 (388 320 192 ) (256 320 192 ) (256 320 64 ) (388 320 64 ) 
4 1 44 (388 320 76 ) (388 320 64 ) (428 320 64 ) (428 320 76 ) 
4 1 42 (388 320 80 ) (388 320 76 ) (428 320 76 ) (428 320 80 ) 
4 1 40 (388 320 164 ) (388 320 80 ) (428 320 80 ) (428 320 164 ) 
4 1 38 (388 320 172 ) (388 320 164 ) (428 320 164 ) (428 320 172 ) 
4 1 36 (428 320 192 ) (388 320 192 ) (388 320 172 ) (428 320 172 ) 
4 1 34 (496 320 76 ) (428 320 76 ) (428 320 64 ) (496 320 64 ) 
4 1 33 (1024 320 64 ) (1024 320 76 ) (496 320 76 ) (496 320 64 ) 
4 1 29 (496 320 80 ) (428 320 80 ) (428 320 76 ) (496 320 76 ) 
4 1 28 (1024 320 76 ) (1024 320 80 ) (496 320 80 ) (496 320 76 ) 
4 1 24 (496 320 164 ) (428 320 164 ) (428 320 80 ) (496 320 80 ) 
4 1 23 (1024 320 80 ) (1024 320 164 ) (496 320 164 ) (496 320 80 ) 
4 1 21 (496 320 192 ) (428 320 192 ) (428 320 164 ) (496 320 164 ) 
4 1 20 (1024 320 164 ) (1024 320 192 ) (496 320 192 ) (496 320 164 ) 
4 1 10 (1024 320 192 ) (1024 320 2112 ) (256 320 2112 ) (256 320 192 ) 
4 1 2 (256 384 2112 ) (256 384 192 ) (256 320 192 ) (256 320 2112 ) 
4 2 10 (200 320 2112 ) (200 320 192 ) (256 320 192 ) (256 320 2112 ) 
4 2 4 (200 384 2112 ) (200 384 192 ) (200 320 192 ) (200 320 2112 ) 
3 3 46 (200 320 158 ) (200 320 144.501251 ) (209.816269 320 153.090363 ) 
4 4 52 (0 320 192 ) (0 320 2112 ) (0 384 2112 ) (0 384 192 ) 
4 4 10 (200 320 192 ) (200 320 2112 ) (0 320 2112 ) (0 320 192 ) 
4 4 9 (0 384 192 ) (128 384 192 ) (128 320 192 ) (0 320 192 ) 
4 5 46 (165.528015 320 114.336029 ) (187.304688 320 133.390625 ) (180.200958 320 147.598099 ) (167.385086 320 136.614914 ) 
3 6 46 (177.329559 320 149.331223 ) (168.799774 320 153.597107 ) (168.138077 320 145.655029 ) 
5 7 46 (186.504929 320 153 ) (180.421783 320 147.789108 ) (195.273804 320 140.363602 ) (196.658615 320 141.575302 ) (189.164200 320 154.065674 ) 
6 8 46 (181.137451 320 167.434280 ) (170.399963 320 172.802017 ) (170 320 168 ) (179 320 150 ) (186.504913 320 153 ) (188.679855 320 154.863586 ) 
4 9 52 (0 320 64 ) (0 320 192 ) (0 384 192 ) (0 384 64 ) 
4 9 46 (128 320 64 ) (128 320 192 ) (0 320 192 ) (0 320 64 ) 
4 10 52 (0 320 2112 ) (0 320 192 ) (0 128 192 ) (0 128 2112 ) 
4 10 46 (0 128 192 ) (0 320 192 ) (388 320 192 ) (388 128 192 ) 
4 10 36 (388 320 192 ) (428 320 192 ) (428 128 192 ) (388 128 192 ) 
4 10 21 (428 320 192 ) (496 320 192 ) (496 128 192 ) (428 128 192 ) 
4 10 20 (496 320 192 ) (1024 320 192 ) (1024 128 192 ) (496 128 192 ) 
3 10 18 (408 128 224 ) (386.952393 128 225.238098 ) (374 128 222 ) 
3 10 17 (346 128 215 ) (331.268280 128 211.317062 ) (327 128 204 ) 
3 10 16 (386.952393 128 225.238098 ) (340.966827 128 227.943130 ) (331.268280 128 211.317062 ) 
3 10 15 (442 128 222 ) (350.800018 128 244.800003 ) (340.966827 128 227.943130 ) 
3 10 14 (496 128 192 ) (509.727264 128 192 ) (489 128 204 ) 
4 10 13 (0 128 332.500000 ) (0 128 192 ) (320 128 192 ) (350.800018 128 244.800003 ) 
3 10 12 (0 128 487.105225 ) (0 128 332.500000 ) (470 128 215 ) 
5 10 11 (0 128 2112 ) (0 128 487.105225 ) (509.727264 128 192 ) (1024 128 192 ) (1024 128 2112 ) 
4 11 52 (0 128 2112 ) (0 128 487.105225 ) (0 64 487.105286 ) (0 64 2112 ) 
4 11 20 (509.727264 128 192 ) (1024 128 192 ) (1024 64 192 ) (509.727234 64 192 ) 
5 11 19 (509.727264 64 192 ) (1024 64 192 ) (1024 64 2112 ) (0 64 2112 ) (0 64 487.105225 ) 
4 11 14 (509.730469 64 192 ) (488.998413 64 204.002762 ) (488.998413 128 204.002762 ) (509.730469 128 192 ) 
4 11 12 (470.005554 64 214.998627 ) (0 64 487.107147 ) (0 128 487.107178 ) (470.005585 128 214.998627 ) 
4 12 52 (0 128 487.105225 ) (0 128 332.500000 ) (0 64 332.500000 ) (0 64 487.105286 ) 
3 12 19 (470 64 215 ) (0 64 487.105225 ) (0 64 332.500000 ) 
4 12 15 (350.800018 128 244.799988 ) (442 128 222 ) (442 64 222 ) (350.799988 64 244.800003 ) 
4 12 13 (0 128 332.500000 ) (350.800018 128 244.799988 ) (350.799988 64 244.800003 ) (0 64 332.500000 ) 
4 13 52 (0 128 332.500000 ) (0 128 192 ) (0 64 192 ) (0 64 332.500000 ) 
4 13 47 (256 128 192 ) (320 128 192 ) (320 64 192 ) (256 64 192 ) 
4 13 48 (0 64 192 ) (0 128 192 ) (128 128 192 ) (128 64 192 ) 
4 13 19 (0 64 192 ) (320 64 192 ) (350.800018 64 244.800003 ) (0 64 332.500000 ) 
4 13 17 (327 128 204 ) (331.268433 128 211.317093 ) (331.268646 64 211.317154 ) (327 64 204 ) 
4 13 16 (331.268433 128 211.317093 ) (340.967041 128 227.943115 ) (340.967133 64 227.943115 ) (331.268646 64 211.317154 ) 
4 13 15 (340.967041 128 227.943115 ) (350.800781 128 244.800781 ) (350.800781 64 244.800781 ) (340.967133 64 227.943115 ) 
4 14 20 (496 128 192 ) (509.727264 128 192 ) (509.727234 64 192 ) (496 64 192 ) 
3 14 19 (496 64 192 ) (509.727264 64 192 ) (489 64 204 ) 
3 15 19 (442 64 222 ) (350.800018 64 244.800003 ) (340.966827 64 227.943130 ) 
4 15 18 (386.952454 128 225.238113 ) (408 128 224 ) (408 64 224 ) (386.952454 64 225.238113 ) 
4 15 16 (340.967804 64 227.943115 ) (340.967804 128 227.943115 ) (386.952454 128 225.238113 ) (386.952454 64 225.238113 ) 
3 16 19 (386.952393 64 225.238098 ) (340.966827 64 227.943130 ) (331.268280 64 211.317062 ) 
4 16 18 (374 128 222 ) (386.951172 128 225.237793 ) (386.951172 64 225.237793 ) (374 64 222 ) 
4 16 17 (331.268921 64 211.317230 ) (331.268921 128 211.317230 ) (346 128 215 ) (346 64 215 ) 
3 17 19 (346 64 215 ) (331.268280 64 211.317062 ) (327 64 204 ) 
3 18 19 (408 64 224 ) (386.952393 64 225.238098 ) (374 64 222 ) 
4 19 56 (256 0 2112 ) (128 0 2112 ) (128 0 192 ) (256 0 192 ) 
4 19 55 (1024 0 192 ) (1024 0 2112 ) (256 0 2112 ) (256 0 192 ) 
4 19 59 (128 0 2112 ) (0 0 2112 ) (0 0 192 ) (128 0 192 ) 
4 19 52 (0 0 192 ) (0 0 2112 ) (0 64 2112 ) (0 64 192 ) 
4 19 51 (388 0 192 ) (0 0 192 ) (0 64 192 ) (388 64 192 ) 
4 19 37 (428 0 192 ) (388 0 192 ) (388 64 192 ) (428 64 192 ) 
4 19 22 (496 0 192 ) (428 0 192 ) (428 64 192 ) (496 64 192 ) 
4 19 20 (1024 0 192 ) (496 0 192 ) (496 64 192 ) (1024 64 192 ) 
4 20 55 (1024 0 164 ) (1024 0 192 ) (496 0 192 ) (496 0 164 ) 
4 20 26 (1024 76 164 ) (1024 0 164 ) (496 0 164 ) (496 76 164 ) 
4 20 25 (1024 116 164 ) (1024 76 164 ) (496 76 164 ) (496 116 164 ) 
4 20 23 (496 320 164 ) (1024 320 164 ) (1024 116 164 ) (496 116 164 ) 
4 20 21 (496 320 164 ) (496 128 164 ) (496 128 192 ) (496 320 192 ) 
4 20 22 (496 64 164 ) (496 0 164 ) (496 0 192 ) (496 64 192 ) 
4 21 38 (428 320 172 ) (428 320 164 ) (428 130 164 ) (428 130 172 ) 
4 21 36 (428 128 192 ) (428 320 192 ) (428 320 172 ) (428 128 172 ) 
4 21 24 (428 128 164 ) (428 320 164 ) (496 320 164 ) (496 128 164 ) 
4 22 55 (496 0 192 ) (428 0 192 ) (428 0 164 ) (496 0 164 ) 
4 22 39 (428 62 164 ) (428 0 164 ) (428 0 172 ) (428 62 172 ) 
4 22 37 (428 0 192 ) (428 64 192 ) (428 64 172 ) (428 0 172 ) 
4 22 27 (428 0 164 ) (428 64 164 ) (496 64 164 ) (496 0 164 ) 
4 23 28 (496 320 80 ) (1024 320 80 ) (1024 116 80 ) (496 116 80 ) 
4 23 25 (496 116 80 ) (1024 116 80 ) (1024 116 164 ) (496 116 164 ) 
4 23 24 (496 320 80 ) (496 128 80 ) (496 128 164 ) (496 320 164 ) 
4 24 40 (428 320 164 ) (428 320 80 ) (428 128 80 ) (428 128 164 ) 
4 24 29 (428 128 80 ) (428 320 80 ) (496 320 80 ) (496 128 80 ) 
4 25 30 (498 116 80 ) (1024 116 80 ) (1024 76 80 ) (498 76 80 ) 
4 25 26 (496 76 80 ) (1024 76 80 ) (1024 76 164 ) (496 76 164 ) 
4 26 55 (1024 0 80 ) (1024 0 164 ) (496 0 164 ) (496 0 80 ) 
4 26 31 (1024 0 80 ) (496 0 80 ) (496 76 80 ) (1024 76 80 ) 
4 26 27 (496 64 80 ) (496 0 80 ) (496 0 164 ) (496 64 164 ) 
4 27 55 (496 0 164 ) (428 0 164 ) (428 0 80 ) (496 0 80 ) 
4 27 41 (428 64 80 ) (428 0 80 ) (428 0 164 ) (428 64 164 ) 
4 27 32 (496 0 80 ) (428 0 80 ) (428 64 80 ) (496 64 80 ) 
4 28 33 (496 320 76 ) (1024 320 76 ) (1024 116 76 ) (496 116 76 ) 
4 28 30 (498 116 76 ) (1024 116 76 ) (1024 116 80 ) (498 116 80 ) 
4 28 29 (496 320 76 ) (496 128 76 ) (496 128 80 ) (496 320 80 ) 
4 29 42 (428 320 80 ) (428 320 76 ) (428 132 76 ) (428 132 80 ) 
4 29 34 (428 128 76 ) (428 320 76 ) (496 320 76 ) (496 128 76 ) 
4 30 33 (498 116 76 ) (1024 116 76 ) (1024 76 76 ) (498 76 76 ) 
4 30 31 (498 76 76 ) (1024 76 76 ) (1024 76 80 ) (498 76 80 ) 
4 31 55 (1024 0 76 ) (1024 0 80 ) (496 0 80 ) (496 0 76 ) 
4 31 33 (496 76 76 ) (1024 76 76 ) (1024 0 76 ) (496 0 76 ) 
4 31 32 (496 64 76 ) (496 0 76 ) (496 0 80 ) (496 64 80 ) 
4 32 55 (496 0 80 ) (428 0 80 ) (428 0 76 ) (496 0 76 ) 
4 32 43 (428 60 76 ) (428 0 76 ) (428 0 80 ) (428 60 80 ) 
4 32 35 (428 0 76 ) (428 64 76 ) (496 64 76 ) (496 0 76 ) 
4 33 55 (1024 0 64 ) (1024 0 76 ) (496 0 76 ) (496 0 64 ) 
4 33 34 (496 320 64 ) (496 128 64 ) (496 128 76 ) (496 320 76 ) 
4 33 35 (496 64 64 ) (496 0 64 ) (496 0 76 ) (496 64 76 ) 
4 34 44 (428 320 76 ) (428 320 64 ) (428 128 64 ) (428 128 76 ) 
4 35 55 (496 0 76 ) (428 0 76 ) (428 0 64 ) (496 0 64 ) 
4 35 45 (428 64 64 ) (428 0 64 ) (428 0 76 ) (428 64 76 ) 
4 36 46 (388 128 192 ) (388 320 192 ) (388 320 172 ) (388 128 172 ) 
4 36 38 (388 130 172 ) (388 320 172 ) (428 320 172 ) (428 130 172 ) 
4 37 55 (428 0 172 ) (428 0 192 ) (388 0 192 ) (388 0 172 ) 
4 37 51 (388 0 172 ) (388 0 192 ) (388 64 192 ) (388 64 172 ) 
4 37 39 (388 0 172 ) (388 62 172 ) (428 62 172 ) (428 0 172 ) 
4 38 46 (388 130 172 ) (388 320 172 ) (388 320 164 ) (388 130 164 ) 
4 38 40 (388 130 164 ) (388 320 164 ) (428 320 164 ) (428 130 164 ) 
4 39 55 (428 0 164 ) (428 0 172 ) (388 0 172 ) (388 0 164 ) 
4 39 51 (388 0 164 ) (388 0 172 ) (388 62 172 ) (388 62 164 ) 
4 39 41 (388 0 164 ) (388 62 164 ) (428 62 164 ) (428 0 164 ) 
4 40 46 (388 128 164 ) (388 320 164 ) (388 320 80 ) (388 128 80 ) 
4 40 42 (388 132 80 ) (388 320 80 ) (428 320 80 ) (428 132 80 ) 
4 41 55 (428 0 80 ) (428 0 164 ) (388 0 164 ) (388 0 80 ) 
4 41 51 (388 0 80 ) (388 0 164 ) (388 64 164 ) (388 64 80 ) 
4 41 43 (388 0 80 ) (388 60 80 ) (428 60 80 ) (428 0 80 ) 
4 42 46 (388 132 80 ) (388 320 80 ) (388 320 76 ) (388 132 76 ) 
4 42 44 (388 132 76 ) (388 320 76 ) (428 320 76 ) (428 132 76 ) 
4 43 55 (428 0 76 ) (428 0 80 ) (388 0 80 ) (388 0 76 ) 
4 43 51 (388 0 76 ) (388 0 80 ) (388 60 80 ) (388 60 76 ) 
4 43 45 (388 0 76 ) (388 60 76 ) (428 60 76 ) (428 0 76 ) 
4 44 46 (388 128 76 ) (388 320 76 ) (388 320 64 ) (388 128 64 ) 
4 45 55 (428 0 64 ) (428 0 76 ) (388 0 76 ) (388 0 64 ) 
4 45 51 (388 0 64 ) (388 0 76 ) (388 64 76 ) (388 64 64 ) 
4 46 52 (0 128 64 ) (0 128 192 ) (0 320 192 ) (0 320 64 ) 
4 46 49 (304 128 64 ) (320 128 64 ) (320 128 136 ) (304 128 136 ) 
4 46 50 (0 128 136 ) (0 128 64 ) (208 128 64 ) (208 128 136 ) 
4 46 47 (320 128 192 ) (256 128 192 ) (256 128 136 ) (320 128 136 ) 
4 46 48 (128 128 192 ) (0 128 192 ) (0 128 136 ) (128 128 136 ) 
4 47 51 (320 64 136 ) (320 64 192 ) (256 64 192 ) (256 64 136 ) 
4 47 49 (304 128 136 ) (320 128 136 ) (320 64 136 ) (304 64 136 ) 
4 48 52 (0 64 136 ) (0 64 192 ) (0 128 192 ) (0 128 136 ) 
4 48 51 (128 64 192 ) (0 64 192 ) (0 64 136 ) (128 64 136 ) 
4 48 50 (0 128 136 ) (128 128 136 ) (128 64 136 ) (0 64 136 ) 
4 49 51 (320 64 64 ) (320 64 136 ) (304 64 136 ) (304 64 64 ) 
4 50 52 (0 64 64 ) (0 64 136 ) (0 128 136 ) (0 128 64 ) 
4 50 51 (208 64 136 ) (0 64 136 ) (0 64 64 ) (208 64 64 ) 
4 51 56 (256 0 192 ) (128 0 192 ) (128 0 64 ) (256 0 64 ) 
4 51 55 (388 0 64 ) (388 0 192 ) (256 0 192 ) (256 0 64 ) 
4 51 59 (128 0 192 ) (0 0 192 ) (0 0 64 ) (128 0 64 ) 
4 51 52 (0 0 64 ) (0 0 192 ) (0 64 192 ) (0 64 64 ) 
4 52 72 (0 0 64 ) (0 0 144 ) (-1024 0 144 ) (-1024 0 64 ) 
4 52 71 (0 0 144 ) (0 0 2112 ) (-1024 0 2112 ) (-1024 0 144 ) 
4 52 53 (-896 720 64 ) (-256 720 64 ) (-256 320 64 ) (-896 320 64 ) 
4 53 54 (-896 720 48 ) (-256 720 48 ) (-256 320 48 ) (-896 320 48 ) 
4 55 62 (1024 -256 64 ) (1024 -256 172 ) (256 -256 172 ) (256 -256 64 ) 
4 55 61 (1024 -256 172 ) (1024 -256 192 ) (256 -256 192 ) (256 -256 172 ) 
4 55 60 (1024 -256 192 ) (1024 -256 2112 ) (256 -256 2112 ) (256 -256 192 ) 
4 55 57 (256 -128 192 ) (256 -128 2112 ) (256 -64 2112 ) (256 -64 192 ) 
4 55 56 (256 0 64 ) (256 -64 64 ) (256 -64 2112 ) (256 0 2112 ) 
4 55 58 (256 -128 64 ) (256 -256 64 ) (256 -256 2112 ) (256 -128 2112 ) 
4 56 57 (128 -64 2112 ) (128 -64 192 ) (256 -64 192 ) (256 -64 2112 ) 
4 56 59 (128 0 64 ) (128 -64 64 ) (128 -64 2112 ) (128 0 2112 ) 
4 57 59 (128 -128 192 ) (128 -128 2112 ) (128 -64 2112 ) (128 -64 192 ) 
4 57 58 (128 -128 2112 ) (128 -128 192 ) (256 -128 192 ) (256 -128 2112 ) 
4 58 62 (128 -256 172 ) (128 -256 64 ) (256 -256 64 ) (256 -256 172 ) 
4 58 61 (128 -256 192 ) (128 -256 172 ) (256 -256 172 ) (256 -256 192 ) 
4 58 60 (256 -256 2112 ) (128 -256 2112 ) (128 -256 192 ) (256 -256 192 ) 
4 58 59 (128 -128 64 ) (128 -256 64 ) (128 -256 2112 ) (128 -128 2112 ) 
4 59 73 (0 -192 64 ) (0 -256 64 ) (0 -256 144 ) (0 -192 144 ) 
4 59 72 (0 0 144 ) (0 0 64 ) (0 -192 64 ) (0 -192 144 ) 
4 59 71 (0 0 2112 ) (0 0 144 ) (0 -256 144 ) (0 -256 2112 ) 
4 59 63 (0 -256 172 ) (0 -256 64 ) (20 -256 64 ) (20 -256 172 ) 
4 59 62 (64 -256 64 ) (128 -256 64 ) (128 -256 172 ) (64 -256 172 ) 
4 59 61 (64 -256 172 ) (128 -256 172 ) (128 -256 192 ) (64 -256 192 ) 
4 59 60 (128 -256 2112 ) (0 -256 2112 ) (0 -256 192 ) (128 -256 192 ) 
4 60 76 (0 -320 192 ) (0 -320 2112 ) (0 -256 2112 ) (0 -256 192 ) 
4 60 65 (612 -320 192 ) (740 -320 192 ) (740 -320 2112 ) (612 -320 2112 ) 
4 60 64 (740 -320 192 ) (1024 -320 192 ) (1024 -320 2112 ) (740 -320 2112 ) 
4 60 70 (0 -320 2112 ) (0 -320 192 ) (612 -320 192 ) (612 -320 2112 ) 
4 60 61 (1024 -320 192 ) (64 -320 192 ) (64 -256 192 ) (1024 -256 192 ) 
4 61 65 (612 -320 172 ) (740 -320 172 ) (740 -320 192 ) (612 -320 192 ) 
4 61 64 (740 -320 172 ) (1024 -320 172 ) (1024 -320 192 ) (740 -320 192 ) 
4 61 70 (64 -320 172 ) (612 -320 172 ) (612 -320 192 ) (64 -320 192 ) 
4 61 62 (1024 -320 172 ) (64 -320 172 ) (64 -256 172 ) (1024 -256 172 ) 
4 62 65 (612 -320 64 ) (740 -320 64 ) (740 -320 172 ) (612 -320 172 ) 
4 62 64 (740 -320 64 ) (1024 -320 64 ) (1024 -320 172 ) (740 -320 172 ) 
4 62 70 (64 -320 64 ) (612 -320 64 ) (612 -320 172 ) (64 -320 172 ) 
4 63 78 (0 -320 64 ) (0 -320 172 ) (0 -256 172 ) (0 -256 64 ) 
4 63 70 (0 -320 172 ) (0 -320 64 ) (20 -320 64 ) (20 -320 172 ) 
3 64 68 (740 -448 108.769188 ) (740 -448 92.723190 ) (740 -451.592010 92.203835 ) 
4 64 67 (740 -448 64 ) (740 -512 64 ) (740 -512 83.469673 ) (740 -448 92.723190 ) 
4 64 66 (740 -512 192 ) (740 -512 2112 ) (740 -448 2112 ) (740 -448 192 ) 
4 64 65 (740 -320 64 ) (740 -448 64 ) (740 -448 2112 ) (740 -320 2112 ) 
4 64 69 (740 -512 64 ) (740 -1024 64 ) (740 -1024 2112 ) (740 -512 2112 ) 
5 65 68 (612 -448 192 ) (612 -448 120.482483 ) (740 -448 92.723190 ) (740 -448 108.769180 ) (658.533264 -448 192 ) 
4 65 67 (612 -448 120.482483 ) (612 -448 64 ) (740 -448 64 ) (740 -448 92.723190 ) 
4 65 66 (612 -448 2112 ) (612 -448 192 ) (740 -448 192 ) (740 -448 2112 ) 
4 65 70 (612 -320 64 ) (612 -448 64 ) (612 -448 2112 ) (612 -320 2112 ) 
3 66 68 (612 -458.308685 192 ) (612 -448 192 ) (658.533264 -448 192 ) 
4 66 70 (612 -512 192 ) (612 -512 2112 ) (612 -448 2112 ) (612 -448 192 ) 
4 66 69 (612 -512 2112 ) (612 -512 192 ) (740 -512 192 ) (740 -512 2112 ) 
4 67 68 (740 -448 92.724609 ) (612 -448 120.484138 ) (612 -474.651550 116.630951 ) (740 -451.591675 92.205353 ) 
4 67 69 (612 -512 111.228966 ) (612 -512 64 ) (740 -512 64 ) (740 -512 83.469673 ) 
4 67 70 (612 -448 64 ) (612 -512 64 ) (612 -512 111.228958 ) (612 -448 120.482483 ) 
4 68 70 (612 -458.308685 192 ) (612 -448 192 ) (612 -448 120.482483 ) (612 -474.651947 116.628975 ) 
4 69 70 (612 -512 64 ) (612 -1024 64 ) (612 -1024 2112 ) (612 -512 2112 ) 
4 70 85 (0 -384 112 ) (0 -320 112 ) (0 -320 64 ) (0 -384 64 ) 
4 70 88 (0 -1024 64 ) (0 -1024 112 ) (0 -384 112 ) (0 -384 64 ) 
4 70 84 (0 -1024 112 ) (0 -1024 2112 ) (0 -320 2112 ) (0 -320 112 ) 
4 71 82 (-256 -256 172 ) (-320 -256 172 ) (-320 -256 144 ) (-256 -256 144 ) 
4 71 83 (-320 -256 172 ) (-1024 -256 172 ) (-1024 -256 144 ) (-320 -256 144 ) 
4 71 81 (-192 -256 172 ) (-256 -256 172 ) (-256 -256 144 ) (-192 -256 144 ) 
4 71 80 (-128 -256 172 ) (-192 -256 172 ) (-192 -256 144 ) (-128 -256 144 ) 
4 71 78 (0 -256 144 ) (0 -256 172 ) (-28 -256 172 ) (-28 -256 144 ) 
4 71 79 (-64 -256 172 ) (-128 -256 172 ) (-128 -256 144 ) (-64 -256 144 ) 
4 71 77 (-64 -256 192 ) (-1024 -256 192 ) (-1024 -256 172 ) (-64 -256 172 ) 
4 71 76 (0 -256 192 ) (0 -256 2112 ) (-1024 -256 2112 ) (-1024 -256 192 ) 
4 71 74 (-192 -256 144 ) (-256 -256 144 ) (-256 -192 144 ) (-192 -192 144 ) 
4 71 75 (-320 -256 144 ) (-1024 -256 144 ) (-1024 -192 144 ) (-320 -192 144 ) 
4 71 73 (0 -256 144 ) (-128 -256 144 ) (-128 -192 144 ) (0 -192 144 ) 
4 71 72 (-1024 -192 144 ) (-1024 0 144 ) (0 0 144 ) (0 -192 144 ) 
4 72 74 (-256 -192 64 ) (-192 -192 64 ) (-192 -192 144 ) (-256 -192 144 ) 
4 72 75 (-1024 -192 64 ) (-320 -192 64 ) (-320 -192 144 ) (-1024 -192 144 ) 
4 72 73 (-128 -192 64 ) (0 -192 64 ) (0 -192 144 ) (-128 -192 144 ) 
4 73 78 (-28 -256 64 ) (0 -256 64 ) (0 -256 144 ) (-28 -256 144 ) 
4 73 79 (-128 -256 64 ) (-64 -256 64 ) (-64 -256 144 ) (-128 -256 144 ) 
4 74 89 (-192 -256 64 ) (-256 -256 64 ) (-256 -192 64 ) (-192 -192 64 ) 
4 74 81 (-192 -256 80 ) (-192 -256 144 ) (-256 -256 144 ) (-256 -256 80 ) 
4 75 83 (-1024 -256 64 ) (-320 -256 64 ) (-320 -256 144 ) (-1024 -256 144 ) 
4 76 84 (-1024 -320 2112 ) (-1024 -320 192 ) (0 -320 192 ) (0 -320 2112 ) 
4 76 77 (-64 -320 192 ) (-1024 -320 192 ) (-1024 -256 192 ) (-64 -256 192 ) 
4 77 84 (-1024 -320 192 ) (-1024 -320 172 ) (-64 -320 172 ) (-64 -320 192 ) 
4 77 82 (-256 -320 172 ) (-320 -320 172 ) (-320 -256 172 ) (-256 -256 172 ) 
4 77 83 (-320 -320 172 ) (-1024 -320 172 ) (-1024 -256 172 ) (-320 -256 172 ) 
4 77 81 (-192 -320 172 ) (-256 -320 172 ) (-256 -256 172 ) (-192 -256 172 ) 
4 77 80 (-128 -320 172 ) (-192 -320 172 ) (-192 -256 172 ) (-128 -256 172 ) 
4 77 79 (-64 -320 172 ) (-128 -320 172 ) (-128 -256 172 ) (-64 -256 172 ) 
4 78 85 (-28 -320 64 ) (0 -320 64 ) (0 -320 112 ) (-28 -320 112 ) 
4 78 84 (0 -320 112 ) (0 -320 172 ) (-28 -320 172 ) (-28 -320 112 ) 
4 79 85 (-128 -320 64 ) (-64 -320 64 ) (-64 -320 112 ) (-128 -320 112 ) 
4 79 84 (-64 -320 112 ) (-64 -320 172 ) (-128 -320 172 ) (-128 -320 112 ) 
4 79 80 (-128 -320 128 ) (-128 -320 172 ) (-128 -256 172 ) (-128 -256 128 ) 
4 80 84 (-128 -320 128 ) (-128 -320 172 ) (-192 -320 172 ) (-192 -320 128 ) 
4 80 81 (-192 -320 128 ) (-192 -320 172 ) (-192 -256 172 ) (-192 -256 128 ) 
4 81 86 (-192 -320 96 ) (-192 -320 112 ) (-256 -320 112 ) (-256 -320 96 ) 
4 81 84 (-192 -320 112 ) (-192 -320 172 ) (-256 -320 172 ) (-256 -320 112 ) 
4 81 82 (-256 -320 128 ) (-256 -320 172 ) (-256 -256 172 ) (-256 -256 128 ) 
4 82 84 (-256 -320 128 ) (-256 -320 172 ) (-320 -320 172 ) (-320 -320 128 ) 
4 82 83 (-320 -320 128 ) (-320 -320 172 ) (-320 -256 172 ) (-320 -256 128 ) 
4 83 87 (-1024 -320 112 ) (-1024 -320 64 ) (-320 -320 64 ) (-320 -320 112 ) 
4 83 84 (-1024 -320 172 ) (-1024 -320 112 ) (-320 -320 112 ) (-320 -320 172 ) 
4 84 87 (-1024 -320 112 ) (-320 -320 112 ) (-320 -384 112 ) (-1024 -384 112 ) 
4 84 86 (-256 -320 112 ) (-192 -320 112 ) (-192 -384 112 ) (-256 -384 112 ) 
4 84 85 (-128 -320 112 ) (0 -320 112 ) (0 -384 112 ) (-128 -384 112 ) 
4 84 88 (0 -384 112 ) (0 -1024 112 ) (-1024 -1024 112 ) (-1024 -384 112 ) 
4 85 88 (-128 -384 64 ) (0 -384 64 ) (0 -384 112 ) (-128 -384 112 ) 
4 86 88 (-192 -384 96 ) (-192 -384 112 ) (-256 -384 112 ) (-256 -384 96 ) 
4 87 88 (-1024 -384 64 ) (-320 -384 64 ) (-320 -384 112 ) (-1024 -384 112 ) 
4 89 90 (-256 -256 -240 ) (-256 -192 -240 ) (-192 -192 -240 ) (-192 -256 -240 ) 
