


materialPath: D:\Programy\Steam\steamapps\common\GarrysMod\garrysmod\materials
Loading D:\vmf\3.vmf
fixing up env_cubemap materials on brush sides...
0...1...2...3...4...5...6...7...8...9...100...1...2...3...4...5...6...7...8...9...10Processing areas...done (0)
Building Faces...done (0)
FixTjuncs...
PruneNodes...
WriteBSP...
done (0)
writing D:\vmf\3.prt...
Building visibility clusters...
done (0)
Creating default LDR cubemaps for env_cubemap using skybox materials:
   skybox/sky_day01_01*.vmt
 ! Run buildcubemaps in the engine to get the correct cube maps.
*** Error: Skybox vtf files for skybox/sky_day01_01 weren't compiled with the same size texture and/or same flags!
Can't load skybox file skybox/sky_day01_01 to build the default cubemap!
Finding displacement neighbors...
Finding lightmap sample positions...
Displacement Alpha : 0...1...2...3...4...5...6...7...8...9...10
Building Physics collision data...
done (0) (9887 bytes)
Placing detail props : 0...1...2...3...4...5...6...7...8...9...10
Compacting texture/material tables...
Reduced 23 texinfos to 21
Reduced 2 texdatas to 2 (31 bytes to 31)
Writing D:\vmf\3.bsp
0 seconds elapsed



materialPath: D:\Programy\Steam\steamapps\common\GarrysMod\garrysmod\materials
Loading D:\vmf\3.vmf
fixing up env_cubemap materials on brush sides...
0...1...2...3...4...5...6...7...8...9...100...1...2...3...4...5...6...7...8...9...10Processing areas...done (0)
Building Faces...done (0)
FixTjuncs...
PruneNodes...
WriteBSP...
done (0)
writing D:\vmf\3.prt...
Building visibility clusters...
done (0)
Creating default LDR cubemaps for env_cubemap using skybox materials:
   skybox/sky_day01_01*.vmt
 ! Run buildcubemaps in the engine to get the correct cube maps.
*** Error: Skybox vtf files for skybox/sky_day01_01 weren't compiled with the same size texture and/or same flags!
Can't load skybox file skybox/sky_day01_01 to build the default cubemap!
Finding displacement neighbors...
Finding lightmap sample positions...
Displacement Alpha : 0...1...2...3...4...5...6...7...8...9...10
Building Physics collision data...
done (0) (9887 bytes)
Placing detail props : 0...1...2...3...4...5...6...7...8...9...10
Compacting texture/material tables...
Reduced 23 texinfos to 21
Reduced 2 texdatas to 2 (31 bytes to 31)
Writing D:\vmf\3.bsp
0 seconds elapsed



materialPath: D:\Programy\Steam\steamapps\common\GarrysMod\garrysmod\materials
Loading D:\vmf\3.vmf
fixing up env_cubemap materials on brush sides...
0...1...2...3...4...5...6...7...8...9...100...1...2...3...4...5...6...7...8...9...10Processing areas...done (0)
Building Faces...done (0)
FixTjuncs...
PruneNodes...
WriteBSP...
done (0)
writing D:\vmf\3.prt...
Building visibility clusters...
done (0)
Creating default LDR cubemaps for env_cubemap using skybox materials:
   skybox/sky_day01_01*.vmt
 ! Run buildcubemaps in the engine to get the correct cube maps.
*** Error: Skybox vtf files for skybox/sky_day01_01 weren't compiled with the same size texture and/or same flags!
Can't load skybox file skybox/sky_day01_01 to build the default cubemap!
Finding displacement neighbors...
Finding lightmap sample positions...
Displacement Alpha : 0...1...2...3...4...5...6...7...8...9...10
Building Physics collision data...
done (0) (9887 bytes)
Placing detail props : 0...1...2...3...4...5...6...7...8...9...10
Compacting texture/material tables...
Reduced 23 texinfos to 21
Reduced 2 texdatas to 2 (31 bytes to 31)
Writing D:\vmf\3.bsp
0 seconds elapsed



16 threads
reading d:\vmf\3.bsp
reading d:\vmf\3.prt
 313 portalclusters
 732 numportals
0...1...2...3...4...5...6...7...8...9...100...1...2...3...4...5...6...7...8...9...10Optimized: 15 visible clusters (0.02%)
Total clusters visible: 89566
Average clusters visible: 286
Building PAS...
Average clusters audible: 313
visdatasize:27531  compressed from 25040
writing d:\vmf\3.bsp
1 second elapsed



[Reading texlights from 'lights.rad']
[45 texlights parsed from 'lights.rad']

Loading d:\vmf\3.bsp
PREP OK
1374 faces
4048914 square feet [583043648.00 square inches]
0 Displacements
0 Square Feet [0.00 Square Inches]
1374 patches before subdivision
68986 patches after subdivision
2 direct lights
0...1...2...3...4...5...6...7...8...9...100...1...2...3...4...5...6...7...8...9...10transfers 2656101, max 492
transfer lists:  20.3 megs
0...1...2...3...4...5...6...7...8...9...10	Bounce #1 added RGB(104267, 101057, 61155)
0...1...2...3...4...5...6...7...8...9...10	Bounce #2 added RGB(13316, 12902, 7752)
0...1...2...3...4...5...6...7...8...9...10	Bounce #3 added RGB(1706, 1652, 990)
0...1...2...3...4...5...6...7...8...9...10	Bounce #4 added RGB(250, 242, 145)
0...1...2...3...4...5...6...7...8...9...10	Bounce #5 added RGB(38, 37, 22)
0...1...2...3...4...5...6...7...8...9...10	Bounce #6 added RGB(6, 6, 4)
0...1...2...3...4...5...6...7...8...9...10	Bounce #7 added RGB(1, 1, 1)
0...1...2...3...4...5...6...7...8...9...10	Bounce #8 added RGB(0, 0, 0)
Build Patch/Sample Hash Table(s).....Done<0.0170 sec>
0...1...2...3...4...5...6...7...8...9...10FinalLightFace Done
0 of 0 (0% of) surface lights went in leaf ambient cubes.
0...1...2...3...4...5...6...7...8...9...10Writing leaf ambient...done
Ready to Finish

Object names       Objects/Maxobjs  Memory / Maxmem  Fullness 
------------       ---------------  ---------------  -------- 
models                   1/4096           48/196608   ( 0.0%) 
brushes                 26/16384         312/196608   ( 0.2%) 
brushsides             161/163840       1288/1310720  ( 0.1%) 
planes                 206/65536        4120/1310720  ( 0.3%) 
vertexes              1596/65536       19152/786432   ( 2.4%) 
nodes                  843/65536       26976/2097152  ( 1.3%) 
texinfos                21/16384        1512/1179648  ( 0.1%) 
texdata                  2/8192           64/262144   ( 0.0%) 
dispinfos                0/0               0/0        ( 0.0%) 
disp_verts               0/0               0/0        ( 0.0%) 
disp_tris                0/0               0/0        ( 0.0%) 
disp_lmsamples           0/0               0/0        ( 0.0%) 
faces                 1374/65536       76944/3670016  ( 2.1%) 
hdr faces                0/65536           0/3670016  ( 0.0%) 
origfaces              106/65536        5936/3670016  ( 0.2%) 
leaves                 845/65536       27040/2097152  ( 1.3%) 
leaffaces             1490/65536        2980/131072   ( 2.3%) 
leafbrushes            494/65536         988/131072   ( 0.8%) 
areas                    2/1024           16/8192     ( 0.2%) 
surfedges             6338/512000      25352/2048000  ( 1.2%) 
edges                 3204/256000      12816/1024000  ( 1.3%) 
LDR worldlights          2/8192          176/720896   ( 0.0%) 
HDR worldlights          0/8192            0/720896   ( 0.0%) 
leafwaterdata            0/32768           0/393216   ( 0.0%) 
waterstrips             81/32768         810/327680   ( 0.2%) 
waterverts               0/65536           0/786432   ( 0.0%) 
waterindices           996/65536        1992/131072   ( 1.5%) 
cubemapsamples           0/1024            0/16384    ( 0.0%) 
overlays                 0/8192            0/2883584  ( 0.0%) 
LDR lightdata         [variable]     1744060/0        ( 0.0%) 
HDR lightdata         [variable]           0/0        ( 0.0%) 
visdata               [variable]       27531/16777216 ( 0.2%) 
entdata               [variable]         617/393216   ( 0.2%) 
LDR ambient table      845/65536        3380/262144   ( 1.3%) 
HDR ambient table      845/65536        3380/262144   ( 1.3%) 
LDR leaf ambient      2426/65536       67928/1835008  ( 3.7%) 
HDR leaf ambient       845/65536       23660/1835008  ( 1.3%) 
occluders                0/0               0/0        ( 0.0%) 
occluder polygons        0/0               0/0        ( 0.0%) 
occluder vert ind        0/0               0/0        ( 0.0%) 
detail props          [variable]           1/12       ( 8.3%) 
static props          [variable]           1/12       ( 8.3%) 
pakfile               [variable]       24858/0        ( 0.0%) 
physics               [variable]        9887/4194304  ( 0.2%) 
physics terrain       [variable]           2/1048576  ( 0.0%) 

Level flags = 0

Total triangle count: 3170
Writing d:\vmf\3.bsp
5 seconds elapsed



materialPath: D:\Programy\Steam\steamapps\common\GarrysMod\garrysmod\materials
Loading D:\vmf\3.vmf
fixing up env_cubemap materials on brush sides...
0...1...2...3...4...5...6...7...8...9...100...1...2...3...4...5...6...7...8...9...10Processing areas...done (0)
Building Faces...done (0)
FixTjuncs...
PruneNodes...
WriteBSP...
done (0)
writing D:\vmf\3.prt...
Building visibility clusters...
done (0)
Creating default LDR cubemaps for env_cubemap using skybox materials:
   skybox/sky_day01_01*.vmt
 ! Run buildcubemaps in the engine to get the correct cube maps.
*** Error: Skybox vtf files for skybox/sky_day01_01 weren't compiled with the same size texture and/or same flags!
Can't load skybox file skybox/sky_day01_01 to build the default cubemap!
Finding displacement neighbors...
Finding lightmap sample positions...
Displacement Alpha : 0...1...2...3...4...5...6...7...8...9...10
Building Physics collision data...
done (0) (9887 bytes)
Placing detail props : 0...1...2...3...4...5...6...7...8...9...10
Compacting texture/material tables...
Reduced 23 texinfos to 21
Reduced 2 texdatas to 2 (31 bytes to 31)
Writing D:\vmf\3.bsp
0 seconds elapsed



16 threads
reading d:\vmf\3.bsp
reading d:\vmf\3.prt
 313 portalclusters
 732 numportals
0...1...2...3...4...5...6...7...8...9...100...1...2...3...4...5...6...7...8...9...10Optimized: 15 visible clusters (0.02%)
Total clusters visible: 89566
Average clusters visible: 286
Building PAS...
Average clusters audible: 313
visdatasize:27531  compressed from 25040
writing d:\vmf\3.bsp
1 second elapsed



[Reading texlights from 'lights.rad']
[45 texlights parsed from 'lights.rad']

Loading d:\vmf\3.bsp
PREP OK
1374 faces
4048914 square feet [583043648.00 square inches]
0 Displacements
0 Square Feet [0.00 Square Inches]
1374 patches before subdivision
68986 patches after subdivision
2 direct lights
0...1...2...3...4...5...6...7...8...9...100...1...2...3...4...5...6...7...8...9...10transfers 2656101, max 492
transfer lists:  20.3 megs
0...1...2...3...4...5...6...7...8...9...10	Bounce #1 added RGB(104268, 101058, 61155)
0...1...2...3...4...5...6...7...8...9...10	Bounce #2 added RGB(13317, 12902, 7752)
0...1...2...3...4...5...6...7...8...9...10	Bounce #3 added RGB(1706, 1652, 990)
0...1...2...3...4...5...6...7...8...9...10	Bounce #4 added RGB(250, 242, 145)
0...1...2...3...4...5...6...7...8...9...10	Bounce #5 added RGB(38, 37, 22)
0...1...2...3...4...5...6...7...8...9...10	Bounce #6 added RGB(6, 6, 4)
0...1...2...3...4...5...6...7...8...9...10	Bounce #7 added RGB(1, 1, 1)
0...1...2...3...4...5...6...7...8...9...10	Bounce #8 added RGB(0, 0, 0)
Build Patch/Sample Hash Table(s).....Done<0.0171 sec>
0...1...2...3...4...5...6...7...8...9...10FinalLightFace Done
0 of 0 (0% of) surface lights went in leaf ambient cubes.
0...1...2...3...4...5...6...7...8...9...10Writing leaf ambient...done
Ready to Finish

Object names       Objects/Maxobjs  Memory / Maxmem  Fullness 
------------       ---------------  ---------------  -------- 
models                   1/4096           48/196608   ( 0.0%) 
brushes                 26/16384         312/196608   ( 0.2%) 
brushsides             161/163840       1288/1310720  ( 0.1%) 
planes                 206/65536        4120/1310720  ( 0.3%) 
vertexes              1596/65536       19152/786432   ( 2.4%) 
nodes                  843/65536       26976/2097152  ( 1.3%) 
texinfos                21/16384        1512/1179648  ( 0.1%) 
texdata                  2/8192           64/262144   ( 0.0%) 
dispinfos                0/0               0/0        ( 0.0%) 
disp_verts               0/0               0/0        ( 0.0%) 
disp_tris                0/0               0/0        ( 0.0%) 
disp_lmsamples           0/0               0/0        ( 0.0%) 
faces                 1374/65536       76944/3670016  ( 2.1%) 
hdr faces                0/65536           0/3670016  ( 0.0%) 
origfaces              106/65536        5936/3670016  ( 0.2%) 
leaves                 845/65536       27040/2097152  ( 1.3%) 
leaffaces             1490/65536        2980/131072   ( 2.3%) 
leafbrushes            494/65536         988/131072   ( 0.8%) 
areas                    2/1024           16/8192     ( 0.2%) 
surfedges             6338/512000      25352/2048000  ( 1.2%) 
edges                 3204/256000      12816/1024000  ( 1.3%) 
LDR worldlights          2/8192          176/720896   ( 0.0%) 
HDR worldlights          0/8192            0/720896   ( 0.0%) 
leafwaterdata            0/32768           0/393216   ( 0.0%) 
waterstrips             81/32768         810/327680   ( 0.2%) 
waterverts               0/65536           0/786432   ( 0.0%) 
waterindices           996/65536        1992/131072   ( 1.5%) 
cubemapsamples           0/1024            0/16384    ( 0.0%) 
overlays                 0/8192            0/2883584  ( 0.0%) 
LDR lightdata         [variable]     1744060/0        ( 0.0%) 
HDR lightdata         [variable]           0/0        ( 0.0%) 
visdata               [variable]       27531/16777216 ( 0.2%) 
entdata               [variable]         617/393216   ( 0.2%) 
LDR ambient table      845/65536        3380/262144   ( 1.3%) 
HDR ambient table      845/65536        3380/262144   ( 1.3%) 
LDR leaf ambient      2426/65536       67928/1835008  ( 3.7%) 
HDR leaf ambient       845/65536       23660/1835008  ( 1.3%) 
occluders                0/0               0/0        ( 0.0%) 
occluder polygons        0/0               0/0        ( 0.0%) 
occluder vert ind        0/0               0/0        ( 0.0%) 
detail props          [variable]           1/12       ( 8.3%) 
static props          [variable]           1/12       ( 8.3%) 
pakfile               [variable]       24858/0        ( 0.0%) 
physics               [variable]        9887/4194304  ( 0.2%) 
physics terrain       [variable]           2/1048576  ( 0.0%) 

Level flags = 0

Total triangle count: 3170
Writing d:\vmf\3.bsp
5 seconds elapsed
