PRT1
313
732
4 0 2 (1280 9216 -512 ) (1280 9216 2816 ) (1024 9216 2816 ) (1024 9216 -512 ) 
4 0 1 (1024 9216 -512 ) (1024 9216 2816 ) (1024 9984 2816 ) (1024 9984 -512 ) 
4 1 4 (0 9216 -512 ) (0 9216 2816 ) (0 9984 2816 ) (0 9984 -512 ) 
4 1 3 (1024 9216 -512 ) (1024 9216 2816 ) (0 9216 2816 ) (0 9216 -512 ) 
4 2 10 (1280 8192 -512 ) (1280 8192 2816 ) (1024 8192 2816 ) (1024 8192 -512 ) 
4 2 3 (1024 9216 2816 ) (1024 9216 -512 ) (1024 8192 -512 ) (1024 8192 2816 ) 
4 3 11 (1024 8192 -512 ) (1024 8192 2816 ) (0 8192 2816 ) (0 8192 -512 ) 
4 3 5 (0 8192 -512 ) (0 8192 2816 ) (0 9216 2816 ) (0 9216 -512 ) 
4 4 6 (-1024 9216 -512 ) (-1024 9216 2816 ) (-1024 9984 2816 ) (-1024 9984 -512 ) 
4 4 5 (0 9216 -512 ) (0 9216 2816 ) (-1024 9216 2816 ) (-1024 9216 -512 ) 
4 5 20 (0 8192 -512 ) (0 8192 2816 ) (-1024 8192 2816 ) (-1024 8192 -512 ) 
4 5 8 (-1024 8192 -512 ) (-1024 8192 2816 ) (-1024 9216 2816 ) (-1024 9216 -512 ) 
4 6 8 (-1024 9216 -512 ) (-1024 9216 2816 ) (-2048 9216 2816 ) (-2048 9216 -512 ) 
4 6 7 (-2048 9216 -512 ) (-2048 9216 2816 ) (-2048 9984 2816 ) (-2048 9984 -512 ) 
4 7 35 (-3072 9216 -512 ) (-3072 9216 2816 ) (-3072 9984 2816 ) (-3072 9984 -512 ) 
4 7 9 (-2048 9216 -512 ) (-2048 9216 2816 ) (-3072 9216 2816 ) (-3072 9216 -512 ) 
4 8 22 (-1024 8192 -512 ) (-1024 8192 2816 ) (-2048 8192 2816 ) (-2048 8192 -512 ) 
4 8 9 (-2048 9216 2816 ) (-2048 9216 -512 ) (-2048 8192 -512 ) (-2048 8192 2816 ) 
4 9 36 (-3072 8192 -512 ) (-3072 8192 2816 ) (-3072 9216 2816 ) (-3072 9216 -512 ) 
4 9 23 (-2048 8192 -512 ) (-2048 8192 2816 ) (-3072 8192 2816 ) (-3072 8192 -512 ) 
4 10 12 (1280 7168 -512 ) (1280 7168 2816 ) (1024 7168 2816 ) (1024 7168 -512 ) 
4 10 11 (1024 8192 2816 ) (1024 8192 -512 ) (1024 7168 -512 ) (1024 7168 2816 ) 
4 11 20 (0 8192 2816 ) (0 8192 -512 ) (0 7168 -512 ) (0 7168 2816 ) 
4 11 13 (1024 7168 -512 ) (1024 7168 2816 ) (0 7168 2816 ) (0 7168 -512 ) 
4 12 14 (1280 6144 -512 ) (1280 6144 2816 ) (1024 6144 2816 ) (1024 6144 -512 ) 
4 12 13 (1024 7168 2816 ) (1024 7168 -512 ) (1024 6144 -512 ) (1024 6144 2816 ) 
4 13 21 (0 6144 -512 ) (0 6144 2816 ) (0 7168 2816 ) (0 7168 -512 ) 
4 13 15 (1024 6144 -512 ) (1024 6144 2816 ) (0 6144 2816 ) (0 6144 -512 ) 
4 14 16 (1280 5120 -512 ) (1280 5120 2816 ) (1024 5120 2816 ) (1024 5120 -512 ) 
4 14 15 (1024 6144 2816 ) (1024 6144 -512 ) (1024 5120 -512 ) (1024 5120 2816 ) 
4 15 26 (0 5120 -512 ) (0 5120 2816 ) (0 6144 2816 ) (0 6144 -512 ) 
4 15 17 (0 5120 2816 ) (0 5120 -512 ) (1024 5120 -512 ) (1024 5120 2816 ) 
4 16 18 (1280 4096 -512 ) (1280 4096 2816 ) (1024 4096 2816 ) (1024 4096 -512 ) 
4 16 17 (1024 5120 2816 ) (1024 5120 -512 ) (1024 4096 -512 ) (1024 4096 2816 ) 
4 17 29 (0 4096 -512 ) (0 4096 2816 ) (0 5120 2816 ) (0 5120 -512 ) 
4 17 19 (0 4096 2816 ) (0 4096 -512 ) (1024 4096 -512 ) (1024 4096 2816 ) 
4 18 95 (1280 3072 -512 ) (1280 3072 2816 ) (1024 3072 2816 ) (1024 3072 -512 ) 
4 18 19 (1024 4096 2816 ) (1024 4096 -512 ) (1024 3072 -512 ) (1024 3072 2816 ) 
4 19 96 (1024 3072 -512 ) (1024 3072 2816 ) (0 3072 2816 ) (0 3072 -512 ) 
4 19 30 (0 3072 -512 ) (0 3072 2816 ) (0 4096 2816 ) (0 4096 -512 ) 
4 20 22 (-1024 8192 2816 ) (-1024 8192 -512 ) (-1024 7168 -512 ) (-1024 7168 2816 ) 
4 20 21 (0 7168 -512 ) (0 7168 2816 ) (-1024 7168 2816 ) (-1024 7168 -512 ) 
4 21 26 (0 6144 -512 ) (0 6144 2816 ) (-1024 6144 2816 ) (-1024 6144 -512 ) 
4 21 24 (-1024 6144 -512 ) (-1024 6144 2816 ) (-1024 7168 2816 ) (-1024 7168 -512 ) 
4 22 24 (-1024 7168 -512 ) (-1024 7168 2816 ) (-2048 7168 2816 ) (-2048 7168 -512 ) 
4 22 23 (-2048 8192 2816 ) (-2048 8192 -512 ) (-2048 7168 -512 ) (-2048 7168 2816 ) 
4 23 53 (-3072 7168 832 ) (-3072 7168 2816 ) (-3072 7328 2816 ) (-3072 7328 832 ) 
4 23 54 (-3072 7168 -512 ) (-3072 7168 64 ) (-3072 7328 64 ) (-3072 7328 -512 ) 
4 23 52 (-3072 7328 2816 ) (-3072 8192 2816 ) (-3072 8192 -512 ) (-3072 7328 -512 ) 
4 23 25 (-2048 7168 -512 ) (-2048 7168 2816 ) (-3072 7168 2816 ) (-3072 7168 -512 ) 
4 24 27 (-1024 6144 -512 ) (-1024 6144 2816 ) (-2048 6144 2816 ) (-2048 6144 -512 ) 
4 24 25 (-2048 7168 2816 ) (-2048 7168 -512 ) (-2048 6144 -512 ) (-2048 6144 2816 ) 
4 25 56 (-3072 6144 832 ) (-3072 6144 2816 ) (-3072 7168 2816 ) (-3072 7168 832 ) 
4 25 57 (-3072 6144 -512 ) (-3072 6144 64 ) (-3072 7168 64 ) (-3072 7168 -512 ) 
4 25 28 (-2048 6144 -512 ) (-2048 6144 2816 ) (-3072 6144 2816 ) (-3072 6144 -512 ) 
4 26 29 (0 5120 -512 ) (0 5120 2816 ) (-1024 5120 2816 ) (-1024 5120 -512 ) 
4 26 27 (-1024 5120 -512 ) (-1024 5120 2816 ) (-1024 6144 2816 ) (-1024 6144 -512 ) 
4 27 31 (-1024 5120 -512 ) (-1024 5120 2816 ) (-2048 5120 2816 ) (-2048 5120 -512 ) 
4 27 28 (-2048 6144 2816 ) (-2048 6144 -512 ) (-2048 5120 -512 ) (-2048 5120 2816 ) 
4 28 63 (-3072 5856 2816 ) (-3072 6144 2816 ) (-3072 6144 832 ) (-3072 5856 832 ) 
4 28 64 (-3072 6144 64 ) (-3072 6144 -512 ) (-3072 5856 -512 ) (-3072 5856 64 ) 
4 28 65 (-3072 5120 -512 ) (-3072 5120 2816 ) (-3072 5856 2816 ) (-3072 5856 -512 ) 
4 28 32 (-3072 5120 2816 ) (-3072 5120 -512 ) (-2048 5120 -512 ) (-2048 5120 2816 ) 
4 29 31 (-1024 5120 2816 ) (-1024 5120 -512 ) (-1024 4096 -512 ) (-1024 4096 2816 ) 
4 29 30 (0 4096 -512 ) (0 4096 2816 ) (-1024 4096 2816 ) (-1024 4096 -512 ) 
4 30 118 (0 3072 -512 ) (0 3072 2816 ) (-1024 3072 2816 ) (-1024 3072 -512 ) 
4 30 33 (-1024 3072 -512 ) (-1024 3072 2816 ) (-1024 4096 2816 ) (-1024 4096 -512 ) 
4 31 33 (-1024 4096 -512 ) (-1024 4096 2816 ) (-2048 4096 2816 ) (-2048 4096 -512 ) 
4 31 32 (-2048 5120 2816 ) (-2048 5120 -512 ) (-2048 4096 -512 ) (-2048 4096 2816 ) 
4 32 70 (-3072 4096 832 ) (-3072 4096 2816 ) (-3072 4352 2816 ) (-3072 4352 832 ) 
4 32 71 (-3072 4096 -512 ) (-3072 4096 64 ) (-3072 4352 64 ) (-3072 4352 -512 ) 
4 32 69 (-3072 4352 2816 ) (-3072 5120 2816 ) (-3072 5120 -512 ) (-3072 4352 -512 ) 
4 32 34 (-3072 4096 2816 ) (-3072 4096 -512 ) (-2048 4096 -512 ) (-2048 4096 2816 ) 
4 33 125 (-1024 3072 -512 ) (-1024 3072 2816 ) (-2048 3072 2816 ) (-2048 3072 -512 ) 
4 33 34 (-2048 4096 2816 ) (-2048 4096 -512 ) (-2048 3072 -512 ) (-2048 3072 2816 ) 
4 34 126 (-2048 3072 -512 ) (-2048 3072 2816 ) (-3072 3072 2816 ) (-3072 3072 -512 ) 
4 34 73 (-3072 3072 832 ) (-3072 3072 2816 ) (-3072 4096 2816 ) (-3072 4096 832 ) 
4 34 74 (-3072 3072 -512 ) (-3072 3072 64 ) (-3072 4096 64 ) (-3072 4096 -512 ) 
4 35 42 (-4096 9216 -512 ) (-4096 9216 2816 ) (-4096 9984 2816 ) (-4096 9984 -512 ) 
4 35 37 (-3104 9216 2816 ) (-3552 9216 2816 ) (-3552 9216 -512 ) (-3104 9216 -512 ) 
4 35 36 (-3072 9216 -512 ) (-3072 9216 2816 ) (-3104 9216 2816 ) (-3104 9216 -512 ) 
4 35 41 (-3552 9216 2816 ) (-4096 9216 2816 ) (-4096 9216 -512 ) (-3552 9216 -512 ) 
4 36 52 (-3072 8192 -512 ) (-3072 8192 2816 ) (-3104 8192 2816 ) (-3104 8192 -512 ) 
4 36 38 (-3104 8256 672 ) (-3104 8256 2816 ) (-3104 8864 2816 ) (-3104 8864 672 ) 
4 36 39 (-3104 8864 -512 ) (-3104 8256 -512 ) (-3104 8256 64 ) (-3104 8864 64 ) 
4 36 37 (-3104 9216 -512 ) (-3104 8864 -512 ) (-3104 8864 2816 ) (-3104 9216 2816 ) 
4 36 40 (-3104 8256 -512 ) (-3104 8192 -512 ) (-3104 8192 2816 ) (-3104 8256 2816 ) 
4 37 38 (-3552 8864 2816 ) (-3552 8864 672 ) (-3104 8864 672 ) (-3104 8864 2816 ) 
4 37 39 (-3552 8864 64 ) (-3552 8864 -512 ) (-3104 8864 -512 ) (-3104 8864 64 ) 
4 37 41 (-3552 9216 -512 ) (-3552 8864 -512 ) (-3552 8864 2816 ) (-3552 9216 2816 ) 
4 38 40 (-3552 8256 2816 ) (-3552 8256 672 ) (-3104 8256 672 ) (-3104 8256 2816 ) 
4 38 41 (-3552 8256 672 ) (-3552 8256 2816 ) (-3552 8864 2816 ) (-3552 8864 672 ) 
4 39 41 (-3552 8864 -512 ) (-3552 8256 -512 ) (-3552 8256 64 ) (-3552 8864 64 ) 
4 39 40 (-3552 8256 64 ) (-3552 8256 -512 ) (-3104 8256 -512 ) (-3104 8256 64 ) 
4 40 52 (-3104 8192 2816 ) (-3552 8192 2816 ) (-3552 8192 -512 ) (-3104 8192 -512 ) 
4 40 41 (-3552 8256 -512 ) (-3552 8192 -512 ) (-3552 8192 2816 ) (-3552 8256 2816 ) 
4 41 52 (-3552 8192 2816 ) (-3584 8192 2816 ) (-3584 8192 -512 ) (-3552 8192 -512 ) 
4 41 55 (-3584 8192 2816 ) (-4096 8192 2816 ) (-4096 8192 -512 ) (-3584 8192 -512 ) 
4 41 44 (-4096 8192 -512 ) (-4096 8192 2816 ) (-4096 9216 2816 ) (-4096 9216 -512 ) 
4 42 44 (-4096 9216 -512 ) (-4096 9216 2816 ) (-5120 9216 2816 ) (-5120 9216 -512 ) 
4 42 43 (-5120 9216 -512 ) (-5120 9216 2816 ) (-5120 9984 2816 ) (-5120 9984 -512 ) 
4 43 46 (-6144 9216 -512 ) (-6144 9216 2816 ) (-6144 9984 2816 ) (-6144 9984 -512 ) 
4 43 45 (-5120 9216 -512 ) (-5120 9216 2816 ) (-6144 9216 2816 ) (-6144 9216 -512 ) 
4 44 59 (-4096 8192 -512 ) (-4096 8192 2816 ) (-5120 8192 2816 ) (-5120 8192 -512 ) 
4 44 45 (-5120 9216 2816 ) (-5120 9216 -512 ) (-5120 8192 -512 ) (-5120 8192 2816 ) 
4 45 60 (-5120 8192 -512 ) (-5120 8192 2816 ) (-6144 8192 2816 ) (-6144 8192 -512 ) 
4 45 48 (-6144 8192 -512 ) (-6144 8192 2816 ) (-6144 9216 2816 ) (-6144 9216 -512 ) 
4 46 48 (-6144 9216 -512 ) (-6144 9216 2816 ) (-7168 9216 2816 ) (-7168 9216 -512 ) 
4 46 47 (-7168 9216 -512 ) (-7168 9216 2816 ) (-7168 9984 2816 ) (-7168 9984 -512 ) 
4 47 50 (-8192 9216 -512 ) (-8192 9216 2816 ) (-8192 9984 2816 ) (-8192 9984 -512 ) 
4 47 49 (-7168 9216 -512 ) (-7168 9216 2816 ) (-8192 9216 2816 ) (-8192 9216 -512 ) 
4 48 80 (-6144 8192 -512 ) (-6144 8192 2816 ) (-7168 8192 2816 ) (-7168 8192 -512 ) 
4 48 49 (-7168 9216 2816 ) (-7168 9216 -512 ) (-7168 8192 -512 ) (-7168 8192 2816 ) 
4 49 81 (-7168 8192 -512 ) (-7168 8192 2816 ) (-8192 8192 2816 ) (-8192 8192 -512 ) 
4 49 51 (-8192 8192 -512 ) (-8192 8192 2816 ) (-8192 9216 2816 ) (-8192 9216 -512 ) 
4 50 51 (-8192 9216 -512 ) (-8192 9216 2816 ) (-8960 9216 2816 ) (-8960 9216 -512 ) 
4 51 84 (-8192 8192 -512 ) (-8192 8192 2816 ) (-8960 8192 2816 ) (-8960 8192 -512 ) 
4 52 53 (-3584 7328 2816 ) (-3584 7328 832 ) (-3072 7328 832 ) (-3072 7328 2816 ) 
4 52 54 (-3584 7328 64 ) (-3584 7328 -512 ) (-3072 7328 -512 ) (-3072 7328 64 ) 
4 52 55 (-3584 8192 -512 ) (-3584 7328 -512 ) (-3584 7328 2816 ) (-3584 8192 2816 ) 
4 53 56 (-3072 7168 832 ) (-3072 7168 2816 ) (-3584 7168 2816 ) (-3584 7168 832 ) 
4 53 55 (-3584 7168 832 ) (-3584 7168 2816 ) (-3584 7328 2816 ) (-3584 7328 832 ) 
4 54 57 (-3072 7168 -512 ) (-3072 7168 64 ) (-3584 7168 64 ) (-3584 7168 -512 ) 
4 54 55 (-3584 7328 -512 ) (-3584 7168 -512 ) (-3584 7168 64 ) (-3584 7328 64 ) 
4 55 59 (-4096 8192 2816 ) (-4096 8192 -512 ) (-4096 7168 -512 ) (-4096 7168 2816 ) 
4 55 58 (-3584 7168 2816 ) (-4096 7168 2816 ) (-4096 7168 -512 ) (-3584 7168 -512 ) 
4 56 63 (-3072 6144 832 ) (-3072 6144 2816 ) (-3584 6144 2816 ) (-3584 6144 832 ) 
4 56 58 (-3584 6144 832 ) (-3584 6144 2816 ) (-3584 7168 2816 ) (-3584 7168 832 ) 
4 57 64 (-3072 6144 -512 ) (-3072 6144 64 ) (-3584 6144 64 ) (-3584 6144 -512 ) 
4 57 58 (-3584 7168 -512 ) (-3584 6144 -512 ) (-3584 6144 64 ) (-3584 7168 64 ) 
4 58 66 (-3584 6144 2816 ) (-4096 6144 2816 ) (-4096 6144 -512 ) (-3584 6144 -512 ) 
4 58 61 (-4096 6144 -512 ) (-4096 6144 2816 ) (-4096 7168 2816 ) (-4096 7168 -512 ) 
4 59 61 (-4096 7168 -512 ) (-4096 7168 2816 ) (-5120 7168 2816 ) (-5120 7168 -512 ) 
4 59 60 (-5120 8192 2816 ) (-5120 8192 -512 ) (-5120 7168 -512 ) (-5120 7168 2816 ) 
4 60 80 (-6144 8192 2816 ) (-6144 8192 -512 ) (-6144 7168 -512 ) (-6144 7168 2816 ) 
4 60 62 (-5120 7168 -512 ) (-5120 7168 2816 ) (-6144 7168 2816 ) (-6144 7168 -512 ) 
4 61 67 (-4096 6144 -512 ) (-4096 6144 2816 ) (-5120 6144 2816 ) (-5120 6144 -512 ) 
4 61 62 (-5120 7168 2816 ) (-5120 7168 -512 ) (-5120 6144 -512 ) (-5120 6144 2816 ) 
4 62 82 (-6144 6144 -512 ) (-6144 6144 2816 ) (-6144 7168 2816 ) (-6144 7168 -512 ) 
4 62 68 (-5120 6144 -512 ) (-5120 6144 2816 ) (-6144 6144 2816 ) (-6144 6144 -512 ) 
4 63 66 (-3584 5856 832 ) (-3584 5856 2816 ) (-3584 6144 2816 ) (-3584 6144 832 ) 
4 63 65 (-3584 5856 2816 ) (-3584 5856 832 ) (-3072 5856 832 ) (-3072 5856 2816 ) 
4 64 65 (-3584 5856 64 ) (-3584 5856 -512 ) (-3072 5856 -512 ) (-3072 5856 64 ) 
4 64 66 (-3584 6144 -512 ) (-3584 5856 -512 ) (-3584 5856 64 ) (-3584 6144 64 ) 
4 65 69 (-3072 5120 -512 ) (-3072 5120 2816 ) (-3584 5120 2816 ) (-3584 5120 -512 ) 
4 65 66 (-3584 5856 -512 ) (-3584 5120 -512 ) (-3584 5120 2816 ) (-3584 5856 2816 ) 
4 66 72 (-3584 5120 2816 ) (-4096 5120 2816 ) (-4096 5120 -512 ) (-3584 5120 -512 ) 
4 66 67 (-4096 5120 -512 ) (-4096 5120 2816 ) (-4096 6144 2816 ) (-4096 6144 -512 ) 
4 67 76 (-4096 5120 -512 ) (-4096 5120 2816 ) (-5120 5120 2816 ) (-5120 5120 -512 ) 
4 67 68 (-5120 6144 2816 ) (-5120 6144 -512 ) (-5120 5120 -512 ) (-5120 5120 2816 ) 
4 68 86 (-6144 5120 -512 ) (-6144 5120 2816 ) (-6144 6144 2816 ) (-6144 6144 -512 ) 
4 68 77 (-6144 5120 2816 ) (-6144 5120 -512 ) (-5120 5120 -512 ) (-5120 5120 2816 ) 
4 69 70 (-3584 4352 2816 ) (-3584 4352 832 ) (-3072 4352 832 ) (-3072 4352 2816 ) 
4 69 71 (-3584 4352 64 ) (-3584 4352 -512 ) (-3072 4352 -512 ) (-3072 4352 64 ) 
4 69 72 (-3584 5120 -512 ) (-3584 4352 -512 ) (-3584 4352 2816 ) (-3584 5120 2816 ) 
4 70 73 (-3072 4096 832 ) (-3072 4096 2816 ) (-3584 4096 2816 ) (-3584 4096 832 ) 
4 70 72 (-3584 4096 832 ) (-3584 4096 2816 ) (-3584 4352 2816 ) (-3584 4352 832 ) 
4 71 74 (-3072 4096 -512 ) (-3072 4096 64 ) (-3584 4096 64 ) (-3584 4096 -512 ) 
4 71 72 (-3584 4352 -512 ) (-3584 4096 -512 ) (-3584 4096 64 ) (-3584 4352 64 ) 
4 72 76 (-4096 5120 2816 ) (-4096 5120 -512 ) (-4096 4096 -512 ) (-4096 4096 2816 ) 
4 72 75 (-3584 4096 2816 ) (-4096 4096 2816 ) (-4096 4096 -512 ) (-3584 4096 -512 ) 
4 73 201 (-3072 3072 832 ) (-3072 3072 2816 ) (-3584 3072 2816 ) (-3584 3072 832 ) 
4 73 75 (-3584 3072 832 ) (-3584 3072 2816 ) (-3584 4096 2816 ) (-3584 4096 832 ) 
4 74 202 (-3072 3072 -512 ) (-3072 3072 64 ) (-3584 3072 64 ) (-3584 3072 -512 ) 
4 74 75 (-3584 4096 -512 ) (-3584 3072 -512 ) (-3584 3072 64 ) (-3584 4096 64 ) 
4 75 204 (-3584 3072 2816 ) (-4096 3072 2816 ) (-4096 3072 -512 ) (-3584 3072 -512 ) 
4 75 78 (-4096 3072 -512 ) (-4096 3072 2816 ) (-4096 4096 2816 ) (-4096 4096 -512 ) 
4 76 78 (-4096 4096 -512 ) (-4096 4096 2816 ) (-5120 4096 2816 ) (-5120 4096 -512 ) 
4 76 77 (-5120 5120 2816 ) (-5120 5120 -512 ) (-5120 4096 -512 ) (-5120 4096 2816 ) 
4 77 88 (-6144 4096 -512 ) (-6144 4096 2816 ) (-6144 5120 2816 ) (-6144 5120 -512 ) 
4 77 79 (-6144 4096 2816 ) (-6144 4096 -512 ) (-5120 4096 -512 ) (-5120 4096 2816 ) 
4 78 209 (-4096 3072 -512 ) (-4096 3072 2816 ) (-5120 3072 2816 ) (-5120 3072 -512 ) 
4 78 79 (-5120 4096 2816 ) (-5120 4096 -512 ) (-5120 3072 -512 ) (-5120 3072 2816 ) 
4 79 210 (-5120 3072 -512 ) (-5120 3072 2816 ) (-6144 3072 2816 ) (-6144 3072 -512 ) 
4 79 90 (-6144 3072 -512 ) (-6144 3072 2816 ) (-6144 4096 2816 ) (-6144 4096 -512 ) 
4 80 82 (-6144 7168 -512 ) (-6144 7168 2816 ) (-7168 7168 2816 ) (-7168 7168 -512 ) 
4 80 81 (-7168 8192 2816 ) (-7168 8192 -512 ) (-7168 7168 -512 ) (-7168 7168 2816 ) 
4 81 84 (-8192 8192 2816 ) (-8192 8192 -512 ) (-8192 7168 -512 ) (-8192 7168 2816 ) 
4 81 83 (-7168 7168 -512 ) (-7168 7168 2816 ) (-8192 7168 2816 ) (-8192 7168 -512 ) 
4 82 86 (-6144 6144 -512 ) (-6144 6144 2816 ) (-7168 6144 2816 ) (-7168 6144 -512 ) 
4 82 83 (-7168 7168 2816 ) (-7168 7168 -512 ) (-7168 6144 -512 ) (-7168 6144 2816 ) 
4 83 87 (-7168 6144 -512 ) (-7168 6144 2816 ) (-8192 6144 2816 ) (-8192 6144 -512 ) 
4 83 85 (-8192 6144 -512 ) (-8192 6144 2816 ) (-8192 7168 2816 ) (-8192 7168 -512 ) 
4 84 85 (-8192 7168 -512 ) (-8192 7168 2816 ) (-8960 7168 2816 ) (-8960 7168 -512 ) 
4 85 92 (-8192 6144 -512 ) (-8192 6144 2816 ) (-8960 6144 2816 ) (-8960 6144 -512 ) 
4 86 88 (-6144 5120 -512 ) (-6144 5120 2816 ) (-7168 5120 2816 ) (-7168 5120 -512 ) 
4 86 87 (-7168 6144 2816 ) (-7168 6144 -512 ) (-7168 5120 -512 ) (-7168 5120 2816 ) 
4 87 92 (-8192 6144 2816 ) (-8192 6144 -512 ) (-8192 5120 -512 ) (-8192 5120 2816 ) 
4 87 89 (-7168 5120 -512 ) (-7168 5120 2816 ) (-8192 5120 2816 ) (-8192 5120 -512 ) 
4 88 90 (-6144 4096 -512 ) (-6144 4096 2816 ) (-7168 4096 2816 ) (-7168 4096 -512 ) 
4 88 89 (-7168 4096 -512 ) (-7168 4096 2816 ) (-7168 5120 2816 ) (-7168 5120 -512 ) 
4 89 93 (-8192 4096 -512 ) (-8192 4096 2816 ) (-8192 5120 2816 ) (-8192 5120 -512 ) 
4 89 91 (-8192 4096 2816 ) (-8192 4096 -512 ) (-7168 4096 -512 ) (-7168 4096 2816 ) 
4 90 260 (-6144 3072 -512 ) (-6144 3072 2816 ) (-7168 3072 2816 ) (-7168 3072 -512 ) 
4 90 91 (-7168 4096 2816 ) (-7168 4096 -512 ) (-7168 3072 -512 ) (-7168 3072 2816 ) 
4 91 261 (-7168 3072 -512 ) (-7168 3072 2816 ) (-8192 3072 2816 ) (-8192 3072 -512 ) 
4 91 94 (-8192 3072 -512 ) (-8192 3072 2816 ) (-8192 4096 2816 ) (-8192 4096 -512 ) 
4 92 93 (-8192 5120 -512 ) (-8192 5120 2816 ) (-8960 5120 2816 ) (-8960 5120 -512 ) 
4 93 94 (-8192 4096 -512 ) (-8192 4096 2816 ) (-8960 4096 2816 ) (-8960 4096 -512 ) 
4 94 264 (-8192 3072 -512 ) (-8192 3072 2816 ) (-8960 3072 2816 ) (-8960 3072 -512 ) 
4 95 99 (1024 2048 64 ) (1024 2048 -512 ) (1088 2048 -512 ) (1088 2048 64 ) 
4 95 98 (1280 2048 -512 ) (1280 2048 832 ) (1088 2048 832 ) (1088 2048 -512 ) 
4 95 97 (1280 2048 832 ) (1280 2048 2816 ) (1024 2048 2816 ) (1024 2048 832 ) 
4 95 96 (1024 3072 2816 ) (1024 3072 -512 ) (1024 2048 -512 ) (1024 2048 2816 ) 
4 96 118 (0 3072 2816 ) (0 3072 -512 ) (0 2048 -512 ) (0 2048 2816 ) 
4 96 102 (1024 2048 -512 ) (1024 2048 0 ) (0 2048 0 ) (0 2048 -512 ) 
4 96 101 (576 2048 2816 ) (0 2048 2816 ) (0 2048 96 ) (576 2048 96 ) 
4 96 100 (1024 2048 832 ) (1024 2048 2816 ) (576 2048 2816 ) (576 2048 832 ) 
4 97 103 (1280 1024 832 ) (1280 1024 2816 ) (1024 1024 2816 ) (1024 1024 832 ) 
4 97 100 (1024 2048 2816 ) (1024 2048 832 ) (1024 1024 832 ) (1024 1024 2816 ) 
4 97 98 (1088 2048 832 ) (1280 2048 832 ) (1280 1024 832 ) (1088 1024 832 ) 
4 98 104 (1280 1024 -512 ) (1280 1024 832 ) (1088 1024 832 ) (1088 1024 -512 ) 
4 98 99 (1088 2048 -512 ) (1088 1024 -512 ) (1088 1024 64 ) (1088 2048 64 ) 
4 99 105 (1024 1024 64 ) (1024 1024 -512 ) (1088 1024 -512 ) (1088 1024 64 ) 
4 99 102 (1024 2048 0 ) (1024 2048 -512 ) (1024 1024 -512 ) (1024 1024 0 ) 
4 100 107 (1024 1024 832 ) (1024 1024 2816 ) (576 1024 2816 ) (576 1024 832 ) 
4 100 101 (576 2048 2816 ) (576 2048 832 ) (576 1024 832 ) (576 1024 2816 ) 
4 101 119 (0 1024 96 ) (0 1024 2816 ) (0 2048 2816 ) (0 2048 96 ) 
4 101 109 (0 1024 2816 ) (0 1024 96 ) (576 1024 96 ) (576 1024 2816 ) 
4 102 124 (0 1024 -512 ) (0 1024 0 ) (0 2048 0 ) (0 2048 -512 ) 
4 102 111 (1024 1024 -512 ) (1024 1024 0 ) (0 1024 0 ) (0 1024 -512 ) 
4 103 112 (1280 0 832 ) (1280 0 2816 ) (1024 0 2816 ) (1024 0 832 ) 
4 103 107 (1024 1024 2816 ) (1024 1024 832 ) (1024 0 832 ) (1024 0 2816 ) 
4 103 106 (1088 384 832 ) (1088 0 832 ) (1024 0 832 ) (1024 384 832 ) 
4 103 104 (1088 1024 832 ) (1280 1024 832 ) (1280 0 832 ) (1088 0 832 ) 
4 104 112 (1280 0 -512 ) (1280 0 832 ) (1088 0 832 ) (1088 0 -512 ) 
4 104 105 (1088 1024 -512 ) (1088 384 -512 ) (1088 384 64 ) (1088 1024 64 ) 
4 104 106 (1088 384 -512 ) (1088 0 -512 ) (1088 0 832 ) (1088 384 832 ) 
4 105 111 (1024 1024 0 ) (1024 1024 -512 ) (1024 384 -512 ) (1024 384 0 ) 
4 105 106 (1024 384 -512 ) (1088 384 -512 ) (1088 384 64 ) (1024 384 64 ) 
4 106 112 (1088 0 832 ) (1024 0 832 ) (1024 0 -512 ) (1088 0 -512 ) 
4 106 111 (1024 384 -512 ) (1024 0 -512 ) (1024 0 0 ) (1024 384 0 ) 
4 106 108 (1024 0 64 ) (1024 0 832 ) (1024 384 832 ) (1024 384 64 ) 
4 107 113 (1024 0 832 ) (1024 0 2816 ) (576 0 2816 ) (576 0 832 ) 
4 107 109 (576 1024 2816 ) (576 1024 832 ) (576 0 832 ) (576 0 2816 ) 
4 107 108 (576 0 832 ) (576 384 832 ) (1024 384 832 ) (1024 0 832 ) 
4 108 113 (576 0 64 ) (1024 0 64 ) (1024 0 832 ) (576 0 832 ) 
4 108 110 (576 384 64 ) (576 0 64 ) (576 0 96 ) (576 384 96 ) 
4 108 109 (576 0 96 ) (576 0 832 ) (576 384 832 ) (576 384 96 ) 
4 109 132 (0 0 96 ) (0 0 128 ) (0 1024 128 ) (0 1024 96 ) 
4 109 131 (0 0 128 ) (0 0 2816 ) (0 1024 2816 ) (0 1024 128 ) 
4 109 113 (0 0 2816 ) (0 0 96 ) (576 0 96 ) (576 0 2816 ) 
4 109 110 (0 0 96 ) (0 384 96 ) (576 384 96 ) (576 0 96 ) 
4 110 132 (0 0 64 ) (0 0 96 ) (0 384 96 ) (0 384 64 ) 
4 110 113 (0 0 96 ) (0 0 64 ) (576 0 64 ) (576 0 96 ) 
4 111 141 (0 0 -512 ) (0 0 0 ) (0 1024 0 ) (0 1024 -512 ) 
4 111 114 (0 0 0 ) (0 0 -512 ) (1024 0 -512 ) (1024 0 0 ) 
4 112 115 (1280 -1024 -512 ) (1280 -1024 2816 ) (1024 -1024 2816 ) (1024 -1024 -512 ) 
4 112 114 (1024 0 0 ) (1024 0 -512 ) (1024 -1024 -512 ) (1024 -1024 0 ) 
4 112 113 (1024 0 2816 ) (1024 0 64 ) (1024 -1024 64 ) (1024 -1024 2816 ) 
4 113 153 (0 -1024 64 ) (0 -1024 2816 ) (0 0 2816 ) (0 0 64 ) 
4 113 116 (0 -1024 2816 ) (0 -1024 64 ) (1024 -1024 64 ) (1024 -1024 2816 ) 
4 114 154 (0 -1024 -512 ) (0 -1024 0 ) (0 0 0 ) (0 0 -512 ) 
4 114 117 (0 -1024 0 ) (0 -1024 -512 ) (1024 -1024 -512 ) (1024 -1024 0 ) 
4 115 169 (1280 -2048 -512 ) (1280 -2048 2816 ) (1024 -2048 2816 ) (1024 -2048 -512 ) 
4 115 117 (1024 -1024 0 ) (1024 -1024 -512 ) (1024 -2048 -512 ) (1024 -2048 0 ) 
4 115 116 (1024 -1024 2816 ) (1024 -1024 64 ) (1024 -2048 64 ) (1024 -2048 2816 ) 
4 116 170 (1024 -2048 64 ) (1024 -2048 2816 ) (0 -2048 2816 ) (0 -2048 64 ) 
4 116 155 (0 -2048 64 ) (0 -2048 2816 ) (0 -1024 2816 ) (0 -1024 64 ) 
4 117 171 (1024 -2048 -512 ) (1024 -2048 0 ) (0 -2048 0 ) (0 -2048 -512 ) 
4 117 156 (0 -2048 -512 ) (0 -2048 0 ) (0 -1024 0 ) (0 -1024 -512 ) 
4 118 125 (-1024 3072 2816 ) (-1024 3072 -512 ) (-1024 2048 -512 ) (-1024 2048 2816 ) 
4 118 124 (0 2048 -512 ) (0 2048 0 ) (-1024 2048 0 ) (-1024 2048 -512 ) 
4 118 122 (-320 2048 2816 ) (-832 2048 2816 ) (-832 2048 832 ) (-320 2048 832 ) 
4 118 123 (-832 2048 2816 ) (-1024 2048 2816 ) (-1024 2048 64 ) (-832 2048 64 ) 
4 118 120 (-192 2048 2816 ) (-256 2048 2816 ) (-256 2048 128 ) (-192 2048 128 ) 
4 118 119 (0 2048 64 ) (0 2048 2816 ) (-192 2048 2816 ) (-192 2048 64 ) 
4 118 121 (-256 2048 2816 ) (-320 2048 2816 ) (-320 2048 64 ) (-256 2048 64 ) 
4 119 132 (0 1024 64 ) (0 1024 128 ) (-192 1024 128 ) (-192 1024 64 ) 
4 119 131 (0 1024 128 ) (0 1024 2816 ) (-192 1024 2816 ) (-192 1024 128 ) 
4 119 120 (-192 1024 128 ) (-192 1024 2816 ) (-192 2048 2816 ) (-192 2048 128 ) 
4 120 131 (-192 1024 2816 ) (-256 1024 2816 ) (-256 1024 128 ) (-192 1024 128 ) 
4 120 121 (-256 1024 128 ) (-256 1024 2816 ) (-256 2048 2816 ) (-256 2048 128 ) 
4 121 135 (-320 1024 128 ) (-320 1024 64 ) (-256 1024 64 ) (-256 1024 128 ) 
4 121 131 (-256 1024 2816 ) (-320 1024 2816 ) (-320 1024 128 ) (-256 1024 128 ) 
4 121 122 (-320 1024 832 ) (-320 1024 2816 ) (-320 2048 2816 ) (-320 2048 832 ) 
4 122 136 (-320 1024 2816 ) (-832 1024 2816 ) (-832 1024 832 ) (-320 1024 832 ) 
4 122 123 (-832 1024 832 ) (-832 1024 2816 ) (-832 2048 2816 ) (-832 2048 832 ) 
4 123 140 (-1024 1024 832 ) (-1024 1024 64 ) (-832 1024 64 ) (-832 1024 832 ) 
4 123 136 (-832 1024 2816 ) (-1024 1024 2816 ) (-1024 1024 832 ) (-832 1024 832 ) 
4 123 127 (-1024 1024 64 ) (-1024 1024 2816 ) (-1024 2048 2816 ) (-1024 2048 64 ) 
4 124 141 (0 1024 -512 ) (0 1024 0 ) (-1024 1024 0 ) (-1024 1024 -512 ) 
4 124 128 (-1024 1024 -512 ) (-1024 1024 0 ) (-1024 2048 0 ) (-1024 2048 -512 ) 
4 125 128 (-1024 2048 -512 ) (-1024 2048 0 ) (-2048 2048 0 ) (-2048 2048 -512 ) 
4 125 127 (-1024 2048 64 ) (-1024 2048 2816 ) (-2048 2048 2816 ) (-2048 2048 64 ) 
4 125 126 (-2048 3072 2816 ) (-2048 3072 -512 ) (-2048 2048 -512 ) (-2048 2048 2816 ) 
4 126 201 (-3072 3072 2816 ) (-3072 3072 832 ) (-3072 2880 832 ) (-3072 2880 2816 ) 
4 126 202 (-3072 3072 64 ) (-3072 3072 -512 ) (-3072 2880 -512 ) (-3072 2880 64 ) 
4 126 203 (-3072 2880 -512 ) (-3072 2048 -512 ) (-3072 2048 2816 ) (-3072 2880 2816 ) 
4 126 130 (-2048 2048 -512 ) (-2048 2048 0 ) (-3072 2048 0 ) (-3072 2048 -512 ) 
4 126 129 (-2048 2048 64 ) (-2048 2048 2816 ) (-3072 2048 2816 ) (-3072 2048 64 ) 
4 127 147 (-1440 1024 224 ) (-1696 1024 224 ) (-1696 1024 64 ) (-1440 1024 64 ) 
4 127 146 (-1024 1024 64 ) (-1024 1024 224 ) (-1440 1024 224 ) (-1440 1024 64 ) 
4 127 149 (-1696 1024 224 ) (-2048 1024 224 ) (-2048 1024 64 ) (-1696 1024 64 ) 
3 127 145 (-1728 1024 224 ) (-1408 1024 224 ) (-1568 1024 320 ) 
4 127 144 (-2048 1024 608 ) (-2048 1024 224 ) (-1728 1024 224 ) (-1568 1024 320 ) 
5 127 142 (-1024 1024 224 ) (-1024 1024 2816 ) (-2048 1024 2816 ) (-2048 1024 608 ) (-1408 1024 224 ) 
4 127 129 (-2048 2048 2816 ) (-2048 2048 64 ) (-2048 1024 64 ) (-2048 1024 2816 ) 
4 128 150 (-1024 1024 -512 ) (-1024 1024 0 ) (-2048 1024 0 ) (-2048 1024 -512 ) 
4 128 130 (-2048 2048 0 ) (-2048 2048 -512 ) (-2048 1024 -512 ) (-2048 1024 0 ) 
4 129 206 (-3072 1024 832 ) (-3072 1024 2816 ) (-3072 1856 2816 ) (-3072 1856 832 ) 
4 129 205 (-3072 1856 2816 ) (-3072 2048 2816 ) (-3072 2048 64 ) (-3072 1856 64 ) 
4 129 151 (-2048 1024 64 ) (-2048 1024 2816 ) (-3072 1024 2816 ) (-3072 1024 64 ) 
4 130 208 (-3072 1024 -512 ) (-3072 1024 0 ) (-3072 2048 0 ) (-3072 2048 -512 ) 
4 130 152 (-2048 1024 -512 ) (-2048 1024 0 ) (-3072 1024 0 ) (-3072 1024 -512 ) 
4 131 153 (0 0 128 ) (0 0 2816 ) (-320 0 2816 ) (-320 0 128 ) 
4 131 138 (-320 64 832 ) (-320 128 832 ) (-320 128 128 ) (-320 64 128 ) 
4 131 137 (-320 128 832 ) (-320 384 832 ) (-320 384 128 ) (-320 128 128 ) 
4 131 139 (-320 0 128 ) (-320 0 832 ) (-320 64 832 ) (-320 64 128 ) 
4 131 136 (-320 0 832 ) (-320 0 2816 ) (-320 1024 2816 ) (-320 1024 832 ) 
4 131 134 (-192 0 128 ) (-256 0 128 ) (-256 320 128 ) (-192 320 128 ) 
4 131 133 (-256 512 128 ) (-256 640 128 ) (-192 640 128 ) (-192 512 128 ) 
4 131 132 (0 0 128 ) (-192 0 128 ) (-192 1024 128 ) (0 1024 128 ) 
4 131 135 (-256 0 128 ) (-320 0 128 ) (-320 1024 128 ) (-256 1024 128 ) 
4 132 153 (0 0 64 ) (0 0 128 ) (-192 0 128 ) (-192 0 64 ) 
4 132 134 (-192 320 64 ) (-192 0 64 ) (-192 0 128 ) (-192 320 128 ) 
4 132 133 (-192 640 64 ) (-192 512 64 ) (-192 512 128 ) (-192 640 128 ) 
4 133 135 (-256 640 64 ) (-256 512 64 ) (-256 512 128 ) (-256 640 128 ) 
4 134 153 (-192 0 128 ) (-256 0 128 ) (-256 0 64 ) (-192 0 64 ) 
4 134 135 (-256 320 64 ) (-256 0 64 ) (-256 0 128 ) (-256 320 128 ) 
4 135 153 (-256 0 128 ) (-320 0 128 ) (-320 0 64 ) (-256 0 64 ) 
4 135 137 (-320 384 64 ) (-320 128 64 ) (-320 128 128 ) (-320 384 128 ) 
4 135 139 (-320 64 64 ) (-320 0 64 ) (-320 0 128 ) (-320 64 128 ) 
4 136 153 (-1024 0 2816 ) (-1024 0 832 ) (-320 0 832 ) (-320 0 2816 ) 
4 136 142 (-1024 0 832 ) (-1024 0 2816 ) (-1024 1024 2816 ) (-1024 1024 832 ) 
4 136 138 (-320 128 832 ) (-320 64 832 ) (-832 64 832 ) (-832 128 832 ) 
4 136 137 (-320 384 832 ) (-320 128 832 ) (-832 128 832 ) (-832 384 832 ) 
4 136 139 (-320 64 832 ) (-320 0 832 ) (-832 0 832 ) (-832 64 832 ) 
4 136 140 (-1024 1024 832 ) (-832 1024 832 ) (-832 0 832 ) (-1024 0 832 ) 
4 137 138 (-832 128 832 ) (-832 128 128 ) (-320 128 128 ) (-320 128 832 ) 
4 137 140 (-832 384 64 ) (-832 128 64 ) (-832 128 832 ) (-832 384 832 ) 
4 138 140 (-832 64 128 ) (-832 64 832 ) (-832 128 832 ) (-832 128 128 ) 
4 138 139 (-832 64 832 ) (-832 64 128 ) (-320 64 128 ) (-320 64 832 ) 
4 139 153 (-832 0 64 ) (-320 0 64 ) (-320 0 832 ) (-832 0 832 ) 
4 139 140 (-832 64 64 ) (-832 0 64 ) (-832 0 832 ) (-832 64 832 ) 
4 140 153 (-1024 0 832 ) (-1024 0 64 ) (-832 0 64 ) (-832 0 832 ) 
4 140 146 (-1024 0 64 ) (-1024 0 224 ) (-1024 1024 224 ) (-1024 1024 64 ) 
4 140 142 (-1024 0 224 ) (-1024 0 832 ) (-1024 1024 832 ) (-1024 1024 224 ) 
4 141 154 (0 0 -512 ) (0 0 0 ) (-1024 0 0 ) (-1024 0 -512 ) 
4 141 150 (-1024 0 -512 ) (-1024 0 0 ) (-1024 1024 0 ) (-1024 1024 -512 ) 
5 142 157 (-1024 0 224 ) (-1024 0 2816 ) (-2048 0 2816 ) (-2048 0 608 ) (-1408 0 224 ) 
4 142 151 (-2048 1024 2816 ) (-2048 1024 608 ) (-2048 0 608 ) (-2048 0 2816 ) 
4 142 146 (-1408 1024 224 ) (-1024 1024 224 ) (-1024 0 224 ) (-1408 0 224 ) 
5 142 145 (-1568 1024 320 ) (-1407.998047 1024 224 ) (-1407.998047 416 224 ) (-1567.998047 272 320 ) (-1568 272 320 ) 
4 142 144 (-2048 704.001892 608.001221 ) (-2048 1024 608.001221 ) (-1568 1024 320 ) (-1568 272 320 ) 
4 142 143 (-2048 0 608.001221 ) (-2048 704.001892 608.001221 ) (-1407.998047 128 224 ) (-1407.998047 0 224 ) 
3 143 157 (-2048 0 608 ) (-2048 0 224 ) (-1408 0 224 ) 
4 143 151 (-2048 128 224 ) (-2048 0 224 ) (-2048 0 608 ) (-2048 704 608 ) 
4 143 148 (-1696 128 224 ) (-1440 128 224 ) (-1440 0 224 ) (-1696 0 224 ) 
4 143 146 (-1440 128 224 ) (-1408 128 224 ) (-1408 0 224 ) (-1440 0 224 ) 
4 143 149 (-2048 0 224 ) (-2048 128 224 ) (-1696 128 224 ) (-1696 0 224 ) 
4 143 144 (-2048 704 608 ) (-1568 272 320 ) (-1728 128 224 ) (-2048 128 224 ) 
4 144 151 (-2048 1024 608 ) (-2048 1024 224 ) (-2048 128 224 ) (-2048 704 608 ) 
4 144 149 (-2048 128 224 ) (-2048 1024 224 ) (-1728 1024 224 ) (-1728 128 224 ) 
4 144 145 (-1727.997437 416 224 ) (-1727.997437 1024 224 ) (-1568.003906 1024 319.996094 ) (-1568.003906 272.005798 319.996094 ) 
4 145 147 (-1696 1024 224 ) (-1440 1024 224 ) (-1440 416 224 ) (-1696 416 224 ) 
4 145 146 (-1440 1024 224 ) (-1408 1024 224 ) (-1408 416 224 ) (-1440 416 224 ) 
4 145 149 (-1728 1024 224 ) (-1696 1024 224 ) (-1696 416 224 ) (-1728 416 224 ) 
4 146 157 (-1024 0 64 ) (-1024 0 224 ) (-1440 0 224 ) (-1440 0 64 ) 
4 146 147 (-1440 1024 64 ) (-1440 384 64 ) (-1440 384 224 ) (-1440 1024 224 ) 
4 146 148 (-1440 160 64 ) (-1440 0 64 ) (-1440 0 224 ) (-1440 160 224 ) 
4 147 149 (-1696 1024 64 ) (-1696 384 64 ) (-1696 384 224 ) (-1696 1024 224 ) 
4 148 157 (-1440 0 224 ) (-1696 0 224 ) (-1696 0 64 ) (-1440 0 64 ) 
4 148 149 (-1696 160 64 ) (-1696 0 64 ) (-1696 0 224 ) (-1696 160 224 ) 
4 149 157 (-1696 0 224 ) (-2048 0 224 ) (-2048 0 64 ) (-1696 0 64 ) 
4 149 151 (-2048 1024 224 ) (-2048 1024 64 ) (-2048 0 64 ) (-2048 0 224 ) 
4 150 158 (-1024 0 -512 ) (-1024 0 0 ) (-2048 0 0 ) (-2048 0 -512 ) 
4 150 152 (-2048 1024 0 ) (-2048 1024 -512 ) (-2048 0 -512 ) (-2048 0 0 ) 
4 151 220 (-3072 384 2816 ) (-3072 1024 2816 ) (-3072 1024 832 ) (-3072 384 832 ) 
4 151 221 (-3072 0 64 ) (-3072 0 2816 ) (-3072 384 2816 ) (-3072 384 64 ) 
4 151 160 (-3072 0 2816 ) (-3072 0 64 ) (-2976 0 64 ) (-2976 0 2816 ) 
4 151 159 (-2976 0 64 ) (-2048 0 64 ) (-2048 0 2816 ) (-2976 0 2816 ) 
4 152 223 (-3072 0 -512 ) (-3072 0 0 ) (-3072 1024 0 ) (-3072 1024 -512 ) 
4 152 162 (-3072 0 0 ) (-3072 0 -512 ) (-2048 0 -512 ) (-2048 0 0 ) 
4 153 157 (-1024 0 2816 ) (-1024 0 64 ) (-1024 -1024 64 ) (-1024 -1024 2816 ) 
4 153 155 (0 -1024 64 ) (0 -1024 2816 ) (-1024 -1024 2816 ) (-1024 -1024 64 ) 
4 154 158 (-1024 0 0 ) (-1024 0 -512 ) (-1024 -1024 -512 ) (-1024 -1024 0 ) 
4 154 156 (0 -1024 -512 ) (0 -1024 0 ) (-1024 -1024 0 ) (-1024 -1024 -512 ) 
4 155 180 (0 -2048 64 ) (0 -2048 2816 ) (-1024 -2048 2816 ) (-1024 -2048 64 ) 
4 155 163 (-1024 -2048 64 ) (-1024 -2048 2816 ) (-1024 -1024 2816 ) (-1024 -1024 64 ) 
4 156 181 (0 -2048 -512 ) (0 -2048 0 ) (-1024 -2048 0 ) (-1024 -2048 -512 ) 
4 156 164 (-1024 -2048 -512 ) (-1024 -2048 0 ) (-1024 -1024 0 ) (-1024 -1024 -512 ) 
4 157 163 (-1024 -1024 64 ) (-1024 -1024 2816 ) (-2048 -1024 2816 ) (-2048 -1024 64 ) 
4 157 159 (-2048 0 2816 ) (-2048 0 64 ) (-2048 -1024 64 ) (-2048 -1024 2816 ) 
4 158 164 (-1024 -1024 -512 ) (-1024 -1024 0 ) (-2048 -1024 0 ) (-2048 -1024 -512 ) 
4 158 162 (-2048 0 0 ) (-2048 0 -512 ) (-2048 -1024 -512 ) (-2048 -1024 0 ) 
4 159 165 (-2976 -1024 64 ) (-2048 -1024 64 ) (-2048 -1024 2816 ) (-2976 -1024 2816 ) 
4 159 161 (-2976 -1024 288 ) (-2976 -1024 2816 ) (-2976 -672 2816 ) (-2976 -672 288 ) 
4 159 160 (-2976 0 64 ) (-2976 -672 64 ) (-2976 -672 2816 ) (-2976 0 2816 ) 
4 160 234 (-3072 0 288 ) (-3072 0 64 ) (-3072 -672 64 ) (-3072 -672 288 ) 
4 160 233 (-3072 -672 2816 ) (-3072 0 2816 ) (-3072 0 288 ) (-3072 -672 288 ) 
4 160 161 (-2976 -672 288 ) (-2976 -672 2816 ) (-3072 -672 2816 ) (-3072 -672 288 ) 
4 161 233 (-3072 -1024 288 ) (-3072 -1024 2816 ) (-3072 -672 2816 ) (-3072 -672 288 ) 
4 161 166 (-3072 -1024 2816 ) (-3072 -1024 288 ) (-2976 -1024 288 ) (-2976 -1024 2816 ) 
4 162 238 (-3072 -1024 -512 ) (-3072 -1024 0 ) (-3072 0 0 ) (-3072 0 -512 ) 
4 162 168 (-3072 -1024 0 ) (-3072 -1024 -512 ) (-2048 -1024 -512 ) (-2048 -1024 0 ) 
4 163 185 (-1024 -2048 64 ) (-1024 -2048 2816 ) (-2048 -2048 2816 ) (-2048 -2048 64 ) 
4 163 165 (-2048 -1024 2816 ) (-2048 -1024 64 ) (-2048 -2048 64 ) (-2048 -2048 2816 ) 
4 164 186 (-1024 -2048 -512 ) (-1024 -2048 0 ) (-2048 -2048 0 ) (-2048 -2048 -512 ) 
4 164 168 (-2048 -1024 0 ) (-2048 -1024 -512 ) (-2048 -2048 -512 ) (-2048 -2048 0 ) 
4 165 187 (-2048 -2048 64 ) (-2048 -2048 2816 ) (-2976 -2048 2816 ) (-2976 -2048 64 ) 
4 165 166 (-2976 -1152 288 ) (-2976 -1152 2816 ) (-2976 -1024 2816 ) (-2976 -1024 288 ) 
4 165 167 (-2976 -1152 64 ) (-2976 -2048 64 ) (-2976 -2048 2816 ) (-2976 -1152 2816 ) 
4 166 239 (-3072 -1152 2816 ) (-3072 -1024 2816 ) (-3072 -1024 288 ) (-3072 -1152 288 ) 
4 166 167 (-2976 -1152 288 ) (-2976 -1152 2816 ) (-3072 -1152 2816 ) (-3072 -1152 288 ) 
4 167 240 (-3072 -2048 64 ) (-3072 -2048 288 ) (-3072 -1152 288 ) (-3072 -1152 64 ) 
4 167 239 (-3072 -2048 288 ) (-3072 -2048 2816 ) (-3072 -1152 2816 ) (-3072 -1152 288 ) 
4 167 187 (-2976 -2048 2816 ) (-3072 -2048 2816 ) (-3072 -2048 64 ) (-2976 -2048 64 ) 
4 168 244 (-3072 -2048 -512 ) (-3072 -2048 0 ) (-3072 -1024 0 ) (-3072 -1024 -512 ) 
4 168 188 (-2048 -2048 -512 ) (-2048 -2048 0 ) (-3072 -2048 0 ) (-3072 -2048 -512 ) 
4 169 172 (1280 -3072 -512 ) (1280 -3072 2816 ) (1024 -3072 2816 ) (1024 -3072 -512 ) 
4 169 171 (1024 -2048 0 ) (1024 -2048 -512 ) (1024 -3072 -512 ) (1024 -3072 0 ) 
4 169 170 (1024 -2048 2816 ) (1024 -2048 64 ) (1024 -3072 64 ) (1024 -3072 2816 ) 
4 170 180 (0 -2048 2816 ) (0 -2048 64 ) (0 -3072 64 ) (0 -3072 2816 ) 
4 170 173 (1024 -3072 64 ) (1024 -3072 2816 ) (0 -3072 2816 ) (0 -3072 64 ) 
4 171 181 (0 -2048 0 ) (0 -2048 -512 ) (0 -3072 -512 ) (0 -3072 0 ) 
4 171 175 (1024 -3072 -512 ) (1024 -3072 0 ) (0 -3072 0 ) (0 -3072 -512 ) 
4 172 176 (1280 -4096 -512 ) (1280 -4096 2816 ) (1024 -4096 2816 ) (1024 -4096 -512 ) 
4 172 175 (1024 -3072 0 ) (1024 -3072 -512 ) (1024 -4096 -512 ) (1024 -4096 0 ) 
4 172 173 (1024 -3072 2816 ) (1024 -3072 64 ) (1024 -3168 64 ) (1024 -3168 2816 ) 
4 172 174 (1024 -3168 0 ) (1024 -4096 0 ) (1024 -4096 2816 ) (1024 -3168 2816 ) 
4 173 182 (0 -3168 2816 ) (0 -3072 2816 ) (0 -3072 64 ) (0 -3168 64 ) 
4 173 174 (1024 -3168 64 ) (1024 -3168 2816 ) (0 -3168 2816 ) (0 -3168 64 ) 
4 174 183 (0 -4096 0 ) (0 -4096 2816 ) (0 -3168 2816 ) (0 -3168 0 ) 
4 174 177 (1024 -4096 0 ) (1024 -4096 2816 ) (0 -4096 2816 ) (0 -4096 0 ) 
4 174 175 (1024 -3168 0 ) (1024 -4096 0 ) (0 -4096 0 ) (0 -3168 0 ) 
4 175 184 (0 -4096 -512 ) (0 -4096 0 ) (0 -3072 0 ) (0 -3072 -512 ) 
4 175 177 (1024 -4096 -512 ) (1024 -4096 0 ) (0 -4096 0 ) (0 -4096 -512 ) 
4 176 178 (1280 -5120 -512 ) (1280 -5120 2816 ) (1024 -5120 2816 ) (1024 -5120 -512 ) 
4 176 177 (1024 -4096 2816 ) (1024 -4096 -512 ) (1024 -5120 -512 ) (1024 -5120 2816 ) 
4 177 195 (0 -5120 -512 ) (0 -5120 2816 ) (0 -4096 2816 ) (0 -4096 -512 ) 
4 177 179 (0 -5120 2816 ) (0 -5120 -512 ) (1024 -5120 -512 ) (1024 -5120 2816 ) 
4 178 179 (1024 -5120 2816 ) (1024 -5120 -512 ) (1024 -5376 -512 ) (1024 -5376 2816 ) 
4 179 198 (0 -5376 -512 ) (0 -5376 2816 ) (0 -5120 2816 ) (0 -5120 -512 ) 
4 180 185 (-1024 -2048 2816 ) (-1024 -2048 64 ) (-1024 -3072 64 ) (-1024 -3072 2816 ) 
4 180 182 (0 -3072 64 ) (0 -3072 2816 ) (-1024 -3072 2816 ) (-1024 -3072 64 ) 
4 181 186 (-1024 -2048 0 ) (-1024 -2048 -512 ) (-1024 -3072 -512 ) (-1024 -3072 0 ) 
4 181 184 (0 -3072 -512 ) (0 -3072 0 ) (-1024 -3072 0 ) (-1024 -3072 -512 ) 
4 182 189 (-1024 -3168 2816 ) (-1024 -3072 2816 ) (-1024 -3072 64 ) (-1024 -3168 64 ) 
4 182 183 (0 -3168 64 ) (0 -3168 2816 ) (-1024 -3168 2816 ) (-1024 -3168 64 ) 
4 183 195 (0 -4096 0 ) (0 -4096 2816 ) (-1024 -4096 2816 ) (-1024 -4096 0 ) 
4 183 190 (-1024 -4096 0 ) (-1024 -4096 2816 ) (-1024 -3168 2816 ) (-1024 -3168 0 ) 
4 183 184 (-1024 -4096 0 ) (-1024 -3168 0 ) (0 -3168 0 ) (0 -4096 0 ) 
4 184 195 (0 -4096 -512 ) (0 -4096 0 ) (-1024 -4096 0 ) (-1024 -4096 -512 ) 
4 184 191 (-1024 -4096 -512 ) (-1024 -4096 0 ) (-1024 -3072 0 ) (-1024 -3072 -512 ) 
4 185 189 (-1024 -3072 64 ) (-1024 -3072 2816 ) (-2048 -3072 2816 ) (-2048 -3072 64 ) 
4 185 187 (-2048 -2048 2816 ) (-2048 -2048 64 ) (-2048 -3072 64 ) (-2048 -3072 2816 ) 
4 186 191 (-1024 -3072 -512 ) (-1024 -3072 0 ) (-2048 -3072 0 ) (-2048 -3072 -512 ) 
4 186 188 (-2048 -2048 0 ) (-2048 -2048 -512 ) (-2048 -3072 -512 ) (-2048 -3072 0 ) 
4 187 275 (-3072 -3072 64 ) (-3072 -3072 2816 ) (-3072 -2048 2816 ) (-3072 -2048 64 ) 
4 187 192 (-2048 -3072 64 ) (-2048 -3072 2816 ) (-3072 -3072 2816 ) (-3072 -3072 64 ) 
4 188 276 (-3072 -3072 -512 ) (-3072 -3072 0 ) (-3072 -2048 0 ) (-3072 -2048 -512 ) 
4 188 194 (-2048 -3072 -512 ) (-2048 -3072 0 ) (-3072 -3072 0 ) (-3072 -3072 -512 ) 
4 189 192 (-2048 -3072 2816 ) (-2048 -3072 64 ) (-2048 -3168 64 ) (-2048 -3168 2816 ) 
4 189 190 (-1024 -3168 64 ) (-1024 -3168 2816 ) (-2048 -3168 2816 ) (-2048 -3168 64 ) 
4 190 196 (-1024 -4096 0 ) (-1024 -4096 2816 ) (-2048 -4096 2816 ) (-2048 -4096 0 ) 
4 190 193 (-2048 -3168 0 ) (-2048 -4096 0 ) (-2048 -4096 2816 ) (-2048 -3168 2816 ) 
4 190 191 (-1024 -3168 0 ) (-1024 -4096 0 ) (-2048 -4096 0 ) (-2048 -3168 0 ) 
4 191 196 (-1024 -4096 -512 ) (-1024 -4096 0 ) (-2048 -4096 0 ) (-2048 -4096 -512 ) 
4 191 194 (-2048 -3072 0 ) (-2048 -3072 -512 ) (-2048 -4096 -512 ) (-2048 -4096 0 ) 
4 192 277 (-3072 -3168 2816 ) (-3072 -3072 2816 ) (-3072 -3072 64 ) (-3072 -3168 64 ) 
4 192 193 (-2048 -3168 64 ) (-2048 -3168 2816 ) (-3072 -3168 2816 ) (-3072 -3168 64 ) 
4 193 278 (-3072 -4096 0 ) (-3072 -4096 2816 ) (-3072 -3168 2816 ) (-3072 -3168 0 ) 
4 193 197 (-2048 -4096 0 ) (-2048 -4096 2816 ) (-3072 -4096 2816 ) (-3072 -4096 0 ) 
4 193 194 (-2048 -3168 0 ) (-2048 -4096 0 ) (-3072 -4096 0 ) (-3072 -3168 0 ) 
4 194 279 (-3072 -4096 -512 ) (-3072 -4096 0 ) (-3072 -3072 0 ) (-3072 -3072 -512 ) 
4 194 197 (-2048 -4096 -512 ) (-2048 -4096 0 ) (-3072 -4096 0 ) (-3072 -4096 -512 ) 
4 195 198 (0 -5120 -512 ) (0 -5120 2816 ) (-1024 -5120 2816 ) (-1024 -5120 -512 ) 
4 195 196 (-1024 -5120 -512 ) (-1024 -5120 2816 ) (-1024 -4096 2816 ) (-1024 -4096 -512 ) 
4 196 199 (-1024 -5120 -512 ) (-1024 -5120 2816 ) (-2048 -5120 2816 ) (-2048 -5120 -512 ) 
4 196 197 (-2048 -4096 2816 ) (-2048 -4096 -512 ) (-2048 -5120 -512 ) (-2048 -5120 2816 ) 
4 197 295 (-3072 -5120 -512 ) (-3072 -5120 2816 ) (-3072 -4096 2816 ) (-3072 -4096 -512 ) 
4 197 200 (-3072 -5120 2816 ) (-3072 -5120 -512 ) (-2048 -5120 -512 ) (-2048 -5120 2816 ) 
4 198 199 (-1024 -5120 2816 ) (-1024 -5120 -512 ) (-1024 -5376 -512 ) (-1024 -5376 2816 ) 
4 199 200 (-2048 -5120 2816 ) (-2048 -5120 -512 ) (-2048 -5376 -512 ) (-2048 -5376 2816 ) 
4 200 298 (-3072 -5376 -512 ) (-3072 -5376 2816 ) (-3072 -5120 2816 ) (-3072 -5120 -512 ) 
4 201 204 (-3584 2880 832 ) (-3584 2880 2816 ) (-3584 3072 2816 ) (-3584 3072 832 ) 
4 201 203 (-3584 2880 2816 ) (-3584 2880 832 ) (-3072 2880 832 ) (-3072 2880 2816 ) 
4 202 203 (-3584 2880 64 ) (-3584 2880 -512 ) (-3072 2880 -512 ) (-3072 2880 64 ) 
4 202 204 (-3584 3072 -512 ) (-3584 2880 -512 ) (-3584 2880 64 ) (-3584 3072 64 ) 
4 203 208 (-3072 2048 -512 ) (-3072 2048 0 ) (-3584 2048 0 ) (-3584 2048 -512 ) 
4 203 205 (-3072 2048 64 ) (-3072 2048 2816 ) (-3584 2048 2816 ) (-3584 2048 64 ) 
4 203 204 (-3584 2880 -512 ) (-3584 2048 -512 ) (-3584 2048 2816 ) (-3584 2880 2816 ) 
4 204 209 (-4096 3072 2816 ) (-4096 3072 -512 ) (-4096 2048 -512 ) (-4096 2048 2816 ) 
4 204 208 (-4096 2048 0 ) (-4096 2048 -512 ) (-3584 2048 -512 ) (-3584 2048 0 ) 
4 204 207 (-3584 2048 2816 ) (-4096 2048 2816 ) (-4096 2048 64 ) (-3584 2048 64 ) 
4 205 206 (-3584 1856 2816 ) (-3584 1856 832 ) (-3072 1856 832 ) (-3072 1856 2816 ) 
4 205 207 (-3584 2048 64 ) (-3584 1856 64 ) (-3584 1856 2816 ) (-3584 2048 2816 ) 
4 206 220 (-3072 1024 832 ) (-3072 1024 2816 ) (-3584 1024 2816 ) (-3584 1024 832 ) 
4 206 207 (-3584 1024 832 ) (-3584 1024 2816 ) (-3584 1856 2816 ) (-3584 1856 832 ) 
4 207 222 (-3584 1024 2816 ) (-4096 1024 2816 ) (-4096 1024 64 ) (-3584 1024 64 ) 
4 207 212 (-4096 1024 64 ) (-4096 1024 352 ) (-4096 2048 352 ) (-4096 2048 64 ) 
4 207 211 (-4096 1024 352 ) (-4096 1024 2816 ) (-4096 2048 2816 ) (-4096 2048 352 ) 
4 208 223 (-3072 1024 -512 ) (-3072 1024 0 ) (-4096 1024 0 ) (-4096 1024 -512 ) 
4 208 214 (-4096 1024 -512 ) (-4096 1024 0 ) (-4096 2048 0 ) (-4096 2048 -512 ) 
4 209 214 (-4096 2048 -512 ) (-4096 2048 0 ) (-5120 2048 0 ) (-5120 2048 -512 ) 
4 209 213 (-4736 2048 352 ) (-5120 2048 352 ) (-5120 2048 64 ) (-4736 2048 64 ) 
4 209 212 (-4096 2048 64 ) (-4096 2048 352 ) (-4736 2048 352 ) (-4736 2048 64 ) 
4 209 211 (-4096 2048 352 ) (-4096 2048 2816 ) (-5120 2048 2816 ) (-5120 2048 352 ) 
4 209 210 (-5120 3072 2816 ) (-5120 3072 -512 ) (-5120 2048 -512 ) (-5120 2048 2816 ) 
4 210 260 (-6144 3072 2816 ) (-6144 3072 -512 ) (-6144 2048 -512 ) (-6144 2048 2816 ) 
4 210 218 (-5120 2048 -512 ) (-5120 2048 0 ) (-5728 2048 0 ) (-5728 2048 -512 ) 
4 210 219 (-5728 2048 64 ) (-6144 2048 64 ) (-6144 2048 -512 ) (-5728 2048 -512 ) 
4 210 216 (-5120 2048 64 ) (-5120 2048 352 ) (-5632 2048 352 ) (-5632 2048 64 ) 
4 210 217 (-5632 2048 352 ) (-6144 2048 352 ) (-6144 2048 64 ) (-5632 2048 64 ) 
4 210 215 (-5120 2048 352 ) (-5120 2048 2816 ) (-6144 2048 2816 ) (-6144 2048 352 ) 
4 211 224 (-4096 1024 352 ) (-4096 1024 2816 ) (-5120 1024 2816 ) (-5120 1024 352 ) 
4 211 215 (-5120 2048 2816 ) (-5120 2048 352 ) (-5120 1024 352 ) (-5120 1024 2816 ) 
4 211 213 (-5120 1856 352 ) (-5120 2048 352 ) (-4736 2048 352 ) (-4736 1856 352 ) 
4 211 212 (-4096 1024 352 ) (-4736 1024 352 ) (-4736 2048 352 ) (-4096 2048 352 ) 
4 212 225 (-4096 1024 64 ) (-4096 1024 352 ) (-4736 1024 352 ) (-4736 1024 64 ) 
4 212 213 (-4736 2048 64 ) (-4736 1856 64 ) (-4736 1856 352 ) (-4736 2048 352 ) 
4 213 216 (-5120 2048 352 ) (-5120 2048 64 ) (-5120 1856 64 ) (-5120 1856 352 ) 
4 214 227 (-4096 1024 -512 ) (-4096 1024 0 ) (-5120 1024 0 ) (-5120 1024 -512 ) 
4 214 218 (-5120 2048 0 ) (-5120 2048 -512 ) (-5120 1024 -512 ) (-5120 1024 0 ) 
4 215 262 (-6144 1024 352 ) (-6144 1024 2816 ) (-6144 2048 2816 ) (-6144 2048 352 ) 
4 215 228 (-5120 1024 352 ) (-5120 1024 2816 ) (-6144 1024 2816 ) (-6144 1024 352 ) 
4 215 216 (-5632 1856 352 ) (-5632 2048 352 ) (-5120 2048 352 ) (-5120 1856 352 ) 
4 215 217 (-5632 1024 352 ) (-6144 1024 352 ) (-6144 2048 352 ) (-5632 2048 352 ) 
4 216 217 (-5632 2048 64 ) (-5632 1856 64 ) (-5632 1856 352 ) (-5632 2048 352 ) 
4 217 262 (-6144 1024 64 ) (-6144 1024 352 ) (-6144 2048 352 ) (-6144 2048 64 ) 
4 217 230 (-5632 1024 352 ) (-6144 1024 352 ) (-6144 1024 64 ) (-5632 1024 64 ) 
4 217 219 (-5728 1024 64 ) (-6144 1024 64 ) (-6144 2048 64 ) (-5728 2048 64 ) 
4 218 231 (-5120 1024 -512 ) (-5120 1024 0 ) (-5728 1024 0 ) (-5728 1024 -512 ) 
4 218 219 (-5728 2048 -512 ) (-5728 1024 -512 ) (-5728 1024 0 ) (-5728 2048 0 ) 
4 219 262 (-6144 1024 -512 ) (-6144 1024 64 ) (-6144 2048 64 ) (-6144 2048 -512 ) 
4 219 232 (-5728 1024 64 ) (-6144 1024 64 ) (-6144 1024 -512 ) (-5728 1024 -512 ) 
4 220 221 (-3584 384 2816 ) (-3584 384 832 ) (-3072 384 832 ) (-3072 384 2816 ) 
4 220 222 (-3584 384 832 ) (-3584 384 2816 ) (-3584 1024 2816 ) (-3584 1024 832 ) 
4 221 235 (-3296 0 2816 ) (-3584 0 2816 ) (-3584 0 64 ) (-3296 0 64 ) 
4 221 234 (-3072 0 64 ) (-3072 0 288 ) (-3296 0 288 ) (-3296 0 64 ) 
4 221 233 (-3072 0 288 ) (-3072 0 2816 ) (-3296 0 2816 ) (-3296 0 288 ) 
4 221 222 (-3584 384 64 ) (-3584 0 64 ) (-3584 0 2816 ) (-3584 384 2816 ) 
4 222 237 (-3584 0 2816 ) (-4096 0 2816 ) (-4096 0 64 ) (-3584 0 64 ) 
4 222 225 (-4096 0 64 ) (-4096 0 352 ) (-4096 1024 352 ) (-4096 1024 64 ) 
4 222 224 (-4096 0 352 ) (-4096 0 2816 ) (-4096 1024 2816 ) (-4096 1024 352 ) 
4 223 238 (-3072 0 -512 ) (-3072 0 0 ) (-4096 0 0 ) (-4096 0 -512 ) 
4 223 227 (-4096 0 -512 ) (-4096 0 0 ) (-4096 1024 0 ) (-4096 1024 -512 ) 
4 224 247 (-4768 0 544 ) (-5120 0 544 ) (-5120 0 352 ) (-4768 0 352 ) 
4 224 246 (-4096 0 352 ) (-4096 0 544 ) (-4768 0 544 ) (-4768 0 352 ) 
4 224 245 (-4096 0 544 ) (-4096 0 2816 ) (-5120 0 2816 ) (-5120 0 544 ) 
4 224 228 (-5120 1024 2816 ) (-5120 1024 352 ) (-5120 0 352 ) (-5120 0 2816 ) 
4 224 226 (-5120 0 352 ) (-5120 480 352 ) (-4736 480 352 ) (-4736 0 352 ) 
4 224 225 (-4736 1024 352 ) (-4096 1024 352 ) (-4096 0 352 ) (-4736 0 352 ) 
4 225 246 (-4096 0 64 ) (-4096 0 352 ) (-4736 0 352 ) (-4736 0 64 ) 
4 225 226 (-4736 480 64 ) (-4736 0 64 ) (-4736 0 352 ) (-4736 480 352 ) 
4 226 247 (-4768 0 352 ) (-5120 0 352 ) (-5120 0 64 ) (-4768 0 64 ) 
4 226 246 (-4736 0 352 ) (-4768 0 352 ) (-4768 0 64 ) (-4736 0 64 ) 
4 226 229 (-5120 480 64 ) (-5120 0 64 ) (-5120 0 352 ) (-5120 480 352 ) 
4 227 248 (-4096 0 -512 ) (-4096 0 0 ) (-5120 0 0 ) (-5120 0 -512 ) 
4 227 231 (-5120 1024 0 ) (-5120 1024 -512 ) (-5120 0 -512 ) (-5120 0 0 ) 
4 228 266 (-6144 0 352 ) (-6144 0 2816 ) (-6144 1024 2816 ) (-6144 1024 352 ) 
4 228 249 (-5728 0 352 ) (-5120 0 352 ) (-5120 0 2816 ) (-5728 0 2816 ) 
4 228 250 (-6144 0 2816 ) (-6144 0 352 ) (-5728 0 352 ) (-5728 0 2816 ) 
4 228 229 (-5120 0 352 ) (-5632 0 352 ) (-5632 480 352 ) (-5120 480 352 ) 
4 228 230 (-5632 0 352 ) (-6144 0 352 ) (-6144 1024 352 ) (-5632 1024 352 ) 
4 229 249 (-5632 0 64 ) (-5120 0 64 ) (-5120 0 352 ) (-5632 0 352 ) 
4 229 230 (-5632 480 64 ) (-5632 0 64 ) (-5632 0 352 ) (-5632 480 352 ) 
4 230 266 (-6144 0 64 ) (-6144 0 352 ) (-6144 1024 352 ) (-6144 1024 64 ) 
4 230 249 (-5728 0 64 ) (-5632 0 64 ) (-5632 0 352 ) (-5728 0 352 ) 
4 230 250 (-6144 0 352 ) (-6144 0 64 ) (-5728 0 64 ) (-5728 0 352 ) 
4 230 232 (-6144 0 64 ) (-6144 1024 64 ) (-5728 1024 64 ) (-5728 0 64 ) 
4 231 251 (-5728 0 -512 ) (-5120 0 -512 ) (-5120 0 0 ) (-5728 0 0 ) 
4 231 232 (-5728 1024 -512 ) (-5728 0 -512 ) (-5728 0 0 ) (-5728 1024 0 ) 
4 232 266 (-6144 0 -512 ) (-6144 0 64 ) (-6144 1024 64 ) (-6144 1024 -512 ) 
4 232 251 (-6144 0 0 ) (-6144 0 -512 ) (-5728 0 -512 ) (-5728 0 0 ) 
4 232 250 (-6144 0 64 ) (-6144 0 0 ) (-5728 0 0 ) (-5728 0 64 ) 
4 233 239 (-3072 -1024 288 ) (-3072 -1024 2816 ) (-3296 -1024 2816 ) (-3296 -1024 288 ) 
4 233 236 (-3296 -1024 320 ) (-3296 -1024 2816 ) (-3296 -672 2816 ) (-3296 -672 320 ) 
4 233 235 (-3296 -672 2816 ) (-3296 0 2816 ) (-3296 0 288 ) (-3296 -672 288 ) 
4 233 234 (-3296 -672 288 ) (-3296 0 288 ) (-3072 0 288 ) (-3072 -672 288 ) 
4 234 235 (-3296 0 64 ) (-3296 -672 64 ) (-3296 -672 288 ) (-3296 0 288 ) 
4 235 236 (-3584 -672 2816 ) (-3584 -672 320 ) (-3296 -672 320 ) (-3296 -672 2816 ) 
4 235 237 (-3584 0 64 ) (-3584 -672 64 ) (-3584 -672 2816 ) (-3584 0 2816 ) 
4 236 241 (-3296 -1024 320 ) (-3296 -1024 2816 ) (-3584 -1024 2816 ) (-3584 -1024 320 ) 
4 236 237 (-3584 -1024 320 ) (-3584 -1024 2816 ) (-3584 -672 2816 ) (-3584 -672 320 ) 
4 237 246 (-4096 0 544 ) (-4096 0 64 ) (-4096 -1024 64 ) (-4096 -1024 544 ) 
4 237 245 (-4096 0 2816 ) (-4096 0 544 ) (-4096 -1024 544 ) (-4096 -1024 2816 ) 
4 237 243 (-4096 -1024 2816 ) (-4096 -1024 64 ) (-3584 -1024 64 ) (-3584 -1024 2816 ) 
4 238 248 (-4096 0 0 ) (-4096 0 -512 ) (-4096 -1024 -512 ) (-4096 -1024 0 ) 
4 238 244 (-3072 -1024 -512 ) (-3072 -1024 0 ) (-4096 -1024 0 ) (-4096 -1024 -512 ) 
4 239 275 (-3072 -2048 288 ) (-3072 -2048 2816 ) (-3296 -2048 2816 ) (-3296 -2048 288 ) 
4 239 241 (-3296 -1504 2816 ) (-3296 -1024 2816 ) (-3296 -1024 320 ) (-3296 -1504 320 ) 
4 239 242 (-3296 -2048 288 ) (-3296 -2048 2816 ) (-3296 -1504 2816 ) (-3296 -1504 288 ) 
4 239 240 (-3072 -2048 288 ) (-3296 -2048 288 ) (-3296 -1152 288 ) (-3072 -1152 288 ) 
4 240 275 (-3072 -2048 64 ) (-3072 -2048 288 ) (-3296 -2048 288 ) (-3296 -2048 64 ) 
4 240 242 (-3296 -1504 64 ) (-3296 -2048 64 ) (-3296 -2048 288 ) (-3296 -1504 288 ) 
4 241 242 (-3584 -1504 2816 ) (-3584 -1504 320 ) (-3296 -1504 320 ) (-3296 -1504 2816 ) 
4 241 243 (-3584 -1504 320 ) (-3584 -1504 2816 ) (-3584 -1024 2816 ) (-3584 -1024 320 ) 
4 242 275 (-3584 -2048 64 ) (-3296 -2048 64 ) (-3296 -2048 2816 ) (-3584 -2048 2816 ) 
4 242 243 (-3584 -1504 64 ) (-3584 -2048 64 ) (-3584 -2048 2816 ) (-3584 -1504 2816 ) 
4 243 275 (-4096 -2048 2816 ) (-4096 -2048 64 ) (-3584 -2048 64 ) (-3584 -2048 2816 ) 
4 243 252 (-4096 -2048 64 ) (-4096 -2048 2816 ) (-4096 -1024 2816 ) (-4096 -1024 64 ) 
4 244 276 (-3072 -2048 -512 ) (-3072 -2048 0 ) (-4096 -2048 0 ) (-4096 -2048 -512 ) 
4 244 256 (-4096 -2048 -512 ) (-4096 -2048 0 ) (-4096 -1024 0 ) (-4096 -1024 -512 ) 
4 245 253 (-4768 -1024 2816 ) (-5120 -1024 2816 ) (-5120 -1024 544 ) (-4768 -1024 544 ) 
4 245 252 (-4096 -1024 544 ) (-4096 -1024 2816 ) (-4768 -1024 2816 ) (-4768 -1024 544 ) 
4 245 249 (-5120 0 2816 ) (-5120 0 544 ) (-5120 -1024 544 ) (-5120 -1024 2816 ) 
4 245 247 (-5120 -224 544 ) (-5120 0 544 ) (-4768 0 544 ) (-4768 -224 544 ) 
4 245 246 (-4768 0 544 ) (-4096 0 544 ) (-4096 -1024 544 ) (-4768 -1024 544 ) 
4 246 252 (-4096 -1024 64 ) (-4096 -1024 544 ) (-4768 -1024 544 ) (-4768 -1024 64 ) 
4 246 247 (-4768 0 64 ) (-4768 -224 64 ) (-4768 -224 544 ) (-4768 0 544 ) 
4 247 249 (-5120 0 544 ) (-5120 0 64 ) (-5120 -224 64 ) (-5120 -224 544 ) 
4 248 256 (-4096 -1024 -512 ) (-4096 -1024 0 ) (-5120 -1024 0 ) (-5120 -1024 -512 ) 
4 248 251 (-5120 0 0 ) (-5120 0 -512 ) (-5120 -1024 -512 ) (-5120 -1024 0 ) 
4 249 257 (-5120 -1024 64 ) (-5120 -1024 2816 ) (-5728 -1024 2816 ) (-5728 -1024 64 ) 
4 249 250 (-5728 -1024 64 ) (-5728 -1024 2816 ) (-5728 0 2816 ) (-5728 0 64 ) 
4 250 268 (-6144 -1024 0 ) (-6144 -1024 2816 ) (-6144 0 2816 ) (-6144 0 0 ) 
4 250 258 (-6144 -1024 2816 ) (-6144 -1024 0 ) (-5728 -1024 0 ) (-5728 -1024 2816 ) 
4 250 251 (-5728 -1024 0 ) (-6144 -1024 0 ) (-6144 0 0 ) (-5728 0 0 ) 
4 251 268 (-6144 -1024 -512 ) (-6144 -1024 0 ) (-6144 0 0 ) (-6144 0 -512 ) 
4 251 259 (-6144 -1024 0 ) (-6144 -1024 -512 ) (-5120 -1024 -512 ) (-5120 -1024 0 ) 
4 252 281 (-4096 -2048 64 ) (-4096 -2048 416 ) (-4768 -2048 416 ) (-4768 -2048 64 ) 
4 252 280 (-4096 -2048 416 ) (-4096 -2048 2816 ) (-4768 -2048 2816 ) (-4768 -2048 416 ) 
4 252 255 (-4768 -2048 416 ) (-4768 -2048 2816 ) (-4768 -1344 2816 ) (-4768 -1344 416 ) 
4 252 254 (-4768 -1344 480 ) (-4768 -1344 2816 ) (-4768 -1152 2816 ) (-4768 -1152 480 ) 
4 252 253 (-4768 -1024 2816 ) (-4768 -1024 544 ) (-4768 -1152 544 ) (-4768 -1152 2816 ) 
4 253 257 (-5120 -1024 2816 ) (-5120 -1024 544 ) (-5120 -1152 544 ) (-5120 -1152 2816 ) 
4 253 254 (-4768 -1152 544 ) (-4768 -1152 2816 ) (-5120 -1152 2816 ) (-5120 -1152 544 ) 
4 254 257 (-5120 -1344 480 ) (-5120 -1344 2816 ) (-5120 -1152 2816 ) (-5120 -1152 480 ) 
4 254 255 (-5120 -1344 2816 ) (-5120 -1344 480 ) (-4768 -1344 480 ) (-4768 -1344 2816 ) 
4 255 280 (-5120 -2048 2816 ) (-5120 -2048 416 ) (-4768 -2048 416 ) (-4768 -2048 2816 ) 
4 255 257 (-5120 -2048 416 ) (-5120 -2048 2816 ) (-5120 -1344 2816 ) (-5120 -1344 416 ) 
4 256 284 (-4096 -2048 -512 ) (-4096 -2048 0 ) (-5120 -2048 0 ) (-5120 -2048 -512 ) 
4 256 259 (-5120 -1024 0 ) (-5120 -1024 -512 ) (-5120 -2048 -512 ) (-5120 -2048 0 ) 
4 257 285 (-5120 -2048 64 ) (-5120 -2048 2816 ) (-5728 -2048 2816 ) (-5728 -2048 64 ) 
4 257 258 (-5728 -2048 64 ) (-5728 -2048 2816 ) (-5728 -1024 2816 ) (-5728 -1024 64 ) 
4 258 286 (-5728 -2048 2816 ) (-6144 -2048 2816 ) (-6144 -2048 0 ) (-5728 -2048 0 ) 
4 258 270 (-6144 -2048 0 ) (-6144 -2048 2816 ) (-6144 -1024 2816 ) (-6144 -1024 0 ) 
4 258 259 (-6144 -2048 0 ) (-6144 -1024 0 ) (-5728 -1024 0 ) (-5728 -2048 0 ) 
4 259 287 (-5120 -2048 -512 ) (-5120 -2048 0 ) (-6144 -2048 0 ) (-6144 -2048 -512 ) 
4 259 270 (-6144 -2048 -512 ) (-6144 -2048 0 ) (-6144 -1024 0 ) (-6144 -1024 -512 ) 
4 260 262 (-6144 2048 -512 ) (-6144 2048 2816 ) (-7168 2048 2816 ) (-7168 2048 -512 ) 
4 260 261 (-7168 3072 2816 ) (-7168 3072 -512 ) (-7168 2048 -512 ) (-7168 2048 2816 ) 
4 261 264 (-8192 3072 2816 ) (-8192 3072 -512 ) (-8192 2048 -512 ) (-8192 2048 2816 ) 
4 261 263 (-7168 2048 -512 ) (-7168 2048 2816 ) (-8192 2048 2816 ) (-8192 2048 -512 ) 
4 262 266 (-6144 1024 -512 ) (-6144 1024 2816 ) (-7168 1024 2816 ) (-7168 1024 -512 ) 
4 262 263 (-7168 2048 2816 ) (-7168 2048 -512 ) (-7168 1024 -512 ) (-7168 1024 2816 ) 
4 263 267 (-7168 1024 -512 ) (-7168 1024 2816 ) (-8192 1024 2816 ) (-8192 1024 -512 ) 
4 263 265 (-8192 1024 -512 ) (-8192 1024 2816 ) (-8192 2048 2816 ) (-8192 2048 -512 ) 
4 264 265 (-8192 2048 -512 ) (-8192 2048 2816 ) (-8960 2048 2816 ) (-8960 2048 -512 ) 
4 265 272 (-8192 1024 -512 ) (-8192 1024 2816 ) (-8960 1024 2816 ) (-8960 1024 -512 ) 
4 266 268 (-6144 0 -512 ) (-6144 0 2816 ) (-7168 0 2816 ) (-7168 0 -512 ) 
4 266 267 (-7168 1024 2816 ) (-7168 1024 -512 ) (-7168 0 -512 ) (-7168 0 2816 ) 
4 267 272 (-8192 1024 2816 ) (-8192 1024 -512 ) (-8192 0 -512 ) (-8192 0 2816 ) 
4 267 269 (-7168 0 -512 ) (-7168 0 2816 ) (-8192 0 2816 ) (-8192 0 -512 ) 
4 268 270 (-6144 -1024 -512 ) (-6144 -1024 2816 ) (-7168 -1024 2816 ) (-7168 -1024 -512 ) 
4 268 269 (-7168 -1024 -512 ) (-7168 -1024 2816 ) (-7168 0 2816 ) (-7168 0 -512 ) 
4 269 273 (-8192 -1024 -512 ) (-8192 -1024 2816 ) (-8192 0 2816 ) (-8192 0 -512 ) 
4 269 271 (-8192 -1024 2816 ) (-8192 -1024 -512 ) (-7168 -1024 -512 ) (-7168 -1024 2816 ) 
4 270 301 (-6144 -2048 -512 ) (-6144 -2048 2816 ) (-7168 -2048 2816 ) (-7168 -2048 -512 ) 
4 270 271 (-7168 -1024 2816 ) (-7168 -1024 -512 ) (-7168 -2048 -512 ) (-7168 -2048 2816 ) 
4 271 302 (-7168 -2048 -512 ) (-7168 -2048 2816 ) (-8192 -2048 2816 ) (-8192 -2048 -512 ) 
4 271 274 (-8192 -2048 -512 ) (-8192 -2048 2816 ) (-8192 -1024 2816 ) (-8192 -1024 -512 ) 
4 272 273 (-8192 0 -512 ) (-8192 0 2816 ) (-8960 0 2816 ) (-8960 0 -512 ) 
4 273 274 (-8192 -1024 -512 ) (-8192 -1024 2816 ) (-8960 -1024 2816 ) (-8960 -1024 -512 ) 
4 274 305 (-8192 -2048 -512 ) (-8192 -2048 2816 ) (-8960 -2048 2816 ) (-8960 -2048 -512 ) 
4 275 281 (-4096 -2048 416 ) (-4096 -2048 64 ) (-4096 -3072 64 ) (-4096 -3072 416 ) 
4 275 280 (-4096 -2048 2816 ) (-4096 -2048 416 ) (-4096 -3072 416 ) (-4096 -3072 2816 ) 
4 275 277 (-3072 -3072 64 ) (-3072 -3072 2816 ) (-4096 -3072 2816 ) (-4096 -3072 64 ) 
4 276 284 (-4096 -2048 0 ) (-4096 -2048 -512 ) (-4096 -3072 -512 ) (-4096 -3072 0 ) 
4 276 279 (-3072 -3072 -512 ) (-3072 -3072 0 ) (-4096 -3072 0 ) (-4096 -3072 -512 ) 
4 277 288 (-4096 -3168 2816 ) (-4096 -3072 2816 ) (-4096 -3072 64 ) (-4096 -3168 64 ) 
4 277 278 (-3072 -3168 64 ) (-3072 -3168 2816 ) (-4096 -3168 2816 ) (-4096 -3168 64 ) 
4 278 295 (-3072 -4096 0 ) (-3072 -4096 2816 ) (-4096 -4096 2816 ) (-4096 -4096 0 ) 
4 278 289 (-4096 -4096 0 ) (-4096 -4096 2816 ) (-4096 -3168 2816 ) (-4096 -3168 0 ) 
4 278 279 (-4096 -4096 0 ) (-4096 -3168 0 ) (-3072 -3168 0 ) (-3072 -4096 0 ) 
4 279 295 (-3072 -4096 -512 ) (-3072 -4096 0 ) (-4096 -4096 0 ) (-4096 -4096 -512 ) 
4 279 290 (-4096 -4096 -512 ) (-4096 -4096 0 ) (-4096 -3072 0 ) (-4096 -3072 -512 ) 
4 280 288 (-4096 -3072 416 ) (-4096 -3072 2816 ) (-5120 -3072 2816 ) (-5120 -3072 416 ) 
4 280 285 (-5120 -2048 2816 ) (-5120 -2048 416 ) (-5120 -3072 416 ) (-5120 -3072 2816 ) 
4 280 282 (-5120 -2336 416 ) (-5120 -2048 416 ) (-4768 -2048 416 ) (-4768 -2336 416 ) 
4 280 283 (-5120 -3072 416 ) (-5120 -3040 416 ) (-4768 -3040 416 ) (-4768 -3072 416 ) 
4 280 281 (-4768 -2048 416 ) (-4096 -2048 416 ) (-4096 -3072 416 ) (-4768 -3072 416 ) 
4 281 288 (-4096 -3072 64 ) (-4096 -3072 416 ) (-4768 -3072 416 ) (-4768 -3072 64 ) 
4 281 282 (-4768 -2048 64 ) (-4768 -2336 64 ) (-4768 -2336 416 ) (-4768 -2048 416 ) 
4 281 283 (-4768 -3040 64 ) (-4768 -3072 64 ) (-4768 -3072 416 ) (-4768 -3040 416 ) 
4 282 285 (-5120 -2048 416 ) (-5120 -2048 64 ) (-5120 -2336 64 ) (-5120 -2336 416 ) 
4 283 288 (-4768 -3072 416 ) (-5120 -3072 416 ) (-5120 -3072 64 ) (-4768 -3072 64 ) 
4 283 285 (-5120 -3040 64 ) (-5120 -3072 64 ) (-5120 -3072 416 ) (-5120 -3040 416 ) 
4 284 290 (-4096 -3072 -512 ) (-4096 -3072 0 ) (-5120 -3072 0 ) (-5120 -3072 -512 ) 
4 284 287 (-5120 -2048 0 ) (-5120 -2048 -512 ) (-5120 -3072 -512 ) (-5120 -3072 0 ) 
4 285 291 (-5120 -3072 64 ) (-5120 -3072 2816 ) (-5728 -3072 2816 ) (-5728 -3072 64 ) 
4 285 286 (-5728 -3072 64 ) (-5728 -3072 2816 ) (-5728 -2048 2816 ) (-5728 -2048 64 ) 
4 286 301 (-6144 -2048 2816 ) (-6144 -2048 0 ) (-6144 -3072 0 ) (-6144 -3072 2816 ) 
4 286 293 (-5728 -3072 2816 ) (-6144 -3072 2816 ) (-6144 -3072 0 ) (-5728 -3072 0 ) 
4 286 287 (-6144 -2048 0 ) (-5728 -2048 0 ) (-5728 -3072 0 ) (-6144 -3072 0 ) 
4 287 301 (-6144 -2048 0 ) (-6144 -2048 -512 ) (-6144 -3072 -512 ) (-6144 -3072 0 ) 
4 287 294 (-5120 -3072 -512 ) (-5120 -3072 0 ) (-6144 -3072 0 ) (-6144 -3072 -512 ) 
4 288 291 (-5120 -3072 2816 ) (-5120 -3072 64 ) (-5120 -3168 64 ) (-5120 -3168 2816 ) 
4 288 289 (-4096 -3168 64 ) (-4096 -3168 2816 ) (-5120 -3168 2816 ) (-5120 -3168 64 ) 
4 289 296 (-4096 -4096 0 ) (-4096 -4096 2816 ) (-5120 -4096 2816 ) (-5120 -4096 0 ) 
4 289 292 (-5120 -3168 0 ) (-5120 -4096 0 ) (-5120 -4096 2816 ) (-5120 -3168 2816 ) 
4 289 290 (-4096 -3168 0 ) (-4096 -4096 0 ) (-5120 -4096 0 ) (-5120 -3168 0 ) 
4 290 296 (-4096 -4096 -512 ) (-4096 -4096 0 ) (-5120 -4096 0 ) (-5120 -4096 -512 ) 
4 290 294 (-5120 -3072 0 ) (-5120 -3072 -512 ) (-5120 -4096 -512 ) (-5120 -4096 0 ) 
4 291 292 (-5728 -3168 2816 ) (-5728 -3168 64 ) (-5120 -3168 64 ) (-5120 -3168 2816 ) 
4 291 293 (-5728 -3168 64 ) (-5728 -3168 2816 ) (-5728 -3072 2816 ) (-5728 -3072 64 ) 
4 292 297 (-5120 -4096 0 ) (-5120 -4096 2816 ) (-5728 -4096 2816 ) (-5728 -4096 0 ) 
4 292 294 (-5120 -3168 0 ) (-5120 -4096 0 ) (-5728 -4096 0 ) (-5728 -3168 0 ) 
4 292 293 (-5728 -3168 0 ) (-5728 -4096 0 ) (-5728 -4096 2816 ) (-5728 -3168 2816 ) 
4 293 303 (-6144 -4096 0 ) (-6144 -4096 2816 ) (-6144 -3072 2816 ) (-6144 -3072 0 ) 
4 293 297 (-5728 -4096 2816 ) (-6144 -4096 2816 ) (-6144 -4096 0 ) (-5728 -4096 0 ) 
4 293 294 (-5728 -4096 0 ) (-6144 -4096 0 ) (-6144 -3072 0 ) (-5728 -3072 0 ) 
4 294 303 (-6144 -4096 -512 ) (-6144 -4096 0 ) (-6144 -3072 0 ) (-6144 -3072 -512 ) 
4 294 297 (-5120 -4096 -512 ) (-5120 -4096 0 ) (-6144 -4096 0 ) (-6144 -4096 -512 ) 
4 295 298 (-3072 -5120 -512 ) (-3072 -5120 2816 ) (-4096 -5120 2816 ) (-4096 -5120 -512 ) 
4 295 296 (-4096 -5120 -512 ) (-4096 -5120 2816 ) (-4096 -4096 2816 ) (-4096 -4096 -512 ) 
4 296 299 (-4096 -5120 -512 ) (-4096 -5120 2816 ) (-5120 -5120 2816 ) (-5120 -5120 -512 ) 
4 296 297 (-5120 -4096 2816 ) (-5120 -4096 -512 ) (-5120 -5120 -512 ) (-5120 -5120 2816 ) 
4 297 307 (-6144 -5120 -512 ) (-6144 -5120 2816 ) (-6144 -4096 2816 ) (-6144 -4096 -512 ) 
4 297 300 (-6144 -5120 2816 ) (-6144 -5120 -512 ) (-5120 -5120 -512 ) (-5120 -5120 2816 ) 
4 298 299 (-4096 -5120 2816 ) (-4096 -5120 -512 ) (-4096 -5376 -512 ) (-4096 -5376 2816 ) 
4 299 300 (-5120 -5120 2816 ) (-5120 -5120 -512 ) (-5120 -5376 -512 ) (-5120 -5376 2816 ) 
4 300 309 (-6144 -5376 -512 ) (-6144 -5376 2816 ) (-6144 -5120 2816 ) (-6144 -5120 -512 ) 
4 301 303 (-6144 -3072 -512 ) (-6144 -3072 2816 ) (-7168 -3072 2816 ) (-7168 -3072 -512 ) 
4 301 302 (-7168 -2048 2816 ) (-7168 -2048 -512 ) (-7168 -3072 -512 ) (-7168 -3072 2816 ) 
4 302 305 (-8192 -2048 2816 ) (-8192 -2048 -512 ) (-8192 -3072 -512 ) (-8192 -3072 2816 ) 
4 302 304 (-7168 -3072 -512 ) (-7168 -3072 2816 ) (-8192 -3072 2816 ) (-8192 -3072 -512 ) 
4 303 307 (-6144 -4096 -512 ) (-6144 -4096 2816 ) (-7168 -4096 2816 ) (-7168 -4096 -512 ) 
4 303 304 (-7168 -3072 2816 ) (-7168 -3072 -512 ) (-7168 -4096 -512 ) (-7168 -4096 2816 ) 
4 304 308 (-7168 -4096 -512 ) (-7168 -4096 2816 ) (-8192 -4096 2816 ) (-8192 -4096 -512 ) 
4 304 306 (-8192 -4096 -512 ) (-8192 -4096 2816 ) (-8192 -3072 2816 ) (-8192 -3072 -512 ) 
4 305 306 (-8192 -3072 -512 ) (-8192 -3072 2816 ) (-8960 -3072 2816 ) (-8960 -3072 -512 ) 
4 306 311 (-8192 -4096 -512 ) (-8192 -4096 2816 ) (-8960 -4096 2816 ) (-8960 -4096 -512 ) 
4 307 309 (-6144 -5120 -512 ) (-6144 -5120 2816 ) (-7168 -5120 2816 ) (-7168 -5120 -512 ) 
4 307 308 (-7168 -4096 2816 ) (-7168 -4096 -512 ) (-7168 -5120 -512 ) (-7168 -5120 2816 ) 
4 308 311 (-8192 -4096 2816 ) (-8192 -4096 -512 ) (-8192 -5120 -512 ) (-8192 -5120 2816 ) 
4 308 310 (-7168 -5120 -512 ) (-7168 -5120 2816 ) (-8192 -5120 2816 ) (-8192 -5120 -512 ) 
4 309 310 (-7168 -5376 -512 ) (-7168 -5376 2816 ) (-7168 -5120 2816 ) (-7168 -5120 -512 ) 
4 310 312 (-8192 -5376 -512 ) (-8192 -5376 2816 ) (-8192 -5120 2816 ) (-8192 -5120 -512 ) 
4 311 312 (-8192 -5120 -512 ) (-8192 -5120 2816 ) (-8960 -5120 2816 ) (-8960 -5120 -512 ) 
