


materialPath: D:\Programy\Steam\steamapps\common\GarrysMod\garrysmod\materials
Loading D:\vmf\4czersk.vmf
fixing up env_cubemap materials on brush sides...
0...1...2...3...4...5...6...7...8...9...10**** leaked ****
Entity info_player_start (768.00 -960.00 1.00) leaked!

FindPortalSide: Couldn't find a good match for which brush to assign to a portal near (4096.0 4608.0 416.0)
Leaf 0 contents: 
Leaf 1 contents: CONTENTS_SOLID 
viscontents (node 0 contents ^ node 1 contents): CONTENTS_SOLID 
This means that none of the brushes in leaf 0 or 1 that touches the portal has CONTENTS_SOLID 
Check for a huge brush enclosing the coordinates above that has contents CONTENTS_SOLID 
Candidate brush IDs: 


FindPortalSide: Couldn't find a good match for which brush to assign to a portal near (3584.0 5120.0 416.0)
Leaf 0 contents: 
Leaf 1 contents: CONTENTS_SOLID 
viscontents (node 0 contents ^ node 1 contents): CONTENTS_SOLID 
This means that none of the brushes in leaf 0 or 1 that touches the portal has CONTENTS_SOLID 
Check for a huge brush enclosing the coordinates above that has contents CONTENTS_SOLID 
Candidate brush IDs: 


FindPortalSide: Couldn't find a good match for which brush to assign to a portal near (2560.0 4096.0 456.0)
Leaf 0 contents: CONTENTS_SOLID 
Leaf 1 contents: 
viscontents (node 0 contents ^ node 1 contents): CONTENTS_SOLID 
This means that none of the brushes in leaf 0 or 1 that touches the portal has CONTENTS_SOLID 
Check for a huge brush enclosing the coordinates above that has contents CONTENTS_SOLID 
Candidate brush IDs: 


FindPortalSide: Couldn't find a good match for which brush to assign to a portal near (2560.0 4096.0 -72.0)
Leaf 0 contents: CONTENTS_SOLID 
Leaf 1 contents: 
viscontents (node 0 contents ^ node 1 contents): CONTENTS_SOLID 
This means that none of the brushes in leaf 0 or 1 that touches the portal has CONTENTS_SOLID 
Check for a huge brush enclosing the coordinates above that has contents CONTENTS_SOLID 
Candidate brush IDs: 


FindPortalSide: Couldn't find a good match for which brush to assign to a portal near (2560.0 5120.0 416.0)
Leaf 0 contents: 
Leaf 1 contents: CONTENTS_SOLID 
viscontents (node 0 contents ^ node 1 contents): CONTENTS_SOLID 
This means that none of the brushes in leaf 0 or 1 that touches the portal has CONTENTS_SOLID 
Check for a huge brush enclosing the coordinates above that has contents CONTENTS_SOLID 
Candidate brush IDs: 


FindPortalSide: Couldn't find a good match for which brush to assign to a portal near (3072.0 3584.0 456.0)
Leaf 0 contents: CONTENTS_SOLID 
Leaf 1 contents: 
viscontents (node 0 contents ^ node 1 contents): CONTENTS_SOLID 
This means that none of the brushes in leaf 0 or 1 that touches the portal has CONTENTS_SOLID 
Check for a huge brush enclosing the coordinates above that has contents CONTENTS_SOLID 
Candidate brush IDs: 


FindPortalSide: Couldn't find a good match for which brush to assign to a portal near (3072.0 3584.0 -72.0)
Leaf 0 contents: CONTENTS_SOLID 
Leaf 1 contents: 
viscontents (node 0 contents ^ node 1 contents): CONTENTS_SOLID 
This means that none of the brushes in leaf 0 or 1 that touches the portal has CONTENTS_SOLID 
Check for a huge brush enclosing the coordinates above that has contents CONTENTS_SOLID 
Candidate brush IDs: 


FindPortalSide: Couldn't find a good match for which brush to assign to a portal near (4096.0 3584.0 416.0)
Leaf 0 contents: 
Leaf 1 contents: CONTENTS_SOLID 
viscontents (node 0 contents ^ node 1 contents): CONTENTS_SOLID 
This means that none of the brushes in leaf 0 or 1 that touches the portal has CONTENTS_SOLID 
Check for a huge brush enclosing the coordinates above that has contents CONTENTS_SOLID 
Candidate brush IDs: 

*** Suppressing further FindPortalSide errors.... ***
Processing areas...done (0)
Building Faces...done (0)
FixTjuncs...
PruneNodes...
WriteBSP...
done (0)
Creating default LDR cubemaps for env_cubemap using skybox materials:
   skybox/sky_day01_01*.vmt
 ! Run buildcubemaps in the engine to get the correct cube maps.
*** Error: Skybox vtf files for skybox/sky_day01_01 weren't compiled with the same size texture and/or same flags!
Can't load skybox file skybox/sky_day01_01 to build the default cubemap!
Finding displacement neighbors...
Finding lightmap sample positions...
Displacement Alpha : 0...1...2...3...4...5...6...7...8...9...10
Building Physics collision data...
done (0) (2146 bytes)
Placing detail props : 0...1...2...3...4...5...6...7...8...9...10
Compacting texture/material tables...
Reduced 12 texinfos to 12
Reduced 1 texdatas to 1 (13 bytes to 13)
Writing D:\vmf\4czersk.bsp
0 seconds elapsed



materialPath: D:\Programy\Steam\steamapps\common\GarrysMod\garrysmod\materials
Loading D:\vmf\4czersk.vmf
fixing up env_cubemap materials on brush sides...
0...1...2...3...4...5...6...7...8...9...10**** leaked ****
Entity info_player_start (800.00 -960.00 1.00) leaked!

FindPortalSide: Couldn't find a good match for which brush to assign to a portal near (4096.0 4608.0 288.0)
Leaf 0 contents: 
Leaf 1 contents: CONTENTS_SOLID 
viscontents (node 0 contents ^ node 1 contents): CONTENTS_SOLID 
This means that none of the brushes in leaf 0 or 1 that touches the portal has CONTENTS_SOLID 
Check for a huge brush enclosing the coordinates above that has contents CONTENTS_SOLID 
Candidate brush IDs: 


FindPortalSide: Couldn't find a good match for which brush to assign to a portal near (3584.0 5120.0 288.0)
Leaf 0 contents: 
Leaf 1 contents: CONTENTS_SOLID 
viscontents (node 0 contents ^ node 1 contents): CONTENTS_SOLID 
This means that none of the brushes in leaf 0 or 1 that touches the portal has CONTENTS_SOLID 
Check for a huge brush enclosing the coordinates above that has contents CONTENTS_SOLID 
Candidate brush IDs: 


FindPortalSide: Couldn't find a good match for which brush to assign to a portal near (2560.0 4096.0 -72.0)
Leaf 0 contents: CONTENTS_SOLID 
Leaf 1 contents: 
viscontents (node 0 contents ^ node 1 contents): CONTENTS_SOLID 
This means that none of the brushes in leaf 0 or 1 that touches the portal has CONTENTS_SOLID 
Check for a huge brush enclosing the coordinates above that has contents CONTENTS_SOLID 
Candidate brush IDs: 


FindPortalSide: Couldn't find a good match for which brush to assign to a portal near (2112.0 4096.0 328.0)
Leaf 0 contents: CONTENTS_SOLID 
Leaf 1 contents: 
viscontents (node 0 contents ^ node 1 contents): CONTENTS_SOLID 
This means that none of the brushes in leaf 0 or 1 that touches the portal has CONTENTS_SOLID 
Check for a huge brush enclosing the coordinates above that has contents CONTENTS_SOLID 
Candidate brush IDs: 


FindPortalSide: Couldn't find a good match for which brush to assign to a portal near (2624.0 4096.0 328.0)
Leaf 0 contents: CONTENTS_SOLID 
Leaf 1 contents: 
viscontents (node 0 contents ^ node 1 contents): CONTENTS_SOLID 
This means that none of the brushes in leaf 0 or 1 that touches the portal has CONTENTS_SOLID 
Check for a huge brush enclosing the coordinates above that has contents CONTENTS_SOLID 
Candidate brush IDs: 


FindPortalSide: Couldn't find a good match for which brush to assign to a portal near (2560.0 5120.0 288.0)
Leaf 0 contents: 
Leaf 1 contents: CONTENTS_SOLID 
viscontents (node 0 contents ^ node 1 contents): CONTENTS_SOLID 
This means that none of the brushes in leaf 0 or 1 that touches the portal has CONTENTS_SOLID 
Check for a huge brush enclosing the coordinates above that has contents CONTENTS_SOLID 
Candidate brush IDs: 


FindPortalSide: Couldn't find a good match for which brush to assign to a portal near (3072.0 3584.0 -72.0)
Leaf 0 contents: CONTENTS_SOLID 
Leaf 1 contents: 
viscontents (node 0 contents ^ node 1 contents): CONTENTS_SOLID 
This means that none of the brushes in leaf 0 or 1 that touches the portal has CONTENTS_SOLID 
Check for a huge brush enclosing the coordinates above that has contents CONTENTS_SOLID 
Candidate brush IDs: 


FindPortalSide: Couldn't find a good match for which brush to assign to a portal near (3072.0 3584.0 328.0)
Leaf 0 contents: CONTENTS_SOLID 
Leaf 1 contents: 
viscontents (node 0 contents ^ node 1 contents): CONTENTS_SOLID 
This means that none of the brushes in leaf 0 or 1 that touches the portal has CONTENTS_SOLID 
Check for a huge brush enclosing the coordinates above that has contents CONTENTS_SOLID 
Candidate brush IDs: 

*** Suppressing further FindPortalSide errors.... ***
Processing areas...done (0)
Building Faces...done (0)
FixTjuncs...
PruneNodes...
WriteBSP...
done (0)
Creating default LDR cubemaps for env_cubemap using skybox materials:
   skybox/sky_day01_01*.vmt
 ! Run buildcubemaps in the engine to get the correct cube maps.
*** Error: Skybox vtf files for skybox/sky_day01_01 weren't compiled with the same size texture and/or same flags!
Can't load skybox file skybox/sky_day01_01 to build the default cubemap!
Finding displacement neighbors...
Finding lightmap sample positions...
Displacement Alpha : 0...1...2...3...4...5...6...7...8...9...10
Building Physics collision data...
done (0) (2930 bytes)
Placing detail props : 0...1...2...3...4...5...6...7...8...9...10
Compacting texture/material tables...
Reduced 14 texinfos to 14
Reduced 1 texdatas to 1 (13 bytes to 13)
Writing D:\vmf\4czersk.bsp
0 seconds elapsed



materialPath: D:\Programy\Steam\steamapps\common\GarrysMod\garrysmod\materials
Loading D:\vmf\4czersk.vmf
fixing up env_cubemap materials on brush sides...
0...1...2...3...4...5...6...7...8...9...100...1...2...3...4...5...6...7...8...9...10Processing areas...done (0)
Building Faces...done (0)
FixTjuncs...
PruneNodes...
WriteBSP...
done (0)
writing D:\vmf\4czersk.prt...
Building visibility clusters...
done (0)
Creating default LDR cubemaps for env_cubemap using skybox materials:
   skybox/sky_day01_01*.vmt
 ! Run buildcubemaps in the engine to get the correct cube maps.
*** Error: Skybox vtf files for skybox/sky_day01_01 weren't compiled with the same size texture and/or same flags!
Can't load skybox file skybox/sky_day01_01 to build the default cubemap!
Finding displacement neighbors...
Finding lightmap sample positions...
Displacement Alpha : 0...1...2...3...4...5...6...7...8...9...10
Building Physics collision data...
done (0) (6863 bytes)
Placing detail props : 0...1...2...3...4...5...6...7...8...9...10
Compacting texture/material tables...
Reduced 22 texinfos to 19
Reduced 2 texdatas to 2 (31 bytes to 31)
Writing D:\vmf\4czersk.bsp
0 seconds elapsed



16 threads
reading d:\vmf\4czersk.bsp
reading d:\vmf\4czersk.prt
 160 portalclusters
 365 numportals
0...1...2...3...4...5...6...7...8...9...100...1...2...3...4...5...6...7...8...9...10Optimized: 13 visible clusters (0.07%)
Total clusters visible: 17887
Average clusters visible: 111
Building PAS...
Average clusters audible: 160
visdatasize:7679  compressed from 7680
writing d:\vmf\4czersk.bsp
0 seconds elapsed



[Reading texlights from 'lights.rad']
[45 texlights parsed from 'lights.rad']

Loading d:\vmf\4czersk.bsp
PREP OK
1077 faces
1621219 square feet [233455648.00 square inches]
0 Displacements
0 Square Feet [0.00 Square Inches]
1077 patches before subdivision
66601 patches after subdivision
2 direct lights
0...1...2...3...4...5...6...7...8...9...100...1...2...3...4...5...6...7...8...9...10transfers 2579351, max 605
transfer lists:  19.7 megs
0...1...2...3...4...5...6...7...8...9...10	Bounce #1 added RGB(140439, 136102, 82202)
0...1...2...3...4...5...6...7...8...9...10	Bounce #2 added RGB(20058, 19434, 11684)
0...1...2...3...4...5...6...7...8...9...10	Bounce #3 added RGB(2658, 2576, 1552)
0...1...2...3...4...5...6...7...8...9...10	Bounce #4 added RGB(404, 392, 236)
0...1...2...3...4...5...6...7...8...9...10	Bounce #5 added RGB(60, 59, 35)
0...1...2...3...4...5...6...7...8...9...10	Bounce #6 added RGB(10, 9, 6)
0...1...2...3...4...5...6...7...8...9...10	Bounce #7 added RGB(2, 1, 1)
0...1...2...3...4...5...6...7...8...9...10	Bounce #8 added RGB(0, 0, 0)
Build Patch/Sample Hash Table(s).....Done<0.0188 sec>
0...1...2...3...4...5...6...7...8...9...10FinalLightFace Done
0 of 0 (0% of) surface lights went in leaf ambient cubes.
0...1...2...3...4...5...6...7...8...9...10Writing leaf ambient...done
Ready to Finish

Object names       Objects/Maxobjs  Memory / Maxmem  Fullness 
------------       ---------------  ---------------  -------- 
models                   1/4096           48/196608   ( 0.0%) 
brushes                 18/16384         216/196608   ( 0.1%) 
brushsides             114/163840        912/1310720  ( 0.1%) 
planes                 148/65536        2960/1310720  ( 0.2%) 
vertexes              1295/65536       15540/786432   ( 2.0%) 
nodes                  414/65536       13248/2097152  ( 0.6%) 
texinfos                19/16384        1368/1179648  ( 0.1%) 
texdata                  2/8192           64/262144   ( 0.0%) 
dispinfos                0/0               0/0        ( 0.0%) 
disp_verts               0/0               0/0        ( 0.0%) 
disp_tris                0/0               0/0        ( 0.0%) 
disp_lmsamples           0/0               0/0        ( 0.0%) 
faces                 1077/65536       60312/3670016  ( 1.6%) 
hdr faces                0/65536           0/3670016  ( 0.0%) 
origfaces               67/65536        3752/3670016  ( 0.1%) 
leaves                 416/65536       13312/2097152  ( 0.6%) 
leaffaces             1231/65536        2462/131072   ( 1.9%) 
leafbrushes            227/65536         454/131072   ( 0.3%) 
areas                    2/1024           16/8192     ( 0.2%) 
surfedges             4998/512000      19992/2048000  ( 1.0%) 
edges                 2520/256000      10080/1024000  ( 1.0%) 
LDR worldlights          2/8192          176/720896   ( 0.0%) 
HDR worldlights          0/8192            0/720896   ( 0.0%) 
leafwaterdata            0/32768           0/393216   ( 0.0%) 
waterstrips             57/32768         570/327680   ( 0.2%) 
waterverts               0/65536           0/786432   ( 0.0%) 
waterindices           744/65536        1488/131072   ( 1.1%) 
cubemapsamples           0/1024            0/16384    ( 0.0%) 
overlays                 0/8192            0/2883584  ( 0.0%) 
LDR lightdata         [variable]     1763260/0        ( 0.0%) 
HDR lightdata         [variable]           0/0        ( 0.0%) 
visdata               [variable]        7679/16777216 ( 0.0%) 
entdata               [variable]         627/393216   ( 0.2%) 
LDR ambient table      416/65536        1664/262144   ( 0.6%) 
HDR ambient table      416/65536        1664/262144   ( 0.6%) 
LDR leaf ambient      1859/65536       52052/1835008  ( 2.8%) 
HDR leaf ambient       416/65536       11648/1835008  ( 0.6%) 
occluders                0/0               0/0        ( 0.0%) 
occluder polygons        0/0               0/0        ( 0.0%) 
occluder vert ind        0/0               0/0        ( 0.0%) 
detail props          [variable]           1/12       ( 8.3%) 
static props          [variable]           1/12       ( 8.3%) 
pakfile               [variable]       24870/0        ( 0.0%) 
physics               [variable]        6863/4194304  ( 0.2%) 
physics terrain       [variable]           2/1048576  ( 0.0%) 

Level flags = 0

Total triangle count: 2580
Writing d:\vmf\4czersk.bsp
2 seconds elapsed



materialPath: D:\Programy\Steam\steamapps\common\GarrysMod\garrysmod\materials
Loading D:\vmf\4czersk.vmf
fixing up env_cubemap materials on brush sides...
0...1...2...3...4...5...6...7...8...9...100...1...2...3...4...5...6...7...8...9...10Processing areas...done (0)
Building Faces...done (0)
FixTjuncs...
PruneNodes...
WriteBSP...
done (0)
writing D:\vmf\4czersk.prt...
Building visibility clusters...
done (0)
Creating default LDR cubemaps for env_cubemap using skybox materials:
   skybox/sky_day01_01*.vmt
 ! Run buildcubemaps in the engine to get the correct cube maps.
*** Error: Skybox vtf files for skybox/sky_day01_01 weren't compiled with the same size texture and/or same flags!
Can't load skybox file skybox/sky_day01_01 to build the default cubemap!
Finding displacement neighbors...
Finding lightmap sample positions...
Displacement Alpha : 0...1...2...3...4...5...6...7...8...9...10
Building Physics collision data...
done (0) (8039 bytes)
Placing detail props : 0...1...2...3...4...5...6...7...8...9...10
Compacting texture/material tables...
Reduced 25 texinfos to 22
Reduced 2 texdatas to 2 (31 bytes to 31)
Writing D:\vmf\4czersk.bsp
0 seconds elapsed



16 threads
reading d:\vmf\4czersk.bsp
reading d:\vmf\4czersk.prt
 250 portalclusters
 582 numportals
0...1...2...3...4...5...6...7...8...9...100...1...2...3...4...5...6...7...8...9...10Optimized: 15 visible clusters (0.03%)
Total clusters visible: 48017
Average clusters visible: 192
Building PAS...
Average clusters audible: 250
visdatasize:17982  compressed from 16000
writing d:\vmf\4czersk.bsp
0 seconds elapsed



[Reading texlights from 'lights.rad']
[45 texlights parsed from 'lights.rad']

Loading d:\vmf\4czersk.bsp
PREP OK
1523 faces
2748131 square feet [395730944.00 square inches]
0 Displacements
0 Square Feet [0.00 Square Inches]
1523 patches before subdivision
88759 patches after subdivision
2 direct lights
0...1...2...3...4...5...6...7...8...9...100...1...2...3...4...5...6...7...8...9...10transfers 3682585, max 708
transfer lists:  28.1 megs
0...1...2...3...4...5...6...7...8...9...10	Bounce #1 added RGB(192978, 187001, 112693)
0...1...2...3...4...5...6...7...8...9...10	Bounce #2 added RGB(28227, 27347, 16407)
0...1...2...3...4...5...6...7...8...9...10	Bounce #3 added RGB(3799, 3681, 2213)
0...1...2...3...4...5...6...7...8...9...10	Bounce #4 added RGB(585, 567, 340)
0...1...2...3...4...5...6...7...8...9...10	Bounce #5 added RGB(88, 85, 51)
0...1...2...3...4...5...6...7...8...9...10	Bounce #6 added RGB(14, 14, 8)
0...1...2...3...4...5...6...7...8...9...10	Bounce #7 added RGB(2, 2, 1)
0...1...2...3...4...5...6...7...8...9...10	Bounce #8 added RGB(0, 0, 0)
Build Patch/Sample Hash Table(s).....Done<0.0246 sec>
0...1...2...3...4...5...6...7...8...9...10FinalLightFace Done
0 of 0 (0% of) surface lights went in leaf ambient cubes.
0...1...2...3...4...5...6...7...8...9...10Writing leaf ambient...done
Ready to Finish

Object names       Objects/Maxobjs  Memory / Maxmem  Fullness 
------------       ---------------  ---------------  -------- 
models                   1/4096           48/196608   ( 0.0%) 
brushes                 21/16384         252/196608   ( 0.1%) 
brushsides             132/163840       1056/1310720  ( 0.1%) 
planes                 172/65536        3440/1310720  ( 0.3%) 
vertexes              1795/65536       21540/786432   ( 2.7%) 
nodes                  635/65536       20320/2097152  ( 1.0%) 
texinfos                22/16384        1584/1179648  ( 0.1%) 
texdata                  2/8192           64/262144   ( 0.0%) 
dispinfos                0/0               0/0        ( 0.0%) 
disp_verts               0/0               0/0        ( 0.0%) 
disp_tris                0/0               0/0        ( 0.0%) 
disp_lmsamples           0/0               0/0        ( 0.0%) 
faces                 1523/65536       85288/3670016  ( 2.3%) 
hdr faces                0/65536           0/3670016  ( 0.0%) 
origfaces               83/65536        4648/3670016  ( 0.1%) 
leaves                 637/65536       20384/2097152  ( 1.0%) 
leaffaces             1685/65536        3370/131072   ( 2.6%) 
leafbrushes            357/65536         714/131072   ( 0.5%) 
areas                    2/1024           16/8192     ( 0.2%) 
surfedges             6954/512000      27816/2048000  ( 1.4%) 
edges                 3502/256000      14008/1024000  ( 1.4%) 
LDR worldlights          2/8192          176/720896   ( 0.0%) 
HDR worldlights          0/8192            0/720896   ( 0.0%) 
leafwaterdata            0/32768           0/393216   ( 0.0%) 
waterstrips             72/32768         720/327680   ( 0.2%) 
waterverts               0/65536           0/786432   ( 0.0%) 
waterindices           921/65536        1842/131072   ( 1.4%) 
cubemapsamples           0/1024            0/16384    ( 0.0%) 
overlays                 0/8192            0/2883584  ( 0.0%) 
LDR lightdata         [variable]     2366060/0        ( 0.0%) 
HDR lightdata         [variable]           0/0        ( 0.0%) 
visdata               [variable]       17982/16777216 ( 0.1%) 
entdata               [variable]         627/393216   ( 0.2%) 
LDR ambient table      637/65536        2548/262144   ( 1.0%) 
HDR ambient table      637/65536        2548/262144   ( 1.0%) 
LDR leaf ambient      2373/65536       66444/1835008  ( 3.6%) 
HDR leaf ambient       637/65536       17836/1835008  ( 1.0%) 
occluders                0/0               0/0        ( 0.0%) 
occluder polygons        0/0               0/0        ( 0.0%) 
occluder vert ind        0/0               0/0        ( 0.0%) 
detail props          [variable]           1/12       ( 8.3%) 
static props          [variable]           1/12       ( 8.3%) 
pakfile               [variable]       24870/0        ( 0.0%) 
physics               [variable]        8039/4194304  ( 0.2%) 
physics terrain       [variable]           2/1048576  ( 0.0%) 

Level flags = 0

Total triangle count: 3580
Writing d:\vmf\4czersk.bsp
4 seconds elapsed



materialPath: D:\Programy\Steam\steamapps\common\GarrysMod\garrysmod\materials
Loading D:\vmf\4czersk.vmf
fixing up env_cubemap materials on brush sides...
0...1...2...3...4...5...6...7...8...9...100...1...2...3...4...5...6...7...8...9...10Processing areas...done (0)
Building Faces...done (0)
FixTjuncs...
PruneNodes...
WriteBSP...
done (0)
writing D:\vmf\4czersk.prt...
Building visibility clusters...
done (0)
Creating default LDR cubemaps for env_cubemap using skybox materials:
   skybox/sky_day01_01*.vmt
 ! Run buildcubemaps in the engine to get the correct cube maps.
*** Error: Skybox vtf files for skybox/sky_day01_01 weren't compiled with the same size texture and/or same flags!
Can't load skybox file skybox/sky_day01_01 to build the default cubemap!
Finding displacement neighbors...
Finding lightmap sample positions...
Displacement Alpha : 0...1...2...3...4...5...6...7...8...9...10
Building Physics collision data...
done (0) (8039 bytes)
Placing detail props : 0...1...2...3...4...5...6...7...8...9...10
Compacting texture/material tables...
Reduced 25 texinfos to 22
Reduced 2 texdatas to 2 (31 bytes to 31)
Writing D:\vmf\4czersk.bsp
0 seconds elapsed



16 threads
reading d:\vmf\4czersk.bsp
reading d:\vmf\4czersk.prt
 258 portalclusters
 585 numportals
0...1...2...3...4...5...6...7...8...9...100...1...2...3...4...5...6...7...8...9...10Optimized: 2 visible clusters (0.00%)
Total clusters visible: 43902
Average clusters visible: 170
Building PAS...
Average clusters audible: 258
visdatasize:19076  compressed from 20640
writing d:\vmf\4czersk.bsp
0 seconds elapsed



[Reading texlights from 'lights.rad']
[45 texlights parsed from 'lights.rad']

Loading d:\vmf\4czersk.bsp
PREP OK
1926 faces
3090320 square feet [445006112.00 square inches]
0 Displacements
0 Square Feet [0.00 Square Inches]
1926 patches before subdivision
115580 patches after subdivision
2 direct lights
0...1...2...3...4...5...6...7...8...9...100...1...2...3...4...5...6...7...8...9...10transfers 4678075, max 867
transfer lists:  35.7 megs
0...1...2...3...4...5...6...7...8...9...10	Bounce #1 added RGB(215900, 209216, 126140)
0...1...2...3...4...5...6...7...8...9...10	Bounce #2 added RGB(31288, 30312, 18183)
0...1...2...3...4...5...6...7...8...9...10	Bounce #3 added RGB(4087, 3960, 2381)
0...1...2...3...4...5...6...7...8...9...10	Bounce #4 added RGB(626, 607, 364)
0...1...2...3...4...5...6...7...8...9...10	Bounce #5 added RGB(93, 90, 54)
0...1...2...3...4...5...6...7...8...9...10	Bounce #6 added RGB(15, 14, 9)
0...1...2...3...4...5...6...7...8...9...10	Bounce #7 added RGB(2, 2, 1)
0...1...2...3...4...5...6...7...8...9...10	Bounce #8 added RGB(0, 0, 0)
Build Patch/Sample Hash Table(s).....Done<0.0348 sec>
0...1...2...3...4...5...6...7...8...9...10FinalLightFace Done
0 of 0 (0% of) surface lights went in leaf ambient cubes.
0...1...2...3...4...5...6...7...8...9...10Writing leaf ambient...done
Ready to Finish

Object names       Objects/Maxobjs  Memory / Maxmem  Fullness 
------------       ---------------  ---------------  -------- 
models                   1/4096           48/196608   ( 0.0%) 
brushes                 21/16384         252/196608   ( 0.1%) 
brushsides             132/163840       1056/1310720  ( 0.1%) 
planes                 170/65536        3400/1310720  ( 0.3%) 
vertexes              2216/65536       26592/786432   ( 3.4%) 
nodes                  661/65536       21152/2097152  ( 1.0%) 
texinfos                22/16384        1584/1179648  ( 0.1%) 
texdata                  2/8192           64/262144   ( 0.0%) 
dispinfos                0/0               0/0        ( 0.0%) 
disp_verts               0/0               0/0        ( 0.0%) 
disp_tris                0/0               0/0        ( 0.0%) 
disp_lmsamples           0/0               0/0        ( 0.0%) 
faces                 1926/65536      107856/3670016  ( 2.9%) 
hdr faces                0/65536           0/3670016  ( 0.0%) 
origfaces               81/65536        4536/3670016  ( 0.1%) 
leaves                 663/65536       21216/2097152  ( 1.0%) 
leaffaces             2055/65536        4110/131072   ( 3.1%) 
leafbrushes            375/65536         750/131072   ( 0.6%) 
areas                    2/1024           16/8192     ( 0.2%) 
surfedges             8594/512000      34376/2048000  ( 1.7%) 
edges                 4326/256000      17304/1024000  ( 1.7%) 
LDR worldlights          2/8192          176/720896   ( 0.0%) 
HDR worldlights          0/8192            0/720896   ( 0.0%) 
leafwaterdata            0/32768           0/393216   ( 0.0%) 
waterstrips             78/32768         780/327680   ( 0.2%) 
waterverts               0/65536           0/786432   ( 0.0%) 
waterindices           981/65536        1962/131072   ( 1.5%) 
cubemapsamples           0/1024            0/16384    ( 0.0%) 
overlays                 0/8192            0/2883584  ( 0.0%) 
LDR lightdata         [variable]     3244140/0        ( 0.0%) 
HDR lightdata         [variable]           0/0        ( 0.0%) 
visdata               [variable]       19076/16777216 ( 0.1%) 
entdata               [variable]         627/393216   ( 0.2%) 
LDR ambient table      663/65536        2652/262144   ( 1.0%) 
HDR ambient table      663/65536        2652/262144   ( 1.0%) 
LDR leaf ambient      2546/65536       71288/1835008  ( 3.9%) 
HDR leaf ambient       663/65536       18564/1835008  ( 1.0%) 
occluders                0/0               0/0        ( 0.0%) 
occluder polygons        0/0               0/0        ( 0.0%) 
occluder vert ind        0/0               0/0        ( 0.0%) 
detail props          [variable]           1/12       ( 8.3%) 
static props          [variable]           1/12       ( 8.3%) 
pakfile               [variable]       24870/0        ( 0.0%) 
physics               [variable]        8039/4194304  ( 0.2%) 
physics terrain       [variable]           2/1048576  ( 0.0%) 

Level flags = 0

Total triangle count: 4422
Writing d:\vmf\4czersk.bsp
4 seconds elapsed



materialPath: D:\Programy\Steam\steamapps\common\GarrysMod\garrysmod\materials
Loading D:\vmf\4czersk.vmf
fixing up env_cubemap materials on brush sides...
0...1...2...3...4...5...6...7...8...9...100...1...2...3...4...5...6...7...8...9...10Processing areas...done (0)
Building Faces...done (0)
FixTjuncs...
PruneNodes...
WriteBSP...
done (0)
writing D:\vmf\4czersk.prt...
Building visibility clusters...
done (0)
Creating default LDR cubemaps for env_cubemap using skybox materials:
   skybox/sky_day01_01*.vmt
 ! Run buildcubemaps in the engine to get the correct cube maps.
*** Error: Skybox vtf files for skybox/sky_day01_01 weren't compiled with the same size texture and/or same flags!
Can't load skybox file skybox/sky_day01_01 to build the default cubemap!
Finding displacement neighbors...
Finding lightmap sample positions...
Displacement Alpha : 0...1...2...3...4...5...6...7...8...9...10
Building Physics collision data...
done (0) (10895 bytes)
Placing detail props : 0...1...2...3...4...5...6...7...8...9...10
Compacting texture/material tables...
Reduced 25 texinfos to 22
Reduced 2 texdatas to 2 (31 bytes to 31)
Writing D:\vmf\4czersk.bsp
0 seconds elapsed



16 threads
reading d:\vmf\4czersk.bsp
reading d:\vmf\4czersk.prt
 258 portalclusters
 585 numportals
0...1...2...3...4...5...6...7...8...9...100...1...2...3...4...5...6...7...8...9...10Optimized: 2 visible clusters (0.00%)
Total clusters visible: 43902
Average clusters visible: 170
Building PAS...
Average clusters audible: 258
visdatasize:19076  compressed from 20640
writing d:\vmf\4czersk.bsp
0 seconds elapsed



[Reading texlights from 'lights.rad']
[45 texlights parsed from 'lights.rad']

Loading d:\vmf\4czersk.bsp
PREP OK
1925 faces
3090320 square feet [445006112.00 square inches]
0 Displacements
0 Square Feet [0.00 Square Inches]
1925 patches before subdivision
115673 patches after subdivision
2 direct lights
0...1...2...3...4...5...6...7...8...9...100...1...2...3...4...5...6...7...8...9...10transfers 4679900, max 867
transfer lists:  35.7 megs
0...1...2...3...4...5...6...7...8...9...10	Bounce #1 added RGB(216001, 209314, 126201)
0...1...2...3...4...5...6...7...8...9...10	Bounce #2 added RGB(31324, 30347, 18203)
0...1...2...3...4...5...6...7...8...9...10	Bounce #3 added RGB(4090, 3962, 2382)
0...1...2...3...4...5...6...7...8...9...10	Bounce #4 added RGB(627, 607, 364)
0...1...2...3...4...5...6...7...8...9...10	Bounce #5 added RGB(93, 90, 54)
0...1...2...3...4...5...6...7...8...9...10	Bounce #6 added RGB(15, 14, 9)
0...1...2...3...4...5...6...7...8...9...10	Bounce #7 added RGB(2, 2, 1)
0...1...2...3...4...5...6...7...8...9...10	Bounce #8 added RGB(0, 0, 0)
Build Patch/Sample Hash Table(s).....Done<0.0341 sec>
0...1...2...3...4...5...6...7...8...9...10FinalLightFace Done
0 of 0 (0% of) surface lights went in leaf ambient cubes.
0...1...2...3...4...5...6...7...8...9...10Writing leaf ambient...done
Ready to Finish

Object names       Objects/Maxobjs  Memory / Maxmem  Fullness 
------------       ---------------  ---------------  -------- 
models                   1/4096           48/196608   ( 0.0%) 
brushes                 30/16384         360/196608   ( 0.2%) 
brushsides             186/163840       1488/1310720  ( 0.1%) 
planes                 180/65536        3600/1310720  ( 0.3%) 
vertexes              2240/65536       26880/786432   ( 3.4%) 
nodes                  661/65536       21152/2097152  ( 1.0%) 
texinfos                22/16384        1584/1179648  ( 0.1%) 
texdata                  2/8192           64/262144   ( 0.0%) 
dispinfos                0/0               0/0        ( 0.0%) 
disp_verts               0/0               0/0        ( 0.0%) 
disp_tris                0/0               0/0        ( 0.0%) 
disp_lmsamples           0/0               0/0        ( 0.0%) 
faces                 1925/65536      107800/3670016  ( 2.9%) 
hdr faces                0/65536           0/3670016  ( 0.0%) 
origfaces               94/65536        5264/3670016  ( 0.1%) 
leaves                 663/65536       21216/2097152  ( 1.0%) 
leaffaces             2066/65536        4132/131072   ( 3.2%) 
leafbrushes            421/65536         842/131072   ( 0.6%) 
areas                    2/1024           16/8192     ( 0.2%) 
surfedges             8644/512000      34576/2048000  ( 1.7%) 
edges                 4365/256000      17460/1024000  ( 1.7%) 
LDR worldlights          2/8192          176/720896   ( 0.0%) 
HDR worldlights          0/8192            0/720896   ( 0.0%) 
leafwaterdata            0/32768           0/393216   ( 0.0%) 
waterstrips             76/32768         760/327680   ( 0.2%) 
waterverts               0/65536           0/786432   ( 0.0%) 
waterindices           957/65536        1914/131072   ( 1.5%) 
cubemapsamples           0/1024            0/16384    ( 0.0%) 
overlays                 0/8192            0/2883584  ( 0.0%) 
LDR lightdata         [variable]     3243964/0        ( 0.0%) 
HDR lightdata         [variable]           0/0        ( 0.0%) 
visdata               [variable]       19076/16777216 ( 0.1%) 
entdata               [variable]         627/393216   ( 0.2%) 
LDR ambient table      663/65536        2652/262144   ( 1.0%) 
HDR ambient table      663/65536        2652/262144   ( 1.0%) 
LDR leaf ambient      2543/65536       71204/1835008  ( 3.9%) 
HDR leaf ambient       663/65536       18564/1835008  ( 1.0%) 
occluders                0/0               0/0        ( 0.0%) 
occluder polygons        0/0               0/0        ( 0.0%) 
occluder vert ind        0/0               0/0        ( 0.0%) 
detail props          [variable]           1/12       ( 8.3%) 
static props          [variable]           1/12       ( 8.3%) 
pakfile               [variable]       24870/0        ( 0.0%) 
physics               [variable]       10895/4194304  ( 0.3%) 
physics terrain       [variable]           2/1048576  ( 0.0%) 

Level flags = 0

Total triangle count: 4422
Writing d:\vmf\4czersk.bsp
4 seconds elapsed



materialPath: D:\Programy\Steam\steamapps\common\GarrysMod\garrysmod\materials
Loading D:\vmf\4czersk.vmf
fixing up env_cubemap materials on brush sides...
0...1...2...3...4...5...6...7...8...9...100...1...2...3...4...5...6...7...8...9...10Processing areas...done (0)
Building Faces...done (0)
FixTjuncs...
PruneNodes...
WriteBSP...
done (0)
writing D:\vmf\4czersk.prt...
Building visibility clusters...
done (0)
Creating default LDR cubemaps for env_cubemap using skybox materials:
   skybox/sky_day01_01*.vmt
 ! Run buildcubemaps in the engine to get the correct cube maps.
*** Error: Skybox vtf files for skybox/sky_day01_01 weren't compiled with the same size texture and/or same flags!
Can't load skybox file skybox/sky_day01_01 to build the default cubemap!
Finding displacement neighbors...
Finding lightmap sample positions...
Displacement Alpha : 0...1...2...3...4...5...6...7...8...9...10
Building Physics collision data...
done (0) (30798 bytes)
Placing detail props : 0...1...2...3...4...5...6...7...8...9...10
Compacting texture/material tables...
Reduced 72 texinfos to 50
Reduced 9 texdatas to 9 (254 bytes to 254)
Writing D:\vmf\4czersk.bsp
0 seconds elapsed



16 threads
reading d:\vmf\4czersk.bsp
reading d:\vmf\4czersk.prt
 266 portalclusters
 602 numportals
0...1...2...3...4...5...6...7...8...9...100...1...2...3...4...5...6...7...8...9...10Optimized: 2 visible clusters (0.00%)
Total clusters visible: 46210
Average clusters visible: 173
Building PAS...
Average clusters audible: 266
visdatasize:20197  compressed from 21280
writing d:\vmf\4czersk.bsp
0 seconds elapsed



[Reading texlights from 'lights.rad']
[45 texlights parsed from 'lights.rad']

Loading d:\vmf\4czersk.bsp
PREP OK
2082 faces
3090655 square feet [445054304.00 square inches]
0 Displacements
0 Square Feet [0.00 Square Inches]
2082 patches before subdivision
121672 patches after subdivision
2 direct lights
0...1...2...3...4...5...6...7...8...9...100...1...2...3...4...5...6...7...8...9...10transfers 5266265, max 896
transfer lists:  40.2 megs
0...1...2...3...4...5...6...7...8...9...10	Bounce #1 added RGB(146697, 136963, 67540)
0...1...2...3...4...5...6...7...8...9...10	Bounce #2 added RGB(17929, 15856, 5887)
0...1...2...3...4...5...6...7...8...9...10	Bounce #3 added RGB(1977, 1612, 479)
0...1...2...3...4...5...6...7...8...9...10	Bounce #4 added RGB(280, 207, 47)
0...1...2...3...4...5...6...7...8...9...10	Bounce #5 added RGB(41, 27, 5)
0...1...2...3...4...5...6...7...8...9...10	Bounce #6 added RGB(7, 4, 0)
0...1...2...3...4...5...6...7...8...9...10	Bounce #7 added RGB(1, 1, 0)
0...1...2...3...4...5...6...7...8...9...10	Bounce #8 added RGB(0, 0, 0)
Build Patch/Sample Hash Table(s).....Done<0.0347 sec>
0...1...2...3...4...5...6...7...8...9...10FinalLightFace Done
0 of 0 (0% of) surface lights went in leaf ambient cubes.
0...1...2...3...4...5...6...7...8...9...10Writing leaf ambient...done
Ready to Finish

Object names       Objects/Maxobjs  Memory / Maxmem  Fullness 
------------       ---------------  ---------------  -------- 
models                   1/4096           48/196608   ( 0.0%) 
brushes                 91/16384        1092/196608   ( 0.6%) 
brushsides             552/163840       4416/1310720  ( 0.3%) 
planes                 226/65536        4520/1310720  ( 0.3%) 
vertexes              2474/65536       29688/786432   ( 3.8%) 
nodes                  680/65536       21760/2097152  ( 1.0%) 
texinfos                50/16384        3600/1179648  ( 0.3%) 
texdata                  9/8192          288/262144   ( 0.1%) 
dispinfos                0/0               0/0        ( 0.0%) 
disp_verts               0/0               0/0        ( 0.0%) 
disp_tris                0/0               0/0        ( 0.0%) 
disp_lmsamples           0/0               0/0        ( 0.0%) 
faces                 2082/65536      116592/3670016  ( 3.2%) 
hdr faces                0/65536           0/3670016  ( 0.0%) 
origfaces              162/65536        9072/3670016  ( 0.2%) 
leaves                 682/65536       21824/2097152  ( 1.0%) 
leaffaces             2247/65536        4494/131072   ( 3.4%) 
leafbrushes            493/65536         986/131072   ( 0.8%) 
areas                    2/1024           16/8192     ( 0.2%) 
surfedges             9602/512000      38408/2048000  ( 1.9%) 
edges                 4918/256000      19672/1024000  ( 1.9%) 
LDR worldlights          2/8192          176/720896   ( 0.0%) 
HDR worldlights          0/8192            0/720896   ( 0.0%) 
leafwaterdata            0/32768           0/393216   ( 0.0%) 
waterstrips             81/32768         810/327680   ( 0.2%) 
waterverts               0/65536           0/786432   ( 0.0%) 
waterindices          1026/65536        2052/131072   ( 1.6%) 
cubemapsamples           0/1024            0/16384    ( 0.0%) 
overlays                 0/8192            0/2883584  ( 0.0%) 
LDR lightdata         [variable]     6444200/0        ( 0.0%) 
HDR lightdata         [variable]           0/0        ( 0.0%) 
visdata               [variable]       20197/16777216 ( 0.1%) 
entdata               [variable]         627/393216   ( 0.2%) 
LDR ambient table      682/65536        2728/262144   ( 1.0%) 
HDR ambient table      682/65536        2728/262144   ( 1.0%) 
LDR leaf ambient      2802/65536       78456/1835008  ( 4.3%) 
HDR leaf ambient       682/65536       19096/1835008  ( 1.0%) 
occluders                0/0               0/0        ( 0.0%) 
occluder polygons        0/0               0/0        ( 0.0%) 
occluder vert ind        0/0               0/0        ( 0.0%) 
detail props          [variable]           1/12       ( 8.3%) 
static props          [variable]           1/12       ( 8.3%) 
pakfile               [variable]       24870/0        ( 0.0%) 
physics               [variable]       30798/4194304  ( 0.7%) 
physics terrain       [variable]           2/1048576  ( 0.0%) 

Level flags = 0

Total triangle count: 4794
Writing d:\vmf\4czersk.bsp
5 seconds elapsed



materialPath: D:\Programy\Steam\steamapps\common\GarrysMod\garrysmod\materials
Loading D:\vmf\4czersk.vmf
fixing up env_cubemap materials on brush sides...
0...1...2...3...4...5...6...7...8...9...100...1...2...3...4...5...6...7...8...9...10Processing areas...done (0)
Building Faces...done (0)
FixTjuncs...
PruneNodes...
WriteBSP...
done (0)
writing D:\vmf\4czersk.prt...
Building visibility clusters...
done (0)
Creating default LDR cubemaps for env_cubemap using skybox materials:
   skybox/sky_day01_01*.vmt
 ! Run buildcubemaps in the engine to get the correct cube maps.
*** Error: Skybox vtf files for skybox/sky_day01_01 weren't compiled with the same size texture and/or same flags!
Can't load skybox file skybox/sky_day01_01 to build the default cubemap!
Finding displacement neighbors...
Finding lightmap sample positions...
Displacement Alpha : 0...1...2...3...4...5...6...7...8...9...10
Building Physics collision data...
done (0) (33958 bytes)
Placing detail props : 0...1...2...3...4...5...6...7...8...9...10
Compacting texture/material tables...
Reduced 76 texinfos to 50
Reduced 10 texdatas to 9 (294 bytes to 253)
Writing D:\vmf\4czersk.bsp
0 seconds elapsed



16 threads
reading d:\vmf\4czersk.bsp
reading d:\vmf\4czersk.prt
 269 portalclusters
 615 numportals
0...1...2...3...4...5...6...7...8...9...100...1...2...3...4...5...6...7...8...9...10Optimized: 2 visible clusters (0.00%)
Total clusters visible: 46085
Average clusters visible: 171
Building PAS...
Average clusters audible: 269
visdatasize:20434  compressed from 21520
writing d:\vmf\4czersk.bsp
0 seconds elapsed



[Reading texlights from 'lights.rad']
[45 texlights parsed from 'lights.rad']

Loading d:\vmf\4czersk.bsp
PREP OK
2086 faces
3090632 square feet [445051104.00 square inches]
0 Displacements
0 Square Feet [0.00 Square Inches]
2086 patches before subdivision
120932 patches after subdivision
2 direct lights
0...1...2...3...4...5...6...7...8...9...100...1...2...3...4...5...6...7...8...9...10transfers 5197171, max 896
transfer lists:  39.7 megs
0...1...2...3...4...5...6...7...8...9...10	Bounce #1 added RGB(146475, 137309, 67545)
0...1...2...3...4...5...6...7...8...9...10	Bounce #2 added RGB(17635, 15795, 5898)
0...1...2...3...4...5...6...7...8...9...10	Bounce #3 added RGB(2006, 1678, 501)
0...1...2...3...4...5...6...7...8...9...10	Bounce #4 added RGB(279, 216, 50)
0...1...2...3...4...5...6...7...8...9...10	Bounce #5 added RGB(42, 29, 5)
0...1...2...3...4...5...6...7...8...9...10	Bounce #6 added RGB(7, 4, 1)
0...1...2...3...4...5...6...7...8...9...10	Bounce #7 added RGB(1, 1, 0)
0...1...2...3...4...5...6...7...8...9...10	Bounce #8 added RGB(0, 0, 0)
Build Patch/Sample Hash Table(s).....Done<0.0424 sec>
0...1...2...3...4...5...6...7...8...9...10FinalLightFace Done
0 of 0 (0% of) surface lights went in leaf ambient cubes.
0...1...2...3...4...5...6...7...8...9...10Writing leaf ambient...done
Ready to Finish

Object names       Objects/Maxobjs  Memory / Maxmem  Fullness 
------------       ---------------  ---------------  -------- 
models                   1/4096           48/196608   ( 0.0%) 
brushes                100/16384        1200/196608   ( 0.6%) 
brushsides             606/163840       4848/1310720  ( 0.4%) 
planes                 244/65536        4880/1310720  ( 0.4%) 
vertexes              2494/65536       29928/786432   ( 3.8%) 
nodes                  684/65536       21888/2097152  ( 1.0%) 
texinfos                50/16384        3600/1179648  ( 0.3%) 
texdata                  9/8192          288/262144   ( 0.1%) 
dispinfos                0/0               0/0        ( 0.0%) 
disp_verts               0/0               0/0        ( 0.0%) 
disp_tris                0/0               0/0        ( 0.0%) 
disp_lmsamples           0/0               0/0        ( 0.0%) 
faces                 2086/65536      116816/3670016  ( 3.2%) 
hdr faces                0/65536           0/3670016  ( 0.0%) 
origfaces              162/65536        9072/3670016  ( 0.2%) 
leaves                 686/65536       21952/2097152  ( 1.0%) 
leaffaces             2253/65536        4506/131072   ( 3.4%) 
leafbrushes            503/65536        1006/131072   ( 0.8%) 
areas                    2/1024           16/8192     ( 0.2%) 
surfedges             9648/512000      38592/2048000  ( 1.9%) 
edges                 4951/256000      19804/1024000  ( 1.9%) 
LDR worldlights          2/8192          176/720896   ( 0.0%) 
HDR worldlights          0/8192            0/720896   ( 0.0%) 
leafwaterdata            0/32768           0/393216   ( 0.0%) 
waterstrips             86/32768         860/327680   ( 0.3%) 
waterverts               0/65536           0/786432   ( 0.0%) 
waterindices          1110/65536        2220/131072   ( 1.7%) 
cubemapsamples           0/1024            0/16384    ( 0.0%) 
overlays                 0/8192            0/2883584  ( 0.0%) 
LDR lightdata         [variable]     6444116/0        ( 0.0%) 
HDR lightdata         [variable]           0/0        ( 0.0%) 
visdata               [variable]       20434/16777216 ( 0.1%) 
entdata               [variable]         726/393216   ( 0.2%) 
LDR ambient table      686/65536        2744/262144   ( 1.0%) 
HDR ambient table      686/65536        2744/262144   ( 1.0%) 
LDR leaf ambient      2819/65536       78932/1835008  ( 4.3%) 
HDR leaf ambient       686/65536       19208/1835008  ( 1.0%) 
occluders                0/0               0/0        ( 0.0%) 
occluder polygons        0/0               0/0        ( 0.0%) 
occluder vert ind        0/0               0/0        ( 0.0%) 
detail props          [variable]           1/12       ( 8.3%) 
static props          [variable]           1/12       ( 8.3%) 
pakfile               [variable]       24870/0        ( 0.0%) 
physics               [variable]       33958/4194304  ( 0.8%) 
physics terrain       [variable]           2/1048576  ( 0.0%) 

Level flags = 0

Total triangle count: 4832
Writing d:\vmf\4czersk.bsp
5 seconds elapsed



materialPath: D:\Programy\Steam\steamapps\common\GarrysMod\garrysmod\materials
Loading D:\vmf\4czersk.vmf
fixing up env_cubemap materials on brush sides...
0...1...2...3...4...5...6...7...8...9...100...1...2...3...4...5...6...7...8...9...10Processing areas...done (0)
Building Faces...done (0)
FixTjuncs...
PruneNodes...
WriteBSP...
done (0)
writing D:\vmf\4czersk.prt...
Building visibility clusters...
done (0)
Creating default LDR cubemaps for env_cubemap using skybox materials:
   skybox/sky_day01_01*.vmt
 ! Run buildcubemaps in the engine to get the correct cube maps.
*** Error: Skybox vtf files for skybox/sky_day01_01 weren't compiled with the same size texture and/or same flags!
Can't load skybox file skybox/sky_day01_01 to build the default cubemap!
Finding displacement neighbors...
Finding lightmap sample positions...
Displacement Alpha : 0...1...2...3...4...5...6...7...8...9...10
Building Physics collision data...
done (0) (41910 bytes)
Placing detail props : 0...1...2...3...4...5...6...7...8...9...10
Compacting texture/material tables...
Reduced 84 texinfos to 59
Reduced 12 texdatas to 11 (317 bytes to 276)
Writing D:\vmf\4czersk.bsp
0 seconds elapsed



16 threads
reading d:\vmf\4czersk.bsp
reading d:\vmf\4czersk.prt
 289 portalclusters
 664 numportals
0...1...2...3...4...5...6...7...8...9...100...1...2...3...4...5...6...7...8...9...10Optimized: 2 visible clusters (0.00%)
Total clusters visible: 49299
Average clusters visible: 170
Building PAS...
Average clusters audible: 289
visdatasize:24024  compressed from 23120
writing d:\vmf\4czersk.bsp
0 seconds elapsed



[Reading texlights from 'lights.rad']
[45 texlights parsed from 'lights.rad']

Loading d:\vmf\4czersk.bsp
PREP OK
2187 faces
3090749 square feet [445067840.00 square inches]
0 Displacements
0 Square Feet [0.00 Square Inches]
2187 patches before subdivision
121095 patches after subdivision
2 direct lights
0...1...2...3...4...5...6...7...8...9...100...1...2...3...4...5...6...7...8...9...10transfers 5396070, max 896
transfer lists:  41.2 megs
0...1...2...3...4...5...6...7...8...9...10	Bounce #1 added RGB(147337, 138152, 67958)
0...1...2...3...4...5...6...7...8...9...10	Bounce #2 added RGB(17781, 15928, 5946)
0...1...2...3...4...5...6...7...8...9...10	Bounce #3 added RGB(2026, 1697, 507)
0...1...2...3...4...5...6...7...8...9...10	Bounce #4 added RGB(282, 220, 51)
0...1...2...3...4...5...6...7...8...9...10	Bounce #5 added RGB(42, 30, 5)
0...1...2...3...4...5...6...7...8...9...10	Bounce #6 added RGB(7, 4, 1)
0...1...2...3...4...5...6...7...8...9...10	Bounce #7 added RGB(1, 1, 0)
0...1...2...3...4...5...6...7...8...9...10	Bounce #8 added RGB(0, 0, 0)
Build Patch/Sample Hash Table(s).....Done<0.0347 sec>
0...1...2...3...4...5...6...7...8...9...10FinalLightFace Done
0 of 0 (0% of) surface lights went in leaf ambient cubes.
0...1...2...3...4...5...6...7...8...9...10Writing leaf ambient...done
Ready to Finish

Object names       Objects/Maxobjs  Memory / Maxmem  Fullness 
------------       ---------------  ---------------  -------- 
models                   1/4096           48/196608   ( 0.0%) 
brushes                122/16384        1464/196608   ( 0.7%) 
brushsides             738/163840       5904/1310720  ( 0.5%) 
planes                 286/65536        5720/1310720  ( 0.4%) 
vertexes              2642/65536       31704/786432   ( 4.0%) 
nodes                  740/65536       23680/2097152  ( 1.1%) 
texinfos                59/16384        4248/1179648  ( 0.4%) 
texdata                 11/8192          352/262144   ( 0.1%) 
dispinfos                0/0               0/0        ( 0.0%) 
disp_verts               0/0               0/0        ( 0.0%) 
disp_tris                0/0               0/0        ( 0.0%) 
disp_lmsamples           0/0               0/0        ( 0.0%) 
faces                 2187/65536      122472/3670016  ( 3.3%) 
hdr faces                0/65536           0/3670016  ( 0.0%) 
origfaces              243/65536       13608/3670016  ( 0.4%) 
leaves                 742/65536       23744/2097152  ( 1.1%) 
leaffaces             2389/65536        4778/131072   ( 3.6%) 
leafbrushes            558/65536        1116/131072   ( 0.9%) 
areas                    2/1024           16/8192     ( 0.2%) 
surfedges            10482/512000      41928/2048000  ( 2.0%) 
edges                 5451/256000      21804/1024000  ( 2.1%) 
LDR worldlights          2/8192          176/720896   ( 0.0%) 
HDR worldlights          0/8192            0/720896   ( 0.0%) 
leafwaterdata            0/32768           0/393216   ( 0.0%) 
waterstrips             92/32768         920/327680   ( 0.3%) 
waterverts               0/65536           0/786432   ( 0.0%) 
waterindices          1221/65536        2442/131072   ( 1.9%) 
cubemapsamples           0/1024            0/16384    ( 0.0%) 
overlays                 0/8192            0/2883584  ( 0.0%) 
LDR lightdata         [variable]     6448816/0        ( 0.0%) 
HDR lightdata         [variable]           0/0        ( 0.0%) 
visdata               [variable]       24024/16777216 ( 0.1%) 
entdata               [variable]         727/393216   ( 0.2%) 
LDR ambient table      742/65536        2968/262144   ( 1.1%) 
HDR ambient table      742/65536        2968/262144   ( 1.1%) 
LDR leaf ambient      2845/65536       79660/1835008  ( 4.3%) 
HDR leaf ambient       742/65536       20776/1835008  ( 1.1%) 
occluders                0/0               0/0        ( 0.0%) 
occluder polygons        0/0               0/0        ( 0.0%) 
occluder vert ind        0/0               0/0        ( 0.0%) 
detail props          [variable]           1/12       ( 8.3%) 
static props          [variable]           1/12       ( 8.3%) 
pakfile               [variable]       24870/0        ( 0.0%) 
physics               [variable]       41910/4194304  ( 1.0%) 
physics terrain       [variable]           2/1048576  ( 0.0%) 

Level flags = 0

Total triangle count: 5140
Writing d:\vmf\4czersk.bsp
4 seconds elapsed



materialPath: D:\Programy\Steam\steamapps\common\GarrysMod\garrysmod\materials
Loading D:\vmf\4czersk.vmf
fixing up env_cubemap materials on brush sides...
0...1...2...3...4...5...6...7...8...9...100...1...2...3...4...5...6...7...8...9...10Processing areas...done (0)
Building Faces...done (0)
FixTjuncs...
PruneNodes...
WriteBSP...
done (0)
writing D:\vmf\4czersk.prt...
Building visibility clusters...
done (0)
Creating default LDR cubemaps for env_cubemap using skybox materials:
   skybox/sky_day01_01*.vmt
 ! Run buildcubemaps in the engine to get the correct cube maps.
*** Error: Skybox vtf files for skybox/sky_day01_01 weren't compiled with the same size texture and/or same flags!
Can't load skybox file skybox/sky_day01_01 to build the default cubemap!
Finding displacement neighbors...
Finding lightmap sample positions...
Displacement Alpha : 0...1...2...3...4...5...6...7...8...9...10
Building Physics collision data...
done (0) (44764 bytes)
Placing detail props : 0...1...2...3...4...5...6...7...8...9...10
Compacting texture/material tables...
Reduced 84 texinfos to 59
Reduced 12 texdatas to 11 (321 bytes to 280)
Writing D:\vmf\4czersk.bsp
0 seconds elapsed



16 threads
reading d:\vmf\4czersk.bsp
reading d:\vmf\4czersk.prt
 291 portalclusters
 669 numportals
0...1...2...3...4...5...6...7...8...9...100...1...2...3...4...5...6...7...8...9...10Optimized: 8 visible clusters (0.02%)
Total clusters visible: 49565
Average clusters visible: 170
Building PAS...
Average clusters audible: 291
visdatasize:24190  compressed from 23280
writing d:\vmf\4czersk.bsp
0 seconds elapsed



[Reading texlights from 'lights.rad']
[45 texlights parsed from 'lights.rad']

Loading d:\vmf\4czersk.bsp
PREP OK
2198 faces
3092088 square feet [445260768.00 square inches]
0 Displacements
0 Square Feet [0.00 Square Inches]
2198 patches before subdivision
121490 patches after subdivision
2 direct lights
0...1...2...3...4...5...6...7...8...9...100...1...2...3...4...5...6...7...8...9...10transfers 5426961, max 896
transfer lists:  41.4 megs
0...1...2...3...4...5...6...7...8...9...10	Bounce #1 added RGB(148692, 139383, 68588)
0...1...2...3...4...5...6...7...8...9...10	Bounce #2 added RGB(18214, 16302, 6112)
0...1...2...3...4...5...6...7...8...9...10	Bounce #3 added RGB(2197, 1851, 580)
0...1...2...3...4...5...6...7...8...9...10	Bounce #4 added RGB(379, 309, 94)
0...1...2...3...4...5...6...7...8...9...10	Bounce #5 added RGB(100, 85, 32)
0...1...2...3...4...5...6...7...8...9...10	Bounce #6 added RGB(44, 39, 17)
0...1...2...3...4...5...6...7...8...9...10	Bounce #7 added RGB(25, 23, 10)
0...1...2...3...4...5...6...7...8...9...10	Bounce #8 added RGB(16, 15, 7)
0...1...2...3...4...5...6...7...8...9...10	Bounce #9 added RGB(10, 9, 4)
0...1...2...3...4...5...6...7...8...9...10	Bounce #10 added RGB(6, 6, 3)
0...1...2...3...4...5...6...7...8...9...10	Bounce #11 added RGB(4, 4, 2)
0...1...2...3...4...5...6...7...8...9...10	Bounce #12 added RGB(3, 3, 1)
0...1...2...3...4...5...6...7...8...9...10	Bounce #13 added RGB(2, 2, 1)
0...1...2...3...4...5...6...7...8...9...10	Bounce #14 added RGB(1, 1, 0)
0...1...2...3...4...5...6...7...8...9...10	Bounce #15 added RGB(1, 1, 0)
Build Patch/Sample Hash Table(s).....Done<0.0346 sec>
0...1...2...3...4...5...6...7...8...9...10FinalLightFace Done
0 of 0 (0% of) surface lights went in leaf ambient cubes.
0...1...2...3...4...5...6...7...8...9...10Writing leaf ambient...done
Ready to Finish

Object names       Objects/Maxobjs  Memory / Maxmem  Fullness 
------------       ---------------  ---------------  -------- 
models                   1/4096           48/196608   ( 0.0%) 
brushes                133/16384        1596/196608   ( 0.8%) 
brushsides             804/163840       6432/1310720  ( 0.5%) 
planes                 290/65536        5800/1310720  ( 0.4%) 
vertexes              2671/65536       32052/786432   ( 4.1%) 
nodes                  749/65536       23968/2097152  ( 1.1%) 
texinfos                59/16384        4248/1179648  ( 0.4%) 
texdata                 11/8192          352/262144   ( 0.1%) 
dispinfos                0/0               0/0        ( 0.0%) 
disp_verts               0/0               0/0        ( 0.0%) 
disp_tris                0/0               0/0        ( 0.0%) 
disp_lmsamples           0/0               0/0        ( 0.0%) 
faces                 2198/65536      123088/3670016  ( 3.4%) 
hdr faces                0/65536           0/3670016  ( 0.0%) 
origfaces              254/65536       14224/3670016  ( 0.4%) 
leaves                 751/65536       24032/2097152  ( 1.1%) 
leaffaces             2390/65536        4780/131072   ( 3.6%) 
leafbrushes            591/65536        1182/131072   ( 0.9%) 
areas                    2/1024           16/8192     ( 0.2%) 
surfedges            10576/512000      42304/2048000  ( 2.1%) 
edges                 5513/256000      22052/1024000  ( 2.2%) 
LDR worldlights          2/8192          176/720896   ( 0.0%) 
HDR worldlights          0/8192            0/720896   ( 0.0%) 
leafwaterdata            0/32768           0/393216   ( 0.0%) 
waterstrips             92/32768         920/327680   ( 0.3%) 
waterverts               0/65536           0/786432   ( 0.0%) 
waterindices          1194/65536        2388/131072   ( 1.8%) 
cubemapsamples           0/1024            0/16384    ( 0.0%) 
overlays                 0/8192            0/2883584  ( 0.0%) 
LDR lightdata         [variable]     6453392/0        ( 0.0%) 
HDR lightdata         [variable]           0/0        ( 0.0%) 
visdata               [variable]       24190/16777216 ( 0.1%) 
entdata               [variable]         727/393216   ( 0.2%) 
LDR ambient table      751/65536        3004/262144   ( 1.1%) 
HDR ambient table      751/65536        3004/262144   ( 1.1%) 
LDR leaf ambient      2923/65536       81844/1835008  ( 4.5%) 
HDR leaf ambient       751/65536       21028/1835008  ( 1.1%) 
occluders                0/0               0/0        ( 0.0%) 
occluder polygons        0/0               0/0        ( 0.0%) 
occluder vert ind        0/0               0/0        ( 0.0%) 
detail props          [variable]           1/12       ( 8.3%) 
static props          [variable]           1/12       ( 8.3%) 
pakfile               [variable]       24870/0        ( 0.0%) 
physics               [variable]       44764/4194304  ( 1.1%) 
physics terrain       [variable]           2/1048576  ( 0.0%) 

Level flags = 0

Total triangle count: 5168
Writing d:\vmf\4czersk.bsp
5 seconds elapsed



materialPath: D:\Programy\Steam\steamapps\common\GarrysMod\garrysmod\materials
Loading D:\vmf\4czersk.vmf
fixing up env_cubemap materials on brush sides...
0...1...2...3...4...5...6...7...8...9...100...1...2...3...4...5...6...7...8...9...10Processing areas...done (0)
Building Faces...done (0)
FixTjuncs...
PruneNodes...
WriteBSP...
done (0)
writing D:\vmf\4czersk.prt...
Building visibility clusters...
done (0)
Creating default LDR cubemaps for env_cubemap using skybox materials:
   skybox/sky_day01_01*.vmt
 ! Run buildcubemaps in the engine to get the correct cube maps.
*** Error: Skybox vtf files for skybox/sky_day01_01 weren't compiled with the same size texture and/or same flags!
Can't load skybox file skybox/sky_day01_01 to build the default cubemap!
Finding displacement neighbors...
Finding lightmap sample positions...
Displacement Alpha : 0...1...2...3...4...5...6...7...8...9...10
Building Physics collision data...
done (0) (135700 bytes)
Placing detail props : 0...1...2...3...4...5...6...7...8...9...10
Compacting texture/material tables...
Reduced 282 texinfos to 243
Reduced 10 texdatas to 10 (260 bytes to 260)
Writing D:\vmf\4czersk.bsp
0 seconds elapsed



16 threads
reading d:\vmf\4czersk.bsp
reading d:\vmf\4czersk.prt
 674 portalclusters
2286 numportals
0...1...2...3...4...5...6...7...8...9...100...1...2...3...4...5...6...7...8...9...


materialPath: D:\Programy\Steam\steamapps\common\GarrysMod\garrysmod\materials
Loading D:\vmf\4czersk.vmf
fixing up env_cubemap materials on brush sides...
0...1...2...3...4...5...6...7...8...9...100...1...2...3...4...5...6...7...8...9...10Processing areas...done (0)
Building Faces...done (0)
Chop Details...done (0)
Find Visible Detail Sides...
Merged 524 detail faces...done (0)
Merging details...done (0)
FixTjuncs...
PruneNodes...
WriteBSP...
done (0)
writing D:\vmf\4czersk.prt...
Building visibility clusters...
done (0)
Creating default LDR cubemaps for env_cubemap using skybox materials:
   skybox/sky_day01_01*.vmt
 ! Run buildcubemaps in the engine to get the correct cube maps.
*** Error: Skybox vtf files for skybox/sky_day01_01 weren't compiled with the same size texture and/or same flags!
Can't load skybox file skybox/sky_day01_01 to build the default cubemap!
Finding displacement neighbors...
Finding lightmap sample positions...
Displacement Alpha : 0...1...2...3...4...5...6...7...8...9...10
Building Physics collision data...
done (0) (135700 bytes)
Placing detail props : 0...1...2...3...4...5...6...7...8...9...10
Compacting texture/material tables...
Reduced 282 texinfos to 243
Reduced 10 texdatas to 10 (260 bytes to 260)
Writing D:\vmf\4czersk.bsp
0 seconds elapsed



16 threads
reading d:\vmf\4czersk.bsp
reading d:\vmf\4czersk.prt
 258 portalclusters
 585 numportals
0...1...2...3...4...5...6...7...8...9...100...1...2...3...4...5...6...7...8...9...10Optimized: 2 visible clusters (0.00%)
Total clusters visible: 43858
Average clusters visible: 169
Building PAS...
Average clusters audible: 258
visdatasize:19076  compressed from 20640
writing d:\vmf\4czersk.bsp
0 seconds elapsed



[Reading texlights from 'lights.rad']
[45 texlights parsed from 'lights.rad']

Loading d:\vmf\4czersk.bsp
PREP OK
3354 faces
3091778 square feet [445216064.00 square inches]
0 Displacements
0 Square Feet [0.00 Square Inches]
3354 patches before subdivision
120538 patches after subdivision
2 direct lights
0...1...2...3...4...5...6...7...8...9...100...1...2...3...4...5...6...7...8...9...10transfers 7564135, max 1266
transfer lists:  57.7 megs
0...1...2...3...4...5...6...7...8...9...10	Bounce #1 added RGB(167175, 154820, 74533)
0...1...2...3...4...5...6...7...8...9...10	Bounce #2 added RGB(20636, 18232, 6750)
0...1...2...3...4...5...6...7...8...9...10	Bounce #3 added RGB(4402, 3373, 882)
0...1...2...3...4...5...6...7...8...9...10	Bounce #4 added RGB(640, 463, 100)
0...1...2...3...4...5...6...7...8...9...10	Bounce #5 added RGB(450, 273, 37)
0...1...2...3...4...5...6...7...8...9...10	Bounce #6 added RGB(69, 41, 5)
0...1...2...3...4...5...6...7...8...9...10	Bounce #7 added RGB(80, 41, 3)
0...1...2...3...4...5...6...7...8...9...10	Bounce #8 added RGB(12, 6, 0)
0...1...2...3...4...5...6...7...8...9...10	Bounce #9 added RGB(17, 7, 0)
0...1...2...3...4...5...6...7...8...9...10	Bounce #10 added RGB(3, 1, 0)
0...1...2...3...4...5...6...7...8...9...10	Bounce #11 added RGB(4, 1, 0)
0...1...2...3...4...5...6...7...8...9...10	Bounce #12 added RGB(1, 0, 0)
Build Patch/Sample Hash Table(s).....Done<0.0346 sec>
0...1...2...3...4...5...6...7...8...9...10FinalLightFace Done
0 of 0 (0% of) surface lights went in leaf ambient cubes.
0...1...2...3...4...5...6...7...8...9...10Writing leaf ambient...done
Ready to Finish

Object names       Objects/Maxobjs  Memory / Maxmem  Fullness 
------------       ---------------  ---------------  -------- 
models                   1/4096           48/196608   ( 0.0%) 
brushes                374/16384        4488/196608   ( 2.3%) 
brushsides            2250/163840      18000/1310720  ( 1.4%) 
planes                 818/65536       16360/1310720  ( 1.2%) 
vertexes              4581/65536       54972/786432   ( 7.0%) 
nodes                  661/65536       21152/2097152  ( 1.0%) 
texinfos               243/16384       17496/1179648  ( 1.5%) 
texdata                 10/8192          320/262144   ( 0.1%) 
dispinfos                0/0               0/0        ( 0.0%) 
disp_verts               0/0               0/0        ( 0.0%) 
disp_tris                0/0               0/0        ( 0.0%) 
disp_lmsamples           0/0               0/0        ( 0.0%) 
faces                 3354/65536      187824/3670016  ( 5.1%) 
hdr faces                0/65536           0/3670016  ( 0.0%) 
origfaces             1432/65536       80192/3670016  ( 2.2%) 
leaves                 663/65536       21216/2097152  ( 1.0%) 
leaffaces             3508/65536        7016/131072   ( 5.4%) 
leafbrushes            765/65536        1530/131072   ( 1.2%) 
areas                    2/1024           16/8192     ( 0.2%) 
surfedges            21330/512000      85320/2048000  ( 4.2%) 
edges                12004/256000      48016/1024000  ( 4.7%) 
LDR worldlights          2/8192          176/720896   ( 0.0%) 
HDR worldlights          0/8192            0/720896   ( 0.0%) 
leafwaterdata            0/32768           0/393216   ( 0.0%) 
waterstrips            291/32768        2910/327680   ( 0.9%) 
waterverts               0/65536           0/786432   ( 0.0%) 
waterindices          5289/65536       10578/131072   ( 8.1%) 
cubemapsamples           0/1024            0/16384    ( 0.0%) 
overlays                 0/8192            0/2883584  ( 0.0%) 
LDR lightdata         [variable]     6493808/0        ( 0.0%) 
HDR lightdata         [variable]           0/0        ( 0.0%) 
visdata               [variable]       19076/16777216 ( 0.1%) 
entdata               [variable]         721/393216   ( 0.2%) 
LDR ambient table      663/65536        2652/262144   ( 1.0%) 
HDR ambient table      663/65536        2652/262144   ( 1.0%) 
LDR leaf ambient      2705/65536       75740/1835008  ( 4.1%) 
HDR leaf ambient       663/65536       18564/1835008  ( 1.0%) 
occluders                0/0               0/0        ( 0.0%) 
occluder polygons        0/0               0/0        ( 0.0%) 
occluder vert ind        0/0               0/0        ( 0.0%) 
detail props          [variable]           1/12       ( 8.3%) 
static props          [variable]           1/12       ( 8.3%) 
pakfile               [variable]       24870/0        ( 0.0%) 
physics               [variable]      135700/4194304  ( 3.2%) 
physics terrain       [variable]           2/1048576  ( 0.0%) 

Level flags = 0

Total triangle count: 8898
Writing d:\vmf\4czersk.bsp
5 seconds elapsed
