PRT1
258
585
4 0 2 (6656 6144 -128 ) (6656 6144 1856 ) (6144 6144 1856 ) (6144 6144 -128 ) 
4 0 1 (6144 6144 -128 ) (6144 6144 1856 ) (6144 6464 1856 ) (6144 6464 -128 ) 
4 1 5 (5120 6144 -128 ) (5120 6144 1856 ) (5120 6464 1856 ) (5120 6464 -128 ) 
4 1 4 (6144 6144 -128 ) (6144 6144 -64 ) (5120 6144 -64 ) (5120 6144 -128 ) 
4 1 3 (6144 6144 0 ) (6144 6144 1856 ) (5120 6144 1856 ) (5120 6144 0 ) 
4 2 14 (6656 5120 -128 ) (6656 5120 1856 ) (6144 5120 1856 ) (6144 5120 -128 ) 
4 2 4 (6144 6144 -64 ) (6144 6144 -128 ) (6144 5120 -128 ) (6144 5120 -64 ) 
4 2 3 (6144 6144 1856 ) (6144 6144 0 ) (6144 5120 0 ) (6144 5120 1856 ) 
4 3 15 (6144 5120 0 ) (6144 5120 1856 ) (5120 5120 1856 ) (5120 5120 0 ) 
4 3 6 (5120 5120 0 ) (5120 5120 1856 ) (5120 6144 1856 ) (5120 6144 0 ) 
4 4 16 (6144 5120 -128 ) (6144 5120 -64 ) (5120 5120 -64 ) (5120 5120 -128 ) 
4 4 7 (5120 5120 -128 ) (5120 5120 -64 ) (5120 6144 -64 ) (5120 6144 -128 ) 
4 5 8 (4096 6144 -128 ) (4096 6144 1856 ) (4096 6464 1856 ) (4096 6464 -128 ) 
4 5 7 (5120 6144 -128 ) (5120 6144 -64 ) (4096 6144 -64 ) (4096 6144 -128 ) 
4 5 6 (5120 6144 0 ) (5120 6144 1856 ) (4096 6144 1856 ) (4096 6144 0 ) 
4 6 23 (5120 5120 0 ) (5120 5120 1856 ) (4096 5120 1856 ) (4096 5120 0 ) 
4 6 10 (4096 5120 0 ) (4096 5120 1856 ) (4096 6144 1856 ) (4096 6144 0 ) 
4 7 24 (5120 5120 -128 ) (5120 5120 -64 ) (4096 5120 -64 ) (4096 5120 -128 ) 
4 7 11 (4096 5120 -128 ) (4096 5120 -64 ) (4096 6144 -64 ) (4096 6144 -128 ) 
4 8 11 (4096 6144 -128 ) (4096 6144 -64 ) (3072 6144 -64 ) (3072 6144 -128 ) 
4 8 10 (4096 6144 0 ) (4096 6144 1856 ) (3072 6144 1856 ) (3072 6144 0 ) 
4 8 9 (3072 6144 -128 ) (3072 6144 1856 ) (3072 6464 1856 ) (3072 6464 -128 ) 
4 9 103 (2048 6144 -128 ) (2048 6144 1856 ) (2048 6464 1856 ) (2048 6464 -128 ) 
4 9 13 (2048 6144 -64 ) (2048 6144 -128 ) (3072 6144 -128 ) (3072 6144 -64 ) 
4 9 12 (2048 6144 1856 ) (2048 6144 0 ) (3072 6144 0 ) (3072 6144 1856 ) 
4 10 27 (3520 5120 704 ) (3072 5120 704 ) (3072 5120 0 ) (3520 5120 0 ) 
4 10 26 (4096 5120 0 ) (4096 5120 704 ) (3520 5120 704 ) (3520 5120 0 ) 
4 10 25 (4096 5120 704 ) (4096 5120 1856 ) (3072 5120 1856 ) (3072 5120 704 ) 
4 10 12 (3072 6144 1856 ) (3072 6144 0 ) (3072 5120 0 ) (3072 5120 1856 ) 
4 11 28 (4096 5120 -128 ) (4096 5120 -64 ) (3072 5120 -64 ) (3072 5120 -128 ) 
4 11 13 (3072 6144 -64 ) (3072 6144 -128 ) (3072 5120 -128 ) (3072 5120 -64 ) 
4 12 104 (2048 5120 0 ) (2048 5120 1856 ) (2048 6144 1856 ) (2048 6144 0 ) 
4 12 30 (3008 5120 0 ) (3072 5120 0 ) (3072 5120 704 ) (3008 5120 704 ) 
4 12 31 (2048 5120 704 ) (2048 5120 0 ) (3008 5120 0 ) (3008 5120 704 ) 
4 12 29 (2048 5120 1856 ) (2048 5120 704 ) (3072 5120 704 ) (3072 5120 1856 ) 
4 13 105 (2048 5120 -128 ) (2048 5120 -64 ) (2048 6144 -64 ) (2048 6144 -128 ) 
4 13 32 (2048 5120 -64 ) (2048 5120 -128 ) (3072 5120 -128 ) (3072 5120 -64 ) 
4 14 17 (6656 4096 -128 ) (6656 4096 1856 ) (6144 4096 1856 ) (6144 4096 -128 ) 
4 14 16 (6144 4096 -128 ) (6144 4096 -64 ) (6144 5120 -64 ) (6144 5120 -128 ) 
4 14 15 (6144 4096 0 ) (6144 4096 1856 ) (6144 5120 1856 ) (6144 5120 0 ) 
4 15 23 (5120 5120 1856 ) (5120 5120 0 ) (5120 4096 0 ) (5120 4096 1856 ) 
4 15 18 (6144 4096 0 ) (6144 4096 1856 ) (5120 4096 1856 ) (5120 4096 0 ) 
4 16 24 (5120 5120 -64 ) (5120 5120 -128 ) (5120 4096 -128 ) (5120 4096 -64 ) 
4 16 19 (6144 4096 -128 ) (6144 4096 -64 ) (5120 4096 -64 ) (5120 4096 -128 ) 
4 17 20 (6656 3072 -128 ) (6656 3072 1856 ) (6144 3072 1856 ) (6144 3072 -128 ) 
4 17 19 (6144 4096 -64 ) (6144 4096 -128 ) (6144 3072 -128 ) (6144 3072 -64 ) 
4 17 18 (6144 4096 1856 ) (6144 4096 0 ) (6144 3072 0 ) (6144 3072 1856 ) 
4 18 33 (5120 3072 0 ) (5120 3072 1856 ) (5120 4096 1856 ) (5120 4096 0 ) 
4 18 21 (6144 3072 0 ) (6144 3072 1856 ) (5120 3072 1856 ) (5120 3072 0 ) 
4 19 34 (5120 3072 -128 ) (5120 3072 -64 ) (5120 4096 -64 ) (5120 4096 -128 ) 
4 19 22 (6144 3072 -128 ) (6144 3072 -64 ) (5120 3072 -64 ) (5120 3072 -128 ) 
4 20 54 (6656 2048 -128 ) (6656 2048 1856 ) (6144 2048 1856 ) (6144 2048 -128 ) 
4 20 22 (6144 3072 -64 ) (6144 3072 -128 ) (6144 2048 -128 ) (6144 2048 -64 ) 
4 20 21 (6144 3072 1856 ) (6144 3072 0 ) (6144 2048 0 ) (6144 2048 1856 ) 
4 21 55 (6144 2048 0 ) (6144 2048 1856 ) (5120 2048 1856 ) (5120 2048 0 ) 
4 21 35 (5120 2048 0 ) (5120 2048 1856 ) (5120 3072 1856 ) (5120 3072 0 ) 
4 22 56 (6144 2048 -128 ) (6144 2048 -64 ) (5120 2048 -64 ) (5120 2048 -128 ) 
4 22 36 (5120 2048 -128 ) (5120 2048 -64 ) (5120 3072 -64 ) (5120 3072 -128 ) 
4 23 33 (5120 4096 0 ) (5120 4096 1856 ) (4096 4096 1856 ) (4096 4096 0 ) 
4 23 26 (4096 5120 704 ) (4096 5120 0 ) (4096 4096 0 ) (4096 4096 704 ) 
4 23 25 (4096 5120 1856 ) (4096 5120 704 ) (4096 4096 704 ) (4096 4096 1856 ) 
4 24 34 (5120 4096 -128 ) (5120 4096 -64 ) (4096 4096 -64 ) (4096 4096 -128 ) 
4 24 28 (4096 5120 -64 ) (4096 5120 -128 ) (4096 4096 -128 ) (4096 4096 -64 ) 
4 25 37 (4096 4096 704 ) (4096 4096 1856 ) (3072 4096 1856 ) (3072 4096 704 ) 
4 25 29 (3072 4096 704 ) (3072 4096 1856 ) (3072 5120 1856 ) (3072 5120 704 ) 
4 25 27 (3072 4224 704 ) (3072 5120 704 ) (3520 5120 704 ) (3520 4224 704 ) 
4 25 26 (3520 5120 704 ) (4096 5120 704 ) (4096 4096 704 ) (3520 4096 704 ) 
4 26 38 (4096 4096 0 ) (4096 4096 704 ) (3520 4096 704 ) (3520 4096 0 ) 
4 26 27 (3520 5120 0 ) (3520 4224 0 ) (3520 4224 704 ) (3520 5120 704 ) 
4 27 30 (3072 4224 704 ) (3072 5120 704 ) (3072 5120 0 ) (3072 4224 0 ) 
4 28 39 (4096 4096 -128 ) (4096 4096 -64 ) (3072 4096 -64 ) (3072 4096 -128 ) 
4 28 32 (3072 4096 -128 ) (3072 4096 -64 ) (3072 5120 -64 ) (3072 5120 -128 ) 
4 29 112 (2048 4096 704 ) (2048 4096 1856 ) (2048 5120 1856 ) (2048 5120 704 ) 
4 29 40 (2048 4096 1856 ) (2048 4096 704 ) (3072 4096 704 ) (3072 4096 1856 ) 
4 29 30 (3008 4224 704 ) (3008 5120 704 ) (3072 5120 704 ) (3072 4224 704 ) 
4 29 31 (3008 4096 704 ) (2048 4096 704 ) (2048 5120 704 ) (3008 5120 704 ) 
4 30 31 (3008 5120 0 ) (3008 4224 0 ) (3008 4224 704 ) (3008 5120 704 ) 
4 31 112 (2048 4096 0 ) (2048 4096 704 ) (2048 5120 704 ) (2048 5120 0 ) 
4 31 42 (2048 4096 704 ) (2048 4096 0 ) (2176 4096 0 ) (2176 4096 704 ) 
4 31 41 (2176 4096 0 ) (3008 4096 0 ) (3008 4096 704 ) (2176 4096 704 ) 
4 32 113 (2048 4096 -128 ) (2048 4096 -64 ) (2048 5120 -64 ) (2048 5120 -128 ) 
4 32 44 (2048 4096 -64 ) (2048 4096 -128 ) (3072 4096 -128 ) (3072 4096 -64 ) 
4 33 38 (4096 4096 704 ) (4096 4096 0 ) (4096 3072 0 ) (4096 3072 704 ) 
4 33 37 (4096 4096 1856 ) (4096 4096 704 ) (4096 3072 704 ) (4096 3072 1856 ) 
4 33 35 (5120 3072 0 ) (5120 3072 1856 ) (4096 3072 1856 ) (4096 3072 0 ) 
4 34 39 (4096 4096 -64 ) (4096 4096 -128 ) (4096 3072 -128 ) (4096 3072 -64 ) 
4 34 36 (5120 3072 -128 ) (5120 3072 -64 ) (4096 3072 -64 ) (4096 3072 -128 ) 
4 35 63 (5120 2048 0 ) (5120 2048 1856 ) (4096 2048 1856 ) (4096 2048 0 ) 
4 35 47 (4096 2048 0 ) (4096 2048 704 ) (4096 3008 704 ) (4096 3008 0 ) 
4 35 46 (4096 3008 704 ) (4096 3072 704 ) (4096 3072 0 ) (4096 3008 0 ) 
4 35 45 (4096 2048 704 ) (4096 2048 1856 ) (4096 3072 1856 ) (4096 3072 704 ) 
4 36 64 (5120 2048 -128 ) (5120 2048 -64 ) (4096 2048 -64 ) (4096 2048 -128 ) 
4 36 49 (4096 2048 -128 ) (4096 2048 -64 ) (4096 3072 -64 ) (4096 3072 -128 ) 
4 37 45 (4096 3072 704 ) (4096 3072 1856 ) (3072 3072 1856 ) (3072 3072 704 ) 
4 37 40 (3072 4096 1856 ) (3072 4096 704 ) (3072 3072 704 ) (3072 3072 1856 ) 
4 37 38 (3520 4096 704 ) (4096 4096 704 ) (4096 3072 704 ) (3520 3072 704 ) 
4 38 46 (4096 3072 0 ) (4096 3072 704 ) (3520 3072 704 ) (3520 3072 0 ) 
4 39 49 (4096 3072 -128 ) (4096 3072 -64 ) (3072 3072 -64 ) (3072 3072 -128 ) 
4 39 44 (3072 4096 -64 ) (3072 4096 -128 ) (3072 3072 -128 ) (3072 3072 -64 ) 
4 40 119 (2048 3648 1856 ) (2048 4032 1856 ) (2048 4032 704 ) (2048 3648 704 ) 
4 40 118 (2048 4032 1856 ) (2048 4096 1856 ) (2048 4096 704 ) (2048 4032 704 ) 
4 40 120 (2048 3072 704 ) (2048 3072 1856 ) (2048 3648 1856 ) (2048 3648 704 ) 
4 40 50 (2048 3072 1856 ) (2048 3072 704 ) (3072 3072 704 ) (3072 3072 1856 ) 
4 40 42 (2048 4032 704 ) (2048 4096 704 ) (2176 4096 704 ) (2176 4032 704 ) 
4 40 43 (2176 3072 704 ) (2048 3072 704 ) (2048 3648 704 ) (2176 3648 704 ) 
4 40 41 (3008 3072 704 ) (2176 3072 704 ) (2176 4096 704 ) (3008 4096 704 ) 
4 41 52 (2176 3072 0 ) (3008 3072 0 ) (3008 3072 704 ) (2176 3072 704 ) 
4 41 42 (2176 4096 0 ) (2176 4032 0 ) (2176 4032 704 ) (2176 4096 704 ) 
4 41 43 (2176 3648 0 ) (2176 3072 0 ) (2176 3072 704 ) (2176 3648 704 ) 
4 42 118 (2048 4032 704 ) (2048 4096 704 ) (2048 4096 0 ) (2048 4032 0 ) 
4 43 120 (2048 3072 0 ) (2048 3072 704 ) (2048 3648 704 ) (2048 3648 0 ) 
4 43 52 (2048 3072 704 ) (2048 3072 0 ) (2176 3072 0 ) (2176 3072 704 ) 
4 44 122 (2048 3072 -128 ) (2048 3072 -64 ) (2048 4096 -64 ) (2048 4096 -128 ) 
4 44 53 (2048 3072 -64 ) (2048 3072 -128 ) (3072 3072 -128 ) (3072 3072 -64 ) 
4 45 65 (4096 2048 704 ) (4096 2048 1856 ) (3072 2048 1856 ) (3072 2048 704 ) 
4 45 50 (3072 3072 1856 ) (3072 3072 704 ) (3072 2048 704 ) (3072 2048 1856 ) 
4 45 47 (4096 2048 704 ) (3776 2048 704 ) (3776 3008 704 ) (4096 3008 704 ) 
4 45 48 (3264 2048 704 ) (3072 2048 704 ) (3072 3008 704 ) (3264 3008 704 ) 
4 45 46 (3520 3072 704 ) (4096 3072 704 ) (4096 3008 704 ) (3520 3008 704 ) 
4 46 47 (3776 3008 0 ) (4096 3008 0 ) (4096 3008 704 ) (3776 3008 704 ) 
4 47 66 (4096 2048 0 ) (4096 2048 704 ) (3776 2048 704 ) (3776 2048 0 ) 
4 48 68 (3264 2048 704 ) (3072 2048 704 ) (3072 2048 0 ) (3264 2048 0 ) 
4 48 51 (3072 3008 0 ) (3072 2048 0 ) (3072 2048 704 ) (3072 3008 704 ) 
4 49 69 (4096 2048 -128 ) (4096 2048 -64 ) (3072 2048 -64 ) (3072 2048 -128 ) 
4 49 53 (3072 3072 -64 ) (3072 3072 -128 ) (3072 2048 -128 ) (3072 2048 -64 ) 
4 50 124 (2048 2048 704 ) (2048 2048 1856 ) (2048 2240 1856 ) (2048 2240 704 ) 
4 50 123 (2048 2240 1856 ) (2048 3072 1856 ) (2048 3072 704 ) (2048 2240 704 ) 
4 50 70 (3072 2048 704 ) (3072 2048 1856 ) (2048 2048 1856 ) (2048 2048 704 ) 
4 50 51 (3072 2048 704 ) (3008 2048 704 ) (3008 3008 704 ) (3072 3008 704 ) 
4 50 52 (3008 2048 704 ) (2048 2048 704 ) (2048 3072 704 ) (3008 3072 704 ) 
4 51 70 (3072 2048 0 ) (3072 2048 704 ) (3008 2048 704 ) (3008 2048 0 ) 
4 51 52 (3008 3008 0 ) (3008 2048 0 ) (3008 2048 704 ) (3008 3008 704 ) 
4 52 123 (2048 2240 704 ) (2048 3072 704 ) (2048 3072 0 ) (2048 2240 0 ) 
4 52 70 (3008 2048 704 ) (2048 2048 704 ) (2048 2048 0 ) (3008 2048 0 ) 
4 53 126 (2048 2048 -128 ) (2048 2048 -64 ) (2048 3072 -64 ) (2048 3072 -128 ) 
4 53 71 (3072 2048 -128 ) (3072 2048 -64 ) (2048 2048 -64 ) (2048 2048 -128 ) 
4 54 57 (6656 1024 -128 ) (6656 1024 1856 ) (6144 1024 1856 ) (6144 1024 -128 ) 
4 54 56 (6144 2048 -64 ) (6144 2048 -128 ) (6144 1024 -128 ) (6144 1024 -64 ) 
4 54 55 (6144 2048 1856 ) (6144 2048 0 ) (6144 1024 0 ) (6144 1024 1856 ) 
4 55 63 (5120 1024 0 ) (5120 1024 1856 ) (5120 2048 1856 ) (5120 2048 0 ) 
4 55 58 (6144 1024 0 ) (6144 1024 1856 ) (5120 1024 1856 ) (5120 1024 0 ) 
4 56 64 (5120 1024 -128 ) (5120 1024 -64 ) (5120 2048 -64 ) (5120 2048 -128 ) 
4 56 59 (6144 1024 -128 ) (6144 1024 -64 ) (5120 1024 -64 ) (5120 1024 -128 ) 
4 57 60 (6656 0 -128 ) (6656 0 1856 ) (6144 0 1856 ) (6144 0 -128 ) 
4 57 59 (6144 1024 -64 ) (6144 1024 -128 ) (6144 0 -128 ) (6144 0 -64 ) 
4 57 58 (6144 1024 1856 ) (6144 1024 0 ) (6144 0 0 ) (6144 0 1856 ) 
4 58 72 (5120 0 0 ) (5120 0 1856 ) (5120 1024 1856 ) (5120 1024 0 ) 
4 58 61 (6144 0 0 ) (6144 0 1856 ) (5120 0 1856 ) (5120 0 0 ) 
4 59 73 (5120 0 -128 ) (5120 0 -64 ) (5120 1024 -64 ) (5120 1024 -128 ) 
4 59 62 (6144 0 -128 ) (6144 0 -64 ) (5120 0 -64 ) (5120 0 -128 ) 
4 60 89 (6656 -1024 -128 ) (6656 -1024 1856 ) (6144 -1024 1856 ) (6144 -1024 -128 ) 
4 60 62 (6144 0 -64 ) (6144 0 -128 ) (6144 -1024 -128 ) (6144 -1024 -64 ) 
4 60 61 (6144 0 1856 ) (6144 0 0 ) (6144 -1024 0 ) (6144 -1024 1856 ) 
4 61 90 (6144 -1024 0 ) (6144 -1024 1856 ) (5120 -1024 1856 ) (5120 -1024 0 ) 
4 61 74 (5120 -1024 0 ) (5120 -1024 1856 ) (5120 0 1856 ) (5120 0 0 ) 
4 62 91 (6144 -1024 -128 ) (6144 -1024 -64 ) (5120 -1024 -64 ) (5120 -1024 -128 ) 
4 62 75 (5120 -1024 -128 ) (5120 -1024 -64 ) (5120 0 -64 ) (5120 0 -128 ) 
4 63 72 (5120 1024 0 ) (5120 1024 1856 ) (4096 1024 1856 ) (4096 1024 0 ) 
4 63 66 (4096 1024 0 ) (4096 1024 704 ) (4096 2048 704 ) (4096 2048 0 ) 
4 63 65 (4096 1024 704 ) (4096 1024 1856 ) (4096 2048 1856 ) (4096 2048 704 ) 
4 64 73 (5120 1024 -128 ) (5120 1024 -64 ) (4096 1024 -64 ) (4096 1024 -128 ) 
4 64 69 (4096 1024 -128 ) (4096 1024 -64 ) (4096 2048 -64 ) (4096 2048 -128 ) 
4 65 76 (4096 1024 704 ) (4096 1024 1856 ) (3072 1024 1856 ) (3072 1024 704 ) 
4 65 70 (3072 2048 1856 ) (3072 2048 704 ) (3072 1024 704 ) (3072 1024 1856 ) 
4 65 67 (3776 1152 704 ) (3776 1024 704 ) (3264 1024 704 ) (3264 1152 704 ) 
4 65 66 (3776 2048 704 ) (4096 2048 704 ) (4096 1024 704 ) (3776 1024 704 ) 
4 65 68 (3072 1024 704 ) (3072 2048 704 ) (3264 2048 704 ) (3264 1024 704 ) 
4 66 77 (4096 1024 0 ) (4096 1024 704 ) (3776 1024 704 ) (3776 1024 0 ) 
4 66 67 (3776 1152 0 ) (3776 1024 0 ) (3776 1024 704 ) (3776 1152 704 ) 
4 67 78 (3776 1024 704 ) (3264 1024 704 ) (3264 1024 0 ) (3776 1024 0 ) 
4 67 68 (3264 1152 0 ) (3264 1024 0 ) (3264 1024 704 ) (3264 1152 704 ) 
4 68 79 (3264 1024 704 ) (3072 1024 704 ) (3072 1024 0 ) (3264 1024 0 ) 
4 68 70 (3072 2048 704 ) (3072 2048 0 ) (3072 1024 0 ) (3072 1024 704 ) 
4 69 80 (4096 1024 -128 ) (4096 1024 -64 ) (3072 1024 -64 ) (3072 1024 -128 ) 
4 69 71 (3072 2048 -64 ) (3072 2048 -128 ) (3072 1024 -128 ) (3072 1024 -64 ) 
4 70 175 (2048 1024 0 ) (2048 1024 704 ) (2048 1152 704 ) (2048 1152 0 ) 
4 70 173 (2048 1024 704 ) (2048 1024 1856 ) (2048 2048 1856 ) (2048 2048 704 ) 
4 70 81 (2048 1024 1856 ) (2048 1024 0 ) (3072 1024 0 ) (3072 1024 1856 ) 
4 71 177 (2048 1024 -128 ) (2048 1024 -64 ) (2048 2048 -64 ) (2048 2048 -128 ) 
4 71 82 (2048 1024 -64 ) (2048 1024 -128 ) (3072 1024 -128 ) (3072 1024 -64 ) 
4 72 77 (4096 1024 704 ) (4096 1024 0 ) (4096 0 0 ) (4096 0 704 ) 
4 72 76 (4096 1024 1856 ) (4096 1024 704 ) (4096 0 704 ) (4096 0 1856 ) 
4 72 74 (5120 0 0 ) (5120 0 1856 ) (4096 0 1856 ) (4096 0 0 ) 
4 73 80 (4096 1024 -64 ) (4096 1024 -128 ) (4096 0 -128 ) (4096 0 -64 ) 
4 73 75 (5120 0 -128 ) (5120 0 -64 ) (4096 0 -64 ) (4096 0 -128 ) 
4 74 94 (5120 -1024 0 ) (5120 -1024 1856 ) (4096 -1024 1856 ) (4096 -1024 0 ) 
4 74 84 (4096 -1024 0 ) (4096 -1024 704 ) (4096 0 704 ) (4096 0 0 ) 
4 74 83 (4096 -1024 704 ) (4096 -1024 1856 ) (4096 0 1856 ) (4096 0 704 ) 
4 75 95 (5120 -1024 -128 ) (5120 -1024 -64 ) (4096 -1024 -64 ) (4096 -1024 -128 ) 
4 75 86 (4096 -1024 -128 ) (4096 -1024 -64 ) (4096 0 -64 ) (4096 0 -128 ) 
4 76 83 (4096 0 704 ) (4096 0 1856 ) (3072 0 1856 ) (3072 0 704 ) 
4 76 81 (3072 1024 1856 ) (3072 1024 704 ) (3072 0 704 ) (3072 0 1856 ) 
4 76 78 (3264 1024 704 ) (3776 1024 704 ) (3776 192 704 ) (3264 192 704 ) 
4 76 77 (3776 1024 704 ) (4096 1024 704 ) (4096 0 704 ) (3776 0 704 ) 
4 76 79 (3072 0 704 ) (3072 1024 704 ) (3264 1024 704 ) (3264 0 704 ) 
4 77 84 (4096 0 0 ) (4096 0 704 ) (3776 0 704 ) (3776 0 0 ) 
4 77 78 (3776 1024 0 ) (3776 192 0 ) (3776 192 704 ) (3776 1024 704 ) 
4 78 79 (3264 1024 0 ) (3264 192 0 ) (3264 192 704 ) (3264 1024 704 ) 
4 79 85 (3264 0 704 ) (3072 0 704 ) (3072 0 0 ) (3264 0 0 ) 
4 79 81 (3072 1024 704 ) (3072 1024 0 ) (3072 0 0 ) (3072 0 704 ) 
4 80 86 (4096 0 -128 ) (4096 0 -64 ) (3072 0 -64 ) (3072 0 -128 ) 
4 80 82 (3072 1024 -64 ) (3072 1024 -128 ) (3072 0 -128 ) (3072 0 -64 ) 
4 81 184 (2048 0 0 ) (2048 0 1856 ) (2048 1024 1856 ) (2048 1024 0 ) 
4 81 87 (2048 0 1856 ) (2048 0 0 ) (3072 0 0 ) (3072 0 1856 ) 
4 82 187 (2048 0 -128 ) (2048 0 -64 ) (2048 1024 -64 ) (2048 1024 -128 ) 
4 82 88 (2048 0 -64 ) (2048 0 -128 ) (3072 0 -128 ) (3072 0 -64 ) 
4 83 96 (4096 -1024 704 ) (4096 -1024 1856 ) (3072 -1024 1856 ) (3072 -1024 704 ) 
4 83 87 (3072 0 1856 ) (3072 0 704 ) (3072 -1024 704 ) (3072 -1024 1856 ) 
4 83 84 (4096 -1024 704 ) (3776 -1024 704 ) (3776 0 704 ) (4096 0 704 ) 
4 83 85 (3264 -1024 704 ) (3072 -1024 704 ) (3072 0 704 ) (3264 0 704 ) 
4 84 96 (4096 -1024 0 ) (4096 -1024 704 ) (3776 -1024 704 ) (3776 -1024 0 ) 
4 85 96 (3264 -1024 704 ) (3072 -1024 704 ) (3072 -1024 0 ) (3264 -1024 0 ) 
4 85 87 (3072 0 704 ) (3072 0 0 ) (3072 -1024 0 ) (3072 -1024 704 ) 
4 86 97 (4096 -1024 -128 ) (4096 -1024 -64 ) (3072 -1024 -64 ) (3072 -1024 -128 ) 
4 86 88 (3072 0 -64 ) (3072 0 -128 ) (3072 -1024 -128 ) (3072 -1024 -64 ) 
4 87 188 (2048 -1024 0 ) (2048 -1024 1856 ) (2048 0 1856 ) (2048 0 0 ) 
4 87 98 (2048 -1024 1856 ) (2048 -1024 0 ) (3072 -1024 0 ) (3072 -1024 1856 ) 
4 88 191 (2048 -1024 -128 ) (2048 -1024 -64 ) (2048 0 -64 ) (2048 0 -128 ) 
4 88 99 (2048 -1024 -64 ) (2048 -1024 -128 ) (3072 -1024 -128 ) (3072 -1024 -64 ) 
4 89 92 (6656 -2048 -128 ) (6656 -2048 1856 ) (6144 -2048 1856 ) (6144 -2048 -128 ) 
4 89 91 (6144 -2048 -128 ) (6144 -2048 -64 ) (6144 -1024 -64 ) (6144 -1024 -128 ) 
4 89 90 (6144 -2048 0 ) (6144 -2048 1856 ) (6144 -1024 1856 ) (6144 -1024 0 ) 
4 90 94 (5120 -1024 1856 ) (5120 -1024 0 ) (5120 -2048 0 ) (5120 -2048 1856 ) 
4 90 93 (6144 -2048 0 ) (6144 -2048 1856 ) (5120 -2048 1856 ) (5120 -2048 0 ) 
4 91 95 (5120 -1024 -64 ) (5120 -1024 -128 ) (5120 -2048 -128 ) (5120 -2048 -64 ) 
4 91 93 (6144 -2048 -128 ) (6144 -2048 -64 ) (5120 -2048 -64 ) (5120 -2048 -128 ) 
4 92 93 (6144 -2048 1856 ) (6144 -2048 -128 ) (6144 -2560 -128 ) (6144 -2560 1856 ) 
4 93 100 (5120 -2560 -128 ) (5120 -2560 1856 ) (5120 -2048 1856 ) (5120 -2048 -128 ) 
4 94 100 (5120 -2048 0 ) (5120 -2048 1856 ) (4096 -2048 1856 ) (4096 -2048 0 ) 
4 94 96 (4096 -1024 1856 ) (4096 -1024 0 ) (4096 -2048 0 ) (4096 -2048 1856 ) 
4 95 100 (5120 -2048 -128 ) (5120 -2048 -64 ) (4096 -2048 -64 ) (4096 -2048 -128 ) 
4 95 97 (4096 -1024 -64 ) (4096 -1024 -128 ) (4096 -2048 -128 ) (4096 -2048 -64 ) 
4 96 101 (4096 -2048 0 ) (4096 -2048 1856 ) (3072 -2048 1856 ) (3072 -2048 0 ) 
4 96 98 (3072 -2048 0 ) (3072 -2048 1856 ) (3072 -1024 1856 ) (3072 -1024 0 ) 
4 97 101 (4096 -2048 -128 ) (4096 -2048 -64 ) (3072 -2048 -64 ) (3072 -2048 -128 ) 
4 97 99 (3072 -2048 -128 ) (3072 -2048 -64 ) (3072 -1024 -64 ) (3072 -1024 -128 ) 
4 98 211 (2048 -2048 0 ) (2048 -2048 1856 ) (2048 -1024 1856 ) (2048 -1024 0 ) 
4 98 102 (2048 -2048 1856 ) (2048 -2048 0 ) (3072 -2048 0 ) (3072 -2048 1856 ) 
4 99 212 (2048 -2048 -128 ) (2048 -2048 -64 ) (2048 -1024 -64 ) (2048 -1024 -128 ) 
4 99 102 (2048 -2048 -64 ) (2048 -2048 -128 ) (3072 -2048 -128 ) (3072 -2048 -64 ) 
4 100 101 (4096 -2048 1856 ) (4096 -2048 -128 ) (4096 -2560 -128 ) (4096 -2560 1856 ) 
4 101 102 (3072 -2048 1856 ) (3072 -2048 -128 ) (3072 -2560 -128 ) (3072 -2560 1856 ) 
4 102 222 (2048 -2560 -128 ) (2048 -2560 1856 ) (2048 -2048 1856 ) (2048 -2048 -128 ) 
4 103 106 (1024 6144 -128 ) (1024 6144 1856 ) (1024 6464 1856 ) (1024 6464 -128 ) 
4 103 105 (2048 6144 -128 ) (2048 6144 -64 ) (1024 6144 -64 ) (1024 6144 -128 ) 
4 103 104 (2048 6144 0 ) (2048 6144 1856 ) (1024 6144 1856 ) (1024 6144 0 ) 
4 104 112 (2048 5120 0 ) (2048 5120 1856 ) (1024 5120 1856 ) (1024 5120 0 ) 
4 104 108 (1024 5120 0 ) (1024 5120 1856 ) (1024 6144 1856 ) (1024 6144 0 ) 
4 105 113 (2048 5120 -128 ) (2048 5120 -64 ) (1024 5120 -64 ) (1024 5120 -128 ) 
4 105 109 (1024 5120 -128 ) (1024 5120 -64 ) (1024 6144 -64 ) (1024 6144 -128 ) 
4 106 109 (1024 6144 -128 ) (1024 6144 -64 ) (0 6144 -64 ) (0 6144 -128 ) 
4 106 108 (1024 6144 0 ) (1024 6144 1856 ) (0 6144 1856 ) (0 6144 0 ) 
4 106 107 (0 6144 -128 ) (0 6144 1856 ) (0 6464 1856 ) (0 6464 -128 ) 
4 107 138 (-1024 6144 -128 ) (-1024 6144 1856 ) (-1024 6464 1856 ) (-1024 6464 -128 ) 
4 107 111 (-1024 6144 -64 ) (-1024 6144 -128 ) (0 6144 -128 ) (0 6144 -64 ) 
4 107 110 (-1024 6144 1856 ) (-1024 6144 0 ) (0 6144 0 ) (0 6144 1856 ) 
4 108 114 (1024 5120 0 ) (1024 5120 1856 ) (0 5120 1856 ) (0 5120 0 ) 
4 108 110 (0 6144 1856 ) (0 6144 0 ) (0 5120 0 ) (0 5120 1856 ) 
4 109 115 (1024 5120 -128 ) (1024 5120 -64 ) (0 5120 -64 ) (0 5120 -128 ) 
4 109 111 (0 6144 -64 ) (0 6144 -128 ) (0 5120 -128 ) (0 5120 -64 ) 
4 110 140 (-1024 5120 0 ) (-1024 5120 1856 ) (-1024 6144 1856 ) (-1024 6144 0 ) 
4 110 116 (0 5120 0 ) (0 5120 1856 ) (-1024 5120 1856 ) (-1024 5120 0 ) 
4 111 141 (-1024 5120 -128 ) (-1024 5120 -64 ) (-1024 6144 -64 ) (-1024 6144 -128 ) 
4 111 117 (0 5120 -128 ) (0 5120 -64 ) (-1024 5120 -64 ) (-1024 5120 -128 ) 
4 112 118 (2048 4096 0 ) (2048 4096 1856 ) (1088 4096 1856 ) (1088 4096 0 ) 
4 112 121 (1088 4096 1856 ) (1024 4096 1856 ) (1024 4096 0 ) (1088 4096 0 ) 
4 112 114 (1024 4096 0 ) (1024 4096 1856 ) (1024 5120 1856 ) (1024 5120 0 ) 
4 113 122 (2048 4096 -128 ) (2048 4096 -64 ) (1024 4096 -64 ) (1024 4096 -128 ) 
4 113 115 (1024 4096 -128 ) (1024 4096 -64 ) (1024 5120 -64 ) (1024 5120 -128 ) 
4 114 127 (1024 4096 0 ) (1024 4096 1856 ) (0 4096 1856 ) (0 4096 0 ) 
4 114 116 (0 5120 1856 ) (0 5120 0 ) (0 4096 0 ) (0 4096 1856 ) 
4 115 128 (1024 4096 -128 ) (1024 4096 -64 ) (0 4096 -64 ) (0 4096 -128 ) 
4 115 117 (0 5120 -64 ) (0 5120 -128 ) (0 4096 -128 ) (0 4096 -64 ) 
4 116 146 (-1024 4096 0 ) (-1024 4096 1856 ) (-1024 5120 1856 ) (-1024 5120 0 ) 
4 116 129 (-512 4096 0 ) (0 4096 0 ) (0 4096 1856 ) (-512 4096 1856 ) 
4 116 131 (-1024 4096 1856 ) (-1024 4096 0 ) (-512 4096 0 ) (-512 4096 1856 ) 
4 117 149 (-1024 4096 -128 ) (-1024 4096 -64 ) (-1024 5120 -64 ) (-1024 5120 -128 ) 
4 117 132 (-1024 4096 -64 ) (-1024 4096 -128 ) (0 4096 -128 ) (0 4096 -64 ) 
4 118 119 (1088 4032 1856 ) (1088 4032 704 ) (2048 4032 704 ) (2048 4032 1856 ) 
4 118 121 (1088 4096 0 ) (1088 4032 0 ) (1088 4032 1856 ) (1088 4096 1856 ) 
4 119 121 (1088 3648 704 ) (1088 3648 1856 ) (1088 4032 1856 ) (1088 4032 704 ) 
4 119 120 (1088 3648 1856 ) (1088 3648 704 ) (2048 3648 704 ) (2048 3648 1856 ) 
4 120 123 (2048 3072 0 ) (2048 3072 1856 ) (1664 3072 1856 ) (1664 3072 0 ) 
4 120 125 (1664 3072 1856 ) (1088 3072 1856 ) (1088 3072 0 ) (1664 3072 0 ) 
4 120 121 (1088 3648 0 ) (1088 3072 0 ) (1088 3072 1856 ) (1088 3648 1856 ) 
4 121 127 (1024 4096 1856 ) (1024 4096 0 ) (1024 3072 0 ) (1024 3072 1856 ) 
4 121 125 (1088 3072 1856 ) (1024 3072 1856 ) (1024 3072 0 ) (1088 3072 0 ) 
4 122 128 (1024 4096 -64 ) (1024 4096 -128 ) (1024 3072 -128 ) (1024 3072 -64 ) 
4 122 126 (2048 3072 -128 ) (2048 3072 -64 ) (1024 3072 -64 ) (1024 3072 -128 ) 
4 123 124 (1664 2240 1856 ) (1664 2240 704 ) (2048 2240 704 ) (2048 2240 1856 ) 
4 123 125 (1664 3072 0 ) (1664 2240 0 ) (1664 2240 1856 ) (1664 3072 1856 ) 
4 124 173 (2048 2048 704 ) (2048 2048 1856 ) (1664 2048 1856 ) (1664 2048 704 ) 
4 124 125 (1664 2048 704 ) (1664 2048 1856 ) (1664 2240 1856 ) (1664 2240 704 ) 
4 125 174 (1024 2048 704 ) (1024 2048 0 ) (1664 2048 0 ) (1664 2048 704 ) 
4 125 173 (1664 2048 1856 ) (1024 2048 1856 ) (1024 2048 704 ) (1664 2048 704 ) 
4 125 133 (1024 2048 0 ) (1024 2048 1856 ) (1024 3072 1856 ) (1024 3072 0 ) 
4 126 177 (2048 2048 -128 ) (2048 2048 -64 ) (1024 2048 -64 ) (1024 2048 -128 ) 
4 126 134 (1024 2048 -128 ) (1024 2048 -64 ) (1024 3072 -64 ) (1024 3072 -128 ) 
4 127 133 (1024 3072 0 ) (1024 3072 1856 ) (0 3072 1856 ) (0 3072 0 ) 
4 127 130 (0 3072 704 ) (0 3072 1856 ) (0 3904 1856 ) (0 3904 704 ) 
4 127 129 (0 4096 1856 ) (0 4096 0 ) (0 3904 0 ) (0 3904 1856 ) 
4 128 134 (1024 3072 -128 ) (1024 3072 -64 ) (0 3072 -64 ) (0 3072 -128 ) 
4 128 132 (0 4096 -64 ) (0 4096 -128 ) (0 3072 -128 ) (0 3072 -64 ) 
4 129 130 (-512 3904 1856 ) (-512 3904 704 ) (0 3904 704 ) (0 3904 1856 ) 
4 129 131 (-512 4096 0 ) (-512 3904 0 ) (-512 3904 1856 ) (-512 4096 1856 ) 
4 130 135 (0 3072 704 ) (0 3072 1856 ) (-512 3072 1856 ) (-512 3072 704 ) 
4 130 131 (-512 3072 704 ) (-512 3072 1856 ) (-512 3904 1856 ) (-512 3904 704 ) 
4 131 154 (-1024 3072 0 ) (-1024 3072 1856 ) (-1024 4096 1856 ) (-1024 4096 0 ) 
4 131 136 (-1024 3072 1856 ) (-1024 3072 0 ) (-512 3072 0 ) (-512 3072 1856 ) 
4 132 157 (-1024 3072 -128 ) (-1024 3072 -64 ) (-1024 4096 -64 ) (-1024 4096 -128 ) 
4 132 137 (-1024 3072 -64 ) (-1024 3072 -128 ) (0 3072 -128 ) (0 3072 -64 ) 
4 133 179 (256 2048 1856 ) (0 2048 1856 ) (0 2048 704 ) (256 2048 704 ) 
4 133 178 (1024 2048 0 ) (1024 2048 1856 ) (256 2048 1856 ) (256 2048 0 ) 
4 133 135 (0 3072 1856 ) (0 3072 704 ) (0 2048 704 ) (0 2048 1856 ) 
4 134 180 (1024 2048 -128 ) (1024 2048 -64 ) (0 2048 -64 ) (0 2048 -128 ) 
4 134 137 (0 3072 -64 ) (0 3072 -128 ) (0 2048 -128 ) (0 2048 -64 ) 
4 135 181 (0 2048 704 ) (0 2048 1856 ) (-256 2048 1856 ) (-256 2048 704 ) 
4 135 182 (-256 2048 1856 ) (-512 2048 1856 ) (-512 2048 704 ) (-256 2048 704 ) 
4 135 136 (-512 2048 704 ) (-512 2048 1856 ) (-512 3072 1856 ) (-512 3072 704 ) 
4 136 182 (-512 2048 1856 ) (-1024 2048 1856 ) (-1024 2048 0 ) (-512 2048 0 ) 
4 136 162 (-1024 2048 0 ) (-1024 2048 1856 ) (-1024 3072 1856 ) (-1024 3072 0 ) 
4 137 183 (0 2048 -128 ) (0 2048 -64 ) (-1024 2048 -64 ) (-1024 2048 -128 ) 
4 137 165 (-1024 2048 -128 ) (-1024 2048 -64 ) (-1024 3072 -64 ) (-1024 3072 -128 ) 
4 138 141 (-1024 6144 -128 ) (-1024 6144 -64 ) (-2048 6144 -64 ) (-2048 6144 -128 ) 
4 138 140 (-1024 6144 0 ) (-1024 6144 1856 ) (-2048 6144 1856 ) (-2048 6144 0 ) 
4 138 139 (-2048 6144 -128 ) (-2048 6144 1856 ) (-2048 6464 1856 ) (-2048 6464 -128 ) 
4 139 144 (-3072 6144 -128 ) (-3072 6144 1856 ) (-3072 6464 1856 ) (-3072 6464 -128 ) 
4 139 143 (-3072 6144 -64 ) (-3072 6144 -128 ) (-2048 6144 -128 ) (-2048 6144 -64 ) 
4 139 142 (-3072 6144 1856 ) (-3072 6144 0 ) (-2048 6144 0 ) (-2048 6144 1856 ) 
4 140 147 (-1792 5120 1856 ) (-2048 5120 1856 ) (-2048 5120 0 ) (-1792 5120 0 ) 
4 140 146 (-1024 5120 0 ) (-1024 5120 1856 ) (-1792 5120 1856 ) (-1792 5120 0 ) 
4 140 142 (-2048 6144 1856 ) (-2048 6144 0 ) (-2048 5120 0 ) (-2048 5120 1856 ) 
4 141 149 (-1024 5120 -128 ) (-1024 5120 -64 ) (-2048 5120 -64 ) (-2048 5120 -128 ) 
4 141 143 (-2048 6144 -64 ) (-2048 6144 -128 ) (-2048 5120 -128 ) (-2048 5120 -64 ) 
4 142 150 (-2048 5120 0 ) (-2048 5120 1856 ) (-2304 5120 1856 ) (-2304 5120 0 ) 
4 142 152 (-2304 5120 1856 ) (-3072 5120 1856 ) (-3072 5120 0 ) (-2304 5120 0 ) 
4 142 145 (-3072 5120 0 ) (-3072 5120 1856 ) (-3072 6144 1856 ) (-3072 6144 0 ) 
4 143 153 (-2048 5120 -128 ) (-2048 5120 -64 ) (-3072 5120 -64 ) (-3072 5120 -128 ) 
4 143 145 (-3072 5120 -128 ) (-3072 5120 -64 ) (-3072 6144 -64 ) (-3072 6144 -128 ) 
4 144 145 (-3072 6144 -128 ) (-3072 6144 1856 ) (-3584 6144 1856 ) (-3584 6144 -128 ) 
4 145 170 (-3072 5120 -128 ) (-3072 5120 1856 ) (-3584 5120 1856 ) (-3584 5120 -128 ) 
4 146 154 (-1024 4096 0 ) (-1024 4096 1856 ) (-1792 4096 1856 ) (-1792 4096 0 ) 
4 146 148 (-1792 4096 640 ) (-1792 4096 1856 ) (-1792 4608 1856 ) (-1792 4608 640 ) 
4 146 147 (-1792 5120 0 ) (-1792 4608 0 ) (-1792 4608 1856 ) (-1792 5120 1856 ) 
4 147 150 (-2048 5120 1856 ) (-2048 5120 0 ) (-2048 4608 0 ) (-2048 4608 1856 ) 
4 147 148 (-1792 4608 640 ) (-1792 4608 1856 ) (-2048 4608 1856 ) (-2048 4608 640 ) 
4 148 155 (-1792 4096 1856 ) (-2048 4096 1856 ) (-2048 4096 640 ) (-1792 4096 640 ) 
4 148 151 (-2048 4096 640 ) (-2048 4096 1856 ) (-2048 4608 1856 ) (-2048 4608 640 ) 
4 149 157 (-1024 4096 -128 ) (-1024 4096 -64 ) (-2048 4096 -64 ) (-2048 4096 -128 ) 
4 149 153 (-2048 5120 -64 ) (-2048 5120 -128 ) (-2048 4096 -128 ) (-2048 4096 -64 ) 
4 150 151 (-2304 4608 1856 ) (-2304 4608 640 ) (-2048 4608 640 ) (-2048 4608 1856 ) 
4 150 152 (-2304 5120 0 ) (-2304 4608 0 ) (-2304 4608 1856 ) (-2304 5120 1856 ) 
4 151 158 (-2048 4096 640 ) (-2048 4096 1856 ) (-2304 4096 1856 ) (-2304 4096 640 ) 
4 151 152 (-2304 4096 640 ) (-2304 4096 1856 ) (-2304 4608 1856 ) (-2304 4608 640 ) 
4 152 170 (-3072 5120 1856 ) (-3072 5120 0 ) (-3072 4096 0 ) (-3072 4096 1856 ) 
4 152 160 (-2304 4096 1856 ) (-3072 4096 1856 ) (-3072 4096 0 ) (-2304 4096 0 ) 
4 153 170 (-3072 5120 -64 ) (-3072 5120 -128 ) (-3072 4096 -128 ) (-3072 4096 -64 ) 
4 153 161 (-2048 4096 -128 ) (-2048 4096 -64 ) (-3072 4096 -64 ) (-3072 4096 -128 ) 
4 154 162 (-1024 3072 0 ) (-1024 3072 1856 ) (-1792 3072 1856 ) (-1792 3072 0 ) 
4 154 155 (-1792 3392 640 ) (-1792 3392 1856 ) (-1792 4096 1856 ) (-1792 4096 640 ) 
4 154 156 (-1792 3392 0 ) (-1792 3072 0 ) (-1792 3072 1856 ) (-1792 3392 1856 ) 
4 155 158 (-2048 3392 1856 ) (-2048 4096 1856 ) (-2048 4096 640 ) (-2048 3392 640 ) 
4 155 156 (-1792 3392 640 ) (-1792 3392 1856 ) (-2048 3392 1856 ) (-2048 3392 640 ) 
4 156 163 (-1792 3072 1856 ) (-2048 3072 1856 ) (-2048 3072 0 ) (-1792 3072 0 ) 
4 156 159 (-2048 3072 0 ) (-2048 3072 1856 ) (-2048 3392 1856 ) (-2048 3392 0 ) 
4 157 165 (-1024 3072 -128 ) (-1024 3072 -64 ) (-2048 3072 -64 ) (-2048 3072 -128 ) 
4 157 161 (-2048 3072 -128 ) (-2048 3072 -64 ) (-2048 4096 -64 ) (-2048 4096 -128 ) 
4 158 159 (-2304 3392 1856 ) (-2304 3392 640 ) (-2048 3392 640 ) (-2048 3392 1856 ) 
4 158 160 (-2304 3392 640 ) (-2304 3392 1856 ) (-2304 4096 1856 ) (-2304 4096 640 ) 
4 159 166 (-2304 3072 0 ) (-2048 3072 0 ) (-2048 3072 1856 ) (-2304 3072 1856 ) 
4 159 160 (-2304 3392 0 ) (-2304 3072 0 ) (-2304 3072 1856 ) (-2304 3392 1856 ) 
4 160 171 (-3072 3072 0 ) (-3072 3072 1856 ) (-3072 4096 1856 ) (-3072 4096 0 ) 
4 160 168 (-3072 3072 1856 ) (-3072 3072 0 ) (-2304 3072 0 ) (-2304 3072 1856 ) 
4 161 171 (-3072 3072 -128 ) (-3072 3072 -64 ) (-3072 4096 -64 ) (-3072 4096 -128 ) 
4 161 169 (-3072 3072 -64 ) (-3072 3072 -128 ) (-2048 3072 -128 ) (-2048 3072 -64 ) 
4 162 225 (-1024 2048 0 ) (-1024 2048 1856 ) (-1792 2048 1856 ) (-1792 2048 0 ) 
4 162 164 (-1792 2048 640 ) (-1792 2048 1856 ) (-1792 2432 1856 ) (-1792 2432 640 ) 
4 162 163 (-1792 3072 0 ) (-1792 2432 0 ) (-1792 2432 1856 ) (-1792 3072 1856 ) 
4 163 166 (-2048 3072 1856 ) (-2048 3072 0 ) (-2048 2432 0 ) (-2048 2432 1856 ) 
4 163 164 (-1792 2432 640 ) (-1792 2432 1856 ) (-2048 2432 1856 ) (-2048 2432 640 ) 
4 164 226 (-1792 2048 1856 ) (-2048 2048 1856 ) (-2048 2048 640 ) (-1792 2048 640 ) 
4 164 167 (-2048 2048 640 ) (-2048 2048 1856 ) (-2048 2432 1856 ) (-2048 2432 640 ) 
4 165 228 (-1024 2048 -128 ) (-1024 2048 -64 ) (-2048 2048 -64 ) (-2048 2048 -128 ) 
4 165 169 (-2048 3072 -64 ) (-2048 3072 -128 ) (-2048 2048 -128 ) (-2048 2048 -64 ) 
4 166 167 (-2304 2432 1856 ) (-2304 2432 640 ) (-2048 2432 640 ) (-2048 2432 1856 ) 
4 166 168 (-2304 3072 0 ) (-2304 2432 0 ) (-2304 2432 1856 ) (-2304 3072 1856 ) 
4 167 229 (-2048 2048 640 ) (-2048 2048 1856 ) (-2304 2048 1856 ) (-2304 2048 640 ) 
4 167 168 (-2304 2048 640 ) (-2304 2048 1856 ) (-2304 2432 1856 ) (-2304 2432 640 ) 
4 168 231 (-2304 2048 1856 ) (-3072 2048 1856 ) (-3072 2048 0 ) (-2304 2048 0 ) 
4 168 172 (-3072 2048 0 ) (-3072 2048 1856 ) (-3072 3072 1856 ) (-3072 3072 0 ) 
4 169 232 (-2048 2048 -128 ) (-2048 2048 -64 ) (-3072 2048 -64 ) (-3072 2048 -128 ) 
4 169 172 (-3072 2048 -128 ) (-3072 2048 -64 ) (-3072 3072 -64 ) (-3072 3072 -128 ) 
4 170 171 (-3072 4096 -128 ) (-3072 4096 1856 ) (-3584 4096 1856 ) (-3584 4096 -128 ) 
4 171 172 (-3072 3072 -128 ) (-3072 3072 1856 ) (-3584 3072 1856 ) (-3584 3072 -128 ) 
4 172 247 (-3072 2048 -128 ) (-3072 2048 1856 ) (-3584 2048 1856 ) (-3584 2048 -128 ) 
4 173 185 (1856 1024 1856 ) (1472 1024 1856 ) (1472 1024 704 ) (1856 1024 704 ) 
4 173 184 (2048 1024 704 ) (2048 1024 1856 ) (1856 1024 1856 ) (1856 1024 704 ) 
4 173 186 (1472 1024 1856 ) (1024 1024 1856 ) (1024 1024 704 ) (1472 1024 704 ) 
4 173 178 (1024 1024 704 ) (1024 1024 1856 ) (1024 2048 1856 ) (1024 2048 704 ) 
4 173 175 (1856 1152 704 ) (2048 1152 704 ) (2048 1024 704 ) (1856 1024 704 ) 
4 173 176 (1024 1024 704 ) (1024 1152 704 ) (1472 1152 704 ) (1472 1024 704 ) 
4 173 174 (1024 1152 704 ) (1024 2048 704 ) (1664 2048 704 ) (1664 1152 704 ) 
4 174 178 (1024 1152 704 ) (1024 2048 704 ) (1024 2048 0 ) (1024 1152 0 ) 
4 174 176 (1024 1152 0 ) (1472 1152 0 ) (1472 1152 704 ) (1024 1152 704 ) 
4 175 184 (2048 1024 0 ) (2048 1024 704 ) (1856 1024 704 ) (1856 1024 0 ) 
4 176 186 (1472 1024 704 ) (1024 1024 704 ) (1024 1024 0 ) (1472 1024 0 ) 
4 176 178 (1024 1024 0 ) (1024 1024 704 ) (1024 1152 704 ) (1024 1152 0 ) 
4 177 187 (2048 1024 -128 ) (2048 1024 -64 ) (1024 1024 -64 ) (1024 1024 -128 ) 
4 177 180 (1024 1024 -128 ) (1024 1024 -64 ) (1024 2048 -64 ) (1024 2048 -128 ) 
4 178 193 (1024 1024 0 ) (1024 1024 704 ) (256 1024 704 ) (256 1024 0 ) 
4 178 192 (1024 1024 704 ) (1024 1024 1856 ) (256 1024 1856 ) (256 1024 704 ) 
4 178 179 (256 1024 704 ) (256 1024 1856 ) (256 2048 1856 ) (256 2048 704 ) 
4 179 192 (256 1024 1856 ) (0 1024 1856 ) (0 1024 704 ) (256 1024 704 ) 
4 179 181 (0 2048 1856 ) (0 2048 704 ) (0 1024 704 ) (0 1024 1856 ) 
4 180 195 (1024 1024 -128 ) (1024 1024 -64 ) (0 1024 -64 ) (0 1024 -128 ) 
4 180 183 (0 2048 -64 ) (0 2048 -128 ) (0 1024 -128 ) (0 1024 -64 ) 
4 181 196 (0 1024 704 ) (0 1024 1856 ) (-256 1024 1856 ) (-256 1024 704 ) 
4 181 182 (-256 1024 704 ) (-256 1024 1856 ) (-256 2048 1856 ) (-256 2048 704 ) 
4 182 225 (-1024 2048 1856 ) (-1024 2048 0 ) (-1024 1024 0 ) (-1024 1024 1856 ) 
4 182 198 (-1024 1024 1856 ) (-1024 1024 0 ) (-256 1024 0 ) (-256 1024 1856 ) 
4 183 228 (-1024 2048 -64 ) (-1024 2048 -128 ) (-1024 1024 -128 ) (-1024 1024 -64 ) 
4 183 199 (-1024 1024 -64 ) (-1024 1024 -128 ) (0 1024 -128 ) (0 1024 -64 ) 
4 184 188 (2048 0 0 ) (2048 0 1856 ) (1856 0 1856 ) (1856 0 0 ) 
4 184 185 (1856 0 704 ) (1856 0 1856 ) (1856 1024 1856 ) (1856 1024 704 ) 
4 185 189 (1856 0 1856 ) (1472 0 1856 ) (1472 0 704 ) (1856 0 704 ) 
4 185 186 (1472 0 704 ) (1472 0 1856 ) (1472 1024 1856 ) (1472 1024 704 ) 
4 186 194 (1024 832 0 ) (1024 0 0 ) (1024 0 704 ) (1024 832 704 ) 
4 186 193 (1024 1024 704 ) (1024 1024 0 ) (1024 832 0 ) (1024 832 704 ) 
4 186 192 (1024 1024 1856 ) (1024 1024 704 ) (1024 0 704 ) (1024 0 1856 ) 
4 186 190 (1472 0 1856 ) (1024 0 1856 ) (1024 0 0 ) (1472 0 0 ) 
4 187 195 (1024 1024 -64 ) (1024 1024 -128 ) (1024 0 -128 ) (1024 0 -64 ) 
4 187 191 (2048 0 -128 ) (2048 0 -64 ) (1024 0 -64 ) (1024 0 -128 ) 
4 188 211 (2048 -1024 0 ) (2048 -1024 1856 ) (1856 -1024 1856 ) (1856 -1024 0 ) 
4 188 189 (1856 -1024 704 ) (1856 -1024 1856 ) (1856 0 1856 ) (1856 0 704 ) 
4 189 211 (1856 -1024 1856 ) (1472 -1024 1856 ) (1472 -1024 704 ) (1856 -1024 704 ) 
4 189 190 (1472 -1024 704 ) (1472 -1024 1856 ) (1472 0 1856 ) (1472 0 704 ) 
4 190 211 (1472 -1024 1856 ) (1024 -1024 1856 ) (1024 -1024 0 ) (1472 -1024 0 ) 
4 190 201 (1024 -1024 0 ) (1024 -1024 704 ) (1024 0 704 ) (1024 0 0 ) 
4 190 200 (1024 -1024 704 ) (1024 -1024 1856 ) (1024 0 1856 ) (1024 0 704 ) 
4 191 212 (2048 -1024 -128 ) (2048 -1024 -64 ) (1024 -1024 -64 ) (1024 -1024 -128 ) 
4 191 202 (1024 -1024 -128 ) (1024 -1024 -64 ) (1024 0 -64 ) (1024 0 -128 ) 
4 192 200 (1024 0 704 ) (1024 0 1856 ) (0 0 1856 ) (0 0 704 ) 
4 192 196 (0 1024 1856 ) (0 1024 704 ) (0 832 704 ) (0 832 1856 ) 
4 192 197 (0 832 704 ) (0 0 704 ) (0 0 1856 ) (0 832 1856 ) 
4 192 194 (512 832 704 ) (1024 832 704 ) (1024 0 704 ) (512 0 704 ) 
4 192 193 (256 1024 704 ) (1024 1024 704 ) (1024 832 704 ) (256 832 704 ) 
4 193 194 (512 832 0 ) (1024 832 0 ) (1024 832 704 ) (512 832 704 ) 
4 194 201 (1024 0 0 ) (1024 0 704 ) (512 0 704 ) (512 0 0 ) 
4 195 202 (1024 0 -128 ) (1024 0 -64 ) (0 0 -64 ) (0 0 -128 ) 
4 195 199 (0 1024 -64 ) (0 1024 -128 ) (0 0 -128 ) (0 0 -64 ) 
4 196 197 (-256 832 1856 ) (-256 832 704 ) (0 832 704 ) (0 832 1856 ) 
4 196 198 (-256 832 704 ) (-256 832 1856 ) (-256 1024 1856 ) (-256 1024 704 ) 
4 197 207 (-256 0 0 ) (0 0 0 ) (0 0 160 ) (-256 0 160 ) 
4 197 203 (0 0 160 ) (0 0 1856 ) (-256 0 1856 ) (-256 0 160 ) 
4 197 198 (-256 832 0 ) (-256 0 0 ) (-256 0 1856 ) (-256 832 1856 ) 
4 198 233 (-1024 0 0 ) (-1024 0 1856 ) (-1024 1024 1856 ) (-1024 1024 0 ) 
4 198 208 (-800 0 0 ) (-608 0 0 ) (-608 0 160 ) (-800 0 160 ) 
4 198 207 (-608 0 0 ) (-256 0 0 ) (-256 0 160 ) (-608 0 160 ) 
4 198 209 (-1024 0 160 ) (-1024 0 0 ) (-800 0 0 ) (-800 0 160 ) 
3 198 206 (-832 0 160 ) (-576 0 160 ) (-704 0 256 ) 
4 198 205 (-1024 0 496 ) (-1024 0 160 ) (-832 0 160 ) (-704 0 256 ) 
5 198 203 (-1024 0 1856 ) (-1024 0 496 ) (-576 0 160 ) (-256 0 160 ) (-256 0 1856 ) 
4 199 236 (-1024 0 -128 ) (-1024 0 -64 ) (-1024 1024 -64 ) (-1024 1024 -128 ) 
4 199 210 (-1024 0 -64 ) (-1024 0 -128 ) (0 0 -128 ) (0 0 -64 ) 
4 200 213 (1024 -1024 704 ) (1024 -1024 1856 ) (0 -1024 1856 ) (0 -1024 704 ) 
4 200 203 (0 0 1856 ) (0 0 704 ) (0 -1024 704 ) (0 -1024 1856 ) 
4 200 201 (1024 -1024 704 ) (512 -1024 704 ) (512 0 704 ) (1024 0 704 ) 
4 201 213 (1024 -1024 0 ) (1024 -1024 704 ) (512 -1024 704 ) (512 -1024 0 ) 
4 202 214 (1024 -1024 -128 ) (1024 -1024 -64 ) (0 -1024 -64 ) (0 -1024 -128 ) 
4 202 210 (0 0 -64 ) (0 0 -128 ) (0 -1024 -128 ) (0 -1024 -64 ) 
4 203 241 (-1024 -1024 496 ) (-1024 -1024 1856 ) (-1024 0 1856 ) (-1024 0 496 ) 
5 203 215 (0 -1024 160 ) (0 -1024 1856 ) (-1024 -1024 1856 ) (-1024 -1024 496 ) (-576 -1024 160 ) 
4 203 207 (-576 0 160 ) (0 0 160 ) (0 -1024 160 ) (-576 -1024 160 ) 
5 203 206 (-703.997803 0 256.001648 ) (-575.995605 0 160 ) (-575.995605 -832 160 ) (-703.995605 -960 256 ) (-703.997803 -959.997803 256.001678 ) 
4 203 205 (-1024 -639.995483 496.003448 ) (-1024 0 496.003448 ) (-703.997803 0 256.001648 ) (-703.997803 -959.997803 256.001678 ) 
3 203 204 (-1024 -1024 496.003448 ) (-1024 -639.995483 496.003448 ) (-639.995605 -1024 208 ) 
3 204 241 (-1024 -1024 208 ) (-1024 -1024 496 ) (-1024 -640 496 ) 
3 204 216 (-1024 -1024 496 ) (-1024 -1024 208 ) (-640 -1024 208 ) 
4 204 205 (-1024 -640 496 ) (-704 -960 256 ) (-768 -1024 208 ) (-1024 -1024 208 ) 
5 205 241 (-1024 -1024 160 ) (-1024 -1024 208 ) (-1024 -640 496 ) (-1024 0 496 ) (-1024 0 160 ) 
4 205 217 (-1024 -1024 208 ) (-1024 -1024 160 ) (-832 -1024 160 ) (-768 -1024 208 ) 
4 205 209 (-1024 -1024 160 ) (-1024 0 160 ) (-832 0 160 ) (-832 -1024 160 ) 
4 205 206 (-832.002563 -832 160 ) (-832.002502 0 160 ) (-704.007690 0 255.996155 ) (-704.007812 -959.994751 255.996094 ) 
4 206 208 (-800 0 160 ) (-608 0 160 ) (-608 -832 160 ) (-800 -832 160 ) 
4 206 207 (-608 0 160 ) (-576 0 160 ) (-576 -832 160 ) (-608 -832 160 ) 
4 206 209 (-832 0 160 ) (-800 0 160 ) (-800 -832 160 ) (-832 -832 160 ) 
4 207 218 (0 -1024 0 ) (0 -1024 160 ) (-608 -1024 160 ) (-608 -1024 0 ) 
4 207 208 (-608 0 0 ) (-608 -864 0 ) (-608 -864 160 ) (-608 0 160 ) 
4 208 209 (-800 0 0 ) (-800 -864 0 ) (-800 -864 160 ) (-800 0 160 ) 
4 209 241 (-1024 -1024 0 ) (-1024 -1024 160 ) (-1024 0 160 ) (-1024 0 0 ) 
4 209 220 (-800 -1024 160 ) (-1024 -1024 160 ) (-1024 -1024 0 ) (-800 -1024 0 ) 
4 210 243 (-1024 -1024 -128 ) (-1024 -1024 -64 ) (-1024 0 -64 ) (-1024 0 -128 ) 
4 210 221 (0 -1024 -128 ) (0 -1024 -64 ) (-1024 -1024 -64 ) (-1024 -1024 -128 ) 
4 211 222 (2048 -2048 0 ) (2048 -2048 1856 ) (1024 -2048 1856 ) (1024 -2048 0 ) 
4 211 213 (1024 -2048 0 ) (1024 -2048 1856 ) (1024 -1024 1856 ) (1024 -1024 0 ) 
4 212 222 (2048 -2048 -128 ) (2048 -2048 -64 ) (1024 -2048 -64 ) (1024 -2048 -128 ) 
4 212 214 (1024 -2048 -128 ) (1024 -2048 -64 ) (1024 -1024 -64 ) (1024 -1024 -128 ) 
4 213 223 (1024 -2048 0 ) (1024 -2048 1856 ) (0 -2048 1856 ) (0 -2048 0 ) 
4 213 218 (0 -1024 160 ) (0 -1024 0 ) (0 -2048 0 ) (0 -2048 160 ) 
4 213 215 (0 -1024 1856 ) (0 -1024 160 ) (0 -2048 160 ) (0 -2048 1856 ) 
4 214 223 (1024 -2048 -128 ) (1024 -2048 -64 ) (0 -2048 -64 ) (0 -2048 -128 ) 
4 214 221 (0 -1024 -64 ) (0 -1024 -128 ) (0 -2048 -128 ) (0 -2048 -64 ) 
4 215 250 (-1024 -2048 496 ) (-1024 -2048 1856 ) (-1024 -1024 1856 ) (-1024 -1024 496 ) 
5 215 224 (-1024 -2048 1856 ) (-1024 -2048 496 ) (-576 -2048 160 ) (0 -2048 160 ) (0 -2048 1856 ) 
4 215 218 (0 -2048 160 ) (-576 -2048 160 ) (-576 -1024 160 ) (0 -1024 160 ) 
5 215 216 (-1024 -1024 496.003418 ) (-639.995605 -1024 208 ) (-575.995605 -1088 160 ) (-575.995605 -2048 160 ) (-1024 -2048 496.003418 ) 
5 216 250 (-1024 -2048 160 ) (-1024 -2048 496 ) (-1024 -1024 496 ) (-1024 -1024 208 ) (-1024 -1088 160 ) 
3 216 224 (-1024 -2048 496 ) (-1024 -2048 160 ) (-576 -2048 160 ) 
4 216 219 (-608 -2048 160 ) (-800 -2048 160 ) (-800 -1088 160 ) (-608 -1088 160 ) 
4 216 218 (-576 -2048 160 ) (-608 -2048 160 ) (-608 -1088 160 ) (-576 -1088 160 ) 
4 216 220 (-800 -2048 160 ) (-1024 -2048 160 ) (-1024 -1088 160 ) (-800 -1088 160 ) 
4 216 217 (-832 -1088 160 ) (-1024 -1088 160 ) (-1024 -1024 208 ) (-768 -1024 208 ) 
3 217 250 (-1024 -1024 208 ) (-1024 -1024 160 ) (-1024 -1088 160 ) 
4 217 220 (-1024 -1088 160 ) (-1024 -1024 160 ) (-832 -1024 160 ) (-832 -1088 160 ) 
4 218 224 (-608 -2048 0 ) (0 -2048 0 ) (0 -2048 160 ) (-608 -2048 160 ) 
4 218 219 (-608 -1056 0 ) (-608 -2048 0 ) (-608 -2048 160 ) (-608 -1056 160 ) 
4 219 224 (-800 -2048 0 ) (-608 -2048 0 ) (-608 -2048 160 ) (-800 -2048 160 ) 
4 219 220 (-800 -1056 0 ) (-800 -2048 0 ) (-800 -2048 160 ) (-800 -1056 160 ) 
4 220 250 (-1024 -2048 0 ) (-1024 -2048 160 ) (-1024 -1024 160 ) (-1024 -1024 0 ) 
4 220 224 (-1024 -2048 160 ) (-1024 -2048 0 ) (-800 -2048 0 ) (-800 -2048 160 ) 
4 221 251 (-1024 -2048 -128 ) (-1024 -2048 -64 ) (-1024 -1024 -64 ) (-1024 -1024 -128 ) 
4 221 224 (-1024 -2048 -64 ) (-1024 -2048 -128 ) (0 -2048 -128 ) (0 -2048 -64 ) 
4 222 223 (1024 -2048 1856 ) (1024 -2048 -128 ) (1024 -2560 -128 ) (1024 -2560 1856 ) 
4 223 224 (0 -2048 1856 ) (0 -2048 -128 ) (0 -2560 -128 ) (0 -2560 1856 ) 
4 224 254 (-1024 -2560 -128 ) (-1024 -2560 1856 ) (-1024 -2048 1856 ) (-1024 -2048 -128 ) 
4 225 233 (-1024 1024 0 ) (-1024 1024 1856 ) (-1792 1024 1856 ) (-1792 1024 0 ) 
4 225 226 (-1792 1216 640 ) (-1792 1216 1856 ) (-1792 2048 1856 ) (-1792 2048 640 ) 
4 225 227 (-1792 1216 0 ) (-1792 1024 0 ) (-1792 1024 1856 ) (-1792 1216 1856 ) 
4 226 229 (-2048 2048 1856 ) (-2048 2048 640 ) (-2048 1216 640 ) (-2048 1216 1856 ) 
4 226 227 (-1792 1216 640 ) (-1792 1216 1856 ) (-2048 1216 1856 ) (-2048 1216 640 ) 
4 227 234 (-1792 1024 1856 ) (-2048 1024 1856 ) (-2048 1024 0 ) (-1792 1024 0 ) 
4 227 230 (-2048 1216 0 ) (-2048 1024 0 ) (-2048 1024 1856 ) (-2048 1216 1856 ) 
4 228 236 (-1024 1024 -128 ) (-1024 1024 -64 ) (-2048 1024 -64 ) (-2048 1024 -128 ) 
4 228 232 (-2048 2048 -64 ) (-2048 2048 -128 ) (-2048 1024 -128 ) (-2048 1024 -64 ) 
4 229 230 (-2304 1216 1856 ) (-2304 1216 640 ) (-2048 1216 640 ) (-2048 1216 1856 ) 
4 229 231 (-2304 1216 640 ) (-2304 1216 1856 ) (-2304 2048 1856 ) (-2304 2048 640 ) 
4 230 237 (-2048 1024 0 ) (-2048 1024 1856 ) (-2304 1024 1856 ) (-2304 1024 0 ) 
4 230 231 (-2304 1216 0 ) (-2304 1024 0 ) (-2304 1024 1856 ) (-2304 1216 1856 ) 
4 231 247 (-3072 2048 1856 ) (-3072 2048 0 ) (-3072 1024 0 ) (-3072 1024 1856 ) 
4 231 239 (-2304 1024 1856 ) (-3072 1024 1856 ) (-3072 1024 0 ) (-2304 1024 0 ) 
4 232 247 (-3072 2048 -64 ) (-3072 2048 -128 ) (-3072 1024 -128 ) (-3072 1024 -64 ) 
4 232 240 (-2048 1024 -128 ) (-2048 1024 -64 ) (-3072 1024 -64 ) (-3072 1024 -128 ) 
4 233 241 (-1024 0 0 ) (-1024 0 1856 ) (-1792 0 1856 ) (-1792 0 0 ) 
4 233 235 (-1792 0 640 ) (-1792 0 1856 ) (-1792 192 1856 ) (-1792 192 640 ) 
4 233 234 (-1792 1024 0 ) (-1792 192 0 ) (-1792 192 1856 ) (-1792 1024 1856 ) 
4 234 237 (-2048 192 1856 ) (-2048 1024 1856 ) (-2048 1024 0 ) (-2048 192 0 ) 
4 234 235 (-1792 192 640 ) (-1792 192 1856 ) (-2048 192 1856 ) (-2048 192 640 ) 
4 235 242 (-1792 0 1856 ) (-2048 0 1856 ) (-2048 0 640 ) (-1792 0 640 ) 
4 235 238 (-2048 0 640 ) (-2048 0 1856 ) (-2048 192 1856 ) (-2048 192 640 ) 
4 236 243 (-1024 0 -128 ) (-1024 0 -64 ) (-2048 0 -64 ) (-2048 0 -128 ) 
4 236 240 (-2048 0 -128 ) (-2048 0 -64 ) (-2048 1024 -64 ) (-2048 1024 -128 ) 
4 237 238 (-2304 192 1856 ) (-2304 192 640 ) (-2048 192 640 ) (-2048 192 1856 ) 
4 237 239 (-2304 1024 0 ) (-2304 192 0 ) (-2304 192 1856 ) (-2304 1024 1856 ) 
4 238 244 (-2048 0 640 ) (-2048 0 1856 ) (-2304 0 1856 ) (-2304 0 640 ) 
4 238 239 (-2304 0 640 ) (-2304 0 1856 ) (-2304 192 1856 ) (-2304 192 640 ) 
4 239 248 (-3072 0 0 ) (-3072 0 1856 ) (-3072 1024 1856 ) (-3072 1024 0 ) 
4 239 245 (-3072 0 1856 ) (-3072 0 0 ) (-2304 0 0 ) (-2304 0 1856 ) 
4 240 248 (-3072 0 -128 ) (-3072 0 -64 ) (-3072 1024 -64 ) (-3072 1024 -128 ) 
4 240 246 (-3072 0 -64 ) (-3072 0 -128 ) (-2048 0 -128 ) (-2048 0 -64 ) 
4 241 250 (-1024 -1024 0 ) (-1024 -1024 1856 ) (-1792 -1024 1856 ) (-1792 -1024 0 ) 
4 241 242 (-1792 -1024 640 ) (-1792 -1024 1856 ) (-1792 0 1856 ) (-1792 0 640 ) 
4 242 250 (-1792 -1024 1856 ) (-2048 -1024 1856 ) (-2048 -1024 640 ) (-1792 -1024 640 ) 
4 242 244 (-2048 0 1856 ) (-2048 0 640 ) (-2048 -1024 640 ) (-2048 -1024 1856 ) 
4 243 251 (-1024 -1024 -128 ) (-1024 -1024 -64 ) (-2048 -1024 -64 ) (-2048 -1024 -128 ) 
4 243 246 (-2048 0 -64 ) (-2048 0 -128 ) (-2048 -1024 -128 ) (-2048 -1024 -64 ) 
4 244 252 (-2048 -1024 640 ) (-2048 -1024 1856 ) (-2304 -1024 1856 ) (-2304 -1024 640 ) 
4 244 245 (-2304 -1024 640 ) (-2304 -1024 1856 ) (-2304 0 1856 ) (-2304 0 640 ) 
4 245 252 (-2304 -1024 1856 ) (-3072 -1024 1856 ) (-3072 -1024 0 ) (-2304 -1024 0 ) 
4 245 249 (-3072 -1024 0 ) (-3072 -1024 1856 ) (-3072 0 1856 ) (-3072 0 0 ) 
4 246 253 (-2048 -1024 -128 ) (-2048 -1024 -64 ) (-3072 -1024 -64 ) (-3072 -1024 -128 ) 
4 246 249 (-3072 -1024 -128 ) (-3072 -1024 -64 ) (-3072 0 -64 ) (-3072 0 -128 ) 
4 247 248 (-3072 1024 -128 ) (-3072 1024 1856 ) (-3584 1024 1856 ) (-3584 1024 -128 ) 
4 248 249 (-3072 0 -128 ) (-3072 0 1856 ) (-3584 0 1856 ) (-3584 0 -128 ) 
4 249 256 (-3072 -1024 -128 ) (-3072 -1024 1856 ) (-3584 -1024 1856 ) (-3584 -1024 -128 ) 
4 250 254 (-1024 -2048 0 ) (-1024 -2048 1856 ) (-2048 -2048 1856 ) (-2048 -2048 0 ) 
4 250 252 (-2048 -1024 1856 ) (-2048 -1024 0 ) (-2048 -2048 0 ) (-2048 -2048 1856 ) 
4 251 254 (-1024 -2048 -128 ) (-1024 -2048 -64 ) (-2048 -2048 -64 ) (-2048 -2048 -128 ) 
4 251 253 (-2048 -1024 -64 ) (-2048 -1024 -128 ) (-2048 -2048 -128 ) (-2048 -2048 -64 ) 
4 252 256 (-3072 -1024 1856 ) (-3072 -1024 0 ) (-3072 -2048 0 ) (-3072 -2048 1856 ) 
4 252 255 (-2048 -2048 0 ) (-2048 -2048 1856 ) (-3072 -2048 1856 ) (-3072 -2048 0 ) 
4 253 256 (-3072 -1024 -64 ) (-3072 -1024 -128 ) (-3072 -2048 -128 ) (-3072 -2048 -64 ) 
4 253 255 (-2048 -2048 -128 ) (-2048 -2048 -64 ) (-3072 -2048 -64 ) (-3072 -2048 -128 ) 
4 254 255 (-2048 -2560 -128 ) (-2048 -2560 1856 ) (-2048 -2048 1856 ) (-2048 -2048 -128 ) 
4 255 257 (-3072 -2560 -128 ) (-3072 -2560 1856 ) (-3072 -2048 1856 ) (-3072 -2048 -128 ) 
4 256 257 (-3072 -2048 -128 ) (-3072 -2048 1856 ) (-3584 -2048 1856 ) (-3584 -2048 -128 ) 
