PRT1
221
673
4 0 3 (4096 3072 -576 ) (4096 3072 1024 ) (3072 3072 1024 ) (3072 3072 -576 ) 
4 0 1 (3072 3072 -576 ) (3072 3072 1024 ) (3072 4096 1024 ) (3072 4096 -576 ) 
4 1 10 (3072 3072 -576 ) (3072 3072 -320 ) (2048 3072 -320 ) (2048 3072 -576 ) 
4 1 8 (2560 3072 -32 ) (2048 3072 -32 ) (2048 3072 -320 ) (2560 3072 -320 ) 
4 1 7 (3072 3072 -320 ) (3072 3072 -32 ) (2560 3072 -32 ) (2560 3072 -320 ) 
4 1 6 (3072 3072 -32 ) (3072 3072 1024 ) (2048 3072 1024 ) (2048 3072 -32 ) 
4 1 2 (2048 3072 -576 ) (2048 3072 1024 ) (2048 4096 1024 ) (2048 4096 -576 ) 
4 2 62 (1024 3072 -576 ) (1024 3072 1024 ) (1024 4096 1024 ) (1024 4096 -576 ) 
4 2 14 (2048 3072 -576 ) (2048 3072 -320 ) (1024 3072 -320 ) (1024 3072 -576 ) 
4 2 12 (2048 3072 -320 ) (2048 3072 -32 ) (1024 3072 -32 ) (1024 3072 -320 ) 
4 2 11 (2048 3072 -32 ) (2048 3072 1024 ) (1024 3072 1024 ) (1024 3072 -32 ) 
4 3 10 (3072 3072 -320 ) (3072 3072 -576 ) (3072 2048 -576 ) (3072 2048 -320 ) 
4 3 7 (3072 3072 -32 ) (3072 3072 -320 ) (3072 2048 -320 ) (3072 2048 -32 ) 
4 3 6 (3072 3072 1024 ) (3072 3072 -32 ) (3072 2048 -32 ) (3072 2048 1024 ) 
4 3 4 (4096 2048 -576 ) (4096 2048 1024 ) (3072 2048 1024 ) (3072 2048 -576 ) 
4 4 18 (3072 1024 -576 ) (3072 1024 -320 ) (3072 2048 -320 ) (3072 2048 -576 ) 
4 4 16 (3072 1024 -320 ) (3072 1024 -32 ) (3072 2048 -32 ) (3072 2048 -320 ) 
4 4 15 (3072 1024 -32 ) (3072 1024 1024 ) (3072 2048 1024 ) (3072 2048 -32 ) 
4 4 5 (3072 1024 1024 ) (3072 1024 -576 ) (4096 1024 -576 ) (4096 1024 1024 ) 
4 5 29 (4096 0 -576 ) (4096 0 1024 ) (3072 0 1024 ) (3072 0 -576 ) 
4 5 25 (3072 0 -576 ) (3072 0 -320 ) (3072 1024 -320 ) (3072 1024 -576 ) 
4 5 23 (3072 0 -320 ) (3072 0 -32 ) (3072 1024 -32 ) (3072 1024 -320 ) 
4 5 22 (3072 0 -32 ) (3072 0 1024 ) (3072 1024 1024 ) (3072 1024 -32 ) 
4 6 15 (3072 2048 -32 ) (3072 2048 1024 ) (2048 2048 1024 ) (2048 2048 -32 ) 
4 6 11 (2048 3072 1024 ) (2048 3072 -32 ) (2048 2048 -32 ) (2048 2048 1024 ) 
4 6 9 (2048 2048 -32 ) (2048 2560 -32 ) (2560 2560 -32 ) (2560 2048 -32 ) 
4 6 8 (2048 2560 -32 ) (2048 3072 -32 ) (2560 3072 -32 ) (2560 2560 -32 ) 
4 6 7 (2560 3072 -32 ) (3072 3072 -32 ) (3072 2048 -32 ) (2560 2048 -32 ) 
4 7 16 (3072 2048 -320 ) (3072 2048 -32 ) (2560 2048 -32 ) (2560 2048 -320 ) 
4 7 10 (3072 2048 -320 ) (2560 2048 -320 ) (2560 3072 -320 ) (3072 3072 -320 ) 
4 7 9 (2560 2560 -320 ) (2560 2048 -320 ) (2560 2048 -32 ) (2560 2560 -32 ) 
4 7 8 (2560 3072 -320 ) (2560 2560 -320 ) (2560 2560 -32 ) (2560 3072 -32 ) 
4 8 12 (2048 3072 -32 ) (2048 3072 -320 ) (2048 2560 -320 ) (2048 2560 -32 ) 
4 8 10 (2048 2560 -320 ) (2048 3072 -320 ) (2560 3072 -320 ) (2560 2560 -320 ) 
4 8 9 (2048 2560 -320 ) (2560 2560 -320 ) (2560 2560 -32 ) (2048 2560 -32 ) 
4 9 17 (2560 2048 -32 ) (2048 2048 -32 ) (2048 2048 -320 ) (2560 2048 -320 ) 
4 9 13 (2048 2560 -320 ) (2048 2048 -320 ) (2048 2048 -32 ) (2048 2560 -32 ) 
4 9 10 (2560 2048 -320 ) (2048 2048 -320 ) (2048 2560 -320 ) (2560 2560 -320 ) 
4 10 18 (3072 2048 -576 ) (3072 2048 -320 ) (2048 2048 -320 ) (2048 2048 -576 ) 
4 10 14 (2048 3072 -320 ) (2048 3072 -576 ) (2048 2048 -576 ) (2048 2048 -320 ) 
4 11 65 (1024 2048 -32 ) (1024 2048 1024 ) (1024 3072 1024 ) (1024 3072 -32 ) 
4 11 19 (2048 2048 -32 ) (2048 2048 1024 ) (1024 2048 1024 ) (1024 2048 -32 ) 
4 11 13 (2048 2048 -32 ) (1024 2048 -32 ) (1024 2560 -32 ) (2048 2560 -32 ) 
4 11 12 (1024 2560 -32 ) (1024 3072 -32 ) (2048 3072 -32 ) (2048 2560 -32 ) 
4 12 66 (1024 2560 -32 ) (1024 3072 -32 ) (1024 3072 -320 ) (1024 2560 -320 ) 
4 12 14 (2048 3072 -320 ) (2048 2560 -320 ) (1024 2560 -320 ) (1024 3072 -320 ) 
4 12 13 (1024 2560 -320 ) (2048 2560 -320 ) (2048 2560 -32 ) (1024 2560 -32 ) 
4 13 67 (1024 2048 -320 ) (1024 2048 -32 ) (1024 2560 -32 ) (1024 2560 -320 ) 
4 13 20 (2048 2048 -320 ) (2048 2048 -32 ) (1024 2048 -32 ) (1024 2048 -320 ) 
4 13 14 (2048 2560 -320 ) (2048 2048 -320 ) (1024 2048 -320 ) (1024 2560 -320 ) 
4 14 68 (1024 2048 -576 ) (1024 2048 -320 ) (1024 3072 -320 ) (1024 3072 -576 ) 
4 14 21 (2048 2048 -576 ) (2048 2048 -320 ) (1024 2048 -320 ) (1024 2048 -576 ) 
4 15 22 (3072 1024 -32 ) (3072 1024 1024 ) (2048 1024 1024 ) (2048 1024 -32 ) 
4 15 19 (2048 1024 -32 ) (2048 1024 1024 ) (2048 2048 1024 ) (2048 2048 -32 ) 
4 15 17 (2048 1024 -32 ) (2048 2048 -32 ) (2560 2048 -32 ) (2560 1024 -32 ) 
4 15 16 (2560 2048 -32 ) (3072 2048 -32 ) (3072 1024 -32 ) (2560 1024 -32 ) 
4 16 23 (3072 1024 -320 ) (3072 1024 -32 ) (2560 1024 -32 ) (2560 1024 -320 ) 
4 16 18 (3072 1024 -320 ) (2560 1024 -320 ) (2560 2048 -320 ) (3072 2048 -320 ) 
4 16 17 (2560 2048 -320 ) (2560 1024 -320 ) (2560 1024 -32 ) (2560 2048 -32 ) 
4 17 24 (2560 1024 -32 ) (2048 1024 -32 ) (2048 1024 -320 ) (2560 1024 -320 ) 
4 17 20 (2048 1024 -320 ) (2048 1024 -32 ) (2048 2048 -32 ) (2048 2048 -320 ) 
4 17 18 (2560 1024 -320 ) (2048 1024 -320 ) (2048 2048 -320 ) (2560 2048 -320 ) 
4 18 25 (3072 1024 -576 ) (3072 1024 -320 ) (2048 1024 -320 ) (2048 1024 -576 ) 
4 18 21 (2048 1024 -576 ) (2048 1024 -320 ) (2048 2048 -320 ) (2048 2048 -576 ) 
4 19 82 (1024 1024 -32 ) (1024 1024 256 ) (1024 2048 256 ) (1024 2048 -32 ) 
4 19 81 (1024 1024 256 ) (1024 1024 1024 ) (1024 2048 1024 ) (1024 2048 256 ) 
4 19 26 (1024 1024 1024 ) (1024 1024 -32 ) (2048 1024 -32 ) (2048 1024 1024 ) 
4 19 20 (2048 1024 -32 ) (1024 1024 -32 ) (1024 2048 -32 ) (2048 2048 -32 ) 
4 20 87 (1024 1024 -320 ) (1024 1024 -32 ) (1024 2048 -32 ) (1024 2048 -320 ) 
4 20 27 (1024 1024 -32 ) (1024 1024 -320 ) (2048 1024 -320 ) (2048 1024 -32 ) 
4 20 21 (1024 2048 -320 ) (2048 2048 -320 ) (2048 1024 -320 ) (1024 1024 -320 ) 
4 21 88 (1024 1024 -576 ) (1024 1024 -320 ) (1024 2048 -320 ) (1024 2048 -576 ) 
4 21 28 (1024 1024 -320 ) (1024 1024 -576 ) (2048 1024 -576 ) (2048 1024 -320 ) 
4 22 32 (3072 0 -32 ) (3072 0 1024 ) (2048 0 1024 ) (2048 0 -32 ) 
4 22 26 (2048 1024 1024 ) (2048 1024 -32 ) (2048 0 -32 ) (2048 0 1024 ) 
4 22 24 (2048 0 -32 ) (2048 1024 -32 ) (2560 1024 -32 ) (2560 0 -32 ) 
4 22 23 (2560 1024 -32 ) (3072 1024 -32 ) (3072 0 -32 ) (2560 0 -32 ) 
4 23 33 (3072 0 -320 ) (3072 0 -32 ) (2560 0 -32 ) (2560 0 -320 ) 
4 23 25 (3072 0 -320 ) (2560 0 -320 ) (2560 1024 -320 ) (3072 1024 -320 ) 
4 23 24 (2560 1024 -320 ) (2560 0 -320 ) (2560 0 -32 ) (2560 1024 -32 ) 
4 24 34 (2560 0 -32 ) (2048 0 -32 ) (2048 0 -320 ) (2560 0 -320 ) 
4 24 27 (2048 1024 -32 ) (2048 1024 -320 ) (2048 0 -320 ) (2048 0 -32 ) 
4 24 25 (2560 0 -320 ) (2048 0 -320 ) (2048 1024 -320 ) (2560 1024 -320 ) 
4 25 35 (3072 0 -576 ) (3072 0 -320 ) (2048 0 -320 ) (2048 0 -576 ) 
4 25 28 (2048 1024 -320 ) (2048 1024 -576 ) (2048 0 -576 ) (2048 0 -320 ) 
4 26 89 (1024 0 -32 ) (1024 0 1024 ) (1024 1024 1024 ) (1024 1024 -32 ) 
4 26 36 (2048 0 -32 ) (2048 0 1024 ) (1024 0 1024 ) (1024 0 -32 ) 
4 26 27 (2048 0 -32 ) (1024 0 -32 ) (1024 1024 -32 ) (2048 1024 -32 ) 
4 27 90 (1024 0 -320 ) (1024 0 -32 ) (1024 1024 -32 ) (1024 1024 -320 ) 
4 27 37 (2048 0 -320 ) (2048 0 -32 ) (1024 0 -32 ) (1024 0 -320 ) 
4 27 28 (1024 0 -320 ) (1024 1024 -320 ) (2048 1024 -320 ) (2048 0 -320 ) 
4 28 91 (1024 0 -576 ) (1024 0 -320 ) (1024 1024 -320 ) (1024 1024 -576 ) 
4 28 38 (2048 0 -576 ) (2048 0 -320 ) (1024 0 -320 ) (1024 0 -576 ) 
4 29 35 (3072 0 -320 ) (3072 0 -576 ) (3072 -1024 -576 ) (3072 -1024 -320 ) 
4 29 33 (3072 0 -32 ) (3072 0 -320 ) (3072 -1024 -320 ) (3072 -1024 -32 ) 
4 29 32 (3072 0 1024 ) (3072 0 -32 ) (3072 -1024 -32 ) (3072 -1024 1024 ) 
4 29 30 (4096 -1024 -576 ) (4096 -1024 1024 ) (3072 -1024 1024 ) (3072 -1024 -576 ) 
4 30 42 (3072 -2048 -576 ) (3072 -2048 -320 ) (3072 -1024 -320 ) (3072 -1024 -576 ) 
4 30 40 (3072 -2048 -320 ) (3072 -2048 -32 ) (3072 -1024 -32 ) (3072 -1024 -320 ) 
4 30 39 (3072 -2048 -32 ) (3072 -2048 1024 ) (3072 -1024 1024 ) (3072 -1024 -32 ) 
4 30 31 (3072 -2048 1024 ) (3072 -2048 -576 ) (4096 -2048 -576 ) (4096 -2048 1024 ) 
4 31 59 (4096 -3072 -576 ) (4096 -3072 1024 ) (3072 -3072 1024 ) (3072 -3072 -576 ) 
4 31 50 (3072 -3072 -576 ) (3072 -3072 -320 ) (3072 -2048 -320 ) (3072 -2048 -576 ) 
4 31 47 (3072 -3072 -320 ) (3072 -3072 -32 ) (3072 -2048 -32 ) (3072 -2048 -320 ) 
4 31 46 (3072 -3072 -32 ) (3072 -3072 1024 ) (3072 -2048 1024 ) (3072 -2048 -32 ) 
4 32 39 (3072 -1024 -32 ) (3072 -1024 1024 ) (2048 -1024 1024 ) (2048 -1024 -32 ) 
4 32 36 (2048 0 1024 ) (2048 0 -32 ) (2048 -1024 -32 ) (2048 -1024 1024 ) 
4 32 34 (2048 -1024 -32 ) (2048 0 -32 ) (2560 0 -32 ) (2560 -1024 -32 ) 
4 32 33 (2560 0 -32 ) (3072 0 -32 ) (3072 -1024 -32 ) (2560 -1024 -32 ) 
4 33 40 (3072 -1024 -320 ) (3072 -1024 -32 ) (2560 -1024 -32 ) (2560 -1024 -320 ) 
4 33 35 (3072 -1024 -320 ) (2560 -1024 -320 ) (2560 0 -320 ) (3072 0 -320 ) 
4 33 34 (2560 0 -320 ) (2560 -1024 -320 ) (2560 -1024 -32 ) (2560 0 -32 ) 
4 34 41 (2560 -1024 -32 ) (2048 -1024 -32 ) (2048 -1024 -320 ) (2560 -1024 -320 ) 
4 34 37 (2048 0 -32 ) (2048 0 -320 ) (2048 -1024 -320 ) (2048 -1024 -32 ) 
4 34 35 (2560 -1024 -320 ) (2048 -1024 -320 ) (2048 0 -320 ) (2560 0 -320 ) 
4 35 42 (3072 -1024 -576 ) (3072 -1024 -320 ) (2048 -1024 -320 ) (2048 -1024 -576 ) 
4 35 38 (2048 0 -320 ) (2048 0 -576 ) (2048 -1024 -576 ) (2048 -1024 -320 ) 
4 36 135 (1024 -1024 -32 ) (1024 -1024 1024 ) (1024 0 1024 ) (1024 0 -32 ) 
4 36 43 (2048 -1024 -32 ) (2048 -1024 1024 ) (1024 -1024 1024 ) (1024 -1024 -32 ) 
4 36 37 (2048 -1024 -32 ) (1024 -1024 -32 ) (1024 0 -32 ) (2048 0 -32 ) 
4 37 136 (1024 -1024 -320 ) (1024 -1024 -32 ) (1024 0 -32 ) (1024 0 -320 ) 
4 37 44 (2048 -1024 -320 ) (2048 -1024 -32 ) (1024 -1024 -32 ) (1024 -1024 -320 ) 
4 37 38 (2048 0 -320 ) (2048 -1024 -320 ) (1024 -1024 -320 ) (1024 0 -320 ) 
4 38 137 (1024 -1024 -576 ) (1024 -1024 -320 ) (1024 0 -320 ) (1024 0 -576 ) 
4 38 45 (2048 -1024 -576 ) (2048 -1024 -320 ) (1024 -1024 -320 ) (1024 -1024 -576 ) 
4 39 46 (3072 -2048 -32 ) (3072 -2048 1024 ) (2048 -2048 1024 ) (2048 -2048 -32 ) 
4 39 43 (2048 -2048 -32 ) (2048 -2048 1024 ) (2048 -1024 1024 ) (2048 -1024 -32 ) 
4 39 41 (2048 -2048 -32 ) (2048 -1024 -32 ) (2560 -1024 -32 ) (2560 -2048 -32 ) 
4 39 40 (2560 -1024 -32 ) (3072 -1024 -32 ) (3072 -2048 -32 ) (2560 -2048 -32 ) 
4 40 47 (3072 -2048 -320 ) (3072 -2048 -32 ) (2560 -2048 -32 ) (2560 -2048 -320 ) 
4 40 42 (3072 -2048 -320 ) (2560 -2048 -320 ) (2560 -1024 -320 ) (3072 -1024 -320 ) 
4 40 41 (2560 -1024 -320 ) (2560 -2048 -320 ) (2560 -2048 -32 ) (2560 -1024 -32 ) 
4 41 48 (2560 -2048 -32 ) (2048 -2048 -32 ) (2048 -2048 -320 ) (2560 -2048 -320 ) 
4 41 44 (2048 -2048 -320 ) (2048 -2048 -32 ) (2048 -1024 -32 ) (2048 -1024 -320 ) 
4 41 42 (2560 -2048 -320 ) (2048 -2048 -320 ) (2048 -1024 -320 ) (2560 -1024 -320 ) 
4 42 50 (3072 -2048 -576 ) (3072 -2048 -320 ) (2048 -2048 -320 ) (2048 -2048 -576 ) 
4 42 45 (2048 -2048 -576 ) (2048 -2048 -320 ) (2048 -1024 -320 ) (2048 -1024 -576 ) 
4 43 171 (1024 -2048 -32 ) (1024 -2048 1024 ) (1024 -1024 1024 ) (1024 -1024 -32 ) 
4 43 51 (1024 -2048 1024 ) (1024 -2048 -32 ) (2048 -2048 -32 ) (2048 -2048 1024 ) 
4 43 44 (2048 -2048 -32 ) (1024 -2048 -32 ) (1024 -1024 -32 ) (2048 -1024 -32 ) 
4 44 172 (1024 -2048 -320 ) (1024 -2048 -32 ) (1024 -1024 -32 ) (1024 -1024 -320 ) 
4 44 52 (1024 -2048 -32 ) (1024 -2048 -320 ) (2048 -2048 -320 ) (2048 -2048 -32 ) 
4 44 45 (1024 -1024 -320 ) (2048 -1024 -320 ) (2048 -2048 -320 ) (1024 -2048 -320 ) 
4 45 173 (1024 -2048 -576 ) (1024 -2048 -320 ) (1024 -1024 -320 ) (1024 -1024 -576 ) 
4 45 54 (1024 -2048 -320 ) (1024 -2048 -576 ) (2048 -2048 -576 ) (2048 -2048 -320 ) 
4 46 60 (3072 -3072 -32 ) (3072 -3072 1024 ) (2048 -3072 1024 ) (2048 -3072 -32 ) 
4 46 51 (2048 -2048 1024 ) (2048 -2048 -32 ) (2048 -3072 -32 ) (2048 -3072 1024 ) 
4 46 49 (2048 -3072 -32 ) (2048 -2560 -32 ) (2560 -2560 -32 ) (2560 -3072 -32 ) 
4 46 48 (2048 -2560 -32 ) (2048 -2048 -32 ) (2560 -2048 -32 ) (2560 -2560 -32 ) 
4 46 47 (2560 -2048 -32 ) (3072 -2048 -32 ) (3072 -3072 -32 ) (2560 -3072 -32 ) 
4 47 60 (3072 -3072 -320 ) (3072 -3072 -32 ) (2560 -3072 -32 ) (2560 -3072 -320 ) 
4 47 50 (3072 -3072 -320 ) (2560 -3072 -320 ) (2560 -2048 -320 ) (3072 -2048 -320 ) 
4 47 49 (2560 -2560 -320 ) (2560 -3072 -320 ) (2560 -3072 -32 ) (2560 -2560 -32 ) 
4 47 48 (2560 -2048 -320 ) (2560 -2560 -320 ) (2560 -2560 -32 ) (2560 -2048 -32 ) 
4 48 52 (2048 -2048 -32 ) (2048 -2048 -320 ) (2048 -2560 -320 ) (2048 -2560 -32 ) 
4 48 50 (2048 -2560 -320 ) (2048 -2048 -320 ) (2560 -2048 -320 ) (2560 -2560 -320 ) 
4 48 49 (2048 -2560 -320 ) (2560 -2560 -320 ) (2560 -2560 -32 ) (2048 -2560 -32 ) 
4 49 60 (2560 -3072 -32 ) (2048 -3072 -32 ) (2048 -3072 -320 ) (2560 -3072 -320 ) 
4 49 53 (2048 -2560 -320 ) (2048 -3072 -320 ) (2048 -3072 -32 ) (2048 -2560 -32 ) 
4 49 50 (2560 -3072 -320 ) (2048 -3072 -320 ) (2048 -2560 -320 ) (2560 -2560 -320 ) 
4 50 60 (3072 -3072 -576 ) (3072 -3072 -320 ) (2048 -3072 -320 ) (2048 -3072 -576 ) 
4 50 54 (2048 -2048 -320 ) (2048 -2048 -576 ) (2048 -3072 -576 ) (2048 -3072 -320 ) 
4 51 174 (1024 -3072 -32 ) (1024 -3072 1024 ) (1024 -2048 1024 ) (1024 -2048 -32 ) 
4 51 61 (1024 -3072 1024 ) (1024 -3072 -32 ) (2048 -3072 -32 ) (2048 -3072 1024 ) 
4 51 53 (2048 -3072 -32 ) (1024 -3072 -32 ) (1024 -2560 -32 ) (2048 -2560 -32 ) 
4 51 52 (1024 -2560 -32 ) (1024 -2048 -32 ) (2048 -2048 -32 ) (2048 -2560 -32 ) 
4 52 175 (1024 -2560 -32 ) (1024 -2048 -32 ) (1024 -2048 -320 ) (1024 -2560 -320 ) 
4 52 54 (2048 -2048 -320 ) (2048 -2560 -320 ) (1024 -2560 -320 ) (1024 -2048 -320 ) 
4 52 53 (1024 -2560 -320 ) (2048 -2560 -320 ) (2048 -2560 -32 ) (1024 -2560 -32 ) 
4 53 176 (1024 -3072 -320 ) (1024 -3072 -32 ) (1024 -2560 -32 ) (1024 -2560 -320 ) 
4 53 61 (1024 -3072 -32 ) (1024 -3072 -320 ) (2048 -3072 -320 ) (2048 -3072 -32 ) 
4 53 54 (2048 -2560 -320 ) (2048 -3072 -320 ) (1024 -3072 -320 ) (1024 -2560 -320 ) 
4 54 177 (1024 -3072 -576 ) (1024 -3072 -320 ) (1024 -2048 -320 ) (1024 -2048 -576 ) 
4 54 61 (1024 -3072 -320 ) (1024 -3072 -576 ) (2048 -3072 -576 ) (2048 -3072 -320 ) 
15 55 57 (6284.429688 -5120 -520 ) (6403.572754 -5120 -520 ) (6406.214355 -5120 -518.234985 ) (6425.301270 -5120 -489.671234 ) (6432 -5120 -455.997314 ) (6425.301270 -5120 -422.325745 ) (6406.223145 -5120 -393.774323 ) (6377.670410 -5120 -374.697174 ) (6344.001465 -5120 -368 ) (6310.319336 -5120 -374.699463 ) (6281.782715 -5120 -393.767090 ) (6262.699219 -5120 -422.328033 ) (6256 -5120 -456.002808 ) (6262.697754 -5120 -489.668274 ) (6281.782715 -5120 -518.231750 ) 
4 55 56 (6403.572754 -5120 -520 ) (6284.429688 -5120 -520 ) (6284.428711 -4352 -520 ) (6403.572754 -4352 -520 ) 
5 56 58 (6403.572754 -5120 -520 ) (6284.429688 -5120 -520 ) (6310.325195 -5120 -537.301086 ) (6344 -5120 -544 ) (6377.683594 -5120 -537.299622 ) 
4 57 58 (6284.429688 -5120 -520 ) (6403.572754 -5120 -520 ) (6403.572754 -5456 -520 ) (6284.429688 -5456 -520 ) 
4 59 60 (3072 -3072 1024 ) (3072 -3072 -576 ) (3072 -4096 -576 ) (3072 -4096 1024 ) 
4 60 61 (2048 -3072 1024 ) (2048 -3072 -576 ) (2048 -4096 -576 ) (2048 -4096 1024 ) 
4 61 216 (1024 -4096 -576 ) (1024 -4096 1024 ) (1024 -3072 1024 ) (1024 -3072 -576 ) 
4 62 68 (1024 3072 -576 ) (1024 3072 -320 ) (0 3072 -320 ) (0 3072 -576 ) 
4 62 66 (1024 3072 -320 ) (1024 3072 -32 ) (0 3072 -32 ) (0 3072 -320 ) 
4 62 65 (1024 3072 -32 ) (1024 3072 1024 ) (0 3072 1024 ) (0 3072 -32 ) 
4 62 63 (0 3072 -576 ) (0 3072 1024 ) (0 4096 1024 ) (0 4096 -576 ) 
4 63 76 (0 3072 -576 ) (0 3072 -320 ) (-1024 3072 -320 ) (-1024 3072 -576 ) 
4 63 70 (0 3072 -320 ) (0 3072 -32 ) (-1024 3072 -32 ) (-1024 3072 -320 ) 
4 63 69 (0 3072 -32 ) (0 3072 1024 ) (-1024 3072 1024 ) (-1024 3072 -32 ) 
4 63 64 (-1024 3072 -576 ) (-1024 3072 1024 ) (-1024 4096 1024 ) (-1024 4096 -576 ) 
4 64 117 (-2048 3072 -576 ) (-2048 3072 1024 ) (-2048 4096 1024 ) (-2048 4096 -576 ) 
4 64 80 (-1024 3072 -576 ) (-1024 3072 -320 ) (-2048 3072 -320 ) (-2048 3072 -576 ) 
4 64 78 (-1024 3072 -320 ) (-1024 3072 -32 ) (-2048 3072 -32 ) (-2048 3072 -320 ) 
4 64 77 (-1024 3072 -32 ) (-1024 3072 1024 ) (-2048 3072 1024 ) (-2048 3072 -32 ) 
4 65 83 (160 2048 256 ) (0 2048 256 ) (0 2048 -32 ) (160 2048 -32 ) 
4 65 82 (1024 2048 -32 ) (1024 2048 256 ) (160 2048 256 ) (160 2048 -32 ) 
4 65 81 (1024 2048 256 ) (1024 2048 1024 ) (0 2048 1024 ) (0 2048 256 ) 
4 65 69 (0 2048 -32 ) (0 2048 1024 ) (0 3072 1024 ) (0 3072 -32 ) 
4 65 67 (0 2048 -32 ) (0 2560 -32 ) (1024 2560 -32 ) (1024 2048 -32 ) 
4 65 66 (0 2560 -32 ) (0 3072 -32 ) (1024 3072 -32 ) (1024 2560 -32 ) 
4 66 70 (0 2560 -32 ) (0 3072 -32 ) (0 3072 -320 ) (0 2560 -320 ) 
4 66 68 (0 2560 -320 ) (0 3072 -320 ) (1024 3072 -320 ) (1024 2560 -320 ) 
4 66 67 (0 2560 -320 ) (1024 2560 -320 ) (1024 2560 -32 ) (0 2560 -32 ) 
4 67 87 (1024 2048 -320 ) (1024 2048 -32 ) (0 2048 -32 ) (0 2048 -320 ) 
4 67 71 (0 2048 -320 ) (0 2048 -32 ) (0 2560 -32 ) (0 2560 -320 ) 
4 67 68 (1024 2048 -320 ) (0 2048 -320 ) (0 2560 -320 ) (1024 2560 -320 ) 
4 68 88 (1024 2048 -576 ) (1024 2048 -320 ) (0 2048 -320 ) (0 2048 -576 ) 
4 68 76 (0 2048 -576 ) (0 2048 -320 ) (0 3072 -320 ) (0 3072 -576 ) 
4 69 93 (0 2048 -32 ) (0 2048 256 ) (-224 2048 256 ) (-224 2048 -32 ) 
4 69 97 (-224 2048 256 ) (-1024 2048 256 ) (-1024 2048 -32 ) (-224 2048 -32 ) 
4 69 92 (0 2048 256 ) (0 2048 1024 ) (-1024 2048 1024 ) (-1024 2048 256 ) 
4 69 77 (-1024 3072 1024 ) (-1024 3072 -32 ) (-1024 2048 -32 ) (-1024 2048 1024 ) 
4 69 75 (-1024 2048 -32 ) (-1024 2560 -32 ) (-512 2560 -32 ) (-512 2048 -32 ) 
4 69 74 (-512 2560 -32 ) (-416 2560 -32 ) (-416 2048 -32 ) (-512 2048 -32 ) 
4 69 72 (-352 2560 -32 ) (-256 2560 -32 ) (-256 2048 -32 ) (-352 2048 -32 ) 
4 69 71 (-256 2560 -32 ) (0 2560 -32 ) (0 2048 -32 ) (-256 2048 -32 ) 
4 69 73 (-416 2560 -32 ) (-352 2560 -32 ) (-352 2048 -32 ) (-416 2048 -32 ) 
4 69 70 (-1024 2560 -32 ) (-1024 3072 -32 ) (0 3072 -32 ) (0 2560 -32 ) 
4 70 78 (-1024 3072 -32 ) (-1024 3072 -320 ) (-1024 2560 -320 ) (-1024 2560 -32 ) 
4 70 76 (-1024 2560 -320 ) (-1024 3072 -320 ) (0 3072 -320 ) (0 2560 -320 ) 
4 70 75 (-1024 2560 -320 ) (-512 2560 -320 ) (-512 2560 -32 ) (-1024 2560 -32 ) 
4 70 74 (-512 2560 -320 ) (-416 2560 -320 ) (-416 2560 -32 ) (-512 2560 -32 ) 
4 70 72 (-352 2560 -320 ) (-256 2560 -320 ) (-256 2560 -32 ) (-352 2560 -32 ) 
4 70 71 (-256 2560 -320 ) (0 2560 -320 ) (0 2560 -32 ) (-256 2560 -32 ) 
4 70 73 (-416 2560 -320 ) (-352 2560 -320 ) (-352 2560 -32 ) (-416 2560 -32 ) 
4 71 98 (0 2048 -320 ) (0 2048 -32 ) (-256 2048 -32 ) (-256 2048 -320 ) 
4 71 76 (0 2048 -320 ) (-256 2048 -320 ) (-256 2560 -320 ) (0 2560 -320 ) 
4 71 72 (-256 2560 -32 ) (-256 2560 -320 ) (-256 2048 -320 ) (-256 2048 -32 ) 
4 72 99 (-256 2048 -32 ) (-352 2048 -32 ) (-352 2048 -320 ) (-256 2048 -320 ) 
4 72 76 (-256 2048 -320 ) (-352 2048 -320 ) (-352 2560 -320 ) (-256 2560 -320 ) 
4 72 73 (-352 2560 -32 ) (-352 2560 -320 ) (-352 2048 -320 ) (-352 2048 -32 ) 
4 73 100 (-352 2048 -32 ) (-416 2048 -32 ) (-416 2048 -320 ) (-352 2048 -320 ) 
4 73 76 (-352 2048 -320 ) (-416 2048 -320 ) (-416 2560 -320 ) (-352 2560 -320 ) 
4 73 74 (-416 2560 -32 ) (-416 2560 -320 ) (-416 2048 -320 ) (-416 2048 -32 ) 
4 74 101 (-416 2048 -32 ) (-512 2048 -32 ) (-512 2048 -320 ) (-416 2048 -320 ) 
4 74 76 (-416 2048 -320 ) (-512 2048 -320 ) (-512 2560 -320 ) (-416 2560 -320 ) 
4 74 75 (-512 2560 -32 ) (-512 2560 -320 ) (-512 2048 -320 ) (-512 2048 -32 ) 
4 75 102 (-512 2048 -32 ) (-1024 2048 -32 ) (-1024 2048 -320 ) (-512 2048 -320 ) 
4 75 79 (-1024 2560 -320 ) (-1024 2048 -320 ) (-1024 2048 -32 ) (-1024 2560 -32 ) 
4 75 76 (-512 2048 -320 ) (-1024 2048 -320 ) (-1024 2560 -320 ) (-512 2560 -320 ) 
4 76 103 (0 2048 -576 ) (0 2048 -320 ) (-1024 2048 -320 ) (-1024 2048 -576 ) 
4 76 80 (-1024 3072 -320 ) (-1024 3072 -576 ) (-1024 2048 -576 ) (-1024 2048 -320 ) 
4 77 119 (-2048 2048 -32 ) (-2048 2048 1024 ) (-2048 3072 1024 ) (-2048 3072 -32 ) 
4 77 104 (-2048 2048 1024 ) (-2048 2048 -32 ) (-1024 2048 -32 ) (-1024 2048 1024 ) 
4 77 79 (-1024 2048 -32 ) (-2048 2048 -32 ) (-2048 2560 -32 ) (-1024 2560 -32 ) 
4 77 78 (-2048 2560 -32 ) (-2048 3072 -32 ) (-1024 3072 -32 ) (-1024 2560 -32 ) 
4 78 120 (-2048 2560 -32 ) (-2048 3072 -32 ) (-2048 3072 -320 ) (-2048 2560 -320 ) 
4 78 80 (-2048 2560 -320 ) (-2048 3072 -320 ) (-1024 3072 -320 ) (-1024 2560 -320 ) 
4 78 79 (-2048 2560 -320 ) (-1024 2560 -320 ) (-1024 2560 -32 ) (-2048 2560 -32 ) 
4 79 121 (-2048 2048 -320 ) (-2048 2048 -32 ) (-2048 2560 -32 ) (-2048 2560 -320 ) 
4 79 105 (-2048 2048 -32 ) (-2048 2048 -320 ) (-1024 2048 -320 ) (-1024 2048 -32 ) 
4 79 80 (-2048 2048 -320 ) (-2048 2560 -320 ) (-1024 2560 -320 ) (-1024 2048 -320 ) 
4 80 123 (-2048 2048 -576 ) (-2048 2048 -320 ) (-2048 3072 -320 ) (-2048 3072 -576 ) 
4 80 106 (-2048 2048 -320 ) (-2048 2048 -576 ) (-1024 2048 -576 ) (-1024 2048 -320 ) 
4 81 92 (0 2048 1024 ) (0 2048 256 ) (0 1024 256 ) (0 1024 1024 ) 
4 81 89 (1024 1024 256 ) (1024 1024 1024 ) (0 1024 1024 ) (0 1024 256 ) 
4 81 84 (0 1280 256 ) (0 1600 256 ) (160 1600 256 ) (160 1280 256 ) 
4 81 83 (0 1600 256 ) (0 2048 256 ) (160 2048 256 ) (160 1600 256 ) 
4 81 86 (0 1024 256 ) (0 1280 256 ) (160 1280 256 ) (160 1024 256 ) 
4 81 82 (160 2048 256 ) (1024 2048 256 ) (1024 1024 256 ) (160 1024 256 ) 
4 82 89 (1024 1024 -32 ) (1024 1024 256 ) (160 1024 256 ) (160 1024 -32 ) 
4 82 85 (160 1600 -32 ) (160 1280 -32 ) (160 1280 96 ) (160 1600 96 ) 
4 82 84 (160 1280 96 ) (160 1280 256 ) (160 1600 256 ) (160 1600 96 ) 
4 82 83 (160 2048 -32 ) (160 1600 -32 ) (160 1600 256 ) (160 2048 256 ) 
4 82 86 (160 1280 -32 ) (160 1024 -32 ) (160 1024 256 ) (160 1280 256 ) 
4 82 87 (160 2048 -32 ) (1024 2048 -32 ) (1024 1024 -32 ) (160 1024 -32 ) 
4 83 93 (0 2048 256 ) (0 2048 -32 ) (0 1600 -32 ) (0 1600 256 ) 
4 83 85 (0 1600 -32 ) (160 1600 -32 ) (160 1600 96 ) (0 1600 96 ) 
4 83 84 (160 1600 96 ) (160 1600 256 ) (0 1600 256 ) (0 1600 96 ) 
4 83 87 (0 1600 -32 ) (0 2048 -32 ) (160 2048 -32 ) (160 1600 -32 ) 
4 84 94 (0 1280 96 ) (0 1280 256 ) (0 1600 256 ) (0 1600 96 ) 
4 84 86 (160 1280 96 ) (160 1280 256 ) (0 1280 256 ) (0 1280 96 ) 
4 84 85 (160 1280 96 ) (0 1280 96 ) (0 1600 96 ) (160 1600 96 ) 
4 85 95 (0 1600 -32 ) (0 1280 -32 ) (0 1280 96 ) (0 1600 96 ) 
4 85 87 (0 1280 -32 ) (0 1600 -32 ) (160 1600 -32 ) (160 1280 -32 ) 
4 85 86 (0 1280 -32 ) (160 1280 -32 ) (160 1280 96 ) (0 1280 96 ) 
4 86 96 (0 1280 -32 ) (0 1024 -32 ) (0 1024 256 ) (0 1280 256 ) 
4 86 89 (160 1024 256 ) (0 1024 256 ) (0 1024 -32 ) (160 1024 -32 ) 
4 86 87 (0 1024 -32 ) (0 1280 -32 ) (160 1280 -32 ) (160 1024 -32 ) 
4 87 98 (0 2048 -32 ) (0 2048 -320 ) (0 1024 -320 ) (0 1024 -32 ) 
4 87 90 (1024 1024 -320 ) (1024 1024 -32 ) (0 1024 -32 ) (0 1024 -320 ) 
4 87 88 (1024 1024 -320 ) (0 1024 -320 ) (0 2048 -320 ) (1024 2048 -320 ) 
4 88 103 (0 2048 -320 ) (0 2048 -576 ) (0 1024 -576 ) (0 1024 -320 ) 
4 88 91 (1024 1024 -576 ) (1024 1024 -320 ) (0 1024 -320 ) (0 1024 -576 ) 
4 89 135 (1024 0 -32 ) (1024 0 1024 ) (0 0 1024 ) (0 0 -32 ) 
4 89 107 (0 0 -32 ) (0 0 1024 ) (0 1024 1024 ) (0 1024 -32 ) 
4 89 90 (1024 1024 -32 ) (1024 0 -32 ) (0 0 -32 ) (0 1024 -32 ) 
4 90 136 (1024 0 -320 ) (1024 0 -32 ) (0 0 -32 ) (0 0 -320 ) 
4 90 108 (0 0 -320 ) (0 0 -32 ) (0 1024 -32 ) (0 1024 -320 ) 
4 90 91 (1024 0 -320 ) (0 0 -320 ) (0 1024 -320 ) (1024 1024 -320 ) 
4 91 137 (1024 0 -576 ) (1024 0 -320 ) (0 0 -320 ) (0 0 -576 ) 
4 91 113 (0 0 -576 ) (0 0 -320 ) (0 1024 -320 ) (0 1024 -576 ) 
4 92 107 (0 1024 256 ) (0 1024 1024 ) (-1024 1024 1024 ) (-1024 1024 256 ) 
4 92 104 (-1024 2048 1024 ) (-1024 2048 256 ) (-1024 1024 256 ) (-1024 1024 1024 ) 
4 92 94 (-224 1280 256 ) (-224 1600 256 ) (0 1600 256 ) (0 1280 256 ) 
4 92 93 (-224 1600 256 ) (-224 2048 256 ) (0 2048 256 ) (0 1600 256 ) 
4 92 96 (0 1024 256 ) (-224 1024 256 ) (-224 1280 256 ) (0 1280 256 ) 
4 92 97 (-224 1024 256 ) (-1024 1024 256 ) (-1024 2048 256 ) (-224 2048 256 ) 
4 93 98 (-224 1600 -32 ) (-224 2048 -32 ) (0 2048 -32 ) (0 1600 -32 ) 
4 93 95 (-224 1600 96 ) (-224 1600 -32 ) (0 1600 -32 ) (0 1600 96 ) 
4 93 94 (-224 1600 256 ) (-224 1600 96 ) (0 1600 96 ) (0 1600 256 ) 
4 93 97 (-224 2048 -32 ) (-224 1600 -32 ) (-224 1600 256 ) (-224 2048 256 ) 
4 94 97 (-224 1280 96 ) (-224 1280 256 ) (-224 1600 256 ) (-224 1600 96 ) 
4 94 96 (-224 1280 256 ) (-224 1280 96 ) (0 1280 96 ) (0 1280 256 ) 
4 94 95 (0 1280 96 ) (-224 1280 96 ) (-224 1600 96 ) (0 1600 96 ) 
4 95 98 (-224 1280 -32 ) (-224 1600 -32 ) (0 1600 -32 ) (0 1280 -32 ) 
4 95 97 (-224 1600 -32 ) (-224 1280 -32 ) (-224 1280 96 ) (-224 1600 96 ) 
4 95 96 (-224 1280 96 ) (-224 1280 -32 ) (0 1280 -32 ) (0 1280 96 ) 
4 96 107 (0 1024 -32 ) (0 1024 256 ) (-224 1024 256 ) (-224 1024 -32 ) 
4 96 98 (0 1024 -32 ) (-224 1024 -32 ) (-224 1280 -32 ) (0 1280 -32 ) 
4 96 97 (-224 1280 -32 ) (-224 1024 -32 ) (-224 1024 256 ) (-224 1280 256 ) 
4 97 107 (-224 1024 256 ) (-1024 1024 256 ) (-1024 1024 -32 ) (-224 1024 -32 ) 
4 97 104 (-1024 2048 256 ) (-1024 2048 -32 ) (-1024 1024 -32 ) (-1024 1024 256 ) 
4 97 102 (-512 1024 -32 ) (-1024 1024 -32 ) (-1024 2048 -32 ) (-512 2048 -32 ) 
4 97 101 (-416 1024 -32 ) (-512 1024 -32 ) (-512 2048 -32 ) (-416 2048 -32 ) 
4 97 99 (-256 1024 -32 ) (-352 1024 -32 ) (-352 2048 -32 ) (-256 2048 -32 ) 
4 97 98 (-224 1024 -32 ) (-256 1024 -32 ) (-256 2048 -32 ) (-224 2048 -32 ) 
4 97 100 (-352 1024 -32 ) (-416 1024 -32 ) (-416 2048 -32 ) (-352 2048 -32 ) 
4 98 108 (0 1024 -320 ) (0 1024 -32 ) (-256 1024 -32 ) (-256 1024 -320 ) 
4 98 103 (-256 2048 -320 ) (0 2048 -320 ) (0 1024 -320 ) (-256 1024 -320 ) 
4 98 99 (-256 2048 -320 ) (-256 1024 -320 ) (-256 1024 -32 ) (-256 2048 -32 ) 
4 99 109 (-256 1024 -32 ) (-352 1024 -32 ) (-352 1024 -320 ) (-256 1024 -320 ) 
4 99 103 (-352 2048 -320 ) (-256 2048 -320 ) (-256 1024 -320 ) (-352 1024 -320 ) 
4 99 100 (-352 2048 -320 ) (-352 1024 -320 ) (-352 1024 -32 ) (-352 2048 -32 ) 
4 100 110 (-352 1024 -32 ) (-416 1024 -32 ) (-416 1024 -320 ) (-352 1024 -320 ) 
4 100 103 (-416 2048 -320 ) (-352 2048 -320 ) (-352 1024 -320 ) (-416 1024 -320 ) 
4 100 101 (-416 2048 -320 ) (-416 1024 -320 ) (-416 1024 -32 ) (-416 2048 -32 ) 
4 101 111 (-416 1024 -32 ) (-512 1024 -32 ) (-512 1024 -320 ) (-416 1024 -320 ) 
4 101 103 (-512 2048 -320 ) (-416 2048 -320 ) (-416 1024 -320 ) (-512 1024 -320 ) 
4 101 102 (-512 2048 -320 ) (-512 1024 -320 ) (-512 1024 -32 ) (-512 2048 -32 ) 
4 102 112 (-512 1024 -32 ) (-1024 1024 -32 ) (-1024 1024 -320 ) (-512 1024 -320 ) 
4 102 105 (-1024 2048 -32 ) (-1024 2048 -320 ) (-1024 1024 -320 ) (-1024 1024 -32 ) 
4 102 103 (-1024 1024 -320 ) (-1024 2048 -320 ) (-512 2048 -320 ) (-512 1024 -320 ) 
4 103 113 (0 1024 -576 ) (0 1024 -320 ) (-1024 1024 -320 ) (-1024 1024 -576 ) 
4 103 106 (-1024 2048 -320 ) (-1024 2048 -576 ) (-1024 1024 -576 ) (-1024 1024 -320 ) 
4 104 125 (-2048 1024 -32 ) (-2048 1024 1024 ) (-2048 2048 1024 ) (-2048 2048 -32 ) 
4 104 114 (-2048 1024 1024 ) (-2048 1024 -32 ) (-1024 1024 -32 ) (-1024 1024 1024 ) 
4 104 105 (-1024 1024 -32 ) (-2048 1024 -32 ) (-2048 2048 -32 ) (-1024 2048 -32 ) 
4 105 126 (-2048 1024 -320 ) (-2048 1024 -32 ) (-2048 2048 -32 ) (-2048 2048 -320 ) 
4 105 115 (-2048 1024 -32 ) (-2048 1024 -320 ) (-1024 1024 -320 ) (-1024 1024 -32 ) 
4 105 106 (-1024 2048 -320 ) (-1024 1024 -320 ) (-2048 1024 -320 ) (-2048 2048 -320 ) 
4 106 128 (-2048 1024 -576 ) (-2048 1024 -320 ) (-2048 2048 -320 ) (-2048 2048 -576 ) 
4 106 116 (-2048 1024 -320 ) (-2048 1024 -576 ) (-1024 1024 -576 ) (-1024 1024 -320 ) 
4 107 148 (-416 0 80 ) (-512 0 80 ) (-512 0 -32 ) (-416 0 -32 ) 
4 107 149 (-512 0 80 ) (-1024 0 80 ) (-1024 0 -32 ) (-512 0 -32 ) 
4 107 146 (-352 0 80 ) (-416 0 80 ) (-416 0 -32 ) (-352 0 -32 ) 
4 107 145 (-256 0 80 ) (-352 0 80 ) (-352 0 -32 ) (-256 0 -32 ) 
4 107 144 (0 0 -32 ) (0 0 80 ) (-256 0 80 ) (-256 0 -32 ) 
4 107 140 (-344 0 112 ) (-424 0 112 ) (-424 0 80 ) (-344 0 80 ) 
4 107 143 (-424 0 112 ) (-1024 0 112 ) (-1024 0 80 ) (-424 0 80 ) 
4 107 139 (0 0 80 ) (0 0 112 ) (-344 0 112 ) (-344 0 80 ) 
4 107 138 (0 0 112 ) (0 0 1024 ) (-1024 0 1024 ) (-1024 0 112 ) 
4 107 114 (-1024 1024 1024 ) (-1024 1024 -32 ) (-1024 0 -32 ) (-1024 0 1024 ) 
4 107 112 (-512 0 -32 ) (-1024 0 -32 ) (-1024 1024 -32 ) (-512 1024 -32 ) 
4 107 111 (-416 0 -32 ) (-512 0 -32 ) (-512 1024 -32 ) (-416 1024 -32 ) 
4 107 109 (-256 0 -32 ) (-352 0 -32 ) (-352 1024 -32 ) (-256 1024 -32 ) 
4 107 108 (0 0 -32 ) (-256 0 -32 ) (-256 1024 -32 ) (0 1024 -32 ) 
4 107 110 (-352 0 -32 ) (-416 0 -32 ) (-416 1024 -32 ) (-352 1024 -32 ) 
4 108 150 (0 0 -320 ) (0 0 -32 ) (-256 0 -32 ) (-256 0 -320 ) 
4 108 113 (-256 1024 -320 ) (0 1024 -320 ) (0 0 -320 ) (-256 0 -320 ) 
4 108 109 (-256 1024 -320 ) (-256 0 -320 ) (-256 0 -32 ) (-256 1024 -32 ) 
4 109 151 (-256 0 -32 ) (-352 0 -32 ) (-352 0 -320 ) (-256 0 -320 ) 
4 109 113 (-352 1024 -320 ) (-256 1024 -320 ) (-256 0 -320 ) (-352 0 -320 ) 
4 109 110 (-352 1024 -320 ) (-352 0 -320 ) (-352 0 -32 ) (-352 1024 -32 ) 
4 110 152 (-352 0 -32 ) (-416 0 -32 ) (-416 0 -320 ) (-352 0 -320 ) 
4 110 113 (-416 1024 -320 ) (-352 1024 -320 ) (-352 0 -320 ) (-416 0 -320 ) 
4 110 111 (-416 1024 -320 ) (-416 0 -320 ) (-416 0 -32 ) (-416 1024 -32 ) 
4 111 153 (-416 0 -32 ) (-512 0 -32 ) (-512 0 -320 ) (-416 0 -320 ) 
4 111 113 (-512 1024 -320 ) (-416 1024 -320 ) (-416 0 -320 ) (-512 0 -320 ) 
4 111 112 (-512 1024 -320 ) (-512 0 -320 ) (-512 0 -32 ) (-512 1024 -32 ) 
4 112 154 (-512 0 -32 ) (-1024 0 -32 ) (-1024 0 -320 ) (-512 0 -320 ) 
4 112 115 (-1024 1024 -32 ) (-1024 1024 -320 ) (-1024 0 -320 ) (-1024 0 -32 ) 
4 112 113 (-1024 1024 -320 ) (-512 1024 -320 ) (-512 0 -320 ) (-1024 0 -320 ) 
4 113 165 (-352 0 -560 ) (-416 0 -560 ) (-416 0 -576 ) (-352 0 -576 ) 
4 113 164 (0 0 -576 ) (0 0 -560 ) (-352 0 -560 ) (-352 0 -576 ) 
4 113 167 (-416 0 -560 ) (-1024 0 -560 ) (-1024 0 -576 ) (-416 0 -576 ) 
4 113 162 (-416 0 -320 ) (-512 0 -320 ) (-512 0 -560 ) (-416 0 -560 ) 
4 113 163 (-512 0 -320 ) (-1024 0 -320 ) (-1024 0 -560 ) (-512 0 -560 ) 
4 113 160 (-352 0 -320 ) (-416 0 -320 ) (-416 0 -560 ) (-352 0 -560 ) 
4 113 159 (-256 0 -320 ) (-352 0 -320 ) (-352 0 -560 ) (-256 0 -560 ) 
4 113 158 (0 0 -560 ) (0 0 -320 ) (-256 0 -320 ) (-256 0 -560 ) 
4 113 116 (-1024 1024 -320 ) (-1024 1024 -576 ) (-1024 0 -576 ) (-1024 0 -320 ) 
4 114 168 (-1024 0 -32 ) (-1024 0 1024 ) (-2048 0 1024 ) (-2048 0 -32 ) 
4 114 130 (-2048 0 -32 ) (-2048 0 1024 ) (-2048 1024 1024 ) (-2048 1024 -32 ) 
4 114 115 (-1024 0 -32 ) (-2048 0 -32 ) (-2048 1024 -32 ) (-1024 1024 -32 ) 
4 115 169 (-1024 0 -320 ) (-1024 0 -32 ) (-2048 0 -32 ) (-2048 0 -320 ) 
4 115 131 (-2048 0 -320 ) (-2048 0 -32 ) (-2048 1024 -32 ) (-2048 1024 -320 ) 
4 115 116 (-2048 0 -320 ) (-2048 1024 -320 ) (-1024 1024 -320 ) (-1024 0 -320 ) 
4 116 170 (-1024 0 -576 ) (-1024 0 -320 ) (-2048 0 -320 ) (-2048 0 -576 ) 
4 116 133 (-2048 0 -576 ) (-2048 0 -320 ) (-2048 1024 -320 ) (-2048 1024 -576 ) 
4 117 123 (-2048 3072 -576 ) (-2048 3072 -320 ) (-3072 3072 -320 ) (-3072 3072 -576 ) 
4 117 120 (-2048 3072 -320 ) (-2048 3072 -32 ) (-2560 3072 -32 ) (-2560 3072 -320 ) 
4 117 122 (-2560 3072 -32 ) (-3072 3072 -32 ) (-3072 3072 -320 ) (-2560 3072 -320 ) 
4 117 119 (-2048 3072 -32 ) (-2048 3072 1024 ) (-3072 3072 1024 ) (-3072 3072 -32 ) 
4 117 118 (-3072 3072 -576 ) (-3072 3072 1024 ) (-3072 4096 1024 ) (-3072 4096 -576 ) 
4 118 124 (-3072 3072 -576 ) (-3072 3072 1024 ) (-4096 3072 1024 ) (-4096 3072 -576 ) 
4 119 125 (-2048 2048 -32 ) (-2048 2048 1024 ) (-3072 2048 1024 ) (-3072 2048 -32 ) 
4 119 124 (-3072 3072 1024 ) (-3072 3072 -32 ) (-3072 2048 -32 ) (-3072 2048 1024 ) 
4 119 121 (-2048 2560 -32 ) (-2048 2048 -32 ) (-2560 2048 -32 ) (-2560 2560 -32 ) 
4 119 120 (-2560 3072 -32 ) (-2048 3072 -32 ) (-2048 2560 -32 ) (-2560 2560 -32 ) 
4 119 122 (-3072 2048 -32 ) (-3072 3072 -32 ) (-2560 3072 -32 ) (-2560 2048 -32 ) 
4 120 123 (-2560 2560 -320 ) (-2560 3072 -320 ) (-2048 3072 -320 ) (-2048 2560 -320 ) 
4 120 122 (-2560 3072 -320 ) (-2560 2560 -320 ) (-2560 2560 -32 ) (-2560 3072 -32 ) 
4 120 121 (-2560 2560 -32 ) (-2560 2560 -320 ) (-2048 2560 -320 ) (-2048 2560 -32 ) 
4 121 126 (-2048 2048 -320 ) (-2048 2048 -32 ) (-2560 2048 -32 ) (-2560 2048 -320 ) 
4 121 123 (-2048 2048 -320 ) (-2560 2048 -320 ) (-2560 2560 -320 ) (-2048 2560 -320 ) 
4 121 122 (-2560 2560 -320 ) (-2560 2048 -320 ) (-2560 2048 -32 ) (-2560 2560 -32 ) 
4 122 127 (-2560 2048 -32 ) (-3072 2048 -32 ) (-3072 2048 -320 ) (-2560 2048 -320 ) 
4 122 124 (-3072 3072 -32 ) (-3072 3072 -320 ) (-3072 2048 -320 ) (-3072 2048 -32 ) 
4 122 123 (-2560 2048 -320 ) (-3072 2048 -320 ) (-3072 3072 -320 ) (-2560 3072 -320 ) 
4 123 128 (-2048 2048 -576 ) (-2048 2048 -320 ) (-3072 2048 -320 ) (-3072 2048 -576 ) 
4 123 124 (-3072 3072 -320 ) (-3072 3072 -576 ) (-3072 2048 -576 ) (-3072 2048 -320 ) 
4 124 129 (-3072 2048 -576 ) (-3072 2048 1024 ) (-4096 2048 1024 ) (-4096 2048 -576 ) 
4 125 130 (-2048 1024 -32 ) (-2048 1024 1024 ) (-3072 1024 1024 ) (-3072 1024 -32 ) 
4 125 129 (-3072 1024 -32 ) (-3072 1024 1024 ) (-3072 2048 1024 ) (-3072 2048 -32 ) 
4 125 127 (-3072 1024 -32 ) (-3072 2048 -32 ) (-2560 2048 -32 ) (-2560 1024 -32 ) 
4 125 126 (-2560 2048 -32 ) (-2048 2048 -32 ) (-2048 1024 -32 ) (-2560 1024 -32 ) 
4 126 131 (-2048 1024 -320 ) (-2048 1024 -32 ) (-2560 1024 -32 ) (-2560 1024 -320 ) 
4 126 128 (-2048 1024 -320 ) (-2560 1024 -320 ) (-2560 2048 -320 ) (-2048 2048 -320 ) 
4 126 127 (-2560 2048 -320 ) (-2560 1024 -320 ) (-2560 1024 -32 ) (-2560 2048 -32 ) 
4 127 132 (-2560 1024 -32 ) (-3072 1024 -32 ) (-3072 1024 -320 ) (-2560 1024 -320 ) 
4 127 129 (-3072 1024 -320 ) (-3072 1024 -32 ) (-3072 2048 -32 ) (-3072 2048 -320 ) 
4 127 128 (-2560 1024 -320 ) (-3072 1024 -320 ) (-3072 2048 -320 ) (-2560 2048 -320 ) 
4 128 133 (-2048 1024 -576 ) (-2048 1024 -320 ) (-3072 1024 -320 ) (-3072 1024 -576 ) 
4 128 129 (-3072 1024 -576 ) (-3072 1024 -320 ) (-3072 2048 -320 ) (-3072 2048 -576 ) 
4 129 134 (-4096 1024 1024 ) (-4096 1024 -576 ) (-3072 1024 -576 ) (-3072 1024 1024 ) 
4 130 200 (-2048 0 -32 ) (-2048 0 1024 ) (-3072 0 1024 ) (-3072 0 -32 ) 
4 130 134 (-3072 1024 1024 ) (-3072 1024 -32 ) (-3072 0 -32 ) (-3072 0 1024 ) 
4 130 132 (-3072 0 -32 ) (-3072 1024 -32 ) (-2560 1024 -32 ) (-2560 0 -32 ) 
4 130 131 (-2560 1024 -32 ) (-2048 1024 -32 ) (-2048 0 -32 ) (-2560 0 -32 ) 
4 131 201 (-2048 0 -320 ) (-2048 0 -32 ) (-2560 0 -32 ) (-2560 0 -320 ) 
4 131 133 (-2048 0 -320 ) (-2560 0 -320 ) (-2560 1024 -320 ) (-2048 1024 -320 ) 
4 131 132 (-2560 1024 -320 ) (-2560 0 -320 ) (-2560 0 -32 ) (-2560 1024 -32 ) 
4 132 202 (-2560 0 -32 ) (-3072 0 -32 ) (-3072 0 -320 ) (-2560 0 -320 ) 
4 132 134 (-3072 1024 -32 ) (-3072 1024 -320 ) (-3072 0 -320 ) (-3072 0 -32 ) 
4 132 133 (-2560 0 -320 ) (-3072 0 -320 ) (-3072 1024 -320 ) (-2560 1024 -320 ) 
4 133 203 (-2048 0 -576 ) (-2048 0 -320 ) (-3072 0 -320 ) (-3072 0 -576 ) 
4 133 134 (-3072 1024 -320 ) (-3072 1024 -576 ) (-3072 0 -576 ) (-3072 0 -320 ) 
4 134 204 (-3072 0 -576 ) (-3072 0 1024 ) (-4096 0 1024 ) (-4096 0 -576 ) 
4 135 171 (1024 -1024 -32 ) (1024 -1024 1024 ) (0 -1024 1024 ) (0 -1024 -32 ) 
4 135 144 (0 -1024 -32 ) (0 -1024 80 ) (0 0 80 ) (0 0 -32 ) 
4 135 139 (0 -1024 80 ) (0 -1024 112 ) (0 0 112 ) (0 0 80 ) 
4 135 138 (0 -1024 112 ) (0 -1024 1024 ) (0 0 1024 ) (0 0 112 ) 
4 135 136 (0 -1024 -32 ) (0 0 -32 ) (1024 0 -32 ) (1024 -1024 -32 ) 
4 136 172 (1024 -1024 -320 ) (1024 -1024 -32 ) (0 -1024 -32 ) (0 -1024 -320 ) 
4 136 155 (0 -1024 -320 ) (0 -1024 -32 ) (0 -768 -32 ) (0 -768 -320 ) 
4 136 150 (0 -768 -32 ) (0 0 -32 ) (0 0 -320 ) (0 -768 -320 ) 
4 136 137 (1024 -1024 -320 ) (0 -1024 -320 ) (0 0 -320 ) (1024 0 -320 ) 
4 137 173 (1024 -1024 -576 ) (1024 -1024 -320 ) (0 -1024 -320 ) (0 -1024 -576 ) 
4 137 164 (0 -1024 -576 ) (0 -1024 -560 ) (0 0 -560 ) (0 0 -576 ) 
4 137 158 (0 -1024 -560 ) (0 -1024 -320 ) (0 0 -320 ) (0 0 -560 ) 
4 138 178 (0 -1024 112 ) (0 -1024 1024 ) (-1024 -1024 1024 ) (-1024 -1024 112 ) 
4 138 168 (-1024 0 1024 ) (-1024 0 112 ) (-1024 -1024 112 ) (-1024 -1024 1024 ) 
8 138 141 (-354 -896 112 ) (-362.786346 -917.212769 112 ) (-384 -926 112 ) (-405.213928 -917.213196 112 ) (-414 -896 112 ) (-405.213287 -874.787109 112 ) (-384 -866 112 ) (-362.787445 -874.785767 112 ) 
4 138 140 (-424 0 112 ) (-344 0 112 ) (-344 -856 112 ) (-424 -856 112 ) 
4 138 142 (-344 -936 112 ) (-344 -1024 112 ) (-424 -1024 112 ) (-424 -936 112 ) 
4 138 143 (-1024 -1024 112 ) (-1024 0 112 ) (-424 0 112 ) (-424 -1024 112 ) 
4 138 139 (-344 0 112 ) (0 0 112 ) (0 -1024 112 ) (-344 -1024 112 ) 
4 139 178 (0 -1024 80 ) (0 -1024 112 ) (-344 -1024 112 ) (-344 -1024 80 ) 
4 139 145 (-344 -768 80 ) (-344 0 80 ) (-256 0 80 ) (-256 -768 80 ) 
4 139 144 (0 -1024 80 ) (-256 -1024 80 ) (-256 0 80 ) (0 0 80 ) 
4 139 140 (-344 0 80 ) (-344 -856 80 ) (-344 -856 112 ) (-344 0 112 ) 
4 139 142 (-344 -936 80 ) (-344 -1024 80 ) (-344 -1024 112 ) (-344 -936 112 ) 
4 140 148 (-424 -768 80 ) (-424 0 80 ) (-416 0 80 ) (-416 -768 80 ) 
4 140 146 (-416 0 80 ) (-352 0 80 ) (-352 -768 80 ) (-416 -768 80 ) 
4 140 145 (-352 0 80 ) (-344 0 80 ) (-344 -768 80 ) (-352 -768 80 ) 
4 140 143 (-424 0 80 ) (-424 -856 80 ) (-424 -856 112 ) (-424 0 112 ) 
8 141 147 (-414 -896 80 ) (-405.213287 -874.787170 80 ) (-384 -866 80 ) (-362.787659 -874.785278 80 ) (-354 -896 80 ) (-362.786346 -917.212769 80 ) (-384 -926 80 ) (-405.212738 -917.213684 80 ) 
4 142 178 (-344 -1024 112 ) (-424 -1024 112 ) (-424 -1024 80 ) (-344 -1024 80 ) 
4 142 143 (-424 -936 80 ) (-424 -1024 80 ) (-424 -1024 112 ) (-424 -936 112 ) 
4 143 178 (-424 -1024 112 ) (-1024 -1024 112 ) (-1024 -1024 80 ) (-424 -1024 80 ) 
4 143 168 (-1024 0 112 ) (-1024 0 80 ) (-1024 -1024 80 ) (-1024 -1024 112 ) 
4 143 148 (-512 -768 80 ) (-512 0 80 ) (-424 0 80 ) (-424 -768 80 ) 
4 143 149 (-512 -1024 80 ) (-1024 -1024 80 ) (-1024 0 80 ) (-512 0 80 ) 
4 144 178 (0 -1024 -32 ) (0 -1024 80 ) (-256 -1024 80 ) (-256 -1024 -32 ) 
4 144 155 (0 -768 -32 ) (0 -1024 -32 ) (-256 -1024 -32 ) (-256 -768 -32 ) 
4 144 150 (-256 0 -32 ) (0 0 -32 ) (0 -768 -32 ) (-256 -768 -32 ) 
4 144 145 (-256 0 -32 ) (-256 -768 -32 ) (-256 -768 80 ) (-256 0 80 ) 
4 145 151 (-352 0 -32 ) (-256 0 -32 ) (-256 -768 -32 ) (-352 -768 -32 ) 
4 145 146 (-352 0 -32 ) (-352 -768 -32 ) (-352 -768 80 ) (-352 0 80 ) 
4 146 152 (-416 0 -32 ) (-352 0 -32 ) (-352 -768 -32 ) (-416 -768 -32 ) 
4 146 148 (-416 0 -32 ) (-416 -768 -32 ) (-416 -768 80 ) (-416 0 80 ) 
4 147 156 (-352 -864 -32 ) (-352 -928 -32 ) (-416 -928 -32 ) (-416 -864 -32 ) 
4 148 153 (-512 0 -32 ) (-416 0 -32 ) (-416 -768 -32 ) (-512 -768 -32 ) 
4 148 149 (-512 0 -32 ) (-512 -768 -32 ) (-512 -768 80 ) (-512 0 80 ) 
4 149 178 (-512 -1024 80 ) (-1024 -1024 80 ) (-1024 -1024 -32 ) (-512 -1024 -32 ) 
4 149 168 (-1024 0 80 ) (-1024 0 -32 ) (-1024 -1024 -32 ) (-1024 -1024 80 ) 
4 149 157 (-1024 -1024 -32 ) (-1024 -768 -32 ) (-512 -768 -32 ) (-512 -1024 -32 ) 
4 149 154 (-1024 -768 -32 ) (-1024 0 -32 ) (-512 0 -32 ) (-512 -768 -32 ) 
4 150 158 (-256 0 -320 ) (0 0 -320 ) (0 -768 -320 ) (-256 -768 -320 ) 
4 150 155 (-256 -768 -320 ) (0 -768 -320 ) (0 -768 -32 ) (-256 -768 -32 ) 
4 150 151 (-256 0 -320 ) (-256 -768 -320 ) (-256 -768 -32 ) (-256 0 -32 ) 
4 151 159 (-352 0 -320 ) (-256 0 -320 ) (-256 -768 -320 ) (-352 -768 -320 ) 
4 151 152 (-352 0 -320 ) (-352 -768 -320 ) (-352 -768 -32 ) (-352 0 -32 ) 
4 152 160 (-416 0 -320 ) (-352 0 -320 ) (-352 -768 -320 ) (-416 -768 -320 ) 
4 152 153 (-416 0 -320 ) (-416 -768 -320 ) (-416 -768 -32 ) (-416 0 -32 ) 
4 153 162 (-512 0 -320 ) (-416 0 -320 ) (-416 -768 -320 ) (-512 -768 -320 ) 
4 153 154 (-512 0 -320 ) (-512 -768 -320 ) (-512 -768 -32 ) (-512 0 -32 ) 
4 154 169 (-1024 0 -32 ) (-1024 0 -320 ) (-1024 -768 -320 ) (-1024 -768 -32 ) 
4 154 163 (-1024 -768 -320 ) (-1024 0 -320 ) (-512 0 -320 ) (-512 -768 -320 ) 
4 154 157 (-1024 -768 -320 ) (-512 -768 -320 ) (-512 -768 -32 ) (-1024 -768 -32 ) 
4 155 179 (0 -1024 -320 ) (0 -1024 -32 ) (-256 -1024 -32 ) (-256 -1024 -320 ) 
4 155 158 (0 -1024 -320 ) (-256 -1024 -320 ) (-256 -768 -320 ) (0 -768 -320 ) 
4 156 161 (-416 -928 -320 ) (-416 -864 -320 ) (-352 -864 -320 ) (-352 -928 -320 ) 
4 157 183 (-512 -1024 -32 ) (-1024 -1024 -32 ) (-1024 -1024 -320 ) (-512 -1024 -320 ) 
4 157 169 (-1024 -768 -320 ) (-1024 -1024 -320 ) (-1024 -1024 -32 ) (-1024 -768 -32 ) 
4 157 163 (-512 -1024 -320 ) (-1024 -1024 -320 ) (-1024 -768 -320 ) (-512 -768 -320 ) 
4 158 184 (0 -1024 -560 ) (0 -1024 -320 ) (-256 -1024 -320 ) (-256 -1024 -560 ) 
4 158 164 (-256 0 -560 ) (0 0 -560 ) (0 -1024 -560 ) (-256 -1024 -560 ) 
4 158 159 (-256 0 -560 ) (-256 -768 -560 ) (-256 -768 -320 ) (-256 0 -320 ) 
4 159 164 (-352 0 -560 ) (-256 0 -560 ) (-256 -768 -560 ) (-352 -768 -560 ) 
4 159 160 (-352 0 -560 ) (-352 -768 -560 ) (-352 -768 -320 ) (-352 0 -320 ) 
4 160 165 (-416 0 -560 ) (-352 0 -560 ) (-352 -768 -560 ) (-416 -768 -560 ) 
4 160 162 (-416 0 -560 ) (-416 -768 -560 ) (-416 -768 -320 ) (-416 0 -320 ) 
4 162 167 (-512 0 -560 ) (-416 0 -560 ) (-416 -768 -560 ) (-512 -768 -560 ) 
4 162 163 (-512 0 -560 ) (-512 -768 -560 ) (-512 -768 -320 ) (-512 0 -320 ) 
4 163 184 (-512 -1024 -320 ) (-1024 -1024 -320 ) (-1024 -1024 -560 ) (-512 -1024 -560 ) 
4 163 170 (-1024 0 -320 ) (-1024 0 -560 ) (-1024 -1024 -560 ) (-1024 -1024 -320 ) 
4 163 167 (-1024 -1024 -560 ) (-1024 0 -560 ) (-512 0 -560 ) (-512 -1024 -560 ) 
4 164 184 (0 -1024 -576 ) (0 -1024 -560 ) (-352 -1024 -560 ) (-352 -1024 -576 ) 
4 164 165 (-352 0 -576 ) (-352 -864 -576 ) (-352 -864 -560 ) (-352 0 -560 ) 
4 164 166 (-352 -928 -576 ) (-352 -1024 -576 ) (-352 -1024 -560 ) (-352 -928 -560 ) 
4 165 167 (-416 0 -576 ) (-416 -864 -576 ) (-416 -864 -560 ) (-416 0 -560 ) 
4 166 184 (-352 -1024 -560 ) (-416 -1024 -560 ) (-416 -1024 -576 ) (-352 -1024 -576 ) 
4 166 167 (-416 -928 -576 ) (-416 -1024 -576 ) (-416 -1024 -560 ) (-416 -928 -560 ) 
4 167 184 (-416 -1024 -560 ) (-1024 -1024 -560 ) (-1024 -1024 -576 ) (-416 -1024 -576 ) 
4 167 170 (-1024 0 -560 ) (-1024 0 -576 ) (-1024 -1024 -576 ) (-1024 -1024 -560 ) 
4 168 200 (-2048 -1024 -32 ) (-2048 -1024 1024 ) (-2048 0 1024 ) (-2048 0 -32 ) 
4 168 185 (-1024 -1024 -32 ) (-1024 -1024 1024 ) (-2048 -1024 1024 ) (-2048 -1024 -32 ) 
4 168 169 (-1024 -1024 -32 ) (-2048 -1024 -32 ) (-2048 0 -32 ) (-1024 0 -32 ) 
4 169 201 (-2048 -1024 -320 ) (-2048 -1024 -32 ) (-2048 0 -32 ) (-2048 0 -320 ) 
4 169 186 (-1024 -1024 -320 ) (-1024 -1024 -32 ) (-2048 -1024 -32 ) (-2048 -1024 -320 ) 
4 169 170 (-2048 -1024 -320 ) (-2048 0 -320 ) (-1024 0 -320 ) (-1024 -1024 -320 ) 
4 170 203 (-2048 -1024 -576 ) (-2048 -1024 -320 ) (-2048 0 -320 ) (-2048 0 -576 ) 
4 170 187 (-1024 -1024 -576 ) (-1024 -1024 -320 ) (-2048 -1024 -320 ) (-2048 -1024 -576 ) 
4 171 178 (0 -1024 1024 ) (0 -1024 -32 ) (0 -2048 -32 ) (0 -2048 1024 ) 
4 171 174 (1024 -2048 -32 ) (1024 -2048 1024 ) (0 -2048 1024 ) (0 -2048 -32 ) 
4 171 172 (1024 -2048 -32 ) (0 -2048 -32 ) (0 -1024 -32 ) (1024 -1024 -32 ) 
4 172 179 (0 -1024 -32 ) (0 -1024 -320 ) (0 -2048 -320 ) (0 -2048 -32 ) 
4 172 175 (1024 -2048 -320 ) (1024 -2048 -32 ) (0 -2048 -32 ) (0 -2048 -320 ) 
4 172 173 (0 -2048 -320 ) (0 -1024 -320 ) (1024 -1024 -320 ) (1024 -2048 -320 ) 
4 173 184 (0 -1024 -320 ) (0 -1024 -576 ) (0 -2048 -576 ) (0 -2048 -320 ) 
4 173 177 (1024 -2048 -576 ) (1024 -2048 -320 ) (0 -2048 -320 ) (0 -2048 -576 ) 
4 174 216 (1024 -3072 -32 ) (1024 -3072 1024 ) (0 -3072 1024 ) (0 -3072 -32 ) 
4 174 188 (0 -3072 -32 ) (0 -3072 1024 ) (0 -2048 1024 ) (0 -2048 -32 ) 
4 174 176 (1024 -3072 -32 ) (0 -3072 -32 ) (0 -2560 -32 ) (1024 -2560 -32 ) 
4 174 175 (0 -2560 -32 ) (0 -2048 -32 ) (1024 -2048 -32 ) (1024 -2560 -32 ) 
4 175 189 (0 -2560 -32 ) (0 -2048 -32 ) (0 -2048 -320 ) (0 -2560 -320 ) 
4 175 177 (0 -2560 -320 ) (0 -2048 -320 ) (1024 -2048 -320 ) (1024 -2560 -320 ) 
4 175 176 (0 -2560 -320 ) (1024 -2560 -320 ) (1024 -2560 -32 ) (0 -2560 -32 ) 
4 176 216 (1024 -3072 -320 ) (1024 -3072 -32 ) (0 -3072 -32 ) (0 -3072 -320 ) 
4 176 194 (0 -3072 -320 ) (0 -3072 -32 ) (0 -2560 -32 ) (0 -2560 -320 ) 
4 176 177 (0 -3072 -320 ) (0 -2560 -320 ) (1024 -2560 -320 ) (1024 -3072 -320 ) 
4 177 216 (1024 -3072 -576 ) (1024 -3072 -320 ) (0 -3072 -320 ) (0 -3072 -576 ) 
4 177 195 (0 -3072 -576 ) (0 -3072 -320 ) (0 -2048 -320 ) (0 -2048 -576 ) 
4 178 188 (0 -2048 -32 ) (0 -2048 1024 ) (-1024 -2048 1024 ) (-1024 -2048 -32 ) 
4 178 185 (-1024 -1024 1024 ) (-1024 -1024 -32 ) (-1024 -2048 -32 ) (-1024 -2048 1024 ) 
4 178 183 (-1024 -2048 -32 ) (-1024 -1024 -32 ) (-512 -1024 -32 ) (-512 -2048 -32 ) 
4 178 182 (-512 -1024 -32 ) (-416 -1024 -32 ) (-416 -2048 -32 ) (-512 -2048 -32 ) 
4 178 180 (-352 -1024 -32 ) (-256 -1024 -32 ) (-256 -2048 -32 ) (-352 -2048 -32 ) 
4 178 179 (-256 -1024 -32 ) (0 -1024 -32 ) (0 -2048 -32 ) (-256 -2048 -32 ) 
4 178 181 (-416 -1024 -32 ) (-352 -1024 -32 ) (-352 -2048 -32 ) (-416 -2048 -32 ) 
4 179 189 (0 -2048 -320 ) (0 -2048 -32 ) (-256 -2048 -32 ) (-256 -2048 -320 ) 
4 179 184 (0 -2048 -320 ) (-256 -2048 -320 ) (-256 -1024 -320 ) (0 -1024 -320 ) 
4 179 180 (-256 -1024 -320 ) (-256 -2048 -320 ) (-256 -2048 -32 ) (-256 -1024 -32 ) 
4 180 190 (-256 -2048 -32 ) (-352 -2048 -32 ) (-352 -2048 -320 ) (-256 -2048 -320 ) 
4 180 184 (-256 -2048 -320 ) (-352 -2048 -320 ) (-352 -1024 -320 ) (-256 -1024 -320 ) 
4 180 181 (-352 -1024 -320 ) (-352 -2048 -320 ) (-352 -2048 -32 ) (-352 -1024 -32 ) 
4 181 191 (-352 -2048 -32 ) (-416 -2048 -32 ) (-416 -2048 -320 ) (-352 -2048 -320 ) 
4 181 184 (-352 -2048 -320 ) (-416 -2048 -320 ) (-416 -1024 -320 ) (-352 -1024 -320 ) 
4 181 182 (-416 -1024 -320 ) (-416 -2048 -320 ) (-416 -2048 -32 ) (-416 -1024 -32 ) 
4 182 192 (-416 -2048 -32 ) (-512 -2048 -32 ) (-512 -2048 -320 ) (-416 -2048 -320 ) 
4 182 184 (-416 -2048 -320 ) (-512 -2048 -320 ) (-512 -1024 -320 ) (-416 -1024 -320 ) 
4 182 183 (-512 -1024 -320 ) (-512 -2048 -320 ) (-512 -2048 -32 ) (-512 -1024 -32 ) 
4 183 193 (-512 -2048 -32 ) (-1024 -2048 -32 ) (-1024 -2048 -320 ) (-512 -2048 -320 ) 
4 183 186 (-1024 -1024 -32 ) (-1024 -1024 -320 ) (-1024 -2048 -320 ) (-1024 -2048 -32 ) 
4 183 184 (-512 -2048 -320 ) (-1024 -2048 -320 ) (-1024 -1024 -320 ) (-512 -1024 -320 ) 
4 184 195 (0 -2048 -576 ) (0 -2048 -320 ) (-1024 -2048 -320 ) (-1024 -2048 -576 ) 
4 184 187 (-1024 -1024 -320 ) (-1024 -1024 -576 ) (-1024 -2048 -576 ) (-1024 -2048 -320 ) 
4 185 205 (-2048 -2048 -32 ) (-2048 -2048 1024 ) (-2048 -1024 1024 ) (-2048 -1024 -32 ) 
4 185 196 (-1024 -2048 -32 ) (-1024 -2048 1024 ) (-2048 -2048 1024 ) (-2048 -2048 -32 ) 
4 185 186 (-1024 -2048 -32 ) (-2048 -2048 -32 ) (-2048 -1024 -32 ) (-1024 -1024 -32 ) 
4 186 206 (-2048 -2048 -320 ) (-2048 -2048 -32 ) (-2048 -1024 -32 ) (-2048 -1024 -320 ) 
4 186 197 (-1024 -2048 -320 ) (-1024 -2048 -32 ) (-2048 -2048 -32 ) (-2048 -2048 -320 ) 
4 186 187 (-1024 -1024 -320 ) (-1024 -2048 -320 ) (-2048 -2048 -320 ) (-2048 -1024 -320 ) 
4 187 208 (-2048 -2048 -576 ) (-2048 -2048 -320 ) (-2048 -1024 -320 ) (-2048 -1024 -576 ) 
4 187 199 (-1024 -2048 -576 ) (-1024 -2048 -320 ) (-2048 -2048 -320 ) (-2048 -2048 -576 ) 
4 188 217 (0 -3072 -32 ) (0 -3072 1024 ) (-1024 -3072 1024 ) (-1024 -3072 -32 ) 
4 188 196 (-1024 -2048 1024 ) (-1024 -2048 -32 ) (-1024 -3072 -32 ) (-1024 -3072 1024 ) 
4 188 193 (-1024 -2560 -32 ) (-1024 -2048 -32 ) (-512 -2048 -32 ) (-512 -2560 -32 ) 
4 188 192 (-512 -2048 -32 ) (-416 -2048 -32 ) (-416 -2560 -32 ) (-512 -2560 -32 ) 
4 188 190 (-352 -2048 -32 ) (-256 -2048 -32 ) (-256 -2560 -32 ) (-352 -2560 -32 ) 
4 188 189 (-256 -2048 -32 ) (0 -2048 -32 ) (0 -2560 -32 ) (-256 -2560 -32 ) 
4 188 191 (-416 -2048 -32 ) (-352 -2048 -32 ) (-352 -2560 -32 ) (-416 -2560 -32 ) 
4 188 194 (0 -3072 -32 ) (-1024 -3072 -32 ) (-1024 -2560 -32 ) (0 -2560 -32 ) 
4 189 195 (-256 -2048 -320 ) (0 -2048 -320 ) (0 -2560 -320 ) (-256 -2560 -320 ) 
4 189 194 (-256 -2560 -320 ) (0 -2560 -320 ) (0 -2560 -32 ) (-256 -2560 -32 ) 
4 189 190 (-256 -2048 -320 ) (-256 -2560 -320 ) (-256 -2560 -32 ) (-256 -2048 -32 ) 
4 190 195 (-352 -2048 -320 ) (-256 -2048 -320 ) (-256 -2560 -320 ) (-352 -2560 -320 ) 
4 190 191 (-352 -2048 -320 ) (-352 -2560 -320 ) (-352 -2560 -32 ) (-352 -2048 -32 ) 
4 190 194 (-352 -2560 -320 ) (-256 -2560 -320 ) (-256 -2560 -32 ) (-352 -2560 -32 ) 
4 191 195 (-416 -2048 -320 ) (-352 -2048 -320 ) (-352 -2560 -320 ) (-416 -2560 -320 ) 
4 191 192 (-416 -2048 -320 ) (-416 -2560 -320 ) (-416 -2560 -32 ) (-416 -2048 -32 ) 
4 191 194 (-416 -2560 -320 ) (-352 -2560 -320 ) (-352 -2560 -32 ) (-416 -2560 -32 ) 
4 192 195 (-512 -2048 -320 ) (-416 -2048 -320 ) (-416 -2560 -320 ) (-512 -2560 -320 ) 
4 192 194 (-512 -2560 -320 ) (-416 -2560 -320 ) (-416 -2560 -32 ) (-512 -2560 -32 ) 
4 192 193 (-512 -2048 -320 ) (-512 -2560 -320 ) (-512 -2560 -32 ) (-512 -2048 -32 ) 
4 193 197 (-1024 -2048 -32 ) (-1024 -2048 -320 ) (-1024 -2560 -320 ) (-1024 -2560 -32 ) 
4 193 195 (-1024 -2048 -320 ) (-512 -2048 -320 ) (-512 -2560 -320 ) (-1024 -2560 -320 ) 
4 193 194 (-1024 -2560 -320 ) (-512 -2560 -320 ) (-512 -2560 -32 ) (-1024 -2560 -32 ) 
4 194 217 (0 -3072 -320 ) (0 -3072 -32 ) (-1024 -3072 -32 ) (-1024 -3072 -320 ) 
4 194 198 (-1024 -2560 -320 ) (-1024 -3072 -320 ) (-1024 -3072 -32 ) (-1024 -2560 -32 ) 
4 194 195 (0 -2560 -320 ) (0 -3072 -320 ) (-1024 -3072 -320 ) (-1024 -2560 -320 ) 
4 195 217 (0 -3072 -576 ) (0 -3072 -320 ) (-1024 -3072 -320 ) (-1024 -3072 -576 ) 
4 195 199 (-1024 -2048 -320 ) (-1024 -2048 -576 ) (-1024 -3072 -576 ) (-1024 -3072 -320 ) 
4 196 218 (-1024 -3072 -32 ) (-1024 -3072 1024 ) (-2048 -3072 1024 ) (-2048 -3072 -32 ) 
4 196 210 (-2048 -3072 -32 ) (-2048 -3072 1024 ) (-2048 -2048 1024 ) (-2048 -2048 -32 ) 
4 196 198 (-1024 -3072 -32 ) (-2048 -3072 -32 ) (-2048 -2560 -32 ) (-1024 -2560 -32 ) 
4 196 197 (-2048 -2560 -32 ) (-2048 -2048 -32 ) (-1024 -2048 -32 ) (-1024 -2560 -32 ) 
4 197 211 (-2048 -2560 -32 ) (-2048 -2048 -32 ) (-2048 -2048 -320 ) (-2048 -2560 -320 ) 
4 197 199 (-1024 -2048 -320 ) (-1024 -2560 -320 ) (-2048 -2560 -320 ) (-2048 -2048 -320 ) 
4 197 198 (-2048 -2560 -320 ) (-1024 -2560 -320 ) (-1024 -2560 -32 ) (-2048 -2560 -32 ) 
4 198 218 (-1024 -3072 -320 ) (-1024 -3072 -32 ) (-2048 -3072 -32 ) (-2048 -3072 -320 ) 
4 198 212 (-2048 -3072 -320 ) (-2048 -3072 -32 ) (-2048 -2560 -32 ) (-2048 -2560 -320 ) 
4 198 199 (-1024 -2560 -320 ) (-1024 -3072 -320 ) (-2048 -3072 -320 ) (-2048 -2560 -320 ) 
4 199 218 (-1024 -3072 -576 ) (-1024 -3072 -320 ) (-2048 -3072 -320 ) (-2048 -3072 -576 ) 
4 199 214 (-2048 -3072 -576 ) (-2048 -3072 -320 ) (-2048 -2048 -320 ) (-2048 -2048 -576 ) 
4 200 205 (-2048 -1024 -32 ) (-2048 -1024 1024 ) (-3072 -1024 1024 ) (-3072 -1024 -32 ) 
4 200 204 (-3072 0 1024 ) (-3072 0 -32 ) (-3072 -1024 -32 ) (-3072 -1024 1024 ) 
4 200 202 (-3072 -1024 -32 ) (-3072 0 -32 ) (-2560 0 -32 ) (-2560 -1024 -32 ) 
4 200 201 (-2560 0 -32 ) (-2048 0 -32 ) (-2048 -1024 -32 ) (-2560 -1024 -32 ) 
4 201 206 (-2048 -1024 -320 ) (-2048 -1024 -32 ) (-2560 -1024 -32 ) (-2560 -1024 -320 ) 
4 201 203 (-2048 -1024 -320 ) (-2560 -1024 -320 ) (-2560 0 -320 ) (-2048 0 -320 ) 
4 201 202 (-2560 0 -320 ) (-2560 -1024 -320 ) (-2560 -1024 -32 ) (-2560 0 -32 ) 
4 202 207 (-2560 -1024 -32 ) (-3072 -1024 -32 ) (-3072 -1024 -320 ) (-2560 -1024 -320 ) 
4 202 204 (-3072 0 -32 ) (-3072 0 -320 ) (-3072 -1024 -320 ) (-3072 -1024 -32 ) 
4 202 203 (-2560 -1024 -320 ) (-3072 -1024 -320 ) (-3072 0 -320 ) (-2560 0 -320 ) 
4 203 208 (-2048 -1024 -576 ) (-2048 -1024 -320 ) (-3072 -1024 -320 ) (-3072 -1024 -576 ) 
4 203 204 (-3072 0 -320 ) (-3072 0 -576 ) (-3072 -1024 -576 ) (-3072 -1024 -320 ) 
4 204 209 (-3072 -1024 -576 ) (-3072 -1024 1024 ) (-4096 -1024 1024 ) (-4096 -1024 -576 ) 
4 205 210 (-2048 -2048 -32 ) (-2048 -2048 1024 ) (-3072 -2048 1024 ) (-3072 -2048 -32 ) 
4 205 209 (-3072 -2048 -32 ) (-3072 -2048 1024 ) (-3072 -1024 1024 ) (-3072 -1024 -32 ) 
4 205 207 (-3072 -2048 -32 ) (-3072 -1024 -32 ) (-2560 -1024 -32 ) (-2560 -2048 -32 ) 
4 205 206 (-2560 -1024 -32 ) (-2048 -1024 -32 ) (-2048 -2048 -32 ) (-2560 -2048 -32 ) 
4 206 211 (-2048 -2048 -320 ) (-2048 -2048 -32 ) (-2560 -2048 -32 ) (-2560 -2048 -320 ) 
4 206 208 (-2048 -2048 -320 ) (-2560 -2048 -320 ) (-2560 -1024 -320 ) (-2048 -1024 -320 ) 
4 206 207 (-2560 -1024 -320 ) (-2560 -2048 -320 ) (-2560 -2048 -32 ) (-2560 -1024 -32 ) 
4 207 213 (-2560 -2048 -32 ) (-3072 -2048 -32 ) (-3072 -2048 -320 ) (-2560 -2048 -320 ) 
4 207 209 (-3072 -2048 -320 ) (-3072 -2048 -32 ) (-3072 -1024 -32 ) (-3072 -1024 -320 ) 
4 207 208 (-2560 -2048 -320 ) (-3072 -2048 -320 ) (-3072 -1024 -320 ) (-2560 -1024 -320 ) 
4 208 214 (-2048 -2048 -576 ) (-2048 -2048 -320 ) (-3072 -2048 -320 ) (-3072 -2048 -576 ) 
4 208 209 (-3072 -2048 -576 ) (-3072 -2048 -320 ) (-3072 -1024 -320 ) (-3072 -1024 -576 ) 
4 209 215 (-4096 -2048 1024 ) (-4096 -2048 -576 ) (-3072 -2048 -576 ) (-3072 -2048 1024 ) 
4 210 219 (-2048 -3072 -32 ) (-2048 -3072 1024 ) (-3072 -3072 1024 ) (-3072 -3072 -32 ) 
4 210 215 (-3072 -2048 1024 ) (-3072 -2048 -32 ) (-3072 -3072 -32 ) (-3072 -3072 1024 ) 
4 210 212 (-2048 -3072 -32 ) (-2560 -3072 -32 ) (-2560 -2560 -32 ) (-2048 -2560 -32 ) 
4 210 211 (-2560 -2560 -32 ) (-2560 -2048 -32 ) (-2048 -2048 -32 ) (-2048 -2560 -32 ) 
4 210 213 (-2560 -3072 -32 ) (-3072 -3072 -32 ) (-3072 -2048 -32 ) (-2560 -2048 -32 ) 
4 211 214 (-2560 -2048 -320 ) (-2048 -2048 -320 ) (-2048 -2560 -320 ) (-2560 -2560 -320 ) 
4 211 213 (-2560 -2048 -320 ) (-2560 -2560 -320 ) (-2560 -2560 -32 ) (-2560 -2048 -32 ) 
4 211 212 (-2560 -2560 -32 ) (-2560 -2560 -320 ) (-2048 -2560 -320 ) (-2048 -2560 -32 ) 
4 212 219 (-2048 -3072 -320 ) (-2048 -3072 -32 ) (-2560 -3072 -32 ) (-2560 -3072 -320 ) 
4 212 214 (-2048 -2560 -320 ) (-2048 -3072 -320 ) (-2560 -3072 -320 ) (-2560 -2560 -320 ) 
4 212 213 (-2560 -2560 -320 ) (-2560 -3072 -320 ) (-2560 -3072 -32 ) (-2560 -2560 -32 ) 
4 213 219 (-2560 -3072 -32 ) (-3072 -3072 -32 ) (-3072 -3072 -320 ) (-2560 -3072 -320 ) 
4 213 215 (-3072 -2048 -32 ) (-3072 -2048 -320 ) (-3072 -3072 -320 ) (-3072 -3072 -32 ) 
4 213 214 (-3072 -2048 -320 ) (-2560 -2048 -320 ) (-2560 -3072 -320 ) (-3072 -3072 -320 ) 
4 214 219 (-2048 -3072 -576 ) (-2048 -3072 -320 ) (-3072 -3072 -320 ) (-3072 -3072 -576 ) 
4 214 215 (-3072 -2048 -320 ) (-3072 -2048 -576 ) (-3072 -3072 -576 ) (-3072 -3072 -320 ) 
4 215 220 (-3072 -3072 -576 ) (-3072 -3072 1024 ) (-4096 -3072 1024 ) (-4096 -3072 -576 ) 
4 216 217 (0 -3072 1024 ) (0 -3072 -576 ) (0 -4096 -576 ) (0 -4096 1024 ) 
4 217 218 (-1024 -3072 1024 ) (-1024 -3072 -576 ) (-1024 -4096 -576 ) (-1024 -4096 1024 ) 
4 218 219 (-2048 -3072 1024 ) (-2048 -3072 -576 ) (-2048 -4096 -576 ) (-2048 -4096 1024 ) 
4 219 220 (-3072 -3072 1024 ) (-3072 -3072 -576 ) (-3072 -4096 -576 ) (-3072 -4096 1024 ) 
