PRT1
290
961
4 0 36 (1024 1116 1024 ) (1024 1536 1024 ) (1024 1536 64 ) (1024 1116 64 ) 
4 0 13 (1024 1116 64 ) (1024 1536 64 ) (2048 1536 64 ) (2048 1116 64 ) 
4 0 9 (1024 1116 64 ) (1464 1116 64 ) (1464 1116 1024 ) (1024 1116 1024 ) 
4 0 8 (1464 1116 64 ) (1556 1116 64 ) (1556 1116 1024 ) (1464 1116 1024 ) 
4 0 7 (1556 1116 64 ) (1580 1116 64 ) (1580 1116 444 ) (1556 1116 444 ) 
4 0 6 (1580 1116 444 ) (1580 1116 1024 ) (1556 1116 1024 ) (1556 1116 444 ) 
4 0 5 (1580 1116 64 ) (1592 1116 64 ) (1592 1116 1024 ) (1580 1116 1024 ) 
4 0 3 (1616 1116 96 ) (1616 1116 476 ) (1592 1116 476 ) (1592 1116 96 ) 
4 0 2 (1616 1116 476 ) (1616 1116 1024 ) (1592 1116 1024 ) (1592 1116 476 ) 
4 0 4 (1592 1116 64 ) (1616 1116 64 ) (1616 1116 96 ) (1592 1116 96 ) 
4 0 1 (1616 1116 64 ) (2048 1116 64 ) (2048 1116 1024 ) (1616 1116 1024 ) 
4 1 15 (2048 1024 64 ) (2048 1024 476 ) (1616 1024 476 ) (1616 1024 64 ) 
4 1 14 (2048 1024 476 ) (2048 1024 1024 ) (1616 1024 1024 ) (1616 1024 476 ) 
4 1 13 (1616 1116 64 ) (2048 1116 64 ) (2048 1024 64 ) (1616 1024 64 ) 
4 1 3 (1616 1116 476 ) (1616 1116 96 ) (1616 1024 96 ) (1616 1024 476 ) 
4 1 2 (1616 1116 1024 ) (1616 1116 476 ) (1616 1024 476 ) (1616 1024 1024 ) 
4 1 4 (1616 1116 96 ) (1616 1116 64 ) (1616 1024 64 ) (1616 1024 96 ) 
4 2 14 (1616 1024 1024 ) (1592 1024 1024 ) (1592 1024 476 ) (1616 1024 476 ) 
4 2 5 (1592 1116 1024 ) (1592 1116 476 ) (1592 1024 476 ) (1592 1024 1024 ) 
4 2 3 (1592 1024 476 ) (1592 1116 476 ) (1616 1116 476 ) (1616 1024 476 ) 
4 3 16 (1592 1024 476 ) (1592 1024 96 ) (1616 1024 96 ) (1616 1024 476 ) 
4 3 5 (1592 1116 476 ) (1592 1116 96 ) (1592 1024 96 ) (1592 1024 476 ) 
4 3 4 (1592 1024 96 ) (1592 1116 96 ) (1616 1116 96 ) (1616 1024 96 ) 
4 4 17 (1592 1024 96 ) (1592 1024 64 ) (1616 1024 64 ) (1616 1024 96 ) 
4 4 13 (1592 1116 64 ) (1616 1116 64 ) (1616 1024 64 ) (1592 1024 64 ) 
4 4 5 (1592 1116 96 ) (1592 1116 64 ) (1592 1024 64 ) (1592 1024 96 ) 
4 5 18 (1580 1024 476 ) (1580 1024 64 ) (1592 1024 64 ) (1592 1024 476 ) 
4 5 14 (1592 1024 1024 ) (1580 1024 1024 ) (1580 1024 476 ) (1592 1024 476 ) 
4 5 13 (1580 1116 64 ) (1592 1116 64 ) (1592 1024 64 ) (1580 1024 64 ) 
4 5 7 (1580 1116 444 ) (1580 1116 64 ) (1580 1024 64 ) (1580 1024 444 ) 
4 5 6 (1580 1116 1024 ) (1580 1116 444 ) (1580 1024 444 ) (1580 1024 1024 ) 
4 6 19 (1556 1024 476 ) (1556 1024 444 ) (1580 1024 444 ) (1580 1024 476 ) 
4 6 14 (1580 1024 1024 ) (1556 1024 1024 ) (1556 1024 476 ) (1580 1024 476 ) 
4 6 8 (1556 1116 1024 ) (1556 1116 444 ) (1556 1024 444 ) (1556 1024 1024 ) 
4 6 7 (1556 1024 444 ) (1556 1116 444 ) (1580 1116 444 ) (1580 1024 444 ) 
4 7 20 (1556 1024 444 ) (1556 1024 64 ) (1580 1024 64 ) (1580 1024 444 ) 
4 7 13 (1556 1116 64 ) (1580 1116 64 ) (1580 1024 64 ) (1556 1024 64 ) 
4 7 8 (1556 1116 444 ) (1556 1116 64 ) (1556 1024 64 ) (1556 1024 444 ) 
4 8 23 (1464 1024 360 ) (1464 1024 64 ) (1532 1024 64 ) (1532 1024 360 ) 
4 8 22 (1532 1024 64 ) (1556 1024 64 ) (1556 1024 360 ) (1532 1024 360 ) 
4 8 21 (1464 1024 476 ) (1464 1024 360 ) (1556 1024 360 ) (1556 1024 476 ) 
4 8 14 (1556 1024 1024 ) (1464 1024 1024 ) (1464 1024 476 ) (1556 1024 476 ) 
4 8 13 (1464 1116 64 ) (1556 1116 64 ) (1556 1024 64 ) (1464 1024 64 ) 
4 8 11 (1464 1092 64 ) (1464 1024 64 ) (1464 1024 360 ) (1464 1092 360 ) 
4 8 10 (1464 1024 360 ) (1464 1024 1024 ) (1464 1092 1024 ) (1464 1092 360 ) 
4 8 9 (1464 1116 1024 ) (1464 1116 64 ) (1464 1092 64 ) (1464 1092 1024 ) 
4 9 36 (1024 1092 1024 ) (1024 1116 1024 ) (1024 1116 64 ) (1024 1092 64 ) 
4 9 13 (1024 1092 64 ) (1024 1116 64 ) (1464 1116 64 ) (1464 1092 64 ) 
4 9 12 (1024 1092 64 ) (1456 1092 64 ) (1456 1092 360 ) (1024 1092 360 ) 
4 9 11 (1456 1092 64 ) (1464 1092 64 ) (1464 1092 360 ) (1456 1092 360 ) 
4 9 10 (1464 1092 360 ) (1464 1092 1024 ) (1024 1092 1024 ) (1024 1092 360 ) 
4 10 36 (1024 1024 360 ) (1024 1024 1024 ) (1024 1092 1024 ) (1024 1092 360 ) 
4 10 21 (1024 1024 476 ) (1024 1024 360 ) (1464 1024 360 ) (1464 1024 476 ) 
4 10 14 (1464 1024 1024 ) (1024 1024 1024 ) (1024 1024 476 ) (1464 1024 476 ) 
4 10 12 (1024 1024 360 ) (1024 1092 360 ) (1456 1092 360 ) (1456 1024 360 ) 
4 10 11 (1456 1092 360 ) (1464 1092 360 ) (1464 1024 360 ) (1456 1024 360 ) 
4 11 27 (1456 1024 64 ) (1464 1024 64 ) (1464 1024 360 ) (1456 1024 360 ) 
4 11 13 (1456 1092 64 ) (1464 1092 64 ) (1464 1024 64 ) (1456 1024 64 ) 
4 11 12 (1456 1024 360 ) (1456 1092 360 ) (1456 1092 64 ) (1456 1024 64 ) 
4 12 36 (1024 1024 64 ) (1024 1024 360 ) (1024 1092 360 ) (1024 1092 64 ) 
4 12 30 (1024 1024 360 ) (1024 1024 64 ) (1420 1024 64 ) (1420 1024 360 ) 
4 12 28 (1420 1024 64 ) (1456 1024 64 ) (1456 1024 360 ) (1420 1024 360 ) 
4 12 13 (1024 1024 64 ) (1024 1092 64 ) (1456 1092 64 ) (1456 1024 64 ) 
4 13 43 (1024 1024 -512 ) (1024 1024 0 ) (1024 1536 0 ) (1024 1536 -512 ) 
4 13 41 (1024 1024 0 ) (1024 1024 32 ) (1024 1536 32 ) (1024 1536 0 ) 
4 13 37 (1024 1024 32 ) (1024 1024 64 ) (1024 1536 64 ) (1024 1536 32 ) 
4 13 35 (2048 1024 -512 ) (2048 1024 64 ) (1024 1024 64 ) (1024 1024 -512 ) 
4 14 171 (1556 0 1024 ) (1024 0 1024 ) (1024 0 476 ) (1556 0 476 ) 
4 14 169 (1580 0 1024 ) (1556 0 1024 ) (1556 0 476 ) (1580 0 476 ) 
4 14 168 (1592 0 1024 ) (1580 0 1024 ) (1580 0 476 ) (1592 0 476 ) 
4 14 165 (1616 0 1024 ) (1592 0 1024 ) (1592 0 476 ) (1616 0 476 ) 
4 14 164 (2048 0 476 ) (2048 0 1024 ) (1616 0 1024 ) (1616 0 476 ) 
4 14 68 (1024 0 476 ) (1024 0 1024 ) (1024 1024 1024 ) (1024 1024 476 ) 
4 14 21 (1024 0 476 ) (1024 1024 476 ) (1556 1024 476 ) (1556 0 476 ) 
4 14 19 (1556 1024 476 ) (1580 1024 476 ) (1580 0 476 ) (1556 0 476 ) 
4 14 18 (1580 1024 476 ) (1592 1024 476 ) (1592 0 476 ) (1580 0 476 ) 
4 14 16 (1592 1024 476 ) (1616 1024 476 ) (1616 0 476 ) (1592 0 476 ) 
4 14 15 (1616 1024 476 ) (2048 1024 476 ) (2048 0 476 ) (1616 0 476 ) 
4 15 164 (2048 0 64 ) (2048 0 476 ) (1616 0 476 ) (1616 0 64 ) 
4 15 35 (2048 0 64 ) (1616 0 64 ) (1616 1024 64 ) (2048 1024 64 ) 
4 15 17 (1616 1024 64 ) (1616 0 64 ) (1616 0 96 ) (1616 1024 96 ) 
4 15 16 (1616 0 96 ) (1616 0 476 ) (1616 1024 476 ) (1616 1024 96 ) 
4 16 166 (1616 0 476 ) (1592 0 476 ) (1592 0 96 ) (1616 0 96 ) 
4 16 18 (1592 0 96 ) (1592 0 476 ) (1592 1024 476 ) (1592 1024 96 ) 
4 16 17 (1592 0 96 ) (1592 1024 96 ) (1616 1024 96 ) (1616 0 96 ) 
4 17 167 (1592 0 96 ) (1592 0 64 ) (1616 0 64 ) (1616 0 96 ) 
4 17 35 (1616 0 64 ) (1592 0 64 ) (1592 1024 64 ) (1616 1024 64 ) 
4 17 18 (1592 1024 64 ) (1592 0 64 ) (1592 0 96 ) (1592 1024 96 ) 
4 18 168 (1592 0 476 ) (1580 0 476 ) (1580 0 64 ) (1592 0 64 ) 
4 18 35 (1592 0 64 ) (1580 0 64 ) (1580 1024 64 ) (1592 1024 64 ) 
4 18 20 (1580 1024 64 ) (1580 0 64 ) (1580 0 444 ) (1580 1024 444 ) 
4 18 19 (1580 0 444 ) (1580 0 476 ) (1580 1024 476 ) (1580 1024 444 ) 
4 19 169 (1580 0 476 ) (1556 0 476 ) (1556 0 444 ) (1580 0 444 ) 
4 19 21 (1556 0 444 ) (1556 0 476 ) (1556 1024 476 ) (1556 1024 444 ) 
4 19 20 (1556 0 444 ) (1556 1024 444 ) (1580 1024 444 ) (1580 0 444 ) 
4 20 170 (1556 0 444 ) (1556 0 64 ) (1580 0 64 ) (1580 0 444 ) 
4 20 35 (1580 0 64 ) (1556 0 64 ) (1556 1024 64 ) (1580 1024 64 ) 
4 20 22 (1556 1024 64 ) (1556 0 64 ) (1556 0 360 ) (1556 1024 360 ) 
4 20 21 (1556 0 360 ) (1556 0 444 ) (1556 1024 444 ) (1556 1024 360 ) 
4 21 172 (1024 0 444 ) (1024 0 360 ) (1556 0 360 ) (1556 0 444 ) 
4 21 171 (1556 0 476 ) (1024 0 476 ) (1024 0 444 ) (1556 0 444 ) 
4 21 68 (1024 0 360 ) (1024 0 476 ) (1024 1024 476 ) (1024 1024 360 ) 
4 21 31 (1024 836 360 ) (1024 972 360 ) (1420 972 360 ) (1420 836 360 ) 
4 21 30 (1024 972 360 ) (1024 1024 360 ) (1420 1024 360 ) (1420 972 360 ) 
4 21 34 (1024 0 360 ) (1024 836 360 ) (1420 836 360 ) (1420 0 360 ) 
4 21 28 (1420 1024 360 ) (1456 1024 360 ) (1456 948 360 ) (1420 948 360 ) 
4 21 27 (1456 1024 360 ) (1464 1024 360 ) (1464 948 360 ) (1456 948 360 ) 
4 21 29 (1464 948 360 ) (1464 0 360 ) (1420 0 360 ) (1420 948 360 ) 
4 21 25 (1524 868 360 ) (1464 868 360 ) (1464 1012 360 ) (1524 1012 360 ) 
4 21 24 (1532 1012 360 ) (1532 868 360 ) (1524 868 360 ) (1524 1012 360 ) 
4 21 23 (1464 1024 360 ) (1532 1024 360 ) (1532 1012 360 ) (1464 1012 360 ) 
4 21 26 (1532 868 360 ) (1532 0 360 ) (1464 0 360 ) (1464 868 360 ) 
4 21 22 (1532 1024 360 ) (1556 1024 360 ) (1556 0 360 ) (1532 0 360 ) 
4 22 172 (1532 0 64 ) (1556 0 64 ) (1556 0 360 ) (1532 0 360 ) 
4 22 35 (1556 0 64 ) (1532 0 64 ) (1532 1024 64 ) (1556 1024 64 ) 
4 22 24 (1532 1012 64 ) (1532 868 64 ) (1532 868 360 ) (1532 1012 360 ) 
4 22 23 (1532 1024 64 ) (1532 1012 64 ) (1532 1012 360 ) (1532 1024 360 ) 
4 22 26 (1532 868 64 ) (1532 0 64 ) (1532 0 360 ) (1532 868 360 ) 
4 23 35 (1464 1012 64 ) (1464 1024 64 ) (1532 1024 64 ) (1532 1012 64 ) 
4 23 27 (1464 1024 64 ) (1464 1012 64 ) (1464 1012 360 ) (1464 1024 360 ) 
4 23 25 (1464 1012 360 ) (1464 1012 64 ) (1524 1012 64 ) (1524 1012 360 ) 
4 23 24 (1524 1012 64 ) (1532 1012 64 ) (1532 1012 360 ) (1524 1012 360 ) 
4 24 35 (1524 1012 64 ) (1532 1012 64 ) (1532 868 64 ) (1524 868 64 ) 
4 24 26 (1524 868 64 ) (1532 868 64 ) (1532 868 360 ) (1524 868 360 ) 
4 24 25 (1524 1012 360 ) (1524 1012 64 ) (1524 868 64 ) (1524 868 360 ) 
4 25 35 (1464 868 64 ) (1464 1012 64 ) (1524 1012 64 ) (1524 868 64 ) 
4 25 27 (1464 1012 64 ) (1464 948 64 ) (1464 948 360 ) (1464 1012 360 ) 
4 25 29 (1464 948 64 ) (1464 868 64 ) (1464 868 360 ) (1464 948 360 ) 
4 25 26 (1464 868 360 ) (1464 868 64 ) (1524 868 64 ) (1524 868 360 ) 
4 26 172 (1464 0 64 ) (1532 0 64 ) (1532 0 360 ) (1464 0 360 ) 
4 26 35 (1532 0 64 ) (1464 0 64 ) (1464 868 64 ) (1532 868 64 ) 
4 26 29 (1464 868 64 ) (1464 0 64 ) (1464 0 360 ) (1464 868 360 ) 
4 27 35 (1456 1024 64 ) (1464 1024 64 ) (1464 948 64 ) (1456 948 64 ) 
4 27 29 (1456 948 64 ) (1464 948 64 ) (1464 948 360 ) (1456 948 360 ) 
4 27 28 (1456 1024 64 ) (1456 948 64 ) (1456 948 360 ) (1456 1024 360 ) 
4 28 35 (1420 948 64 ) (1420 1024 64 ) (1456 1024 64 ) (1456 948 64 ) 
4 28 32 (1420 972 64 ) (1420 948 64 ) (1420 948 352 ) (1420 972 352 ) 
4 28 31 (1420 948 352 ) (1420 948 360 ) (1420 972 360 ) (1420 972 352 ) 
4 28 30 (1420 1024 64 ) (1420 972 64 ) (1420 972 360 ) (1420 1024 360 ) 
4 28 29 (1420 948 360 ) (1420 948 64 ) (1456 948 64 ) (1456 948 360 ) 
4 29 172 (1420 0 64 ) (1464 0 64 ) (1464 0 360 ) (1420 0 360 ) 
4 29 35 (1464 0 64 ) (1420 0 64 ) (1420 948 64 ) (1464 948 64 ) 
4 29 32 (1420 948 64 ) (1420 836 64 ) (1420 836 352 ) (1420 948 352 ) 
4 29 31 (1420 836 352 ) (1420 836 360 ) (1420 948 360 ) (1420 948 352 ) 
4 29 34 (1420 836 64 ) (1420 0 64 ) (1420 0 360 ) (1420 836 360 ) 
4 30 73 (1024 1024 156 ) (1024 1024 64 ) (1024 972 64 ) (1024 972 156 ) 
4 30 69 (1024 1024 172 ) (1024 1024 156 ) (1024 972 156 ) (1024 972 172 ) 
4 30 68 (1024 972 360 ) (1024 1024 360 ) (1024 1024 172 ) (1024 972 172 ) 
4 30 35 (1024 972 64 ) (1024 1024 64 ) (1420 1024 64 ) (1420 972 64 ) 
4 30 33 (1024 972 64 ) (1412 972 64 ) (1412 972 352 ) (1024 972 352 ) 
4 30 32 (1412 972 64 ) (1420 972 64 ) (1420 972 352 ) (1412 972 352 ) 
4 30 31 (1420 972 352 ) (1420 972 360 ) (1024 972 360 ) (1024 972 352 ) 
4 31 68 (1024 836 360 ) (1024 972 360 ) (1024 972 352 ) (1024 836 352 ) 
4 31 33 (1412 836 352 ) (1024 836 352 ) (1024 972 352 ) (1412 972 352 ) 
4 31 32 (1420 836 352 ) (1412 836 352 ) (1412 972 352 ) (1420 972 352 ) 
4 31 34 (1420 836 352 ) (1420 836 360 ) (1024 836 360 ) (1024 836 352 ) 
4 32 35 (1412 972 64 ) (1420 972 64 ) (1420 836 64 ) (1412 836 64 ) 
4 32 34 (1412 836 64 ) (1420 836 64 ) (1420 836 352 ) (1412 836 352 ) 
4 32 33 (1412 836 64 ) (1412 836 352 ) (1412 972 352 ) (1412 972 64 ) 
4 33 73 (1024 972 156 ) (1024 972 64 ) (1024 836 64 ) (1024 836 156 ) 
4 33 69 (1024 972 172 ) (1024 972 156 ) (1024 836 156 ) (1024 836 172 ) 
4 33 68 (1024 972 352 ) (1024 972 172 ) (1024 836 172 ) (1024 836 352 ) 
4 33 35 (1024 836 64 ) (1024 972 64 ) (1412 972 64 ) (1412 836 64 ) 
4 33 34 (1024 836 64 ) (1412 836 64 ) (1412 836 352 ) (1024 836 352 ) 
4 34 172 (1024 0 360 ) (1024 0 64 ) (1420 0 64 ) (1420 0 360 ) 
4 34 73 (1024 0 64 ) (1024 0 156 ) (1024 836 156 ) (1024 836 64 ) 
4 34 69 (1024 0 156 ) (1024 0 172 ) (1024 836 172 ) (1024 836 156 ) 
4 34 68 (1024 0 172 ) (1024 0 360 ) (1024 836 360 ) (1024 836 172 ) 
4 34 35 (1420 0 64 ) (1024 0 64 ) (1024 836 64 ) (1420 836 64 ) 
4 35 175 (2048 0 -512 ) (2048 0 64 ) (1024 0 64 ) (1024 0 -512 ) 
4 35 79 (1024 0 -512 ) (1024 0 32 ) (1024 1024 32 ) (1024 1024 -512 ) 
4 35 73 (1024 0 32 ) (1024 0 64 ) (1024 1024 64 ) (1024 1024 32 ) 
4 36 76 (592 1024 156 ) (588 1024 156 ) (588 1024 64 ) (592 1024 64 ) 
4 36 75 (784 1024 156 ) (592 1024 156 ) (592 1024 64 ) (784 1024 64 ) 
4 36 78 (588 1024 156 ) (0 1024 156 ) (0 1024 64 ) (588 1024 64 ) 
4 36 74 (808 1024 156 ) (784 1024 156 ) (784 1024 64 ) (808 1024 64 ) 
4 36 73 (1024 1024 64 ) (1024 1024 156 ) (808 1024 156 ) (808 1024 64 ) 
4 36 70 (592 1024 172 ) (588 1024 172 ) (588 1024 156 ) (592 1024 156 ) 
4 36 69 (1024 1024 156 ) (1024 1024 172 ) (592 1024 172 ) (592 1024 156 ) 
4 36 72 (588 1024 172 ) (0 1024 172 ) (0 1024 156 ) (588 1024 156 ) 
4 36 68 (1024 1024 172 ) (1024 1024 1024 ) (0 1024 1024 ) (0 1024 172 ) 
4 36 57 (0 1024 64 ) (0 1024 256 ) (0 1096 256 ) (0 1096 64 ) 
4 36 52 (0 1024 256 ) (0 1024 1024 ) (0 1096 1024 ) (0 1096 256 ) 
4 36 45 (0 1096 1024 ) (0 1120 1024 ) (0 1120 64 ) (0 1096 64 ) 
4 36 44 (0 1120 1024 ) (0 1536 1024 ) (0 1536 64 ) (0 1120 64 ) 
4 36 39 (0 1120 64 ) (0 1536 64 ) (784 1536 64 ) (784 1120 64 ) 
4 36 40 (784 1024 64 ) (0 1024 64 ) (0 1096 64 ) (784 1096 64 ) 
4 36 38 (784 1096 64 ) (784 1536 64 ) (808 1536 64 ) (808 1096 64 ) 
4 36 37 (1024 1024 64 ) (808 1024 64 ) (808 1536 64 ) (1024 1536 64 ) 
4 37 73 (1024 1024 32 ) (1024 1024 64 ) (808 1024 64 ) (808 1024 32 ) 
4 37 41 (808 1536 32 ) (1024 1536 32 ) (1024 1024 32 ) (808 1024 32 ) 
4 37 38 (808 1536 32 ) (808 1096 32 ) (808 1096 64 ) (808 1536 64 ) 
4 38 41 (784 1536 32 ) (808 1536 32 ) (808 1096 32 ) (784 1096 32 ) 
4 38 39 (784 1536 32 ) (784 1120 32 ) (784 1120 64 ) (784 1536 64 ) 
4 39 44 (0 1120 64 ) (0 1536 64 ) (0 1536 32 ) (0 1120 32 ) 
4 39 42 (0 1120 32 ) (0 1536 32 ) (784 1536 32 ) (784 1120 32 ) 
4 40 76 (592 1024 64 ) (588 1024 64 ) (588 1024 32 ) (592 1024 32 ) 
4 40 75 (784 1024 64 ) (592 1024 64 ) (592 1024 32 ) (784 1024 32 ) 
4 40 78 (588 1024 64 ) (0 1024 64 ) (0 1024 32 ) (588 1024 32 ) 
4 40 57 (0 1024 32 ) (0 1024 64 ) (0 1096 64 ) (0 1096 32 ) 
4 41 79 (1024 1024 0 ) (1024 1024 32 ) (784 1024 32 ) (784 1024 0 ) 
4 41 43 (1024 1024 0 ) (784 1024 0 ) (784 1536 0 ) (1024 1536 0 ) 
4 41 42 (784 1536 0 ) (784 1096 0 ) (784 1096 32 ) (784 1536 32 ) 
4 42 47 (0 1096 32 ) (0 1536 32 ) (0 1536 0 ) (0 1096 0 ) 
4 42 43 (0 1096 0 ) (0 1536 0 ) (784 1536 0 ) (784 1096 0 ) 
4 43 80 (784 1024 0 ) (0 1024 0 ) (0 1024 -512 ) (784 1024 -512 ) 
4 43 79 (1024 1024 -512 ) (1024 1024 0 ) (784 1024 0 ) (784 1024 -512 ) 
4 43 58 (0 1024 -512 ) (0 1024 0 ) (0 1096 0 ) (0 1096 -512 ) 
4 43 47 (0 1096 0 ) (0 1536 0 ) (0 1536 -512 ) (0 1096 -512 ) 
4 44 47 (-320 1120 32 ) (-320 1536 32 ) (0 1536 32 ) (0 1120 32 ) 
4 44 45 (-320 1120 1024 ) (-320 1120 64 ) (0 1120 64 ) (0 1120 1024 ) 
4 44 46 (-320 1536 32 ) (-320 1120 32 ) (-320 1120 1024 ) (-320 1536 1024 ) 
4 45 57 (0 1096 64 ) (0 1096 256 ) (-320 1096 256 ) (-320 1096 64 ) 
4 45 56 (-318 1096 1024 ) (-320 1096 1024 ) (-320 1096 384.816956 ) (-318 1096 384 ) 
4 45 54 (-320 1096 382.822693 ) (-320 1096 256 ) (-318 1096 256 ) (-318 1096 382 ) 
4 45 53 (-176 1096 1024 ) (-318 1096 1024 ) (-318 1096 384 ) (-176 1096 326 ) 
5 45 52 (0 1096 256 ) (0 1096 1024 ) (-176 1096 1024 ) (-176 1096 324 ) (-10.700714 1096 256 ) 
4 45 49 (-248 1096 256 ) (-240 1096 256 ) (-240 1096 350.328003 ) (-248 1096 353.618988 ) 
3 45 48 (-240 1096 256 ) (-10.700714 1096 256 ) (-240 1096 350.328003 ) 
4 45 51 (-318 1096 382.415222 ) (-318 1096 256 ) (-248 1096 256 ) (-248 1096 353.618988 ) 
4 45 46 (-320 1096 64 ) (-320 1096 1024 ) (-320 1120 1024 ) (-320 1120 64 ) 
4 46 159 (-1024 1096 32 ) (-1024 1096 1024 ) (-1024 1536 1024 ) (-1024 1536 32 ) 
4 46 66 (-1024 1096 368 ) (-1024 1096 32 ) (-352 1096 32 ) (-352 1096 368 ) 
3 46 64 (-460 1096 442.132996 ) (-460 1096 504 ) (-602 1096 504 ) 
4 46 63 (-604 1096 503.187042 ) (-604 1096 384 ) (-460 1096 384 ) (-460 1096 440 ) 
4 46 62 (-460 1096 1024 ) (-604 1096 1024 ) (-604 1096 504 ) (-460 1096 504 ) 
4 46 61 (-352 1096 1024 ) (-460 1096 1024 ) (-460 1096 442 ) (-352 1096 397.887299 ) 
4 46 60 (-460 1096 440.415283 ) (-460 1096 384 ) (-352 1096 384 ) (-352 1096 395.986755 ) 
4 46 65 (-604 1096 1024 ) (-1024 1096 1024 ) (-1024 1096 368 ) (-604 1096 368 ) 
4 46 56 (-320 1096 1024 ) (-352 1096 1024 ) (-352 1096 397.887329 ) (-320 1096 384.816925 ) 
3 46 55 (-352 1096 395.986694 ) (-352 1096 384 ) (-322.861755 1096 384 ) 
4 46 47 (-320 1096 32 ) (-1024 1096 32 ) (-1024 1536 32 ) (-320 1536 32 ) 
4 47 159 (-1024 1096 -512 ) (-1024 1096 32 ) (-1024 1536 32 ) (-1024 1536 -512 ) 
4 47 66 (-352 1096 32 ) (-1024 1096 32 ) (-1024 1096 -512 ) (-352 1096 -512 ) 
4 47 59 (-320 1096 32 ) (-352 1096 32 ) (-352 1096 -512 ) (-320 1096 -512 ) 
4 47 58 (0 1096 -512 ) (0 1096 0 ) (-320 1096 0 ) (-320 1096 -512 ) 
3 48 81 (-240 1024 256 ) (-10.700714 1024 256 ) (-240 1024 350.328003 ) 
4 48 57 (-240 1096 256 ) (-10.700714 1096 256 ) (-10.700718 1024 256 ) (-240 1024 256 ) 
4 48 52 (-176 1024 324 ) (-10.701022 1024 256 ) (-10.701024 1096 256 ) (-176 1096 324 ) 
4 48 50 (-240 1092 256 ) (-240 1024 256 ) (-240 1024 348 ) (-240 1092 348 ) 
4 48 49 (-240 1096 256 ) (-240 1092 256 ) (-240 1092 350.326202 ) (-240 1096 350.326202 ) 
4 49 57 (-248 1096 256 ) (-240 1096 256 ) (-240 1092 256 ) (-248 1092 256 ) 
4 49 50 (-248 1092 348 ) (-248 1092 256 ) (-240 1092 256 ) (-240 1092 348 ) 
4 49 51 (-248 1096 256 ) (-248 1092 256 ) (-248 1092 353.615265 ) (-248 1096 353.615265 ) 
4 50 82 (-248 1024 256 ) (-240 1024 256 ) (-240 1024 348 ) (-248 1024 348 ) 
4 50 57 (-240 1092 256 ) (-240 1024 256 ) (-248 1024 256 ) (-248 1092 256 ) 
4 50 51 (-248 1092 256 ) (-248 1024 256 ) (-248 1024 348 ) (-248 1092 348 ) 
4 51 83 (-318 1024 382.415283 ) (-318 1024 256 ) (-248 1024 256 ) (-248 1024 353.619019 ) 
4 51 57 (-318 1096 256 ) (-248 1096 256 ) (-248 1024 256 ) (-318 1024 256 ) 
4 51 54 (-318 1096 382 ) (-318 1096 256 ) (-318 1024 256 ) (-318 1024 382 ) 
5 52 84 (0 1024 256 ) (0 1024 1024 ) (-176 1024 1024 ) (-176 1024 324 ) (-10.700714 1024 256 ) 
4 52 57 (-10.700714 1096 256 ) (0 1096 256 ) (0 1024 256 ) (-10.700718 1024 256 ) 
4 52 53 (-176 1024 326 ) (-176 1024 1024 ) (-176 1096 1024 ) (-176 1096 326 ) 
4 53 85 (-176 1024 1024 ) (-318 1024 1024 ) (-318 1024 384 ) (-176 1024 326 ) 
4 53 56 (-318 1096 1024 ) (-318 1096 384 ) (-318 1024 384 ) (-318 1024 1024 ) 
4 54 86 (-320 1024 256 ) (-318 1024 256 ) (-318 1024 382 ) (-320 1024 382.822754 ) 
4 54 57 (-320 1096 256 ) (-318 1096 256 ) (-318 1024 256 ) (-320 1024 256 ) 
3 55 87 (-352 1024 395.986816 ) (-352 1024 384 ) (-322.861725 1024 384 ) 
4 55 60 (-352 1096 395.986816 ) (-352 1096 384 ) (-352 1024 384 ) (-352 1024 395.986755 ) 
4 56 88 (-352 1024 1024 ) (-352 1024 397.887329 ) (-318 1024 384 ) (-318 1024 1024 ) 
4 56 61 (-352 1096 1024 ) (-352 1096 397.887329 ) (-352 1024 397.887299 ) (-352 1024 1024 ) 
4 57 155 (0 1024 32 ) (0 1024 64 ) (-320 1024 64 ) (-320 1024 32 ) 
4 57 135 (-240 1024 128 ) (-320 1024 128 ) (-320 1024 64 ) (-240 1024 64 ) 
4 57 134 (0 1024 64 ) (0 1024 128 ) (-240 1024 128 ) (-240 1024 64 ) 
4 57 89 (0 1024 128 ) (0 1024 256 ) (-320 1024 256 ) (-320 1024 128 ) 
4 58 156 (0 1024 -512 ) (0 1024 0 ) (-320 1024 0 ) (-320 1024 -512 ) 
4 58 59 (-320 1096 0 ) (-320 1096 -512 ) (-320 1024 -512 ) (-320 1024 0 ) 
4 59 157 (-320 1024 -512 ) (-320 1024 32 ) (-352 1024 32 ) (-352 1024 -512 ) 
4 59 67 (-352 1040 -512 ) (-352 1024 -512 ) (-352 1024 32 ) (-352 1040 32 ) 
4 59 66 (-352 1096 32 ) (-352 1096 -512 ) (-352 1040 -512 ) (-352 1040 32 ) 
4 60 102 (-352 1024 384 ) (-352 1024 395.986755 ) (-460 1024 440.415283 ) (-460 1024 384 ) 
4 60 63 (-460 1024 384 ) (-460 1024 440 ) (-460 1096 440 ) (-460 1096 384 ) 
4 61 103 (-352 1024 397.887299 ) (-352 1024 1024 ) (-460 1024 1024 ) (-460 1024 442 ) 
4 61 64 (-460 1024 442 ) (-460 1024 504 ) (-460 1096 504 ) (-460 1096 442 ) 
4 61 62 (-460 1024 504 ) (-460 1024 1024 ) (-460 1096 1024 ) (-460 1096 504 ) 
4 62 104 (-460 1024 1024 ) (-604 1024 1024 ) (-604 1024 504 ) (-460 1024 504 ) 
4 62 64 (-602 1096 504 ) (-460 1096 504 ) (-460 1024 504 ) (-602 1024 504 ) 
4 62 65 (-604 1024 504 ) (-604 1024 1024 ) (-604 1096 1024 ) (-604 1096 504 ) 
4 63 105 (-604 1024 503.187042 ) (-604 1024 384 ) (-460 1024 384 ) (-460 1024 440 ) 
4 63 65 (-604 1024 384 ) (-604 1024 503.187042 ) (-604 1096 503.187042 ) (-604 1096 384 ) 
3 64 106 (-460 1024 442.132996 ) (-460 1024 504 ) (-602 1024 504 ) 
4 65 159 (-1024 1024 368 ) (-1024 1024 1024 ) (-1024 1096 1024 ) (-1024 1096 368 ) 
4 65 108 (-1024 1024 384 ) (-1024 1024 368 ) (-604 1024 368 ) (-604 1024 384 ) 
4 65 107 (-604 1024 1024 ) (-1024 1024 1024 ) (-1024 1024 384 ) (-604 1024 384 ) 
4 65 66 (-1024 1096 368 ) (-604 1096 368 ) (-604 1040 368 ) (-1024 1040 368 ) 
4 66 159 (-1024 1040 368 ) (-1024 1096 368 ) (-1024 1096 -512 ) (-1024 1040 -512 ) 
4 66 67 (-1024 1040 -512 ) (-352 1040 -512 ) (-352 1040 112 ) (-1024 1040 112 ) 
4 67 159 (-1024 1024 -512 ) (-1024 1024 112 ) (-1024 1040 112 ) (-1024 1040 -512 ) 
4 67 158 (-352 1024 -512 ) (-352 1024 112 ) (-1024 1024 112 ) (-1024 1024 -512 ) 
4 68 190 (1024 0 172 ) (1024 0 1024 ) (0 0 1024 ) (0 0 172 ) 
4 68 101 (0 256 172 ) (0 0 172 ) (0 0 256 ) (0 256 256 ) 
4 68 99 (0 268 172 ) (0 256 172 ) (0 256 240 ) (0 268 240 ) 
4 68 94 (0 368 172 ) (0 268 172 ) (0 268 240 ) (0 368 240 ) 
4 68 92 (0 256 240 ) (0 256 256 ) (0 368 256 ) (0 368 240 ) 
4 68 91 (0 632 172 ) (0 368 172 ) (0 368 256 ) (0 632 256 ) 
4 68 90 (0 744 172 ) (0 632 172 ) (0 632 256 ) (0 744 256 ) 
4 68 89 (0 1024 256 ) (0 1024 172 ) (0 744 172 ) (0 744 256 ) 
4 68 84 (0 1024 1024 ) (0 1024 256 ) (0 0 256 ) (0 0 1024 ) 
4 68 71 (592 604 172 ) (592 0 172 ) (588 0 172 ) (588 604 172 ) 
4 68 70 (588 1024 172 ) (592 1024 172 ) (592 604 172 ) (588 604 172 ) 
4 68 69 (592 1024 172 ) (1024 1024 172 ) (1024 0 172 ) (592 0 172 ) 
4 68 72 (0 1024 172 ) (588 1024 172 ) (588 0 172 ) (0 0 172 ) 
4 69 191 (1024 0 156 ) (1024 0 172 ) (592 0 172 ) (592 0 156 ) 
4 69 75 (784 0 156 ) (592 0 156 ) (592 1024 156 ) (784 1024 156 ) 
4 69 74 (808 0 156 ) (784 0 156 ) (784 1024 156 ) (808 1024 156 ) 
4 69 73 (1024 0 156 ) (808 0 156 ) (808 1024 156 ) (1024 1024 156 ) 
4 69 71 (592 604 156 ) (592 0 156 ) (592 0 172 ) (592 604 172 ) 
4 69 70 (592 1024 156 ) (592 604 156 ) (592 604 172 ) (592 1024 172 ) 
4 70 76 (588 604 156 ) (588 1024 156 ) (592 1024 156 ) (592 604 156 ) 
4 70 72 (588 1024 156 ) (588 604 156 ) (588 604 172 ) (588 1024 172 ) 
4 70 71 (588 604 172 ) (588 604 156 ) (592 604 156 ) (592 604 172 ) 
4 71 192 (592 0 172 ) (588 0 172 ) (588 0 156 ) (592 0 156 ) 
4 71 72 (588 604 156 ) (588 0 156 ) (588 0 172 ) (588 604 172 ) 
4 72 195 (588 0 172 ) (0 0 172 ) (0 0 156 ) (588 0 156 ) 
4 72 101 (0 256 156 ) (0 0 156 ) (0 0 172 ) (0 256 172 ) 
4 72 99 (0 268 156 ) (0 256 156 ) (0 256 172 ) (0 268 172 ) 
4 72 94 (0 368 156 ) (0 268 156 ) (0 268 172 ) (0 368 172 ) 
4 72 91 (0 632 156 ) (0 368 156 ) (0 368 172 ) (0 632 172 ) 
4 72 90 (0 744 156 ) (0 632 156 ) (0 632 172 ) (0 744 172 ) 
4 72 89 (0 1024 172 ) (0 1024 156 ) (0 744 156 ) (0 744 172 ) 
4 72 78 (588 0 156 ) (0 0 156 ) (0 1024 156 ) (588 1024 156 ) 
4 73 202 (1024 0 32 ) (1024 0 81.157898 ) (808 0 81.157898 ) (808 0 32 ) 
4 73 196 (1024 0 81.157898 ) (1024 0 156 ) (808 0 156 ) (808 0 81.157898 ) 
4 73 79 (808 1024 32 ) (1024 1024 32 ) (1024 0 32 ) (808 0 32 ) 
4 73 74 (808 0 64 ) (808 0 156 ) (808 1024 156 ) (808 1024 64 ) 
4 74 203 (784 0 81.157898 ) (784 0 64 ) (808 0 64 ) (808 0 81.157898 ) 
4 74 196 (808 0 156 ) (784 0 156 ) (784 0 81.157898 ) (808 0 81.157898 ) 
4 74 75 (784 0 64 ) (784 0 156 ) (784 1024 156 ) (784 1024 64 ) 
4 75 205 (592 0 81.157898 ) (592 0 32 ) (784 0 32 ) (784 0 81.157898 ) 
4 75 196 (784 0 156 ) (592 0 156 ) (592 0 81.157898 ) (784 0 81.157898 ) 
4 75 77 (592 604 32 ) (592 0 32 ) (592 0 81.157898 ) (592 604 81.157898 ) 
4 75 76 (592 1024 32 ) (592 604 32 ) (592 604 156 ) (592 1024 156 ) 
4 76 77 (588 604 81.157898 ) (588 604 32 ) (592 604 32 ) (592 604 81.157898 ) 
4 76 78 (588 1024 32 ) (588 604 32 ) (588 604 156 ) (588 1024 156 ) 
4 77 205 (588 0 81.157898 ) (588 0 32 ) (592 0 32 ) (592 0 81.157898 ) 
4 77 78 (588 604 32 ) (588 0 32 ) (588 0 81.157898 ) (588 604 81.157898 ) 
4 78 205 (0 0 81.157898 ) (0 0 32 ) (588 0 32 ) (588 0 81.157898 ) 
4 78 198 (588 0 156 ) (0 0 156 ) (0 0 81.157898 ) (588 0 81.157898 ) 
4 78 155 (0 1024 64 ) (0 1024 32 ) (0 0 32 ) (0 0 64 ) 
4 78 134 (0 1024 128 ) (0 1024 64 ) (0 0 64 ) (0 0 128 ) 
4 78 101 (0 256 128 ) (0 0 128 ) (0 0 156 ) (0 256 156 ) 
4 78 99 (0 268 128 ) (0 256 128 ) (0 256 156 ) (0 268 156 ) 
4 78 94 (0 368 128 ) (0 268 128 ) (0 268 156 ) (0 368 156 ) 
4 78 91 (0 632 128 ) (0 368 128 ) (0 368 156 ) (0 632 156 ) 
4 78 90 (0 744 128 ) (0 632 128 ) (0 632 156 ) (0 744 156 ) 
4 78 89 (0 1024 156 ) (0 1024 128 ) (0 744 128 ) (0 744 156 ) 
4 79 206 (1024 0 -512 ) (1024 0 32 ) (784 0 32 ) (784 0 -512 ) 
4 79 80 (784 1024 -512 ) (784 0 -512 ) (784 0 0 ) (784 1024 0 ) 
4 80 207 (0 0 0 ) (0 0 -512 ) (784 0 -512 ) (784 0 0 ) 
4 80 156 (0 1024 0 ) (0 1024 -512 ) (0 0 -512 ) (0 0 0 ) 
3 81 209 (-240 0 256 ) (-10.700714 0 256 ) (-240 0 350.328003 ) 
4 81 101 (-10.700717 256 256 ) (-10.700718 0 256 ) (-240 0 256 ) (-240 256 256 ) 
4 81 92 (-10.700717 368 256 ) (-10.700717 256 256 ) (-240 256 256 ) (-240 368 256 ) 
4 81 91 (-10.700716 632 256 ) (-10.700717 368 256 ) (-240 368 256 ) (-240 632 256 ) 
4 81 90 (-10.700715 744 256 ) (-10.700716 632 256 ) (-240 632 256 ) (-240 744 256 ) 
4 81 89 (-240 1024 256 ) (-10.700714 1024 256 ) (-10.700715 744 256 ) (-240 744 256 ) 
4 81 84 (-176 0 324 ) (-10.700989 0 256 ) (-10.701022 1024 256 ) (-176 1024 324 ) 
4 81 82 (-240 1024 256 ) (-240 0 256 ) (-240 0 348 ) (-240 1024 348 ) 
4 82 210 (-248 0 256 ) (-240 0 256 ) (-240 0 348 ) (-248 0 348 ) 
4 82 101 (-240 256 256 ) (-240 0 256 ) (-248 0 256 ) (-248 256 256 ) 
4 82 92 (-240 368 256 ) (-240 256 256 ) (-248 256 256 ) (-248 368 256 ) 
4 82 91 (-240 632 256 ) (-240 368 256 ) (-248 368 256 ) (-248 632 256 ) 
4 82 90 (-240 744 256 ) (-240 632 256 ) (-248 632 256 ) (-248 744 256 ) 
4 82 89 (-248 1024 256 ) (-240 1024 256 ) (-240 744 256 ) (-248 744 256 ) 
4 82 83 (-248 1024 256 ) (-248 0 256 ) (-248 0 348 ) (-248 1024 348 ) 
4 83 212 (-318 0 382.415283 ) (-318 0 256 ) (-248 0 256 ) (-248 0 353.619019 ) 
4 83 101 (-248 256 256 ) (-248 0 256 ) (-318 0 256 ) (-318 256 256 ) 
4 83 92 (-248 368 256 ) (-248 256 256 ) (-318 256 256 ) (-318 368 256 ) 
4 83 91 (-248 632 256 ) (-248 368 256 ) (-318 368 256 ) (-318 632 256 ) 
4 83 90 (-248 744 256 ) (-248 632 256 ) (-318 632 256 ) (-318 744 256 ) 
4 83 89 (-318 1024 256 ) (-248 1024 256 ) (-248 744 256 ) (-318 744 256 ) 
4 83 86 (-318 1024 382 ) (-318 1024 256 ) (-318 0 256 ) (-318 0 382 ) 
5 84 213 (0 0 256 ) (0 0 1024 ) (-176 0 1024 ) (-176 0 324 ) (-10.700714 0 256 ) 
4 84 101 (0 256 256 ) (0 0 256 ) (-10.700718 0 256 ) (-10.700717 256 256 ) 
4 84 92 (0 368 256 ) (0 256 256 ) (-10.700717 256 256 ) (-10.700717 368 256 ) 
4 84 91 (0 632 256 ) (0 368 256 ) (-10.700717 368 256 ) (-10.700716 632 256 ) 
4 84 90 (0 744 256 ) (0 632 256 ) (-10.700716 632 256 ) (-10.700715 744 256 ) 
4 84 89 (-10.700714 1024 256 ) (0 1024 256 ) (0 744 256 ) (-10.700715 744 256 ) 
4 84 85 (-176 0 326 ) (-176 0 1024 ) (-176 1024 1024 ) (-176 1024 326 ) 
4 85 214 (-176 0 1024 ) (-318 0 1024 ) (-318 0 384 ) (-176 0 326 ) 
4 85 88 (-318 1024 1024 ) (-318 1024 384 ) (-318 0 384 ) (-318 0 1024 ) 
4 86 215 (-320 0 256 ) (-318 0 256 ) (-318 0 382 ) (-320 0 382.822754 ) 
4 86 101 (-318 256 256 ) (-318 0 256 ) (-320 0 256 ) (-320 256 256 ) 
4 86 92 (-318 368 256 ) (-318 256 256 ) (-320 256 256 ) (-320 368 256 ) 
4 86 91 (-318 632 256 ) (-318 368 256 ) (-320 368 256 ) (-320 632 256 ) 
4 86 90 (-318 744 256 ) (-318 632 256 ) (-320 632 256 ) (-320 744 256 ) 
4 86 89 (-320 1024 256 ) (-318 1024 256 ) (-318 744 256 ) (-320 744 256 ) 
3 87 225 (-352 0 395.986816 ) (-352 0 384 ) (-322.861725 0 384 ) 
4 87 102 (-352 1024 395.986816 ) (-352 1024 384 ) (-352 0 384 ) (-352 0 395.986755 ) 
4 88 226 (-352 0 1024 ) (-352 0 397.887329 ) (-320 0 384.816895 ) (-320 0 1024 ) 
4 88 216 (-320 0 384.816895 ) (-318 0 384 ) (-318 0 1024 ) (-320 0 1024 ) 
4 88 103 (-352 1024 1024 ) (-352 1024 397.887329 ) (-352 0 397.887299 ) (-352 0 1024 ) 
4 89 142 (-320 816 128 ) (-320 824 128 ) (-240 824 128 ) (-240 816 128 ) 
4 89 141 (-320 824 128 ) (-320 832 128 ) (-240 832 128 ) (-240 824 128 ) 
4 89 140 (-320 832 128 ) (-320 840 128 ) (-240 840 128 ) (-240 832 128 ) 
4 89 139 (-320 840 128 ) (-320 848 128 ) (-240 848 128 ) (-240 840 128 ) 
4 89 138 (-320 848 128 ) (-320 856 128 ) (-240 856 128 ) (-240 848 128 ) 
4 89 137 (-320 856 128 ) (-320 864 128 ) (-240 864 128 ) (-240 856 128 ) 
4 89 136 (-320 864 128 ) (-320 872 128 ) (-240 872 128 ) (-240 864 128 ) 
4 89 135 (-320 872 128 ) (-320 1024 128 ) (-240 1024 128 ) (-240 872 128 ) 
4 89 134 (0 1024 128 ) (0 744 128 ) (-240 744 128 ) (-240 1024 128 ) 
4 89 90 (0 744 256 ) (-320 744 256 ) (-320 744 128 ) (0 744 128 ) 
4 90 134 (0 744 128 ) (0 632 128 ) (-240 632 128 ) (-240 744 128 ) 
4 90 91 (0 632 256 ) (-320 632 256 ) (-320 632 128 ) (0 632 128 ) 
4 91 134 (0 632 128 ) (0 368 128 ) (-240 368 128 ) (-240 632 128 ) 
4 91 96 (-320 368 240 ) (-320 368 128 ) (-201.548965 368 128 ) (-201.548981 368 240 ) 
4 91 94 (-201.548965 368 128 ) (0 368 128 ) (0 368 240 ) (-201.548981 368 240 ) 
4 91 92 (0 368 256 ) (-320 368 256 ) (-320 368 240 ) (0 368 240 ) 
4 92 101 (0 256 256 ) (-320 256 256 ) (-320 256 240 ) (0 256 240 ) 
4 92 99 (0 256 240 ) (-336 256 240 ) (-336 268 240 ) (0 268 240 ) 
4 92 96 (-336 356.828003 240 ) (-336 368 240 ) (-201.548996 368 240 ) (-274.359985 295.188995 240 ) 
4 92 95 (-336 268 240 ) (-336 351.171936 240 ) (-277.188995 292.359985 240 ) (-301.548950 268 240 ) 
4 92 94 (-201.548996 368 240 ) (0 368 240 ) (0 268 240 ) (-301.548950 268 240 ) 
4 93 109 (-352 256 240 ) (-352 256 256 ) (-352 368 256 ) (-352 368 240 ) 
4 93 100 (-348 256 240 ) (-352 256 240 ) (-352 368 240 ) (-348 368 240 ) 
5 94 134 (0 368 128 ) (0 268 128 ) (-240 268 128 ) (-240 329.548950 128 ) (-201.548981 368 128 ) 
4 94 99 (-301.548950 268 128 ) (0 268 128 ) (0 268 240 ) (-301.548950 268 240 ) 
4 94 96 (-274.358917 295.187958 240 ) (-201.546875 368 240 ) (-201.546875 368 128 ) (-274.358948 295.187927 128 ) 
4 94 95 (-301.546875 268 128 ) (-301.546875 268 240 ) (-277.187927 292.358948 240 ) (-277.187927 292.358948 128 ) 
4 95 99 (-336 268 128 ) (-301.548950 268 128 ) (-301.548950 268 240 ) (-336 268 240 ) 
4 95 97 (-336 268 128 ) (-336 268 240 ) (-336 351.171936 240 ) (-336 351.171936 128 ) 
3 96 134 (-240 368 128 ) (-201.548981 368 128 ) (-240 329.548950 128 ) 
4 97 98 (-339.416016 354.583954 128 ) (-340.832031 356 128 ) (-340.832031 356 240 ) (-339.416016 354.583954 240 ) 
4 97 100 (-348 268 240 ) (-348 356 240 ) (-348 356 128 ) (-348 268 128 ) 
4 99 134 (0 268 128 ) (0 256 128 ) (-240 256 128 ) (-240 268 128 ) 
4 99 101 (-320 256 128 ) (0 256 128 ) (0 256 240 ) (-320 256 240 ) 
4 100 109 (-352 368 128 ) (-352 256 128 ) (-352 256 240 ) (-352 368 240 ) 
4 101 215 (-318 0 256 ) (-320 0 256 ) (-320 0 128 ) (-318 0 128 ) 
3 101 213 (0 0 251.597992 ) (0 0 256 ) (-10.700718 0 256 ) 
4 101 210 (-240 0 256 ) (-248 0 256 ) (-248 0 128 ) (-240 0 128 ) 
5 101 209 (0 0 128 ) (0 0 251.597992 ) (-10.700718 0 256 ) (-240 0 256 ) (-240 0 128 ) 
4 101 212 (-248 0 256 ) (-318 0 256 ) (-318 0 128 ) (-248 0 128 ) 
4 101 134 (0 256 128 ) (0 0 128 ) (-240 0 128 ) (-240 256 128 ) 
4 102 236 (-460 0 440.415283 ) (-460 0 384 ) (-352 0 384 ) (-352 0 395.986755 ) 
4 102 105 (-460 1024 384 ) (-460 0 384 ) (-460 0 440 ) (-460 1024 440 ) 
4 103 237 (-460 0 1024 ) (-460 0 442 ) (-352 0 397.887299 ) (-352 0 1024 ) 
4 103 106 (-460 0 442 ) (-460 0 504 ) (-460 1024 504 ) (-460 1024 442 ) 
4 103 104 (-460 0 504 ) (-460 0 1024 ) (-460 1024 1024 ) (-460 1024 504 ) 
4 104 238 (-460 0 504 ) (-460 0 1024 ) (-604 0 1024 ) (-604 0 504 ) 
4 104 106 (-602 1024 504 ) (-460 1024 504 ) (-460 0 504 ) (-602 0 504 ) 
4 104 107 (-604 0 504 ) (-604 0 1024 ) (-604 1024 1024 ) (-604 1024 504 ) 
4 105 239 (-604 0 384 ) (-460 0 384 ) (-460 0 440 ) (-604 0 503.187042 ) 
4 105 107 (-604 1024 384 ) (-604 0 384 ) (-604 0 503.187042 ) (-604 1024 503.187042 ) 
3 106 240 (-460 0 442.132996 ) (-460 0 504 ) (-602 0 504 ) 
4 107 241 (-1024 0 1024 ) (-1024 0 384 ) (-604 0 384 ) (-604 0 1024 ) 
4 107 161 (-1024 0 384 ) (-1024 0 1024 ) (-1024 1008 1024 ) (-1024 1008 384 ) 
4 107 160 (-1024 1008 1024 ) (-1024 1024 1024 ) (-1024 1024 384 ) (-1024 1008 384 ) 
4 107 108 (-1024 1008 384 ) (-1024 1024 384 ) (-604 1024 384 ) (-604 1008 384 ) 
4 108 160 (-1024 1008 384 ) (-1024 1024 384 ) (-1024 1024 368 ) (-1024 1008 368 ) 
4 109 114 (-452 252 128 ) (-352 252 128 ) (-352 252 368 ) (-452 252 368 ) 
3 109 112 (-452 252 276.113007 ) (-452 252 320 ) (-452 295.885010 320 ) 
5 109 111 (-452 488 320 ) (-452 488 128 ) (-452 252 128 ) (-452 252 259.148010 ) (-452 312.851959 320 ) 
4 109 110 (-452 488 368 ) (-452 488 320 ) (-452 252 320 ) (-452 252 368 ) 
4 110 112 (-460 252 320 ) (-460 295.885010 320 ) (-452 295.885010 320 ) (-452 252 320 ) 
4 110 111 (-460 312.852966 320 ) (-460 488 320 ) (-452 488 320 ) (-452 312.851990 320 ) 
4 110 113 (-460 488 368 ) (-460 488 320 ) (-460 252 320 ) (-460 252 368 ) 
5 111 113 (-460 488 320 ) (-460 488 128 ) (-460 252 128 ) (-460 252 259.147034 ) (-460 312.852966 320 ) 
3 112 113 (-460 252 276.113007 ) (-460 252 320 ) (-460 295.885010 320 ) 
4 113 115 (-528 252 368 ) (-528 252 128 ) (-460 252 128 ) (-460 252 368 ) 
4 114 116 (-452 240 128 ) (-352 240 128 ) (-352 240 368 ) (-452 240 368 ) 
4 115 120 (-528 240 368 ) (-528 240 128 ) (-460 240 128 ) (-460 240 368 ) 
4 116 122 (-452 144 128 ) (-380 144 128 ) (-380 144 256 ) (-452 144 256 ) 
4 116 121 (-352 144 304 ) (-352 144 368 ) (-452 144 368 ) (-452 144 304 ) 
5 116 119 (-452 240 259.147034 ) (-452 240 128 ) (-452 144 128 ) (-452 144 320 ) (-452 179.147049 320 ) 
3 116 118 (-452 240 320 ) (-452 240 276.113007 ) (-452 196.115021 320 ) 
4 116 117 (-452 240 368 ) (-452 240 320 ) (-452 144 320 ) (-452 144 368 ) 
4 117 121 (-452 144 320 ) (-452 144 368 ) (-460 144 368 ) (-460 144 320 ) 
4 117 119 (-460 144 320 ) (-460 179.148026 320 ) (-452 179.147049 320 ) (-452 144 320 ) 
4 117 118 (-460 196.115021 320 ) (-460 240 320 ) (-452 240 320 ) (-452 196.115021 320 ) 
4 117 120 (-460 240 368 ) (-460 240 320 ) (-460 144 320 ) (-460 144 368 ) 
3 118 120 (-460 240 320 ) (-460 240 276.113007 ) (-460 196.115021 320 ) 
4 119 122 (-460 144 128 ) (-452 144 128 ) (-452 144 256 ) (-460 144 256 ) 
4 119 121 (-452 144 304 ) (-452 144 320 ) (-460 144 320 ) (-460 144 304 ) 
5 119 120 (-460 240 259.148071 ) (-460 240 128 ) (-460 144 128 ) (-460 144 320 ) (-460 179.148026 320 ) 
4 120 122 (-496 144 128 ) (-460 144 128 ) (-460 144 256 ) (-496 144 256 ) 
4 120 121 (-528 144 368 ) (-528 144 304 ) (-460 144 304 ) (-460 144 368 ) 
4 121 133 (-352 128 304 ) (-352 128 368 ) (-528 128 368 ) (-528 128 304 ) 
4 122 133 (-496 128 128 ) (-380 128 128 ) (-380 128 256 ) (-496 128 256 ) 
5 123 131 (-740 232.852997 128 ) (-740 128 128 ) (-740 128 320 ) (-740 172 320 ) (-740 232.852997 259.147980 ) 
3 123 130 (-740 188.966995 320 ) (-740 232.852997 320 ) (-740 232.852997 276.113007 ) 
4 123 129 (-740 128 320 ) (-740 128 368 ) (-740 232.852997 368 ) (-740 232.852997 320 ) 
3 123 126 (-740 244.852997 276.114044 ) (-740 244.852997 320 ) (-740 288.737000 320 ) 
5 123 125 (-740 488 128 ) (-740 244.852997 128 ) (-740 244.852997 259.148010 ) (-740 305.704987 320 ) (-740 488 320 ) 
4 123 124 (-740 244.852997 320 ) (-740 244.852997 368 ) (-740 488 368 ) (-740 488 320 ) 
4 123 133 (-740 128 128 ) (-544 128 128 ) (-544 128 368 ) (-740 128 368 ) 
4 124 126 (-740 244.852997 320 ) (-748 244.852997 320 ) (-748 288.738007 320 ) (-740 288.737000 320 ) 
4 124 125 (-748 305.704987 320 ) (-748 488 320 ) (-740 488 320 ) (-740 305.704987 320 ) 
4 124 127 (-748 488 368 ) (-748 488 320 ) (-748 244.852997 320 ) (-748 244.852997 368 ) 
5 125 127 (-748 488 320 ) (-748 488 128 ) (-748 244.852997 128 ) (-748 244.852997 259.148010 ) (-748 305.704987 320 ) 
3 126 127 (-748 244.852997 276.113007 ) (-748 244.852997 320 ) (-748 288.738007 320 ) 
4 127 128 (-1024 244.852997 128 ) (-748 244.852997 128 ) (-748 244.852997 368 ) (-1024 244.852997 368 ) 
4 128 132 (-1024 232.852997 128 ) (-748 232.852997 128 ) (-748 232.852997 368 ) (-1024 232.852997 368 ) 
4 129 131 (-748 128 320 ) (-748 172 320 ) (-740 172 320 ) (-740 128 320 ) 
4 129 130 (-748 188.968002 320 ) (-748 232.852997 320 ) (-740 232.852997 320 ) (-740 188.966995 320 ) 
4 129 132 (-748 232.852997 368 ) (-748 232.852997 320 ) (-748 128 320 ) (-748 128 368 ) 
4 129 133 (-740 128 320 ) (-740 128 368 ) (-748 128 368 ) (-748 128 320 ) 
3 130 132 (-748 232.852997 320 ) (-748 232.852997 276.114014 ) (-748 188.968002 320 ) 
5 131 132 (-748 232.852997 259.148041 ) (-748 232.852997 128 ) (-748 128 128 ) (-748 128 320 ) (-748 172 320 ) 
4 131 133 (-748 128 128 ) (-740 128 128 ) (-740 128 320 ) (-748 128 320 ) 
4 132 133 (-1024 128 128 ) (-748 128 128 ) (-748 128 368 ) (-1024 128 368 ) 
4 133 256 (-748 0 128 ) (-740 0 128 ) (-740 0 320 ) (-748 0 320 ) 
4 133 255 (-740 0 320 ) (-740 0 368 ) (-748 0 368 ) (-748 0 320 ) 
4 133 258 (-1024 0 368 ) (-1024 0 128 ) (-748 0 128 ) (-748 0 368 ) 
4 133 245 (-460 0 128 ) (-452 0 128 ) (-452 0 320 ) (-460 0 320 ) 
4 133 244 (-452 0 320 ) (-452 0 368 ) (-460 0 368 ) (-460 0 320 ) 
4 133 243 (-452 0 128 ) (-352 0 128 ) (-352 0 368 ) (-452 0 368 ) 
4 133 247 (-740 0 128 ) (-460 0 128 ) (-460 0 368 ) (-740 0 368 ) 
4 134 270 (0 0 64 ) (0 0 96 ) (-240 0 96 ) (-240 0 64 ) 
4 134 267 (0 0 96 ) (0 0 104 ) (-240 0 104 ) (-240 0 96 ) 
4 134 265 (0 0 104 ) (0 0 128 ) (-240 0 128 ) (-240 0 104 ) 
4 134 155 (-240 1024 64 ) (0 1024 64 ) (0 0 64 ) (-240 0 64 ) 
4 134 146 (-240 448 64 ) (-240 0 64 ) (-240 0 96 ) (-240 448 96 ) 
4 134 144 (-240 0 96 ) (-240 0 104 ) (-240 448 104 ) (-240 448 96 ) 
4 134 143 (-240 0 104 ) (-240 0 120 ) (-240 448 120 ) (-240 448 104 ) 
4 134 142 (-240 816 120 ) (-240 816 128 ) (-240 824 128 ) (-240 824 120 ) 
4 134 141 (-240 824 112 ) (-240 824 128 ) (-240 832 128 ) (-240 832 112 ) 
4 134 140 (-240 832 104 ) (-240 832 128 ) (-240 840 128 ) (-240 840 104 ) 
4 134 139 (-240 840 96 ) (-240 840 128 ) (-240 848 128 ) (-240 848 96 ) 
4 134 138 (-240 848 88 ) (-240 848 128 ) (-240 856 128 ) (-240 856 88 ) 
4 134 137 (-240 856 80 ) (-240 856 128 ) (-240 864 128 ) (-240 864 80 ) 
4 134 136 (-240 864 72 ) (-240 864 128 ) (-240 872 128 ) (-240 872 72 ) 
4 134 135 (-240 1024 64 ) (-240 872 64 ) (-240 872 128 ) (-240 1024 128 ) 
4 135 155 (-320 872 64 ) (-320 1024 64 ) (-240 1024 64 ) (-240 872 64 ) 
4 135 136 (-320 872 128 ) (-320 872 72 ) (-240 872 72 ) (-240 872 128 ) 
4 136 137 (-320 864 128 ) (-320 864 80 ) (-240 864 80 ) (-240 864 128 ) 
4 137 138 (-320 856 128 ) (-320 856 88 ) (-240 856 88 ) (-240 856 128 ) 
4 138 139 (-320 848 128 ) (-320 848 96 ) (-240 848 96 ) (-240 848 128 ) 
4 139 140 (-320 840 128 ) (-320 840 104 ) (-240 840 104 ) (-240 840 128 ) 
4 140 141 (-320 832 128 ) (-320 832 112 ) (-240 832 112 ) (-240 832 128 ) 
4 141 142 (-320 824 128 ) (-320 824 120 ) (-240 824 120 ) (-240 824 128 ) 
4 143 266 (-320 0 120 ) (-320 0 104 ) (-240 0 104 ) (-240 0 120 ) 
4 143 144 (-252 448 104 ) (-240 448 104 ) (-240 0 104 ) (-252 0 104 ) 
4 143 145 (-320 0 104 ) (-320 448 104 ) (-268 448 104 ) (-268 0 104 ) 
4 144 267 (-252 0 96 ) (-240 0 96 ) (-240 0 104 ) (-252 0 104 ) 
4 144 146 (-252 448 96 ) (-240 448 96 ) (-240 0 96 ) (-252 0 96 ) 
4 145 268 (-320 0 104 ) (-320 0 96 ) (-268 0 96 ) (-268 0 104 ) 
4 145 153 (-268 32 96 ) (-268 0 96 ) (-288 0 96 ) (-288 32 96 ) 
4 145 151 (-268 256 96 ) (-268 176 96 ) (-288 176 96 ) (-288 256 96 ) 
4 145 152 (-268 144 96 ) (-268 64 96 ) (-288 64 96 ) (-288 144 96 ) 
4 145 148 (-268 368 96 ) (-268 288 96 ) (-284 288 96 ) (-284 368 96 ) 
4 145 147 (-284 448 96 ) (-268 448 96 ) (-268 400 96 ) (-284 400 96 ) 
4 145 149 (-288 448 96 ) (-284 448 96 ) (-284 256 96 ) (-288 256 96 ) 
4 145 154 (-320 0 96 ) (-320 448 96 ) (-288 448 96 ) (-288 0 96 ) 
4 146 270 (-252 0 64 ) (-240 0 64 ) (-240 0 96 ) (-252 0 96 ) 
4 146 155 (-252 448 64 ) (-240 448 64 ) (-240 0 64 ) (-252 0 64 ) 
4 146 150 (-252 0 96 ) (-252 256 96 ) (-252 256 64 ) (-252 0 64 ) 
4 146 148 (-252 288 96 ) (-252 368 96 ) (-252 368 64 ) (-252 288 64 ) 
4 146 147 (-252 400 96 ) (-252 448 96 ) (-252 448 64 ) (-252 400 64 ) 
4 147 155 (-284 448 64 ) (-252 448 64 ) (-252 400 64 ) (-284 400 64 ) 
4 147 149 (-284 400 96 ) (-284 448 96 ) (-284 448 64 ) (-284 400 64 ) 
4 148 155 (-252 368 64 ) (-252 288 64 ) (-284 288 64 ) (-284 368 64 ) 
4 148 149 (-284 288 96 ) (-284 368 96 ) (-284 368 64 ) (-284 288 64 ) 
4 149 155 (-288 448 64 ) (-284 448 64 ) (-284 256 64 ) (-288 256 64 ) 
4 149 151 (-288 256 96 ) (-288 256 64 ) (-284 256 64 ) (-284 256 96 ) 
4 149 154 (-288 256 96 ) (-288 448 96 ) (-288 448 64 ) (-288 256 64 ) 
4 150 270 (-256 0 64 ) (-252 0 64 ) (-252 0 96 ) (-256 0 96 ) 
4 150 155 (-252 256 64 ) (-252 0 64 ) (-256 0 64 ) (-256 256 64 ) 
4 150 153 (-256 32 64 ) (-256 0 64 ) (-256 0 96 ) (-256 32 96 ) 
4 150 151 (-256 256 96 ) (-256 256 64 ) (-256 176 64 ) (-256 176 96 ) 
4 150 152 (-256 144 64 ) (-256 64 64 ) (-256 64 96 ) (-256 144 96 ) 
4 151 155 (-288 176 64 ) (-288 256 64 ) (-256 256 64 ) (-256 176 64 ) 
4 151 154 (-288 176 96 ) (-288 256 96 ) (-288 256 64 ) (-288 176 64 ) 
4 152 155 (-288 64 64 ) (-288 144 64 ) (-256 144 64 ) (-256 64 64 ) 
4 152 154 (-288 64 96 ) (-288 144 96 ) (-288 144 64 ) (-288 64 64 ) 
4 153 271 (-288 0 64 ) (-256 0 64 ) (-256 0 96 ) (-288 0 96 ) 
4 153 155 (-256 0 64 ) (-288 0 64 ) (-288 32 64 ) (-256 32 64 ) 
4 153 154 (-288 0 96 ) (-288 32 96 ) (-288 32 64 ) (-288 0 64 ) 
4 154 274 (-320 0 96 ) (-320 0 64 ) (-288 0 64 ) (-288 0 96 ) 
4 154 155 (-320 0 64 ) (-320 448 64 ) (-288 448 64 ) (-288 0 64 ) 
4 155 276 (0 0 32 ) (0 0 64 ) (-320 0 64 ) (-320 0 32 ) 
4 156 280 (0 0 -512 ) (0 0 0 ) (-320 0 0 ) (-320 0 -512 ) 
4 156 157 (-320 1024 0 ) (-320 1024 -512 ) (-320 0 -512 ) (-320 0 0 ) 
4 157 280 (-320 0 -512 ) (-320 0 0 ) (-352 0 0 ) (-352 0 -512 ) 
4 157 279 (-320 0 0 ) (-320 0 32 ) (-352 0 32 ) (-352 0 0 ) 
4 157 158 (-352 0 -512 ) (-352 0 32 ) (-352 1024 32 ) (-352 1024 -512 ) 
4 158 282 (-352 0 -512 ) (-352 0 112 ) (-1024 0 112 ) (-1024 0 -512 ) 
4 158 163 (-1024 0 -512 ) (-1024 0 112 ) (-1024 1024 112 ) (-1024 1024 -512 ) 
4 159 163 (-1024 1024 -512 ) (-1024 1024 112 ) (-1536 1024 112 ) (-1536 1024 -512 ) 
4 159 160 (-1024 1024 112 ) (-1024 1024 1024 ) (-1056 1024 1024 ) (-1056 1024 112 ) 
4 159 162 (-1056 1024 1024 ) (-1536 1024 1024 ) (-1536 1024 112 ) (-1056 1024 112 ) 
4 160 163 (-1056 1024 112 ) (-1024 1024 112 ) (-1024 1008 112 ) (-1056 1008 112 ) 
4 160 161 (-1056 1008 1024 ) (-1056 1008 368 ) (-1024 1008 368 ) (-1024 1008 1024 ) 
4 160 162 (-1056 1024 112 ) (-1056 1008 112 ) (-1056 1008 1024 ) (-1056 1024 1024 ) 
4 161 285 (-1024 0 368 ) (-1024 0 1024 ) (-1056 0 1024 ) (-1056 0 368 ) 
4 161 162 (-1056 0 368 ) (-1056 0 1024 ) (-1056 1008 1024 ) (-1056 1008 368 ) 
4 162 287 (-1056 0 1024 ) (-1536 0 1024 ) (-1536 0 112 ) (-1056 0 112 ) 
4 162 163 (-1536 0 112 ) (-1536 1024 112 ) (-1056 1024 112 ) (-1056 0 112 ) 
4 163 288 (-1024 0 -512 ) (-1024 0 112 ) (-1536 0 112 ) (-1536 0 -512 ) 
4 164 176 (2048 -1024 64 ) (2048 -1024 1024 ) (1616 -1024 1024 ) (1616 -1024 64 ) 
4 164 175 (2048 -1024 64 ) (1616 -1024 64 ) (1616 0 64 ) (2048 0 64 ) 
4 164 166 (1616 -1024 96 ) (1616 -1024 476 ) (1616 0 476 ) (1616 0 96 ) 
4 164 165 (1616 -1024 476 ) (1616 -1024 1024 ) (1616 0 1024 ) (1616 0 476 ) 
4 164 167 (1616 0 64 ) (1616 -1024 64 ) (1616 -1024 96 ) (1616 0 96 ) 
4 165 177 (1616 -1024 1024 ) (1592 -1024 1024 ) (1592 -1024 476 ) (1616 -1024 476 ) 
4 165 168 (1592 -1024 476 ) (1592 -1024 1024 ) (1592 0 1024 ) (1592 0 476 ) 
4 165 166 (1592 -1024 476 ) (1592 0 476 ) (1616 0 476 ) (1616 -1024 476 ) 
4 166 178 (1592 -1024 476 ) (1592 -1024 96 ) (1616 -1024 96 ) (1616 -1024 476 ) 
4 166 168 (1592 -1024 96 ) (1592 -1024 476 ) (1592 0 476 ) (1592 0 96 ) 
4 166 167 (1592 -1024 96 ) (1592 0 96 ) (1616 0 96 ) (1616 -1024 96 ) 
4 167 179 (1592 -1024 96 ) (1592 -1024 64 ) (1616 -1024 64 ) (1616 -1024 96 ) 
4 167 175 (1616 -1024 64 ) (1592 -1024 64 ) (1592 0 64 ) (1616 0 64 ) 
4 167 168 (1592 0 64 ) (1592 -1024 64 ) (1592 -1024 96 ) (1592 0 96 ) 
4 168 180 (1592 -1024 1024 ) (1580 -1024 1024 ) (1580 -1024 64 ) (1592 -1024 64 ) 
4 168 175 (1592 -1024 64 ) (1580 -1024 64 ) (1580 0 64 ) (1592 0 64 ) 
4 168 170 (1580 0 64 ) (1580 -1024 64 ) (1580 -1024 444 ) (1580 0 444 ) 
4 168 169 (1580 -1024 444 ) (1580 -1024 1024 ) (1580 0 1024 ) (1580 0 444 ) 
4 169 181 (1580 -1024 1024 ) (1556 -1024 1024 ) (1556 -1024 444 ) (1580 -1024 444 ) 
4 169 171 (1556 0 1024 ) (1556 0 444 ) (1556 -1024 444 ) (1556 -1024 1024 ) 
4 169 170 (1556 -1024 444 ) (1556 0 444 ) (1580 0 444 ) (1580 -1024 444 ) 
4 170 182 (1556 -1024 444 ) (1556 -1024 64 ) (1580 -1024 64 ) (1580 -1024 444 ) 
4 170 175 (1580 -1024 64 ) (1556 -1024 64 ) (1556 0 64 ) (1580 0 64 ) 
4 170 174 (1556 -980.852234 64 ) (1556 -1024 64 ) (1556 -1024 444 ) (1556 -980.852234 444 ) 
4 170 173 (1556 -968.131836 64 ) (1556 -980.852234 64 ) (1556 -980.852234 444 ) (1556 -968.131836 444 ) 
4 170 172 (1556 0 444 ) (1556 0 64 ) (1556 -968.131836 64 ) (1556 -968.131836 444 ) 
4 171 190 (1024 0 1024 ) (1024 0 444 ) (1024 -1024 444 ) (1024 -1024 1024 ) 
4 171 184 (1024 -1024 1024 ) (1024 -1024 444 ) (1556 -1024 444 ) (1556 -1024 1024 ) 
4 171 174 (1556 -980.852234 444 ) (1556 -1024 444 ) (1541.030151 -1024 444 ) (1552.819946 -980 444 ) 
3 171 173 (1556 -968.131836 444 ) (1556 -980.852234 444 ) (1552.819946 -980 444 ) 
5 171 172 (1024 0 444 ) (1556 0 444 ) (1556 -968.131836 444 ) (1541.030151 -1024 444 ) (1024 -1024 444 ) 
4 172 202 (1024 0 81.157898 ) (1024 0 64 ) (1024 -1024 64 ) (1024 -1024 81.157898 ) 
4 172 199 (1024 -368 81.157898 ) (1024 -1024 81.157898 ) (1024 -1024 156 ) (1024 -368 156 ) 
4 172 196 (1024 0 156 ) (1024 0 81.157898 ) (1024 -368 81.157898 ) (1024 -368 156 ) 
4 172 191 (1024 0 172 ) (1024 0 156 ) (1024 -1024 156 ) (1024 -1024 172 ) 
4 172 190 (1024 0 444 ) (1024 0 172 ) (1024 -1024 172 ) (1024 -1024 444 ) 
4 172 186 (1024 -1024 444 ) (1024 -1024 64 ) (1541.030273 -1024 64 ) (1541.030151 -1024 444 ) 
5 172 175 (1541.030151 -1024 64 ) (1024 -1024 64 ) (1024 0 64 ) (1556 0 64 ) (1556 -968.131836 64 ) 
4 172 174 (1541.030518 -1024 64 ) (1552.820190 -980 64 ) (1552.820190 -980 444 ) (1541.030518 -1024 444 ) 
4 172 173 (1552.820190 -980 64 ) (1556 -968.132813 64 ) (1556 -968.132813 444 ) (1552.820190 -980 444 ) 
3 173 175 (1552.819946 -980 64 ) (1556 -968.131836 64 ) (1556 -980.852234 64 ) 
4 173 174 (1552.822266 -980 444 ) (1552.822266 -980 64 ) (1556 -980.851563 64 ) (1556 -980.851563 444 ) 
4 174 188 (1541.030273 -1024 64 ) (1556 -1024 64 ) (1556 -1024 444 ) (1541.030151 -1024 444 ) 
4 174 175 (1556 -1024 64 ) (1541.030151 -1024 64 ) (1552.819946 -980 64 ) (1556 -980.852234 64 ) 
4 175 206 (1024 0 32 ) (1024 0 -512 ) (1024 -1024 -512 ) (1024 -1024 32 ) 
4 175 202 (1024 0 64 ) (1024 0 32 ) (1024 -1024 32 ) (1024 -1024 64 ) 
4 175 189 (2048 -1024 -512 ) (2048 -1024 64 ) (1024 -1024 64 ) (1024 -1024 -512 ) 
4 176 189 (1616 -1024 64 ) (2048 -1024 64 ) (2048 -1428 64 ) (1616 -1428 64 ) 
4 176 178 (1616 -1428 96 ) (1616 -1428 476 ) (1616 -1024 476 ) (1616 -1024 96 ) 
4 176 177 (1616 -1428 476 ) (1616 -1428 1024 ) (1616 -1024 1024 ) (1616 -1024 476 ) 
4 176 179 (1616 -1024 64 ) (1616 -1428 64 ) (1616 -1428 96 ) (1616 -1024 96 ) 
4 176 183 (2048 -1428 1024 ) (1616 -1428 1024 ) (1616 -1428 64 ) (2048 -1428 64 ) 
4 177 180 (1592 -1428 476 ) (1592 -1428 1024 ) (1592 -1024 1024 ) (1592 -1024 476 ) 
4 177 183 (1616 -1428 1024 ) (1592 -1428 1024 ) (1592 -1428 476 ) (1616 -1428 476 ) 
4 177 178 (1592 -1428 476 ) (1592 -1024 476 ) (1616 -1024 476 ) (1616 -1428 476 ) 
4 178 179 (1592 -1428 96 ) (1592 -1024 96 ) (1616 -1024 96 ) (1616 -1428 96 ) 
4 178 180 (1592 -1428 96 ) (1592 -1428 476 ) (1592 -1024 476 ) (1592 -1024 96 ) 
4 178 183 (1592 -1428 476 ) (1592 -1428 96 ) (1616 -1428 96 ) (1616 -1428 476 ) 
4 179 189 (1592 -1024 64 ) (1616 -1024 64 ) (1616 -1428 64 ) (1592 -1428 64 ) 
4 179 183 (1592 -1428 96 ) (1592 -1428 64 ) (1616 -1428 64 ) (1616 -1428 96 ) 
4 179 180 (1592 -1024 64 ) (1592 -1428 64 ) (1592 -1428 96 ) (1592 -1024 96 ) 
4 180 189 (1580 -1024 64 ) (1592 -1024 64 ) (1592 -1428 64 ) (1580 -1428 64 ) 
4 180 182 (1580 -1024 64 ) (1580 -1428 64 ) (1580 -1428 444 ) (1580 -1024 444 ) 
4 180 181 (1580 -1428 444 ) (1580 -1428 1024 ) (1580 -1024 1024 ) (1580 -1024 444 ) 
4 180 183 (1592 -1428 1024 ) (1580 -1428 1024 ) (1580 -1428 64 ) (1592 -1428 64 ) 
4 181 184 (1556 -1024 1024 ) (1556 -1024 444 ) (1556 -1428 444 ) (1556 -1428 1024 ) 
4 181 183 (1580 -1428 1024 ) (1556 -1428 1024 ) (1556 -1428 444 ) (1580 -1428 444 ) 
4 181 182 (1580 -1024 444 ) (1580 -1428 444 ) (1556 -1428 444 ) (1556 -1024 444 ) 
4 182 189 (1556 -1428 64 ) (1556 -1024 64 ) (1580 -1024 64 ) (1580 -1428 64 ) 
4 182 188 (1556 -1024 444 ) (1556 -1024 64 ) (1556 -1060.852783 64 ) (1556 -1060.852783 444 ) 
4 182 185 (1556 -1060.852783 64 ) (1556 -1428 64 ) (1556 -1428 444 ) (1556 -1060.852783 444 ) 
4 182 183 (1556 -1428 444 ) (1556 -1428 64 ) (1580 -1428 64 ) (1580 -1428 444 ) 
4 183 189 (2048 -2048 64 ) (1556 -2048 64 ) (1556 -1428 64 ) (2048 -1428 64 ) 
4 183 185 (1556 -1428 64 ) (1556 -2048 64 ) (1556 -2048 444 ) (1556 -1428 444 ) 
4 183 184 (1556 -2048 444 ) (1556 -2048 1024 ) (1556 -1428 1024 ) (1556 -1428 444 ) 
4 184 283 (1024 -2048 444 ) (1024 -2048 1024 ) (1024 -1024 1024 ) (1024 -1024 444 ) 
5 184 188 (1556 -1024 444 ) (1556 -1060.852783 444 ) (1385.510010 -1697.130005 444 ) (1362.329956 -1690.920166 444 ) (1541.030273 -1024 444 ) 
4 184 187 (1385.510010 -1697.130005 444 ) (1291.494629 -2048 444 ) (1266.650879 -2048 444 ) (1362.329956 -1690.920166 444 ) 
4 184 186 (1266.650879 -2048 444 ) (1024 -2048 444 ) (1024 -1024 444 ) (1541.030273 -1024 444 ) 
3 184 185 (1556 -1060.852783 444 ) (1556 -2048 444 ) (1291.494629 -2048 444 ) 
3 185 189 (1556 -2048 64 ) (1291.494629 -2048 64 ) (1556 -1060.852783 64 ) 
4 185 188 (1385.508301 -1697.129639 444 ) (1556 -1060.847656 444 ) (1556 -1060.847656 64 ) (1385.508789 -1697.129639 64 ) 
4 185 187 (1291.492554 -2048 444 ) (1385.508301 -1697.129639 444 ) (1385.508789 -1697.129639 64 ) (1291.493286 -2048 64 ) 
4 186 283 (1024 -2048 64 ) (1024 -2048 444 ) (1024 -1024 444 ) (1024 -1024 64 ) 
4 186 189 (1266.650879 -2048 64 ) (1024 -2048 64 ) (1024 -1024 64 ) (1541.030273 -1024 64 ) 
4 186 188 (1362.329712 -1690.920044 64 ) (1541.030396 -1024 64 ) (1541.030518 -1024 444 ) (1362.330200 -1690.920166 444 ) 
4 186 187 (1266.650391 -2048 64 ) (1362.329712 -1690.920044 64 ) (1362.330200 -1690.920166 444 ) (1266.651123 -2048 444 ) 
4 187 189 (1291.494629 -2048 64 ) (1266.650879 -2048 64 ) (1362.329956 -1690.920166 64 ) (1385.510010 -1697.130005 64 ) 
4 187 188 (1385.510620 -1697.131104 444 ) (1385.510620 -1697.131104 64 ) (1362.326172 -1690.919922 64 ) (1362.326172 -1690.919922 444 ) 
5 188 189 (1362.329956 -1690.920166 64 ) (1541.030273 -1024 64 ) (1556 -1024 64 ) (1556 -1060.852783 64 ) (1385.510010 -1697.130005 64 ) 
4 189 283 (1024 -2048 -512 ) (1024 -2048 64 ) (1024 -1024 64 ) (1024 -1024 -512 ) 
4 190 283 (1024 -1024 172 ) (1024 -1024 1024 ) (0 -1024 1024 ) (0 -1024 172 ) 
4 190 264 (0 -416 172 ) (0 -1024 172 ) (0 -1024 1024 ) (0 -416 1024 ) 
4 190 218 (0 -224 172 ) (0 -416 172 ) (0 -416 254.112671 ) (0 -224 254.112671 ) 
4 190 217 (0 -416 254.112671 ) (0 -416 1024 ) (0 -224 1024 ) (0 -224 254.112671 ) 
4 190 213 (0 0 1024 ) (0 0 251.597961 ) (0 -224 251.597992 ) (0 -224 1024 ) 
4 190 209 (0 0 251.597961 ) (0 0 172 ) (0 -224 172 ) (0 -224 251.597992 ) 
4 190 193 (588 -972 172 ) (588 -368 172 ) (592 -368 172 ) (592 -972 172 ) 
4 190 192 (588 -368 172 ) (588 0 172 ) (592 0 172 ) (592 -368 172 ) 
4 190 194 (592 -1024 172 ) (588 -1024 172 ) (588 -972 172 ) (592 -972 172 ) 
4 190 191 (1024 -1024 172 ) (592 -1024 172 ) (592 0 172 ) (1024 0 172 ) 
4 190 195 (588 -1024 172 ) (0 -1024 172 ) (0 0 172 ) (588 0 172 ) 
4 191 283 (1024 -1024 156 ) (1024 -1024 172 ) (592 -1024 172 ) (592 -1024 156 ) 
4 191 199 (1024 -1024 156 ) (592 -1024 156 ) (592 -368 156 ) (1024 -368 156 ) 
4 191 196 (592 -368 156 ) (592 0 156 ) (1024 0 156 ) (1024 -368 156 ) 
4 191 193 (592 -368 156 ) (592 -972 156 ) (592 -972 172 ) (592 -368 172 ) 
4 191 192 (592 0 156 ) (592 -368 156 ) (592 -368 172 ) (592 0 172 ) 
4 191 194 (592 -972 156 ) (592 -1024 156 ) (592 -1024 172 ) (592 -972 172 ) 
4 192 197 (588 -368 156 ) (588 0 156 ) (592 0 156 ) (592 -368 156 ) 
4 192 195 (588 0 156 ) (588 -368 156 ) (588 -368 172 ) (588 0 172 ) 
4 192 193 (588 -368 172 ) (588 -368 156 ) (592 -368 156 ) (592 -368 172 ) 
4 193 194 (588 -972 172 ) (588 -972 156 ) (592 -972 156 ) (592 -972 172 ) 
4 193 195 (588 -368 156 ) (588 -972 156 ) (588 -972 172 ) (588 -368 172 ) 
4 194 283 (592 -1024 172 ) (588 -1024 172 ) (588 -1024 156 ) (592 -1024 156 ) 
4 194 200 (592 -1024 156 ) (588 -1024 156 ) (588 -972 156 ) (592 -972 156 ) 
4 194 195 (588 -972 156 ) (588 -1024 156 ) (588 -1024 172 ) (588 -972 172 ) 
4 195 283 (588 -1024 172 ) (0 -1024 172 ) (0 -1024 156 ) (588 -1024 156 ) 
4 195 264 (0 -416 156 ) (0 -1024 156 ) (0 -1024 172 ) (0 -416 172 ) 
4 195 221 (0 -224 156 ) (0 -416 156 ) (0 -416 160 ) (0 -224 160 ) 
4 195 218 (0 -416 160 ) (0 -416 172 ) (0 -224 172 ) (0 -224 160 ) 
4 195 209 (0 0 172 ) (0 0 156 ) (0 -224 156 ) (0 -224 172 ) 
4 195 201 (588 -1024 156 ) (0 -1024 156 ) (0 -368 156 ) (588 -368 156 ) 
4 195 198 (0 -368 156 ) (0 0 156 ) (588 0 156 ) (588 -368 156 ) 
4 196 203 (784 0 81.157898 ) (808 0 81.157898 ) (808 -368 81.157898 ) (784 -368 81.157898 ) 
4 196 202 (808 0 81.157898 ) (1024 0 81.157898 ) (1024 -368 81.157898 ) (808 -368 81.157898 ) 
4 196 205 (592 0 81.157898 ) (784 0 81.157898 ) (784 -368 81.157898 ) (592 -368 81.157898 ) 
4 196 199 (592 -368 81.157898 ) (1024 -368 81.157898 ) (1024 -368 156 ) (592 -368 156 ) 
4 196 197 (592 0 81.157898 ) (592 -368 81.157898 ) (592 -368 156 ) (592 0 156 ) 
4 197 205 (588 0 81.157898 ) (592 0 81.157898 ) (592 -368 81.157898 ) (588 -368 81.157898 ) 
4 197 198 (588 0 81.157898 ) (588 -368 81.157898 ) (588 -368 156 ) (588 0 156 ) 
4 198 270 (0 0 96 ) (0 0 81.157898 ) (0 -368 81.157898 ) (0 -368 96 ) 
4 198 267 (0 0 104 ) (0 0 96 ) (0 -192 96 ) (0 -192 104 ) 
4 198 265 (0 0 128 ) (0 0 104 ) (0 -192 104 ) (0 -192 128 ) 
4 198 269 (0 -192 96 ) (0 -368 96 ) (0 -368 128 ) (0 -192 128 ) 
4 198 221 (0 -224 128 ) (0 -368 128 ) (0 -368 156 ) (0 -224 156 ) 
4 198 209 (0 0 156 ) (0 0 128 ) (0 -224 128 ) (0 -224 156 ) 
4 198 205 (0 -368 81.157898 ) (0 0 81.157898 ) (588 0 81.157898 ) (588 -368 81.157898 ) 
4 198 201 (0 -368 81.157898 ) (588 -368 81.157898 ) (588 -368 156 ) (0 -368 156 ) 
4 199 283 (1024 -1024 81.157898 ) (1024 -1024 156 ) (592 -1024 156 ) (592 -1024 81.157898 ) 
4 199 203 (784 -368 81.157898 ) (808 -368 81.157898 ) (808 -416 81.157898 ) (784 -416 81.157898 ) 
4 199 204 (808 -416 81.157898 ) (808 -1024 81.157898 ) (784 -1024 81.157898 ) (784 -416 81.157898 ) 
4 199 202 (808 -368 81.157898 ) (1024 -368 81.157898 ) (1024 -1024 81.157898 ) (808 -1024 81.157898 ) 
4 199 205 (592 -368 81.157898 ) (784 -368 81.157898 ) (784 -1024 81.157898 ) (592 -1024 81.157898 ) 
4 199 200 (592 -972 81.157898 ) (592 -1024 81.157898 ) (592 -1024 156 ) (592 -972 156 ) 
4 200 283 (592 -1024 156 ) (588 -1024 156 ) (588 -1024 81.157898 ) (592 -1024 81.157898 ) 
4 200 205 (592 -972 81.157898 ) (592 -1024 81.157898 ) (588 -1024 81.157898 ) (588 -972 81.157898 ) 
4 200 201 (588 -972 81.157898 ) (588 -1024 81.157898 ) (588 -1024 156 ) (588 -972 156 ) 
4 201 283 (588 -1024 156 ) (0 -1024 156 ) (0 -1024 81.157898 ) (588 -1024 81.157898 ) 
4 201 270 (0 -368 81.157898 ) (0 -1024 81.157898 ) (0 -1024 96 ) (0 -368 96 ) 
4 201 269 (0 -1024 96 ) (0 -1024 128 ) (0 -368 128 ) (0 -368 96 ) 
4 201 264 (0 -1024 128 ) (0 -1024 156 ) (0 -416 156 ) (0 -416 128 ) 
4 201 221 (0 -416 156 ) (0 -368 156 ) (0 -368 128 ) (0 -416 128 ) 
4 201 205 (0 -1024 81.157898 ) (0 -368 81.157898 ) (588 -368 81.157898 ) (588 -1024 81.157898 ) 
4 202 283 (1024 -1024 32 ) (1024 -1024 81.157898 ) (808 -1024 81.157898 ) (808 -1024 32 ) 
4 202 206 (1024 -1024 32 ) (808 -1024 32 ) (808 0 32 ) (1024 0 32 ) 
4 202 203 (808 -416 64 ) (808 -416 81.157898 ) (808 0 81.157898 ) (808 0 64 ) 
4 202 204 (808 -416 32 ) (808 -1024 32 ) (808 -1024 81.157898 ) (808 -416 81.157898 ) 
4 203 204 (784 -416 81.157898 ) (784 -416 64 ) (808 -416 64 ) (808 -416 81.157898 ) 
4 203 205 (784 -416 64 ) (784 -416 81.157898 ) (784 0 81.157898 ) (784 0 64 ) 
4 204 283 (808 -1024 81.157898 ) (784 -1024 81.157898 ) (784 -1024 32 ) (808 -1024 32 ) 
4 204 206 (808 -1024 32 ) (784 -1024 32 ) (784 -416 32 ) (808 -416 32 ) 
4 204 205 (784 -416 32 ) (784 -1024 32 ) (784 -1024 81.157898 ) (784 -416 81.157898 ) 
4 205 283 (784 -1024 81.157898 ) (0 -1024 81.157898 ) (0 -1024 32 ) (784 -1024 32 ) 
4 205 276 (0 0 64 ) (0 0 32 ) (0 -1024 32 ) (0 -1024 64 ) 
4 205 270 (0 0 81.157898 ) (0 0 64 ) (0 -1024 64 ) (0 -1024 81.157898 ) 
4 205 208 (784 -1024 32 ) (0 -1024 32 ) (0 -416 32 ) (784 -416 32 ) 
4 206 283 (1024 -1024 -512 ) (1024 -1024 32 ) (784 -1024 32 ) (784 -1024 -512 ) 
4 206 207 (784 0 -512 ) (784 -416 -512 ) (784 -416 0 ) (784 0 0 ) 
4 206 208 (784 -416 -512 ) (784 -1024 -512 ) (784 -1024 32 ) (784 -416 32 ) 
4 207 280 (0 0 0 ) (0 0 -512 ) (0 -416 -512 ) (0 -416 0 ) 
4 207 208 (0 -416 -512 ) (784 -416 -512 ) (784 -416 0 ) (0 -416 0 ) 
4 208 283 (784 -1024 32 ) (0 -1024 32 ) (0 -1024 -512 ) (784 -1024 -512 ) 
4 208 280 (0 -416 -512 ) (0 -1024 -512 ) (0 -1024 0 ) (0 -416 0 ) 
4 208 278 (0 -1024 0 ) (0 -1024 32 ) (0 -416 32 ) (0 -416 0 ) 
4 209 265 (-240 0 128 ) (0 0 128 ) (0 -192 128 ) (-240 -192 128 ) 
4 209 269 (0 -192 128 ) (0 -224 128 ) (-240 -224 128 ) (-240 -192 128 ) 
4 209 221 (-240 -224 128 ) (0 -224 128 ) (0 -224 160 ) (-240 -224 160 ) 
4 209 218 (0 -224 160 ) (0 -224 251.597992 ) (-240 -224 350.328003 ) (-240 -224 160 ) 
4 209 213 (-176 -224 324 ) (0 -224 251.598572 ) (0 0 251.598572 ) (-176 0 324 ) 
4 209 210 (-240 0 128 ) (-240 -220 128 ) (-240 -220 348 ) (-240 0 348 ) 
4 209 211 (-240 -220 128 ) (-240 -224 128 ) (-240 -224 350.326172 ) (-240 -220 350.326172 ) 
4 210 269 (-240 -192 128 ) (-240 -220 128 ) (-248 -220 128 ) (-248 -192 128 ) 
4 210 211 (-248 -220 348 ) (-248 -220 128 ) (-240 -220 128 ) (-240 -220 348 ) 
4 210 212 (-248 0 128 ) (-248 -220 128 ) (-248 -220 348 ) (-248 0 348 ) 
4 211 269 (-240 -220 128 ) (-240 -224 128 ) (-248 -224 128 ) (-248 -220 128 ) 
4 211 221 (-248 -224 128 ) (-240 -224 128 ) (-240 -224 160 ) (-248 -224 160 ) 
4 211 218 (-240 -224 160 ) (-240 -224 350.328003 ) (-248 -224 353.619019 ) (-248 -224 160 ) 
4 211 212 (-248 -220 128 ) (-248 -224 128 ) (-248 -224 353.615234 ) (-248 -220 353.615234 ) 
4 212 269 (-248 -192 128 ) (-248 -224 128 ) (-318 -224 128 ) (-318 -192 128 ) 
4 212 222 (-318 -224 128 ) (-316 -224 128 ) (-316 -224 160 ) (-318 -224 160 ) 
4 212 221 (-316 -224 128 ) (-248 -224 128 ) (-248 -224 160 ) (-316 -224 160 ) 
4 212 219 (-272 -224 363.492035 ) (-318 -224 382.415283 ) (-318 -224 160 ) (-272 -224 160 ) 
4 212 218 (-248 -224 160 ) (-248 -224 353.619019 ) (-272 -224 363.492035 ) (-272 -224 160 ) 
4 212 215 (-318 0 128 ) (-318 -224 128 ) (-318 -224 382 ) (-318 0 382 ) 
4 213 218 (0 -224 251.597992 ) (0 -224 254.112671 ) (-176 -224 326 ) (-176 -224 324 ) 
4 213 217 (0 -224 254.112671 ) (0 -224 1024 ) (-176 -224 1024 ) (-176 -224 326 ) 
4 213 214 (-176 -224 326 ) (-176 -224 1024 ) (-176 0 1024 ) (-176 0 326 ) 
4 214 217 (-176 -224 1024 ) (-318 -224 1024 ) (-318 -224 384 ) (-176 -224 326 ) 
4 214 216 (-318 -224 384 ) (-318 -224 1024 ) (-318 0 1024 ) (-318 0 384 ) 
4 215 269 (-318 -192 128 ) (-318 -224 128 ) (-320 -224 128 ) (-320 -192 128 ) 
4 215 229 (-320 -8 128 ) (-320 -120 128 ) (-320 -120 224 ) (-320 -8 224 ) 
4 215 227 (-320 -120 256 ) (-320 -8 256 ) (-320 -8 224 ) (-320 -120 224 ) 
4 215 222 (-320 -224 160 ) (-320 -224 128 ) (-318 -224 128 ) (-318 -224 160 ) 
4 215 220 (-320 -224 382.822754 ) (-320 -224 160 ) (-318 -224 160 ) (-318 -224 382 ) 
4 216 226 (-320 -224 384.816925 ) (-320 -224 1024 ) (-320 0 1024 ) (-320 0 384.816895 ) 
4 216 217 (-320 -224 1024 ) (-320 -224 384.816895 ) (-318 -224 384 ) (-318 -224 1024 ) 
4 217 264 (0 -416 254.112671 ) (0 -416 1024 ) (-320 -416 1024 ) (-320 -416 384.816895 ) 
4 217 226 (-320 -416 384.816895 ) (-320 -416 1024 ) (-320 -224 1024 ) (-320 -224 384.816895 ) 
4 217 218 (0 -416 254.112259 ) (-272 -416 365.210785 ) (-272 -224 365.210785 ) (0 -224 254.112198 ) 
4 218 264 (0 -416 160 ) (0 -416 254.112671 ) (-272 -416 365.211273 ) (-272 -416 160 ) 
4 218 221 (-272 -224 160 ) (0 -224 160 ) (0 -416 160 ) (-272 -416 160 ) 
4 218 219 (-272 -224 160 ) (-272 -416 160 ) (-272 -416 363.492004 ) (-272 -224 363.492004 ) 
4 219 264 (-318 -416 382.415283 ) (-318 -416 160 ) (-272 -416 160 ) (-272 -416 363.492004 ) 
4 219 222 (-318 -224 160 ) (-316 -224 160 ) (-316 -280 160 ) (-318 -280 160 ) 
4 219 224 (-316 -376 160 ) (-316 -416 160 ) (-318 -416 160 ) (-318 -376 160 ) 
4 219 221 (-316 -224 160 ) (-272 -224 160 ) (-272 -416 160 ) (-316 -416 160 ) 
4 219 220 (-318 -224 160 ) (-318 -416 160 ) (-318 -416 382 ) (-318 -224 382 ) 
4 220 264 (-320 -416 382.822754 ) (-320 -416 160 ) (-318 -416 160 ) (-318 -416 382 ) 
4 220 232 (-320 -376 224 ) (-320 -280 224 ) (-320 -280 160 ) (-320 -376 160 ) 
4 220 222 (-320 -280 160 ) (-320 -224 160 ) (-318 -224 160 ) (-318 -280 160 ) 
4 220 224 (-320 -416 160 ) (-320 -376 160 ) (-318 -376 160 ) (-318 -416 160 ) 
4 221 269 (0 -224 128 ) (0 -416 128 ) (-316 -416 128 ) (-316 -224 128 ) 
4 221 264 (-316 -416 128 ) (0 -416 128 ) (0 -416 160 ) (-316 -416 160 ) 
4 221 223 (-316 -280 156 ) (-316 -280 128 ) (-316 -376 128 ) (-316 -376 156 ) 
4 221 222 (-316 -280 160 ) (-316 -224 160 ) (-316 -224 128 ) (-316 -280 128 ) 
4 221 224 (-316 -416 128 ) (-316 -416 160 ) (-316 -376 160 ) (-316 -376 128 ) 
4 222 269 (-320 -280 128 ) (-320 -224 128 ) (-316 -224 128 ) (-316 -280 128 ) 
4 222 223 (-316 -280 128 ) (-316 -280 156 ) (-320 -280 156 ) (-320 -280 128 ) 
4 223 269 (-320 -376 128 ) (-320 -280 128 ) (-316 -280 128 ) (-316 -376 128 ) 
4 223 224 (-316 -376 128 ) (-316 -376 156 ) (-320 -376 156 ) (-320 -376 128 ) 
4 224 269 (-316 -416 128 ) (-320 -416 128 ) (-320 -376 128 ) (-316 -376 128 ) 
4 224 264 (-320 -416 128 ) (-316 -416 128 ) (-316 -416 160 ) (-320 -416 160 ) 
3 225 264 (-352 -416 395.986755 ) (-352 -416 384 ) (-322.861755 -416 384 ) 
4 225 236 (-352 0 395.986755 ) (-352 0 384 ) (-352 -416 384 ) (-352 -416 395.986755 ) 
4 226 264 (-320 -416 384.816895 ) (-320 -416 1024 ) (-352 -416 1024 ) (-352 -416 397.887329 ) 
4 226 237 (-352 0 1024 ) (-352 0 397.887329 ) (-352 -416 397.887299 ) (-352 -416 1024 ) 
4 227 229 (-329 -8 224 ) (-320 -8 224 ) (-320 -120 224 ) (-329 -120 224 ) 
4 228 243 (-352 -8 224 ) (-352 -120 224 ) (-352 -120 256 ) (-352 -8 256 ) 
4 228 231 (-352 -120 224 ) (-352 -8 224 ) (-340 -8 224 ) (-340 -120 224 ) 
4 229 230 (-329 -8 192 ) (-329 -8 128 ) (-329 -120 128 ) (-329 -120 192 ) 
4 231 243 (-352 -8 128 ) (-352 -120 128 ) (-352 -120 224 ) (-352 -8 224 ) 
4 232 233 (-324 -280 224 ) (-324 -280 160 ) (-324 -376 160 ) (-324 -376 224 ) 
4 233 234 (-328 -280 224 ) (-328 -280 160 ) (-328 -376 160 ) (-328 -376 224 ) 
4 234 235 (-336 -280 224 ) (-336 -280 160 ) (-336 -376 160 ) (-336 -376 224 ) 
4 235 250 (-352 -376 224 ) (-352 -280 224 ) (-352 -280 160 ) (-352 -376 160 ) 
4 236 264 (-460 -416 384 ) (-352 -416 384 ) (-352 -416 395.986755 ) (-460 -416 440.415283 ) 
4 236 239 (-460 0 384 ) (-460 -416 384 ) (-460 -416 440 ) (-460 0 440 ) 
4 237 264 (-352 -416 397.887299 ) (-352 -416 1024 ) (-460 -416 1024 ) (-460 -416 442 ) 
4 237 240 (-460 -416 442 ) (-460 -416 504 ) (-460 0 504 ) (-460 0 442 ) 
4 237 238 (-460 -416 504 ) (-460 -416 1024 ) (-460 0 1024 ) (-460 0 504 ) 
4 238 264 (-460 -416 504 ) (-460 -416 1024 ) (-604 -416 1024 ) (-604 -416 504 ) 
4 238 240 (-602 0 504 ) (-460 0 504 ) (-460 -416 504 ) (-602 -416 504 ) 
4 238 241 (-604 -416 504 ) (-604 -416 1024 ) (-604 0 1024 ) (-604 0 504 ) 
4 239 264 (-604 -416 384 ) (-460 -416 384 ) (-460 -416 440 ) (-604 -416 503.187042 ) 
4 239 241 (-604 0 384 ) (-604 -416 384 ) (-604 -416 503.187042 ) (-604 0 503.187042 ) 
3 240 264 (-460 -416 442.132996 ) (-460 -416 504 ) (-602 -416 504 ) 
4 241 285 (-1024 0 1024 ) (-1024 0 384 ) (-1024 -384 384 ) (-1024 -384 1024 ) 
4 241 286 (-1024 -384 384 ) (-1024 -416 384 ) (-1024 -416 1024 ) (-1024 -384 1024 ) 
4 241 264 (-1024 -416 1024 ) (-1024 -416 384 ) (-604 -416 384 ) (-604 -416 1024 ) 
4 241 242 (-604 -416 384 ) (-1024 -416 384 ) (-1024 -384 384 ) (-604 -384 384 ) 
4 242 286 (-1024 -384 368 ) (-1024 -416 368 ) (-1024 -416 384 ) (-1024 -384 384 ) 
4 242 264 (-1024 -416 384 ) (-1024 -416 368 ) (-604 -416 368 ) (-604 -416 384 ) 
4 243 248 (-452 -188 128 ) (-352 -188 128 ) (-352 -188 368 ) (-452 -188 368 ) 
3 243 246 (-452 -188 276.113007 ) (-452 -188 320 ) (-452 -144.115021 320 ) 
5 243 245 (-452 0 128 ) (-452 -188 128 ) (-452 -188 259.148010 ) (-452 -127.147995 320 ) (-452 0 320 ) 
4 243 244 (-452 -188 320 ) (-452 -188 368 ) (-452 0 368 ) (-452 0 320 ) 
4 244 246 (-460 -188 320 ) (-460 -144.115036 320 ) (-452 -144.115021 320 ) (-452 -188 320 ) 
4 244 245 (-460 -127.147026 320 ) (-460 0 320 ) (-452 0 320 ) (-452 -127.147995 320 ) 
4 244 247 (-460 -188 320 ) (-460 -188 368 ) (-460 0 368 ) (-460 0 320 ) 
5 245 247 (-460 0 128 ) (-460 -188 128 ) (-460 -188 259.147034 ) (-460 -127.147026 320 ) (-460 0 320 ) 
3 246 247 (-460 -188 276.113007 ) (-460 -188 320 ) (-460 -144.115036 320 ) 
3 247 257 (-740 -188 283.261383 ) (-740 -188 320 ) (-740 -151.263031 320 ) 
5 247 256 (-740 0 128 ) (-740 -188 128 ) (-740 -188 266.295044 ) (-740 -134.295013 320 ) (-740 0 320 ) 
4 247 255 (-740 -188 320 ) (-740 -188 368 ) (-740 0 368 ) (-740 0 320 ) 
4 247 249 (-740 -188 368 ) (-740 -188 128 ) (-460 -188 128 ) (-460 -188 368 ) 
4 248 250 (-452 -200 128 ) (-352 -200 128 ) (-352 -200 368 ) (-452 -200 368 ) 
4 249 257 (-740 -195.147018 276.114044 ) (-740 -195.147018 320 ) (-740 -188 320 ) (-740 -188 283.261383 ) 
4 249 256 (-740 -188 128 ) (-740 -195.147018 128 ) (-740 -195.147018 259.148010 ) (-740 -188 266.295013 ) 
4 249 255 (-740 -195.147018 320 ) (-740 -195.147018 368 ) (-740 -188 368 ) (-740 -188 320 ) 
4 249 254 (-740 -200 368 ) (-740 -200 128 ) (-460 -200 128 ) (-460 -200 368 ) 
5 250 253 (-452 -200 259.147034 ) (-452 -200 128 ) (-452 -384 128 ) (-452 -384 320 ) (-452 -260.852997 320 ) 
3 250 252 (-452 -200 320 ) (-452 -200 276.113007 ) (-452 -243.884979 320 ) 
4 250 251 (-452 -200 368 ) (-452 -200 320 ) (-452 -384 320 ) (-452 -384 368 ) 
4 251 253 (-460 -384 320 ) (-460 -260.851990 320 ) (-452 -260.852997 320 ) (-452 -384 320 ) 
4 251 252 (-460 -243.884979 320 ) (-460 -200 320 ) (-452 -200 320 ) (-452 -243.884979 320 ) 
4 251 254 (-460 -200 368 ) (-460 -200 320 ) (-460 -384 320 ) (-460 -384 368 ) 
3 252 254 (-460 -200 320 ) (-460 -200 276.113007 ) (-460 -243.884979 320 ) 
5 253 254 (-460 -200 259.148010 ) (-460 -200 128 ) (-460 -384 128 ) (-460 -384 320 ) (-460 -260.851990 320 ) 
5 254 262 (-740 -207.147018 128 ) (-740 -384 128 ) (-740 -384 320 ) (-740 -268 320 ) (-740 -207.147018 259.148041 ) 
3 254 261 (-740 -251.033005 320 ) (-740 -207.147018 320 ) (-740 -207.147018 276.113037 ) 
4 254 260 (-740 -384 320 ) (-740 -384 368 ) (-740 -207.147018 368 ) (-740 -207.147018 320 ) 
4 255 257 (-740 -195.147018 320 ) (-748 -195.147018 320 ) (-748 -151.261993 320 ) (-740 -151.263016 320 ) 
4 255 256 (-748 -134.295013 320 ) (-748 0 320 ) (-740 0 320 ) (-740 -134.294998 320 ) 
4 255 258 (-748 -195.147018 320 ) (-748 -195.147018 368 ) (-748 0 368 ) (-748 0 320 ) 
5 256 258 (-748 0 128 ) (-748 -195.147018 128 ) (-748 -195.147018 259.148010 ) (-748 -134.295013 320 ) (-748 0 320 ) 
3 257 258 (-748 -195.147018 276.113007 ) (-748 -195.147018 320 ) (-748 -151.261993 320 ) 
4 258 259 (-1024 -195.147018 128 ) (-748 -195.147018 128 ) (-748 -195.147018 368 ) (-1024 -195.147018 368 ) 
4 259 263 (-1024 -207.147018 128 ) (-748 -207.147018 128 ) (-748 -207.147018 368 ) (-1024 -207.147018 368 ) 
4 260 262 (-740 -384 320 ) (-748 -384 320 ) (-748 -268 320 ) (-740 -268 320 ) 
4 260 261 (-748 -251.031982 320 ) (-748 -207.147018 320 ) (-740 -207.147018 320 ) (-740 -251.033005 320 ) 
4 260 263 (-748 -207.147018 368 ) (-748 -207.147018 320 ) (-748 -384 320 ) (-748 -384 368 ) 
3 261 263 (-748 -207.147018 320 ) (-748 -207.147018 276.114044 ) (-748 -251.031982 320 ) 
5 262 263 (-748 -207.147018 259.148010 ) (-748 -207.147018 128 ) (-748 -384 128 ) (-748 -384 320 ) (-748 -268 320 ) 
4 264 286 (-1024 -416 128 ) (-1024 -1024 128 ) (-1024 -1024 1024 ) (-1024 -416 1024 ) 
4 264 284 (0 -1024 128 ) (0 -1024 1024 ) (-1024 -1024 1024 ) (-1024 -1024 128 ) 
4 264 281 (-352 -1024 128 ) (-1024 -1024 128 ) (-1024 -416 128 ) (-352 -416 128 ) 
4 264 275 (-320 -1024 128 ) (-352 -1024 128 ) (-352 -416 128 ) (-320 -416 128 ) 
4 264 269 (0 -416 128 ) (0 -1024 128 ) (-320 -1024 128 ) (-320 -416 128 ) 
4 265 267 (0 -192 104 ) (-240 -192 104 ) (-240 0 104 ) (0 0 104 ) 
4 265 266 (-240 0 104 ) (-240 -192 104 ) (-240 -192 120 ) (-240 0 120 ) 
4 265 269 (-240 -192 104 ) (0 -192 104 ) (0 -192 128 ) (-240 -192 128 ) 
4 266 267 (-240 -192 104 ) (-252 -192 104 ) (-252 0 104 ) (-240 0 104 ) 
4 266 268 (-268 -192 104 ) (-320 -192 104 ) (-320 0 104 ) (-268 0 104 ) 
4 266 269 (-320 -192 120 ) (-320 -192 104 ) (-240 -192 104 ) (-240 -192 120 ) 
4 267 270 (-252 0 96 ) (0 0 96 ) (0 -192 96 ) (-252 -192 96 ) 
4 267 269 (-252 -192 96 ) (0 -192 96 ) (0 -192 104 ) (-252 -192 104 ) 
4 268 271 (-288 0 96 ) (-268 0 96 ) (-268 -48 96 ) (-288 -48 96 ) 
4 268 272 (-268 -80 96 ) (-268 -160 96 ) (-288 -160 96 ) (-288 -80 96 ) 
4 268 274 (-320 -192 96 ) (-320 0 96 ) (-288 0 96 ) (-288 -192 96 ) 
4 268 269 (-320 -192 104 ) (-320 -192 96 ) (-268 -192 96 ) (-268 -192 104 ) 
4 269 284 (0 -1024 96 ) (0 -1024 128 ) (-320 -1024 128 ) (-320 -1024 96 ) 
4 269 275 (-320 -1024 96 ) (-320 -1024 128 ) (-320 -416 128 ) (-320 -416 96 ) 
4 269 273 (-288 -192 96 ) (-256 -192 96 ) (-256 -1024 96 ) (-288 -1024 96 ) 
4 269 270 (-256 -192 96 ) (0 -192 96 ) (0 -1024 96 ) (-256 -1024 96 ) 
4 269 274 (-320 -1024 96 ) (-320 -192 96 ) (-288 -192 96 ) (-288 -1024 96 ) 
4 270 284 (0 -1024 64 ) (0 -1024 96 ) (-256 -1024 96 ) (-256 -1024 64 ) 
4 270 276 (-256 0 64 ) (0 0 64 ) (0 -1024 64 ) (-256 -1024 64 ) 
4 270 273 (-256 -192 64 ) (-256 -1024 64 ) (-256 -1024 96 ) (-256 -192 96 ) 
4 270 271 (-256 0 64 ) (-256 -48 64 ) (-256 -48 96 ) (-256 0 96 ) 
4 270 272 (-256 -80 64 ) (-256 -160 64 ) (-256 -160 96 ) (-256 -80 96 ) 
4 271 276 (-288 0 64 ) (-256 0 64 ) (-256 -48 64 ) (-288 -48 64 ) 
4 271 274 (-288 0 64 ) (-288 -48 64 ) (-288 -48 96 ) (-288 0 96 ) 
4 272 276 (-256 -80 64 ) (-256 -160 64 ) (-288 -160 64 ) (-288 -80 64 ) 
4 272 274 (-288 -80 64 ) (-288 -160 64 ) (-288 -160 96 ) (-288 -80 96 ) 
4 273 284 (-256 -1024 96 ) (-288 -1024 96 ) (-288 -1024 64 ) (-256 -1024 64 ) 
4 273 276 (-256 -192 64 ) (-256 -1024 64 ) (-288 -1024 64 ) (-288 -192 64 ) 
4 273 274 (-288 -192 64 ) (-288 -1024 64 ) (-288 -1024 96 ) (-288 -192 96 ) 
4 274 284 (-288 -1024 96 ) (-320 -1024 96 ) (-320 -1024 64 ) (-288 -1024 64 ) 
4 274 276 (-320 0 64 ) (-288 0 64 ) (-288 -1024 64 ) (-320 -1024 64 ) 
4 274 275 (-320 -416 64 ) (-320 -1024 64 ) (-320 -1024 96 ) (-320 -416 96 ) 
4 275 284 (-320 -1024 128 ) (-352 -1024 128 ) (-352 -1024 64 ) (-320 -1024 64 ) 
4 275 282 (-352 -416 112 ) (-352 -416 64 ) (-352 -1024 64 ) (-352 -1024 112 ) 
4 275 281 (-352 -1024 128 ) (-352 -416 128 ) (-352 -416 112 ) (-352 -1024 112 ) 
4 275 277 (-352 -1024 64 ) (-352 -416 64 ) (-320 -416 64 ) (-320 -1024 64 ) 
4 276 284 (0 -1024 32 ) (0 -1024 64 ) (-320 -1024 64 ) (-320 -1024 32 ) 
4 276 278 (0 -1024 32 ) (-320 -1024 32 ) (-320 -416 32 ) (0 -416 32 ) 
4 276 277 (-320 -416 32 ) (-320 -1024 32 ) (-320 -1024 64 ) (-320 -416 64 ) 
4 277 284 (-320 -1024 64 ) (-352 -1024 64 ) (-352 -1024 32 ) (-320 -1024 32 ) 
4 277 282 (-352 -416 32 ) (-352 -1024 32 ) (-352 -1024 64 ) (-352 -416 64 ) 
4 277 279 (-320 -1024 32 ) (-352 -1024 32 ) (-352 -416 32 ) (-320 -416 32 ) 
4 278 284 (0 -1024 0 ) (0 -1024 32 ) (-320 -1024 32 ) (-320 -1024 0 ) 
4 278 280 (0 -416 0 ) (0 -1024 0 ) (-320 -1024 0 ) (-320 -416 0 ) 
4 278 279 (-320 -416 0 ) (-320 -1024 0 ) (-320 -1024 32 ) (-320 -416 32 ) 
4 279 284 (-320 -1024 32 ) (-352 -1024 32 ) (-352 -1024 0 ) (-320 -1024 0 ) 
4 279 282 (-352 0 32 ) (-352 0 0 ) (-352 -1024 0 ) (-352 -1024 32 ) 
4 279 280 (-352 -1024 0 ) (-352 0 0 ) (-320 0 0 ) (-320 -1024 0 ) 
4 280 284 (0 -1024 -512 ) (0 -1024 0 ) (-352 -1024 0 ) (-352 -1024 -512 ) 
4 280 282 (-352 0 0 ) (-352 0 -512 ) (-352 -1024 -512 ) (-352 -1024 0 ) 
4 281 286 (-1024 -416 112 ) (-1024 -1024 112 ) (-1024 -1024 128 ) (-1024 -416 128 ) 
4 281 284 (-352 -1024 112 ) (-352 -1024 128 ) (-1024 -1024 128 ) (-1024 -1024 112 ) 
4 281 282 (-352 -416 112 ) (-352 -1024 112 ) (-1024 -1024 112 ) (-1024 -416 112 ) 
4 282 288 (-1024 0 112 ) (-1024 0 -512 ) (-1024 -1024 -512 ) (-1024 -1024 112 ) 
4 282 284 (-352 -1024 -512 ) (-352 -1024 112 ) (-1024 -1024 112 ) (-1024 -1024 -512 ) 
4 283 284 (0 -1024 1024 ) (0 -1024 -512 ) (0 -2048 -512 ) (0 -2048 1024 ) 
4 284 289 (-1024 -2048 -512 ) (-1024 -2048 1024 ) (-1024 -1024 1024 ) (-1024 -1024 -512 ) 
4 285 286 (-1056 -384 1024 ) (-1056 -384 368 ) (-1024 -384 368 ) (-1024 -384 1024 ) 
4 285 287 (-1056 -384 368 ) (-1056 -384 1024 ) (-1056 0 1024 ) (-1056 0 368 ) 
4 286 289 (-1024 -1024 112 ) (-1024 -1024 1024 ) (-1056 -1024 1024 ) (-1056 -1024 112 ) 
4 286 288 (-1024 -1024 112 ) (-1056 -1024 112 ) (-1056 -384 112 ) (-1024 -384 112 ) 
4 286 287 (-1056 -384 112 ) (-1056 -1024 112 ) (-1056 -1024 1024 ) (-1056 -384 1024 ) 
4 287 289 (-1056 -1024 1024 ) (-1536 -1024 1024 ) (-1536 -1024 112 ) (-1056 -1024 112 ) 
4 287 288 (-1056 -1024 112 ) (-1536 -1024 112 ) (-1536 0 112 ) (-1056 0 112 ) 
4 288 289 (-1024 -1024 -512 ) (-1024 -1024 112 ) (-1536 -1024 112 ) (-1536 -1024 -512 ) 
