PRT1
191
585
4 0 23 (0 1024 576 ) (0 1024 480 ) (784 1024 480 ) (784 1024 576 ) 
4 0 15 (0 1024 480 ) (0 1024 576 ) (0 1096 576 ) (0 1096 480 ) 
4 0 3 (0 1024 480 ) (0 1096 480 ) (768 1096 480 ) (768 1024 480 ) 
4 0 2 (768 1096 480 ) (776 1096 480 ) (776 1024 480 ) (768 1024 480 ) 
4 0 1 (776 1096 480 ) (784 1096 480 ) (784 1024 480 ) (776 1024 480 ) 
4 1 24 (776 1024 64 ) (784 1024 64 ) (784 1024 480 ) (776 1024 480 ) 
4 1 10 (776 1096 64 ) (784 1096 64 ) (784 1024 64 ) (776 1024 64 ) 
4 1 2 (776 1096 64 ) (776 1024 64 ) (776 1024 480 ) (776 1096 480 ) 
4 2 25 (768 1024 64 ) (776 1024 64 ) (776 1024 480 ) (768 1024 480 ) 
4 2 10 (768 1096 64 ) (776 1096 64 ) (776 1024 64 ) (768 1024 64 ) 
4 2 4 (768 1096 64 ) (768 1024 64 ) (768 1024 384 ) (768 1096 384 ) 
4 2 3 (768 1024 384 ) (768 1024 480 ) (768 1096 480 ) (768 1096 384 ) 
4 3 29 (0 1024 480 ) (0 1024 384 ) (632 1024 384 ) (632 1024 480 ) 
4 3 26 (632 1024 384 ) (768 1024 384 ) (768 1024 480 ) (632 1024 480 ) 
4 3 15 (0 1024 384 ) (0 1024 480 ) (0 1096 480 ) (0 1096 384 ) 
4 3 9 (402.343933 1088 384 ) (413.655914 1088 384 ) (477.655853 1024 384 ) (466.343872 1024 384 ) 
4 3 8 (413.655914 1088 384 ) (624 1088 384 ) (624 1024 384 ) (477.655853 1024 384 ) 
4 3 7 (0 1024 384 ) (0 1088 384 ) (402.343933 1088 384 ) (466.343872 1024 384 ) 
4 3 6 (0 1088 384 ) (0 1096 384 ) (624 1096 384 ) (624 1088 384 ) 
4 3 5 (624 1096 384 ) (632 1096 384 ) (632 1024 384 ) (624 1024 384 ) 
4 3 4 (632 1096 384 ) (768 1096 384 ) (768 1024 384 ) (632 1024 384 ) 
4 4 26 (632 1024 64 ) (768 1024 64 ) (768 1024 384 ) (632 1024 384 ) 
4 4 10 (632 1096 64 ) (768 1096 64 ) (768 1024 64 ) (632 1024 64 ) 
4 4 5 (632 1096 64 ) (632 1024 64 ) (632 1024 384 ) (632 1096 384 ) 
4 5 30 (624 1024 64 ) (632 1024 64 ) (632 1024 384 ) (624 1024 384 ) 
4 5 10 (624 1096 64 ) (632 1096 64 ) (632 1024 64 ) (624 1024 64 ) 
4 5 8 (624 1088 64 ) (624 1024 64 ) (624 1024 384 ) (624 1088 384 ) 
4 5 6 (624 1096 64 ) (624 1088 64 ) (624 1088 384 ) (624 1096 384 ) 
4 6 15 (0 1088 384 ) (0 1096 384 ) (0 1096 251.597992 ) (0 1088 251.597977 ) 
4 6 14 (0 1096 251.597992 ) (0 1096 64 ) (0 1088 64 ) (0 1088 251.597977 ) 
4 6 10 (0 1088 64 ) (0 1096 64 ) (624 1096 64 ) (624 1088 64 ) 
4 6 9 (402.343933 1088 64 ) (413.655914 1088 64 ) (413.655914 1088 384 ) (402.343933 1088 384 ) 
4 6 8 (413.655914 1088 64 ) (624 1088 64 ) (624 1088 384 ) (413.655914 1088 384 ) 
4 6 7 (0 1088 64 ) (402.343933 1088 64 ) (402.343933 1088 384 ) (0 1088 384 ) 
4 7 32 (0 1024 384 ) (0 1024 64 ) (466.343872 1024 64 ) (466.343872 1024 384 ) 
4 7 15 (0 1024 251.597977 ) (0 1024 384 ) (0 1088 384 ) (0 1088 251.597992 ) 
4 7 14 (0 1024 64 ) (0 1024 251.597977 ) (0 1088 251.597992 ) (0 1088 64 ) 
4 7 10 (0 1024 64 ) (0 1088 64 ) (402.343933 1088 64 ) (466.343872 1024 64 ) 
4 7 9 (466.341797 1024 64 ) (402.341797 1088 64 ) (402.341797 1088 384 ) (466.341797 1024 384 ) 
4 8 33 (477.655853 1024 64 ) (616 1024 64 ) (616 1024 384 ) (477.655853 1024 384 ) 
4 8 31 (616 1024 64 ) (624 1024 64 ) (624 1024 384 ) (616 1024 384 ) 
4 8 10 (413.655914 1088 64 ) (624 1088 64 ) (624 1024 64 ) (477.655853 1024 64 ) 
4 8 9 (413.654297 1088 384 ) (413.654297 1088 64 ) (477.654297 1024 64 ) (477.654297 1024 384 ) 
4 9 34 (466.343872 1024 64 ) (477.655853 1024 64 ) (477.655853 1024 384 ) (466.343872 1024 384 ) 
4 9 10 (402.343933 1088 64 ) (413.655914 1088 64 ) (477.655853 1024 64 ) (466.343872 1024 64 ) 
4 10 35 (784 1024 32 ) (784 1024 64 ) (0 1024 64 ) (0 1024 32 ) 
4 10 14 (0 1024 32 ) (0 1024 64 ) (0 1096 64 ) (0 1096 32 ) 
3 11 53 (-234.340881 1024 348 ) (-240 1024 350.328033 ) (-240 1024 348 ) 
4 11 14 (-240 1096 348 ) (-234.335999 1096 348 ) (-234.335999 1024 348 ) (-240 1024 348 ) 
4 11 12 (-240 1096 348 ) (-240 1092 348 ) (-240 1092 350.328064 ) (-240 1096 350.328064 ) 
4 12 14 (-248 1096 348 ) (-240 1096 348 ) (-240 1092 348 ) (-248 1092 348 ) 
4 12 13 (-248 1096 348 ) (-248 1092 348 ) (-248 1092 353.618073 ) (-248 1096 353.618073 ) 
4 13 55 (-248 1024 353.619019 ) (-318 1024 382.415283 ) (-318 1024 348 ) (-248 1024 348 ) 
4 13 17 (-318 1096 382 ) (-318 1096 348 ) (-318 1024 348 ) (-318 1024 382 ) 
4 13 14 (-318 1024 348 ) (-318 1096 348 ) (-248 1096 348 ) (-248 1024 348 ) 
4 14 128 (0 1024 32 ) (0 1024 64 ) (-318 1024 64 ) (-318 1024 32 ) 
4 14 106 (-318 1024 120 ) (-318 1024 64 ) (-240 1024 64 ) (-240 1024 120 ) 
4 14 105 (-240 1024 128 ) (-318 1024 128 ) (-318 1024 120 ) (-240 1024 120 ) 
4 14 102 (-238 1024 128 ) (-240 1024 128 ) (-240 1024 120 ) (-238 1024 120 ) 
4 14 104 (-240 1024 120 ) (-240 1024 64 ) (-238 1024 64 ) (-238 1024 120 ) 
4 14 101 (0 1024 64 ) (0 1024 128 ) (-238 1024 128 ) (-238 1024 64 ) 
5 14 60 (0 1024 128 ) (0 1024 251.597992 ) (-10.700715 1024 256 ) (-318 1024 256 ) (-318 1024 128 ) 
4 14 54 (-240 1024 348 ) (-248 1024 348 ) (-248 1024 256 ) (-240 1024 256 ) 
4 14 53 (-10.700715 1024 256 ) (-234.340881 1024 348 ) (-240 1024 348 ) (-240 1024 256 ) 
4 14 55 (-248 1024 348 ) (-318 1024 348 ) (-318 1024 256 ) (-248 1024 256 ) 
4 14 19 (-318 1096 120 ) (-318 1096 32 ) (-318 1024 32 ) (-318 1024 120 ) 
4 14 17 (-318 1096 348 ) (-318 1096 128 ) (-318 1024 128 ) (-318 1024 348 ) 
4 14 15 (0 1096 251.597260 ) (-176 1096 324 ) (-176 1024 324 ) (0 1024 251.597260 ) 
3 15 60 (0 1024 251.597992 ) (0 1024 256 ) (-10.700714 1024 256 ) 
5 15 56 (0 1024 256 ) (0 1024 576 ) (-176 1024 576 ) (-176 1024 324 ) (-10.700714 1024 256 ) 
4 15 16 (-176 1024 326 ) (-176 1024 576 ) (-176 1096 576 ) (-176 1096 326 ) 
4 16 57 (-176 1024 576 ) (-318 1024 576 ) (-318 1024 384 ) (-176 1024 326 ) 
4 16 18 (-318 1096 576 ) (-318 1096 384 ) (-318 1024 384 ) (-318 1024 576 ) 
4 17 60 (-318 1024 128 ) (-318 1024 256 ) (-320 1024 256 ) (-320 1024 128 ) 
4 17 58 (-318 1024 256 ) (-318 1024 382 ) (-320 1024 382.822754 ) (-320 1024 256 ) 
4 18 59 (-318 1024 384 ) (-318 1024 576 ) (-320 1024 576 ) (-320 1024 384.816895 ) 
4 18 20 (-320 1096 576 ) (-320 1096 384.816895 ) (-320 1024 384.816925 ) (-320 1024 576 ) 
4 19 128 (-318 1024 32 ) (-318 1024 64 ) (-320 1024 64 ) (-320 1024 32 ) 
4 19 106 (-318 1024 64 ) (-318 1024 120 ) (-320 1024 120 ) (-320 1024 64 ) 
4 20 59 (-320 1024 384.816925 ) (-320 1024 576 ) (-352 1024 576 ) (-352 1024 397.887329 ) 
4 20 22 (-352 1096 504 ) (-352 1096 397.887329 ) (-352 1024 397.887299 ) (-352 1024 504 ) 
4 20 21 (-352 1096 576 ) (-352 1096 504 ) (-352 1024 504 ) (-352 1024 576 ) 
4 21 73 (-352 1024 504 ) (-352 1024 576 ) (-604 1024 576 ) (-604 1024 504 ) 
4 21 22 (-602 1096 504 ) (-352 1096 504 ) (-352 1024 504 ) (-602 1024 504 ) 
4 22 74 (-352 1024 397.887299 ) (-352 1024 504 ) (-602 1024 504 ) (-455.115295 1024 440.004822 ) 
4 23 56 (0 1024 576 ) (0 1024 480 ) (0 0 480 ) (0 0 576 ) 
4 23 47 (0 0 576 ) (0 0 480 ) (624 0 480 ) (624 0 576 ) 
4 23 36 (624 0 480 ) (784 0 480 ) (784 0 576 ) (624 0 576 ) 
4 23 29 (0 1024 480 ) (632 1024 480 ) (632 0 480 ) (0 0 480 ) 
4 23 28 (784 49.125061 480 ) (784 18.216555 480 ) (779.118896 0 480 ) (770.836914 0 480 ) 
3 23 27 (784 18.216555 480 ) (784 0 480 ) (779.118896 0 480 ) 
5 23 25 (768 1024 480 ) (776 1024 480 ) (776 19.268805 480 ) (770.836914 0 480 ) (768 0 480 ) 
4 23 24 (776 1024 480 ) (784 1024 480 ) (784 49.125061 480 ) (776 19.268805 480 ) 
4 23 26 (632 1024 480 ) (768 1024 480 ) (768 0 480 ) (632 0 480 ) 
4 24 35 (776 1024 64 ) (784 1024 64 ) (784 49.125061 64 ) (776 19.268805 64 ) 
4 24 28 (776 19.264912 64 ) (784 49.121143 64 ) (784 49.121094 480 ) (776 19.264894 480 ) 
4 24 25 (776 1024 64 ) (776 19.271482 64 ) (776 19.271469 480 ) (776 1024 480 ) 
4 25 39 (768 0 64 ) (770.836914 0 64 ) (770.836914 0 480 ) (768 0 480 ) 
5 25 35 (770.836914 0 64 ) (768 0 64 ) (768 1024 64 ) (776 1024 64 ) (776 19.268805 64 ) 
4 25 28 (770.837952 0 64 ) (776 19.264912 64 ) (776 19.264894 480 ) (770.837952 0 480 ) 
4 25 26 (768 1024 64 ) (768 0 64 ) (768 0 480 ) (768 1024 480 ) 
4 26 42 (632 0 64 ) (768 0 64 ) (768 0 480 ) (632 0 480 ) 
4 26 35 (768 0 64 ) (632 0 64 ) (632 1024 64 ) (768 1024 64 ) 
4 26 30 (632 1024 64 ) (632 0 64 ) (632 0 384 ) (632 1024 384 ) 
4 26 29 (632 0 384 ) (632 0 480 ) (632 1024 480 ) (632 1024 384 ) 
4 27 37 (779.118896 0 64 ) (784 0 64 ) (784 0 480 ) (779.118896 0 480 ) 
3 27 35 (784 0 64 ) (779.118896 0 64 ) (784 18.216555 64 ) 
4 27 28 (779.118347 0 480 ) (784 18.218567 480 ) (784 18.218569 64 ) (779.118347 0 64 ) 
4 28 41 (770.836914 0 64 ) (776 0 64 ) (776 0 480 ) (770.836914 0 480 ) 
4 28 38 (776 0 64 ) (779.118896 0 64 ) (779.118896 0 480 ) (776 0 480 ) 
4 28 35 (779.118896 0 64 ) (770.836914 0 64 ) (784 49.125061 64 ) (784 18.216555 64 ) 
4 29 56 (0 1024 480 ) (0 1024 384 ) (0 0 384 ) (0 0 480 ) 
4 29 47 (0 0 480 ) (0 0 384 ) (624 0 384 ) (624 0 480 ) 
4 29 45 (624 0 384 ) (632 0 384 ) (632 0 480 ) (624 0 480 ) 
4 29 34 (466.343994 1024 384 ) (477.655975 1024 384 ) (616 885.656006 384 ) (616 874.343994 384 ) 
3 29 33 (477.655975 1024 384 ) (616 1024 384 ) (616 885.656006 384 ) 
5 29 32 (0 1024 384 ) (466.343994 1024 384 ) (616 874.343994 384 ) (616 0 384 ) (0 0 384 ) 
4 29 31 (616 1024 384 ) (624 1024 384 ) (624 0 384 ) (616 0 384 ) 
4 29 30 (624 1024 384 ) (632 1024 384 ) (632 0 384 ) (624 0 384 ) 
4 30 46 (624 0 64 ) (632 0 64 ) (632 0 384 ) (624 0 384 ) 
4 30 35 (632 0 64 ) (624 0 64 ) (624 1024 64 ) (632 1024 64 ) 
4 30 31 (624 1024 64 ) (624 0 64 ) (624 0 384 ) (624 1024 384 ) 
4 31 49 (616 0 64 ) (624 0 64 ) (624 0 384 ) (616 0 384 ) 
4 31 35 (624 0 64 ) (616 0 64 ) (616 1024 64 ) (624 1024 64 ) 
4 31 34 (616 885.656006 64 ) (616 874.343994 64 ) (616 874.343994 384 ) (616 885.656006 384 ) 
4 31 33 (616 1024 64 ) (616 885.656006 64 ) (616 885.656006 384 ) (616 1024 384 ) 
4 31 32 (616 874.343994 64 ) (616 0 64 ) (616 0 384 ) (616 874.343994 384 ) 
4 32 101 (0 1024 128 ) (0 1024 64 ) (0 0 64 ) (0 0 128 ) 
4 32 72 (0 256 128 ) (0 0 128 ) (0 0 256 ) (0 256 256 ) 
4 32 70 (0 268 128 ) (0 256 128 ) (0 256 240 ) (0 268 240 ) 
4 32 65 (0 368 128 ) (0 268 128 ) (0 268 240 ) (0 368 240 ) 
4 32 63 (0 256 240 ) (0 256 256 ) (0 368 256 ) (0 368 240 ) 
4 32 62 (0 632 128 ) (0 368 128 ) (0 368 256 ) (0 632 256 ) 
4 32 61 (0 744 128 ) (0 632 128 ) (0 632 256 ) (0 744 256 ) 
4 32 60 (0 1024 256 ) (0 1024 128 ) (0 744 128 ) (0 744 256 ) 
4 32 56 (0 1024 384 ) (0 1024 256 ) (0 0 256 ) (0 0 384 ) 
4 32 49 (0 0 384 ) (0 0 64 ) (616 0 64 ) (616 0 384 ) 
5 32 35 (616 0 64 ) (0 0 64 ) (0 1024 64 ) (466.343994 1024 64 ) (616 874.343994 64 ) 
4 32 34 (616 874.345703 384 ) (616 874.345703 64 ) (466.345703 1024 64 ) (466.345245 1024 384 ) 
3 33 35 (477.655975 1024 64 ) (616 1024 64 ) (616 885.656006 64 ) 
4 33 34 (477.656250 1024 64 ) (616 885.658203 64 ) (616 885.658203 384 ) (477.658203 1024 384 ) 
4 34 35 (466.343994 1024 64 ) (477.655975 1024 64 ) (616 885.656006 64 ) (616 874.343994 64 ) 
4 35 128 (0 1024 64 ) (0 1024 32 ) (0 0 32 ) (0 0 64 ) 
4 35 52 (784 0 64 ) (0 0 64 ) (0 0 32 ) (784 0 32 ) 
4 36 47 (624 -413.658020 576 ) (624 0 576 ) (624 0 480 ) (624 -413.658020 480 ) 
4 36 51 (624 -416 480 ) (624 -416 576 ) (624 -413.658020 576 ) (624 -413.658020 480 ) 
4 36 45 (624 -416 480 ) (624 0 480 ) (632 0 480 ) (632 -416 480 ) 
4 36 44 (768 -10.587654 480 ) (768 -41.496422 480 ) (667.652344 -416 480 ) (659.369690 -416 480 ) 
3 36 43 (768 -41.496422 480 ) (768 -416 480 ) (667.652344 -416 480 ) 
5 36 42 (632 0 480 ) (768 0 480 ) (768 -10.587654 480 ) (659.369690 -416 480 ) (632 -416 480 ) 
5 36 41 (770.836975 0 480 ) (776 0 480 ) (776 -11.639954 480 ) (768 -41.496399 480 ) (768 -10.587646 480 ) 
4 36 40 (776 -11.639954 480 ) (776 -416 480 ) (768 -416 480 ) (768 -41.496399 480 ) 
3 36 39 (768 0 480 ) (770.836975 0 480 ) (768 -10.587646 480 ) 
3 36 38 (776 0 480 ) (779.118896 0 480 ) (776 -11.639954 480 ) 
5 36 37 (779.118896 0 480 ) (784 0 480 ) (784 -416 480 ) (776 -416 480 ) (776 -11.639954 480 ) 
5 37 52 (784 -416 64 ) (776 -416 64 ) (776 -11.639954 64 ) (779.118896 0 64 ) (784 0 64 ) 
4 37 40 (776 -11.639954 64 ) (776 -416 64 ) (776 -416 480 ) (776 -11.639954 480 ) 
4 37 38 (776 -11.636719 64 ) (776 -11.636719 480 ) (779.118042 0 480 ) (779.118042 0 64 ) 
3 38 52 (776 -11.639954 64 ) (776 0 64 ) (779.118896 0 64 ) 
4 38 41 (776 0 64 ) (776 -11.639954 64 ) (776 -11.639954 480 ) (776 0 480 ) 
3 39 52 (768 -10.587646 64 ) (768 0 64 ) (770.836975 0 64 ) 
4 39 42 (768 0 64 ) (768 -10.587654 64 ) (768 -10.587646 480 ) (768 0 480 ) 
4 39 41 (768 -10.587934 480 ) (768 -10.587896 64 ) (770.836853 0 64 ) (770.836914 0 480 ) 
4 40 52 (776 -416 64 ) (768 -416 64 ) (768 -41.496399 64 ) (776 -11.639954 64 ) 
4 40 43 (768 -41.496422 64 ) (768 -416 64 ) (768 -416 480 ) (768 -41.496399 480 ) 
4 40 41 (776 -11.634240 480 ) (776 -11.634255 64 ) (768 -41.490231 64 ) (768 -41.490219 480 ) 
5 41 52 (768 -41.496399 64 ) (768 -10.587646 64 ) (770.836975 0 64 ) (776 0 64 ) (776 -11.639954 64 ) 
4 41 44 (768 -10.587654 64 ) (768 -41.496422 64 ) (768 -41.496399 480 ) (768 -10.587646 480 ) 
5 42 52 (659.369690 -416 64 ) (632 -416 64 ) (632 0 64 ) (768 0 64 ) (768 -10.587654 64 ) 
4 42 46 (632 0 64 ) (632 -416 64 ) (632 -416 384 ) (632 0 384 ) 
4 42 45 (632 -416 384 ) (632 -416 480 ) (632 0 480 ) (632 0 384 ) 
4 42 44 (659.369507 -416 64 ) (768 -10.587896 64 ) (768 -10.587934 480 ) (659.369507 -416 480 ) 
3 43 52 (768 -416 64 ) (667.652344 -416 64 ) (768 -41.496422 64 ) 
4 43 44 (768 -41.490219 480 ) (768 -41.490231 64 ) (667.650513 -416 64 ) (667.650513 -416 480 ) 
4 44 52 (667.652344 -416 64 ) (659.369690 -416 64 ) (768 -10.587654 64 ) (768 -41.496422 64 ) 
4 45 47 (624 -413.658020 480 ) (624 0 480 ) (624 0 384 ) (624 -413.658020 384 ) 
4 45 51 (624 -416 384 ) (624 -416 480 ) (624 -413.658020 480 ) (624 -413.658020 384 ) 
4 45 46 (624 -416 384 ) (624 0 384 ) (632 0 384 ) (632 -416 384 ) 
4 46 52 (632 -416 64 ) (624 -416 64 ) (624 0 64 ) (632 0 64 ) 
4 46 50 (624 -152 64 ) (624 -163.315994 64 ) (624 -163.316010 384 ) (624 -152 384 ) 
4 46 49 (624 0 64 ) (624 -152 64 ) (624 -152 384 ) (624 0 384 ) 
4 46 48 (624 -163.315994 64 ) (624 -413.658020 64 ) (624 -413.658020 384 ) (624 -163.316010 384 ) 
4 46 51 (624 -413.658020 64 ) (624 -416 64 ) (624 -416 384 ) (624 -413.658020 384 ) 
4 47 137 (0 -413.658020 576 ) (0 -224 576 ) (0 -224 384 ) (0 -413.658020 384 ) 
4 47 133 (0 -224 576 ) (0 0 576 ) (0 0 384 ) (0 -224 384 ) 
4 47 50 (373.655975 -413.658020 384 ) (362.341919 -413.658020 384 ) (624 -152 384 ) (624 -163.315994 384 ) 
5 47 49 (362.341919 -413.658020 384 ) (0 -413.658020 384 ) (0 0 384 ) (624 0 384 ) (624 -152 384 ) 
3 47 48 (624 -413.658020 384 ) (373.655975 -413.658020 384 ) (624 -163.315994 384 ) 
4 47 51 (624 -413.658020 384 ) (624 -413.658020 576 ) (0 -413.658020 576 ) (0 -413.658020 384 ) 
3 48 52 (624 -163.315994 64 ) (624 -413.658020 64 ) (373.655975 -413.658020 64 ) 
4 48 50 (373.660156 -413.658020 64 ) (373.660156 -413.658020 384 ) (624 -163.320175 384 ) (624 -163.320175 64 ) 
4 48 51 (373.655975 -413.658020 64 ) (624 -413.658020 64 ) (624 -413.658020 384 ) (373.655975 -413.658020 384 ) 
4 49 152 (0 0 96 ) (0 0 64 ) (0 -413.658020 64 ) (0 -413.658020 96 ) 
4 49 149 (0 -192 96 ) (0 -413.658020 96 ) (0 -413.658020 128 ) (0 -192 128 ) 
4 49 146 (0 0 120 ) (0 0 96 ) (0 -192 96 ) (0 -192 120 ) 
4 49 145 (0 0 128 ) (0 0 120 ) (0 -192 120 ) (0 -192 128 ) 
4 49 141 (0 -224 128 ) (0 -413.658020 128 ) (0 -413.658020 160 ) (0 -224 160 ) 
4 49 138 (0 -413.658020 160 ) (0 -413.658020 254.112671 ) (0 -224 254.112671 ) (0 -224 160 ) 
4 49 137 (0 -413.658020 254.112671 ) (0 -413.658020 384 ) (0 -224 384 ) (0 -224 254.112671 ) 
4 49 133 (0 0 384 ) (0 0 251.597992 ) (0 -224 251.597992 ) (0 -224 384 ) 
4 49 129 (0 0 251.597992 ) (0 0 128 ) (0 -224 128 ) (0 -224 251.597992 ) 
5 49 52 (0 -413.658020 64 ) (0 0 64 ) (624 0 64 ) (624 -152 64 ) (362.341919 -413.658020 64 ) 
4 49 51 (0 -413.658020 64 ) (362.341919 -413.658020 64 ) (362.341919 -413.658020 384 ) (0 -413.658020 384 ) 
4 49 50 (624 -152 64 ) (624 -152 384 ) (362.343750 -413.658020 384 ) (362.343750 -413.658020 64 ) 
4 50 52 (624 -152 64 ) (624 -163.315994 64 ) (373.655975 -413.658020 64 ) (362.341919 -413.658020 64 ) 
4 50 51 (362.341919 -413.658020 64 ) (373.655975 -413.658020 64 ) (373.655975 -413.658020 384 ) (362.341919 -413.658020 384 ) 
4 51 152 (0 -416 64 ) (0 -416 96 ) (0 -413.658020 96 ) (0 -413.658020 64 ) 
4 51 149 (0 -416 96 ) (0 -416 128 ) (0 -413.658020 128 ) (0 -413.658020 96 ) 
4 51 141 (0 -416 128 ) (0 -416 160 ) (0 -413.658020 160 ) (0 -413.658020 128 ) 
4 51 138 (0 -416 160 ) (0 -416 254.112671 ) (0 -413.658020 254.112671 ) (0 -413.658020 160 ) 
4 51 137 (0 -416 254.112671 ) (0 -416 576 ) (0 -413.658020 576 ) (0 -413.658020 254.112671 ) 
4 51 52 (624 -416 64 ) (0 -416 64 ) (0 -413.658020 64 ) (624 -413.658020 64 ) 
4 52 157 (0 -416 32 ) (0 -416 64 ) (0 0 64 ) (0 0 32 ) 
3 53 129 (-240 0 256 ) (-10.700714 0 256 ) (-240 0 350.328003 ) 
4 53 72 (-10.700718 0 256 ) (-240 0 256 ) (-240 256 256 ) (-10.700717 256 256 ) 
4 53 63 (-240 256 256 ) (-240 368 256 ) (-10.700717 368 256 ) (-10.700717 256 256 ) 
4 53 62 (-240 368 256 ) (-240 632 256 ) (-10.700716 632 256 ) (-10.700717 368 256 ) 
4 53 61 (-240 632 256 ) (-240 744 256 ) (-10.700715 744 256 ) (-10.700716 632 256 ) 
4 53 60 (-240 744 256 ) (-240 1024 256 ) (-10.700714 1024 256 ) (-10.700715 744 256 ) 
4 53 56 (-176 0 324 ) (-10.700989 0 256 ) (-10.701022 1024 256 ) (-176 1024 324 ) 
4 53 54 (-240 1024 256 ) (-240 0 256 ) (-240 0 348 ) (-240 1024 348 ) 
4 54 130 (-248 0 256 ) (-240 0 256 ) (-240 0 348 ) (-248 0 348 ) 
4 54 72 (-240 0 256 ) (-248 0 256 ) (-248 256 256 ) (-240 256 256 ) 
4 54 63 (-248 256 256 ) (-248 368 256 ) (-240 368 256 ) (-240 256 256 ) 
4 54 62 (-248 368 256 ) (-248 632 256 ) (-240 632 256 ) (-240 368 256 ) 
4 54 61 (-248 632 256 ) (-248 744 256 ) (-240 744 256 ) (-240 632 256 ) 
4 54 60 (-248 744 256 ) (-248 1024 256 ) (-240 1024 256 ) (-240 744 256 ) 
4 54 55 (-248 1024 256 ) (-248 0 256 ) (-248 0 348 ) (-248 1024 348 ) 
4 55 132 (-318 0 382.415283 ) (-318 0 256 ) (-248 0 256 ) (-248 0 353.619019 ) 
4 55 72 (-248 0 256 ) (-318 0 256 ) (-318 256 256 ) (-248 256 256 ) 
4 55 63 (-318 256 256 ) (-318 368 256 ) (-248 368 256 ) (-248 256 256 ) 
4 55 62 (-318 368 256 ) (-318 632 256 ) (-248 632 256 ) (-248 368 256 ) 
4 55 61 (-318 632 256 ) (-318 744 256 ) (-248 744 256 ) (-248 632 256 ) 
4 55 60 (-318 744 256 ) (-318 1024 256 ) (-248 1024 256 ) (-248 744 256 ) 
4 55 58 (-318 1024 382 ) (-318 1024 256 ) (-318 0 256 ) (-318 0 382 ) 
5 56 133 (0 0 256 ) (0 0 576 ) (-176 0 576 ) (-176 0 324 ) (-10.700714 0 256 ) 
4 56 72 (0 0 256 ) (-10.700718 0 256 ) (-10.700717 256 256 ) (0 256 256 ) 
4 56 63 (-10.700717 256 256 ) (-10.700717 368 256 ) (0 368 256 ) (0 256 256 ) 
4 56 62 (-10.700717 368 256 ) (-10.700716 632 256 ) (0 632 256 ) (0 368 256 ) 
4 56 61 (-10.700716 632 256 ) (-10.700715 744 256 ) (0 744 256 ) (0 632 256 ) 
4 56 60 (-10.700715 744 256 ) (-10.700714 1024 256 ) (0 1024 256 ) (0 744 256 ) 
4 56 57 (-176 0 326 ) (-176 0 576 ) (-176 1024 576 ) (-176 1024 326 ) 
4 57 134 (-176 0 576 ) (-318 0 576 ) (-318 0 384 ) (-176 0 326 ) 
4 57 59 (-318 1024 576 ) (-318 1024 384 ) (-318 0 384 ) (-318 0 576 ) 
4 58 135 (-320 0 256 ) (-318 0 256 ) (-318 0 382 ) (-320 0 382.822754 ) 
4 58 72 (-318 0 256 ) (-320 0 256 ) (-320 256 256 ) (-318 256 256 ) 
4 58 63 (-320 256 256 ) (-320 368 256 ) (-318 368 256 ) (-318 256 256 ) 
4 58 62 (-320 368 256 ) (-320 632 256 ) (-318 632 256 ) (-318 368 256 ) 
4 58 61 (-320 632 256 ) (-320 744 256 ) (-318 744 256 ) (-318 632 256 ) 
4 58 60 (-320 744 256 ) (-320 1024 256 ) (-318 1024 256 ) (-318 744 256 ) 
4 59 158 (-352 0 576 ) (-352 0 397.887329 ) (-320 0 384.816895 ) (-320 0 576 ) 
4 59 136 (-320 0 384.816895 ) (-318 0 384 ) (-318 0 576 ) (-320 0 576 ) 
4 59 74 (-352 1024 504 ) (-352 1024 397.887329 ) (-352 0 397.887299 ) (-352 0 504 ) 
4 59 73 (-352 1024 576 ) (-352 1024 504 ) (-352 0 504 ) (-352 0 576 ) 
4 60 105 (-318 1024 128 ) (-240 1024 128 ) (-240 818 128 ) (-318 818 128 ) 
4 60 102 (-240 1024 128 ) (-238 1024 128 ) (-238 818 128 ) (-240 818 128 ) 
4 60 101 (-238 1024 128 ) (0 1024 128 ) (0 744 128 ) (-238 744 128 ) 
4 60 61 (0 744 256 ) (-320 744 256 ) (-320 744 128 ) (0 744 128 ) 
4 61 101 (-238 744 128 ) (0 744 128 ) (0 632 128 ) (-238 632 128 ) 
4 61 62 (0 632 256 ) (-320 632 256 ) (-320 632 128 ) (0 632 128 ) 
4 62 103 (-238 448 128 ) (-238 368 128 ) (-240 368 128 ) (-240 448 128 ) 
4 62 101 (-238 632 128 ) (0 632 128 ) (0 368 128 ) (-238 368 128 ) 
4 62 67 (-320 368 240 ) (-320 368 128 ) (-201.548965 368 128 ) (-201.548981 368 240 ) 
4 62 65 (-201.548965 368 128 ) (0 368 128 ) (0 368 240 ) (-201.548981 368 240 ) 
4 62 63 (0 368 256 ) (-320 368 256 ) (-320 368 240 ) (0 368 240 ) 
4 63 72 (0 256 256 ) (-320 256 256 ) (-320 256 240 ) (0 256 240 ) 
4 63 70 (0 256 240 ) (-336 256 240 ) (-336 268 240 ) (0 268 240 ) 
4 63 67 (-336 356.828003 240 ) (-336 368 240 ) (-201.548996 368 240 ) (-274.359985 295.188995 240 ) 
4 63 66 (-336 268 240 ) (-336 351.171936 240 ) (-277.188995 292.359985 240 ) (-301.548950 268 240 ) 
4 63 65 (-201.548996 368 240 ) (0 368 240 ) (0 268 240 ) (-301.548950 268 240 ) 
4 64 75 (-352 256 240 ) (-352 256 256 ) (-352 368 256 ) (-352 368 240 ) 
4 64 71 (-348 256 240 ) (-352 256 240 ) (-352 368 240 ) (-348 368 240 ) 
4 65 103 (-238 268 128 ) (-240 268 128 ) (-240 329.548950 128 ) (-238 331.548950 128 ) 
5 65 101 (-201.548981 368 128 ) (0 368 128 ) (0 268 128 ) (-238 268 128 ) (-238 331.548950 128 ) 
4 65 70 (-301.548950 268 128 ) (0 268 128 ) (0 268 240 ) (-301.548950 268 240 ) 
4 65 67 (-274.358917 295.187958 240 ) (-201.546875 368 240 ) (-201.546875 368 128 ) (-274.358948 295.187927 128 ) 
4 65 66 (-301.546875 268 128 ) (-301.546875 268 240 ) (-277.187927 292.358948 240 ) (-277.187927 292.358948 128 ) 
4 66 70 (-336 268 128 ) (-301.548950 268 128 ) (-301.548950 268 240 ) (-336 268 240 ) 
4 66 68 (-336 268 128 ) (-336 268 240 ) (-336 351.171936 240 ) (-336 351.171936 128 ) 
4 67 103 (-240 368 128 ) (-238 368 128 ) (-238 331.548950 128 ) (-240 329.548950 128 ) 
3 67 101 (-238 368 128 ) (-201.548981 368 128 ) (-238 331.548950 128 ) 
4 68 69 (-339.416016 354.583954 128 ) (-340.832031 356 128 ) (-340.832031 356 240 ) (-339.416016 354.583954 240 ) 
4 68 71 (-348 268 240 ) (-348 356 240 ) (-348 356 128 ) (-348 268 128 ) 
4 70 103 (-238 256 128 ) (-240 256 128 ) (-240 268 128 ) (-238 268 128 ) 
4 70 101 (0 268 128 ) (0 256 128 ) (-238 256 128 ) (-238 268 128 ) 
4 70 72 (-320 256 128 ) (0 256 128 ) (0 256 240 ) (-320 256 240 ) 
4 71 75 (-352 368 128 ) (-352 256 128 ) (-352 256 240 ) (-352 368 240 ) 
4 72 135 (-318 0 256 ) (-320 0 256 ) (-320 0 128 ) (-318 0 128 ) 
3 72 133 (0 0 251.597992 ) (0 0 256 ) (-10.700718 0 256 ) 
4 72 130 (-240 0 256 ) (-248 0 256 ) (-248 0 128 ) (-240 0 128 ) 
5 72 129 (0 0 128 ) (0 0 251.597992 ) (-10.700718 0 256 ) (-240 0 256 ) (-240 0 128 ) 
4 72 132 (-248 0 256 ) (-318 0 256 ) (-318 0 128 ) (-248 0 128 ) 
4 72 103 (-238 0 128 ) (-240 0 128 ) (-240 256 128 ) (-238 256 128 ) 
4 72 101 (0 0 128 ) (-238 0 128 ) (-238 256 128 ) (0 256 128 ) 
4 73 168 (-604 0 576 ) (-604 0 504 ) (-352 0 504 ) (-352 0 576 ) 
4 73 74 (-602 1024 504 ) (-352 1024 504 ) (-352 0 504 ) (-602 0 504 ) 
4 74 169 (-455.115295 0 440.004822 ) (-352 0 397.887299 ) (-352 0 504 ) (-602 0 504 ) 
4 75 84 (-452 144 128 ) (-380 144 128 ) (-380 144 256 ) (-452 144 256 ) 
4 75 83 (-352 144 304 ) (-352 144 368 ) (-452 144 368 ) (-452 144 304 ) 
5 75 81 (-452 240 128 ) (-452 144 128 ) (-452 144 320 ) (-452 179.147049 320 ) (-452 240 259.147034 ) 
3 75 80 (-452 196.115021 320 ) (-452 240 320 ) (-452 240 276.113007 ) 
4 75 79 (-452 144 320 ) (-452 144 368 ) (-452 240 368 ) (-452 240 320 ) 
3 75 78 (-452 252 276.113007 ) (-452 252 320 ) (-452 295.885010 320 ) 
5 75 77 (-452 488 320 ) (-452 488 128 ) (-452 252 128 ) (-452 252 259.148010 ) (-452 312.851959 320 ) 
4 75 76 (-452 488 368 ) (-452 488 320 ) (-452 252 320 ) (-452 252 368 ) 
4 76 82 (-460 488 368 ) (-460 488 320 ) (-460 252 320 ) (-460 252 368 ) 
4 76 78 (-452 252 320 ) (-460 252 320 ) (-460 295.885010 320 ) (-452 295.885010 320 ) 
4 76 77 (-460 312.852966 320 ) (-460 488 320 ) (-452 488 320 ) (-452 312.851990 320 ) 
5 77 82 (-460 488 320 ) (-460 488 128 ) (-460 252 128 ) (-460 252 259.147034 ) (-460 312.852966 320 ) 
3 78 82 (-460 252 276.113007 ) (-460 252 320 ) (-460 295.885010 320 ) 
4 79 83 (-452 144 320 ) (-452 144 368 ) (-460 144 368 ) (-460 144 320 ) 
4 79 82 (-460 144 320 ) (-460 144 368 ) (-460 240 368 ) (-460 240 320 ) 
4 79 81 (-460 144 320 ) (-460 179.148026 320 ) (-452 179.147049 320 ) (-452 144 320 ) 
4 79 80 (-460 196.115021 320 ) (-460 240 320 ) (-452 240 320 ) (-452 196.115021 320 ) 
3 80 82 (-460 196.115021 320 ) (-460 240 320 ) (-460 240 276.113007 ) 
4 81 84 (-460 144 128 ) (-452 144 128 ) (-452 144 256 ) (-460 144 256 ) 
4 81 83 (-452 144 304 ) (-452 144 320 ) (-460 144 320 ) (-460 144 304 ) 
5 81 82 (-460 240 128 ) (-460 144 128 ) (-460 144 320 ) (-460 179.148026 320 ) (-460 240 259.148071 ) 
4 82 84 (-496 144 128 ) (-460 144 128 ) (-460 144 256 ) (-496 144 256 ) 
4 82 83 (-460 144 304 ) (-460 144 368 ) (-528 144 368 ) (-528 144 304 ) 
4 83 100 (-352 128 304 ) (-352 128 368 ) (-528 128 368 ) (-528 128 304 ) 
4 84 100 (-496 128 128 ) (-380 128 128 ) (-380 128 256 ) (-496 128 256 ) 
4 85 90 (-740 244.852997 128 ) (-544 244.852997 128 ) (-544 244.852997 368 ) (-740 244.852997 368 ) 
3 85 88 (-740 244.852997 276.114044 ) (-740 244.852997 320 ) (-740 288.737000 320 ) 
5 85 87 (-740 488 320 ) (-740 488 128 ) (-740 244.852997 128 ) (-740 244.852997 259.148010 ) (-740 305.704987 320 ) 
4 85 86 (-740 488 368 ) (-740 488 320 ) (-740 244.852997 320 ) (-740 244.852997 368 ) 
4 86 88 (-748 244.852997 320 ) (-748 288.738007 320 ) (-740 288.737000 320 ) (-740 244.852997 320 ) 
4 86 87 (-748 305.704987 320 ) (-748 488 320 ) (-740 488 320 ) (-740 305.704987 320 ) 
4 86 89 (-748 488 368 ) (-748 488 320 ) (-748 244.852997 320 ) (-748 244.852997 368 ) 
5 87 89 (-748 488 320 ) (-748 488 128 ) (-748 244.852997 128 ) (-748 244.852997 259.148010 ) (-748 305.704987 320 ) 
3 88 89 (-748 244.852997 276.113007 ) (-748 244.852997 320 ) (-748 288.738007 320 ) 
4 89 91 (-848 244.852997 368 ) (-848 244.852997 128 ) (-748 244.852997 128 ) (-748 244.852997 368 ) 
4 90 92 (-740 232.852997 128 ) (-544 232.852997 128 ) (-544 232.852997 368 ) (-740 232.852997 368 ) 
4 91 96 (-848 232.852997 368 ) (-848 232.852997 128 ) (-748 232.852997 128 ) (-748 232.852997 368 ) 
4 92 98 (-740 144 128 ) (-700 144 128 ) (-700 144 256 ) (-740 144 256 ) 
4 92 97 (-544 144 304 ) (-544 144 368 ) (-740 144 368 ) (-740 144 304 ) 
5 92 95 (-740 232.852997 259.147980 ) (-740 232.852997 128 ) (-740 144 128 ) (-740 144 320 ) (-740 172 320 ) 
3 92 94 (-740 232.852997 320 ) (-740 232.852997 276.113007 ) (-740 188.966980 320 ) 
4 92 93 (-740 232.852997 368 ) (-740 232.852997 320 ) (-740 144 320 ) (-740 144 368 ) 
4 93 97 (-740 144 320 ) (-740 144 368 ) (-748 144 368 ) (-748 144 320 ) 
4 93 95 (-748 144 320 ) (-748 172 320 ) (-740 172 320 ) (-740 144 320 ) 
4 93 94 (-748 188.968002 320 ) (-748 232.852997 320 ) (-740 232.852997 320 ) (-740 188.966980 320 ) 
4 93 96 (-748 232.852997 368 ) (-748 232.852997 320 ) (-748 144 320 ) (-748 144 368 ) 
3 94 96 (-748 232.852997 320 ) (-748 232.852997 276.114014 ) (-748 188.968002 320 ) 
4 95 98 (-748 144 128 ) (-740 144 128 ) (-740 144 256 ) (-748 144 256 ) 
4 95 97 (-740 144 304 ) (-740 144 320 ) (-748 144 320 ) (-748 144 304 ) 
5 95 96 (-748 232.852997 259.148041 ) (-748 232.852997 128 ) (-748 144 128 ) (-748 144 320 ) (-748 172 320 ) 
4 96 98 (-816 144 128 ) (-748 144 128 ) (-748 144 256 ) (-816 144 256 ) 
4 96 97 (-848 144 368 ) (-848 144 304 ) (-748 144 304 ) (-748 144 368 ) 
4 97 100 (-544 128 304 ) (-544 128 368 ) (-848 128 368 ) (-848 128 304 ) 
4 98 100 (-816 128 128 ) (-700 128 128 ) (-700 128 256 ) (-816 128 256 ) 
4 99 100 (-1024 128 128 ) (-864 128 128 ) (-864 128 368 ) (-1024 128 368 ) 
4 100 181 (-748 0 128 ) (-740 0 128 ) (-740 0 320 ) (-748 0 320 ) 
4 100 180 (-740 0 320 ) (-740 0 368 ) (-748 0 368 ) (-748 0 320 ) 
4 100 179 (-740 0 128 ) (-460 0 128 ) (-460 0 368 ) (-740 0 368 ) 
4 100 183 (-1024 0 368 ) (-1024 0 128 ) (-748 0 128 ) (-748 0 368 ) 
4 100 172 (-460 0 128 ) (-452 0 128 ) (-452 0 320 ) (-460 0 320 ) 
4 100 171 (-452 0 320 ) (-452 0 368 ) (-460 0 368 ) (-460 0 320 ) 
4 100 170 (-452 0 128 ) (-352 0 128 ) (-352 0 368 ) (-452 0 368 ) 
4 101 152 (0 0 64 ) (0 0 96 ) (-238 0 96 ) (-238 0 64 ) 
4 101 146 (0 0 96 ) (0 0 120 ) (-238 0 120 ) (-238 0 96 ) 
4 101 145 (0 0 120 ) (0 0 128 ) (-238 0 128 ) (-238 0 120 ) 
4 101 128 (0 0 64 ) (-238 0 64 ) (-238 1024 64 ) (0 1024 64 ) 
4 101 102 (-238 818 128 ) (-238 1024 128 ) (-238 1024 120 ) (-238 818 120 ) 
4 101 103 (-238 0 120 ) (-238 0 128 ) (-238 448 128 ) (-238 448 120 ) 
4 101 104 (-238 1024 64 ) (-238 0 64 ) (-238 0 120 ) (-238 1024 120 ) 
4 102 105 (-240 818 128 ) (-240 1024 128 ) (-240 1024 120 ) (-240 818 120 ) 
4 102 104 (-240 818 120 ) (-240 1024 120 ) (-238 1024 120 ) (-238 818 120 ) 
4 103 145 (-238 0 128 ) (-240 0 128 ) (-240 0 120 ) (-238 0 120 ) 
4 103 104 (-240 0 120 ) (-240 448 120 ) (-238 448 120 ) (-238 0 120 ) 
4 104 152 (-240 0 96 ) (-240 0 64 ) (-238 0 64 ) (-238 0 96 ) 
4 104 146 (-240 0 120 ) (-240 0 96 ) (-238 0 96 ) (-238 0 120 ) 
4 104 128 (-238 0 64 ) (-240 0 64 ) (-240 1024 64 ) (-238 1024 64 ) 
4 104 124 (-240 144 64 ) (-240 0 64 ) (-240 0 96 ) (-240 144 96 ) 
4 104 122 (-240 256 64 ) (-240 144 64 ) (-240 144 96 ) (-240 256 96 ) 
4 104 120 (-240 288 64 ) (-240 256 64 ) (-240 256 96 ) (-240 288 96 ) 
4 104 117 (-240 400 64 ) (-240 288 64 ) (-240 288 96 ) (-240 400 96 ) 
4 104 116 (-240 448 64 ) (-240 400 64 ) (-240 400 96 ) (-240 448 96 ) 
4 104 113 (-240 0 96 ) (-240 0 120 ) (-240 448 120 ) (-240 448 96 ) 
4 104 112 (-240 824 112 ) (-240 824 120 ) (-240 832 120 ) (-240 832 112 ) 
4 104 111 (-240 832 104 ) (-240 832 120 ) (-240 840 120 ) (-240 840 104 ) 
4 104 110 (-240 840 96 ) (-240 840 120 ) (-240 848 120 ) (-240 848 96 ) 
4 104 109 (-240 848 88 ) (-240 848 120 ) (-240 856 120 ) (-240 856 88 ) 
4 104 108 (-240 856 80 ) (-240 856 120 ) (-240 864 120 ) (-240 864 80 ) 
4 104 107 (-240 864 72 ) (-240 864 120 ) (-240 872 120 ) (-240 872 72 ) 
4 104 106 (-240 1024 64 ) (-240 872 64 ) (-240 872 120 ) (-240 1024 120 ) 
4 105 112 (-240 832 120 ) (-240 824 120 ) (-318 824 120 ) (-318 832 120 ) 
4 105 111 (-240 840 120 ) (-240 832 120 ) (-318 832 120 ) (-318 840 120 ) 
4 105 110 (-240 848 120 ) (-240 840 120 ) (-318 840 120 ) (-318 848 120 ) 
4 105 109 (-240 856 120 ) (-240 848 120 ) (-318 848 120 ) (-318 856 120 ) 
4 105 108 (-240 864 120 ) (-240 856 120 ) (-318 856 120 ) (-318 864 120 ) 
4 105 107 (-240 872 120 ) (-240 864 120 ) (-318 864 120 ) (-318 872 120 ) 
4 105 106 (-318 1024 120 ) (-240 1024 120 ) (-240 872 120 ) (-318 872 120 ) 
4 106 128 (-320 872 64 ) (-320 1024 64 ) (-240 1024 64 ) (-240 872 64 ) 
4 106 107 (-240 872 72 ) (-240 872 120 ) (-320 872 120 ) (-320 872 72 ) 
4 107 108 (-240 864 80 ) (-240 864 120 ) (-320 864 120 ) (-320 864 80 ) 
4 108 109 (-240 856 88 ) (-240 856 120 ) (-320 856 120 ) (-320 856 88 ) 
4 109 110 (-240 848 96 ) (-240 848 120 ) (-320 848 120 ) (-320 848 96 ) 
4 110 111 (-240 840 104 ) (-240 840 120 ) (-320 840 120 ) (-320 840 104 ) 
4 111 112 (-240 832 112 ) (-240 832 120 ) (-320 832 120 ) (-320 832 112 ) 
4 113 146 (-252 0 96 ) (-240 0 96 ) (-240 0 120 ) (-252 0 120 ) 
4 113 124 (-240 144 96 ) (-240 0 96 ) (-252 0 96 ) (-252 144 96 ) 
4 113 122 (-240 256 96 ) (-240 144 96 ) (-252 144 96 ) (-252 256 96 ) 
4 113 120 (-240 288 96 ) (-240 256 96 ) (-252 256 96 ) (-252 288 96 ) 
4 113 117 (-240 400 96 ) (-240 288 96 ) (-252 288 96 ) (-252 400 96 ) 
4 113 116 (-252 448 96 ) (-240 448 96 ) (-240 400 96 ) (-252 400 96 ) 
4 113 114 (-252 448 120 ) (-252 448 104 ) (-252 0 104 ) (-252 0 120 ) 
4 114 147 (-252 0 104 ) (-252 0 120 ) (-268 0 120 ) (-268 0 104 ) 
4 114 115 (-268 448 120 ) (-268 448 104 ) (-268 0 104 ) (-268 0 120 ) 
4 115 148 (-320 0 120 ) (-320 0 96 ) (-268 0 96 ) (-268 0 120 ) 
4 115 125 (-268 144 96 ) (-268 64 96 ) (-288 64 96 ) (-288 144 96 ) 
4 115 126 (-268 32 96 ) (-268 0 96 ) (-288 0 96 ) (-288 32 96 ) 
4 115 123 (-268 256 96 ) (-268 176 96 ) (-288 176 96 ) (-288 256 96 ) 
4 115 121 (-288 288 96 ) (-284 288 96 ) (-284 256 96 ) (-288 256 96 ) 
4 115 127 (-320 0 96 ) (-320 288 96 ) (-288 288 96 ) (-288 0 96 ) 
4 115 118 (-268 368 96 ) (-268 288 96 ) (-284 288 96 ) (-284 368 96 ) 
4 115 119 (-320 288 96 ) (-320 400 96 ) (-284 400 96 ) (-284 288 96 ) 
4 115 116 (-320 400 96 ) (-320 448 96 ) (-268 448 96 ) (-268 400 96 ) 
4 116 128 (-320 400 64 ) (-320 448 64 ) (-240 448 64 ) (-240 400 64 ) 
4 116 117 (-252 400 64 ) (-240 400 64 ) (-240 400 96 ) (-252 400 96 ) 
4 116 119 (-320 400 64 ) (-284 400 64 ) (-284 400 96 ) (-320 400 96 ) 
4 117 128 (-252 400 64 ) (-240 400 64 ) (-240 288 64 ) (-252 288 64 ) 
4 117 120 (-252 288 64 ) (-240 288 64 ) (-240 288 96 ) (-252 288 96 ) 
4 117 118 (-252 368 64 ) (-252 288 64 ) (-252 288 96 ) (-252 368 96 ) 
4 118 128 (-252 368 64 ) (-252 288 64 ) (-284 288 64 ) (-284 368 64 ) 
4 118 119 (-284 368 64 ) (-284 288 64 ) (-284 288 96 ) (-284 368 96 ) 
4 119 128 (-320 288 64 ) (-320 400 64 ) (-284 400 64 ) (-284 288 64 ) 
4 119 121 (-288 288 64 ) (-284 288 64 ) (-284 288 96 ) (-288 288 96 ) 
4 119 127 (-320 288 64 ) (-288 288 64 ) (-288 288 96 ) (-320 288 96 ) 
4 120 128 (-252 288 64 ) (-240 288 64 ) (-240 256 64 ) (-252 256 64 ) 
4 120 122 (-252 256 64 ) (-240 256 64 ) (-240 256 96 ) (-252 256 96 ) 
4 121 128 (-288 256 64 ) (-288 288 64 ) (-284 288 64 ) (-284 256 64 ) 
4 121 123 (-288 256 96 ) (-288 256 64 ) (-284 256 64 ) (-284 256 96 ) 
4 121 127 (-288 288 96 ) (-288 288 64 ) (-288 256 64 ) (-288 256 96 ) 
4 122 128 (-256 256 64 ) (-240 256 64 ) (-240 144 64 ) (-256 144 64 ) 
4 122 124 (-256 144 64 ) (-240 144 64 ) (-240 144 96 ) (-256 144 96 ) 
4 122 123 (-256 256 96 ) (-256 256 64 ) (-256 176 64 ) (-256 176 96 ) 
4 123 128 (-288 176 64 ) (-288 256 64 ) (-256 256 64 ) (-256 176 64 ) 
4 123 127 (-288 256 64 ) (-288 176 64 ) (-288 176 96 ) (-288 256 96 ) 
4 124 152 (-256 0 64 ) (-240 0 64 ) (-240 0 96 ) (-256 0 96 ) 
4 124 128 (-240 0 64 ) (-256 0 64 ) (-256 144 64 ) (-240 144 64 ) 
4 124 125 (-256 144 96 ) (-256 144 64 ) (-256 64 64 ) (-256 64 96 ) 
4 124 126 (-256 32 64 ) (-256 0 64 ) (-256 0 96 ) (-256 32 96 ) 
4 125 128 (-288 64 64 ) (-288 144 64 ) (-256 144 64 ) (-256 64 64 ) 
4 125 127 (-288 144 64 ) (-288 64 64 ) (-288 64 96 ) (-288 144 96 ) 
4 126 153 (-288 0 64 ) (-256 0 64 ) (-256 0 96 ) (-288 0 96 ) 
4 126 128 (-256 0 64 ) (-288 0 64 ) (-288 32 64 ) (-256 32 64 ) 
4 126 127 (-288 32 64 ) (-288 0 64 ) (-288 0 96 ) (-288 32 96 ) 
4 127 156 (-320 0 96 ) (-320 0 64 ) (-288 0 64 ) (-288 0 96 ) 
4 127 128 (-288 0 64 ) (-320 0 64 ) (-320 288 64 ) (-288 288 64 ) 
4 128 157 (0 0 32 ) (0 0 64 ) (-320 0 64 ) (-320 0 32 ) 
4 129 149 (0 -192 128 ) (0 -224 128 ) (-240 -224 128 ) (-240 -192 128 ) 
4 129 145 (-240 0 128 ) (0 0 128 ) (0 -192 128 ) (-240 -192 128 ) 
4 129 141 (-240 -224 128 ) (0 -224 128 ) (0 -224 160 ) (-240 -224 160 ) 
4 129 138 (0 -224 160 ) (0 -224 251.597992 ) (-240 -224 350.328003 ) (-240 -224 160 ) 
4 129 133 (-176 -224 324 ) (0 -224 251.598709 ) (0 0 251.598694 ) (-176 0 324 ) 
4 129 130 (-240 0 128 ) (-240 -220 128 ) (-240 -220 348 ) (-240 0 348 ) 
4 129 131 (-240 -220 128 ) (-240 -224 128 ) (-240 -224 350.326172 ) (-240 -220 350.326172 ) 
4 130 149 (-240 -192 128 ) (-240 -220 128 ) (-248 -220 128 ) (-248 -192 128 ) 
4 130 131 (-248 -220 348 ) (-248 -220 128 ) (-240 -220 128 ) (-240 -220 348 ) 
4 130 132 (-248 0 128 ) (-248 -220 128 ) (-248 -220 348 ) (-248 0 348 ) 
4 131 149 (-240 -220 128 ) (-240 -224 128 ) (-248 -224 128 ) (-248 -220 128 ) 
4 131 141 (-248 -224 128 ) (-240 -224 128 ) (-240 -224 160 ) (-248 -224 160 ) 
4 131 138 (-240 -224 160 ) (-240 -224 350.328003 ) (-248 -224 353.619019 ) (-248 -224 160 ) 
4 131 132 (-248 -220 128 ) (-248 -224 128 ) (-248 -224 353.615234 ) (-248 -220 353.615234 ) 
4 132 149 (-248 -192 128 ) (-248 -224 128 ) (-318 -224 128 ) (-318 -192 128 ) 
4 132 142 (-318 -224 128 ) (-316 -224 128 ) (-316 -224 160 ) (-318 -224 160 ) 
4 132 141 (-316 -224 128 ) (-248 -224 128 ) (-248 -224 160 ) (-316 -224 160 ) 
4 132 139 (-272 -224 363.492035 ) (-318 -224 382.415283 ) (-318 -224 160 ) (-272 -224 160 ) 
4 132 138 (-248 -224 160 ) (-248 -224 353.619019 ) (-272 -224 363.492035 ) (-272 -224 160 ) 
4 132 135 (-318 0 382 ) (-318 0 128 ) (-318 -224 128 ) (-318 -224 382 ) 
4 133 138 (0 -224 251.597992 ) (0 -224 254.112671 ) (-176 -224 326 ) (-176 -224 324 ) 
4 133 137 (0 -224 254.112671 ) (0 -224 576 ) (-176 -224 576 ) (-176 -224 326 ) 
4 133 134 (-176 -224 326 ) (-176 -224 576 ) (-176 0 576 ) (-176 0 326 ) 
4 134 137 (-176 -224 576 ) (-318 -224 576 ) (-318 -224 384 ) (-176 -224 326 ) 
4 134 136 (-318 0 576 ) (-318 0 384 ) (-318 -224 384 ) (-318 -224 576 ) 
4 135 161 (-320 -8 128 ) (-320 -120 128 ) (-320 -120 224 ) (-320 -8 224 ) 
4 135 159 (-320 -8 224 ) (-320 -120 224 ) (-320 -120 256 ) (-320 -8 256 ) 
4 135 142 (-320 -224 160 ) (-320 -224 128 ) (-318 -224 128 ) (-318 -224 160 ) 
4 135 140 (-320 -224 382.822754 ) (-320 -224 160 ) (-318 -224 160 ) (-318 -224 382 ) 
4 136 158 (-320 0 576 ) (-320 0 384.816895 ) (-320 -224 384.816925 ) (-320 -224 576 ) 
4 136 137 (-320 -224 576 ) (-320 -224 384.816895 ) (-318 -224 384 ) (-318 -224 576 ) 
4 137 158 (-320 -416 384.816895 ) (-320 -416 576 ) (-320 -224 576 ) (-320 -224 384.816895 ) 
4 137 138 (-272 -224 365.208862 ) (0 -224 254.110504 ) (0 -416 254.110748 ) (-272 -416 365.209320 ) 
4 138 141 (-272 -224 160 ) (0 -224 160 ) (0 -416 160 ) (-272 -416 160 ) 
4 138 139 (-272 -224 160 ) (-272 -416 160 ) (-272 -416 363.492004 ) (-272 -224 363.492004 ) 
4 139 142 (-318 -224 160 ) (-316 -224 160 ) (-316 -280 160 ) (-318 -280 160 ) 
4 139 144 (-316 -376 160 ) (-316 -416 160 ) (-318 -416 160 ) (-318 -376 160 ) 
4 139 141 (-316 -224 160 ) (-272 -224 160 ) (-272 -416 160 ) (-316 -416 160 ) 
4 139 140 (-318 -224 160 ) (-318 -416 160 ) (-318 -416 382 ) (-318 -224 382 ) 
4 140 164 (-320 -376 224 ) (-320 -280 224 ) (-320 -280 160 ) (-320 -376 160 ) 
4 140 142 (-320 -224 160 ) (-318 -224 160 ) (-318 -280 160 ) (-320 -280 160 ) 
4 140 144 (-318 -376 160 ) (-318 -416 160 ) (-320 -416 160 ) (-320 -376 160 ) 
4 141 149 (0 -416 128 ) (-316 -416 128 ) (-316 -224 128 ) (0 -224 128 ) 
4 141 143 (-316 -280 156 ) (-316 -280 128 ) (-316 -376 128 ) (-316 -376 156 ) 
4 141 142 (-316 -280 160 ) (-316 -224 160 ) (-316 -224 128 ) (-316 -280 128 ) 
4 141 144 (-316 -416 160 ) (-316 -376 160 ) (-316 -376 128 ) (-316 -416 128 ) 
4 142 149 (-318 -224 128 ) (-316 -224 128 ) (-316 -280 128 ) (-318 -280 128 ) 
4 142 143 (-320 -280 128 ) (-316 -280 128 ) (-316 -280 156 ) (-320 -280 156 ) 
4 143 149 (-318 -280 128 ) (-316 -280 128 ) (-316 -376 128 ) (-318 -376 128 ) 
4 143 144 (-320 -376 128 ) (-316 -376 128 ) (-316 -376 156 ) (-320 -376 156 ) 
4 144 149 (-316 -416 128 ) (-318 -416 128 ) (-318 -376 128 ) (-316 -376 128 ) 
4 145 149 (0 -192 120 ) (0 -192 128 ) (-240 -192 128 ) (-240 -192 120 ) 
4 145 146 (0 -192 120 ) (-240 -192 120 ) (-240 0 120 ) (0 0 120 ) 
4 146 152 (-252 0 96 ) (0 0 96 ) (0 -192 96 ) (-252 -192 96 ) 
4 146 149 (-252 -192 96 ) (0 -192 96 ) (0 -192 120 ) (-252 -192 120 ) 
4 146 147 (-252 -192 104 ) (-252 -192 120 ) (-252 0 120 ) (-252 0 104 ) 
4 147 149 (-252 -192 104 ) (-252 -192 120 ) (-268 -192 120 ) (-268 -192 104 ) 
4 147 148 (-268 -192 104 ) (-268 -192 120 ) (-268 0 120 ) (-268 0 104 ) 
4 148 153 (-288 0 96 ) (-268 0 96 ) (-268 -48 96 ) (-288 -48 96 ) 
4 148 154 (-268 -80 96 ) (-268 -160 96 ) (-288 -160 96 ) (-288 -80 96 ) 
4 148 156 (-320 -192 96 ) (-320 0 96 ) (-288 0 96 ) (-288 -192 96 ) 
4 148 151 (-320 -192 96 ) (-318 -192 96 ) (-318 -192 120 ) (-320 -192 120 ) 
4 148 149 (-318 -192 96 ) (-268 -192 96 ) (-268 -192 120 ) (-318 -192 120 ) 
4 149 155 (-256 -416 96 ) (-288 -416 96 ) (-288 -192 96 ) (-256 -192 96 ) 
4 149 152 (0 -416 96 ) (-256 -416 96 ) (-256 -192 96 ) (0 -192 96 ) 
4 149 156 (-288 -416 96 ) (-318 -416 96 ) (-318 -192 96 ) (-288 -192 96 ) 
3 149 150 (-318 -192 127.994171 ) (-318 -192 120 ) (-318 -203.991257 120 ) 
4 149 151 (-318 -192 120 ) (-318 -192 96 ) (-318 -416 96 ) (-318 -416 120 ) 
4 150 151 (-320 -192 120 ) (-318 -192 120 ) (-318 -203.991257 120 ) (-320 -203.991241 120 ) 
4 151 156 (-318 -416 96 ) (-320 -416 96 ) (-320 -192 96 ) (-318 -192 96 ) 
4 152 157 (0 -416 64 ) (-256 -416 64 ) (-256 0 64 ) (0 0 64 ) 
4 152 155 (-256 -192 64 ) (-256 -416 64 ) (-256 -416 96 ) (-256 -192 96 ) 
4 152 153 (-256 0 64 ) (-256 -48 64 ) (-256 -48 96 ) (-256 0 96 ) 
4 152 154 (-256 -80 64 ) (-256 -160 64 ) (-256 -160 96 ) (-256 -80 96 ) 
4 153 157 (-288 -48 64 ) (-288 0 64 ) (-256 0 64 ) (-256 -48 64 ) 
4 153 156 (-288 0 64 ) (-288 -48 64 ) (-288 -48 96 ) (-288 0 96 ) 
4 154 157 (-288 -160 64 ) (-288 -80 64 ) (-256 -80 64 ) (-256 -160 64 ) 
4 154 156 (-288 -80 64 ) (-288 -160 64 ) (-288 -160 96 ) (-288 -80 96 ) 
4 155 157 (-256 -416 64 ) (-288 -416 64 ) (-288 -192 64 ) (-256 -192 64 ) 
4 155 156 (-288 -192 64 ) (-288 -416 64 ) (-288 -416 96 ) (-288 -192 96 ) 
4 156 157 (-288 -416 64 ) (-320 -416 64 ) (-320 0 64 ) (-288 0 64 ) 
4 158 169 (-352 0 504 ) (-352 0 397.887329 ) (-352 -416 397.887299 ) (-352 -416 504 ) 
4 158 168 (-352 0 576 ) (-352 0 504 ) (-352 -416 504 ) (-352 -416 576 ) 
4 159 161 (-329 -8 224 ) (-320 -8 224 ) (-320 -120 224 ) (-329 -120 224 ) 
4 160 170 (-352 -120 256 ) (-352 -8 256 ) (-352 -8 224 ) (-352 -120 224 ) 
4 160 163 (-352 -120 224 ) (-352 -8 224 ) (-340 -8 224 ) (-340 -120 224 ) 
4 161 162 (-329 -8 192 ) (-329 -8 128 ) (-329 -120 128 ) (-329 -120 192 ) 
4 163 170 (-352 -120 224 ) (-352 -8 224 ) (-352 -8 128 ) (-352 -120 128 ) 
4 164 165 (-324 -280 224 ) (-324 -280 160 ) (-324 -376 160 ) (-324 -376 224 ) 
4 165 166 (-328 -280 224 ) (-328 -280 160 ) (-328 -376 160 ) (-328 -376 224 ) 
4 166 167 (-336 -280 224 ) (-336 -280 160 ) (-336 -376 160 ) (-336 -376 224 ) 
4 167 175 (-352 -376 224 ) (-352 -280 224 ) (-352 -280 160 ) (-352 -376 160 ) 
4 168 169 (-352 -416 504 ) (-602 -416 504 ) (-602 0 504 ) (-352 0 504 ) 
4 170 174 (-452 -188 128 ) (-352 -188 128 ) (-352 -188 368 ) (-452 -188 368 ) 
3 170 173 (-452 -188 276.113007 ) (-452 -188 320 ) (-452 -144.115021 320 ) 
5 170 172 (-452 0 128 ) (-452 -188 128 ) (-452 -188 259.148010 ) (-452 -127.147995 320 ) (-452 0 320 ) 
4 170 171 (-452 -188 320 ) (-452 -188 368 ) (-452 0 368 ) (-452 0 320 ) 
4 171 179 (-460 -188 320 ) (-460 -188 368 ) (-460 0 368 ) (-460 0 320 ) 
4 171 173 (-452 -144.115021 320 ) (-452 -188 320 ) (-460 -188 320 ) (-460 -144.115036 320 ) 
4 171 172 (-452 0 320 ) (-452 -127.147995 320 ) (-460 -127.147026 320 ) (-460 0 320 ) 
5 172 179 (-460 0 128 ) (-460 -188 128 ) (-460 -188 259.147034 ) (-460 -127.147026 320 ) (-460 0 320 ) 
3 173 179 (-460 -188 276.113007 ) (-460 -188 320 ) (-460 -144.115036 320 ) 
4 174 175 (-452 -200 128 ) (-352 -200 128 ) (-352 -200 368 ) (-452 -200 368 ) 
5 175 178 (-452 -200 259.147034 ) (-452 -200 128 ) (-452 -384 128 ) (-452 -384 320 ) (-452 -260.852997 320 ) 
3 175 177 (-452 -200 320 ) (-452 -200 276.113007 ) (-452 -243.884979 320 ) 
4 175 176 (-452 -200 368 ) (-452 -200 320 ) (-452 -384 320 ) (-452 -384 368 ) 
4 176 186 (-460 -384 320 ) (-460 -384 368 ) (-460 -207.147018 368 ) (-460 -207.147018 320 ) 
4 176 184 (-460 -207.147018 368 ) (-460 -200 368 ) (-460 -200 320 ) (-460 -207.147018 320 ) 
4 176 178 (-452 -260.852997 320 ) (-452 -384 320 ) (-460 -384 320 ) (-460 -260.851990 320 ) 
4 176 177 (-460 -200 320 ) (-452 -200 320 ) (-452 -243.884979 320 ) (-460 -243.884979 320 ) 
3 177 186 (-460 -243.884979 320 ) (-460 -207.147018 320 ) (-460 -207.147018 283.260345 ) 
4 177 184 (-460 -207.147018 320 ) (-460 -200 320 ) (-460 -200 276.113007 ) (-460 -207.147018 283.260345 ) 
5 178 186 (-460 -207.147018 128 ) (-460 -384 128 ) (-460 -384 320 ) (-460 -260.851990 320 ) (-460 -207.147018 266.295044 ) 
4 178 184 (-460 -200 128 ) (-460 -207.147018 128 ) (-460 -207.147018 266.295044 ) (-460 -200 259.148010 ) 
4 179 184 (-740 -195.147018 128 ) (-460 -195.147018 128 ) (-460 -195.147018 368 ) (-740 -195.147018 368 ) 
3 179 182 (-740 -195.147018 276.114044 ) (-740 -195.147018 320 ) (-740 -151.263031 320 ) 
5 179 181 (-740 0 128 ) (-740 -195.147018 128 ) (-740 -195.147018 259.148010 ) (-740 -134.295013 320 ) (-740 0 320 ) 
4 179 180 (-740 -195.147018 320 ) (-740 -195.147018 368 ) (-740 0 368 ) (-740 0 320 ) 
4 180 182 (-748 -195.147018 320 ) (-748 -151.261993 320 ) (-740 -151.263016 320 ) (-740 -195.147018 320 ) 
4 180 181 (-748 -134.295013 320 ) (-748 0 320 ) (-740 0 320 ) (-740 -134.294998 320 ) 
4 180 183 (-748 -195.147018 320 ) (-748 -195.147018 368 ) (-748 0 368 ) (-748 0 320 ) 
5 181 183 (-748 0 128 ) (-748 -195.147018 128 ) (-748 -195.147018 259.148010 ) (-748 -134.295013 320 ) (-748 0 320 ) 
3 182 183 (-748 -195.147018 276.113007 ) (-748 -195.147018 320 ) (-748 -151.261993 320 ) 
4 183 185 (-1024 -195.147018 128 ) (-748 -195.147018 128 ) (-748 -195.147018 368 ) (-1024 -195.147018 368 ) 
4 184 186 (-740 -207.147018 128 ) (-460 -207.147018 128 ) (-460 -207.147018 368 ) (-740 -207.147018 368 ) 
4 185 190 (-1024 -207.147018 128 ) (-748 -207.147018 128 ) (-748 -207.147018 368 ) (-1024 -207.147018 368 ) 
5 186 189 (-740 -207.147018 259.148041 ) (-740 -207.147018 128 ) (-740 -384 128 ) (-740 -384 320 ) (-740 -268 320 ) 
3 186 188 (-740 -207.147018 320 ) (-740 -207.147018 276.113037 ) (-740 -251.033005 320 ) 
4 186 187 (-740 -207.147018 368 ) (-740 -207.147018 320 ) (-740 -384 320 ) (-740 -384 368 ) 
4 187 189 (-748 -384 320 ) (-748 -268 320 ) (-740 -268 320 ) (-740 -384 320 ) 
4 187 188 (-748 -251.031982 320 ) (-748 -207.147018 320 ) (-740 -207.147018 320 ) (-740 -251.033005 320 ) 
4 187 190 (-748 -207.147018 368 ) (-748 -207.147018 320 ) (-748 -384 320 ) (-748 -384 368 ) 
3 188 190 (-748 -207.147018 320 ) (-748 -207.147018 276.114044 ) (-748 -251.031982 320 ) 
5 189 190 (-748 -207.147018 259.148010 ) (-748 -207.147018 128 ) (-748 -384 128 ) (-748 -384 320 ) (-748 -268 320 ) 
