


Using shader api: shaderapiempty.dll
materialPath: C:\Program Files (x86)\Steam\steamapps\common\Half-Life 2\ep2\materials
Loading C:\Users\zdrow\Documents\vmf\gownoonightv2.vmf
ConVarRef mat_specular_scalar doesn't point to an existing ConVar
Could not locate 'GameData' key in c:\program files (x86)\steam\steamapps\common\half-life 2\ep2\gameinfo.txt
Patching WVT material: maps/gownoonightv2/nature/blenddirtgravel001a_wvt_patch
fixing up env_cubemap materials on brush sides...
0...1...2...3...4...5...6...7...8...9...100...1...2...3...4...5...6...7...8...9...10Processing areas...done (0)
Building Faces...done (0)
Chop Details...done (0)
Find Visible Detail Sides...done (0)
Merging details...done (0)
FixTjuncs...
PruneNodes...
WriteBSP...
done (0)
writing C:\Users\zdrow\Documents\vmf\gownoonightv2.prt...Building visibility clusters...
done (0)
Creating default LDR cubemaps for env_cubemap using skybox materials:
   skybox/sky_day01_09*.vmt
 ! Run buildcubemaps in the engine to get the correct cube maps.
Creating default HDR cubemaps for env_cubemap using skybox materials:
   skybox/sky_day01_09*.vmt
 ! Run buildcubemaps in the engine to get the correct cube maps.
Finding displacement neighbors...
Finding lightmap sample positions...
Displacement Alpha : 0...1...2...3...4...5...6...7...8...9...10
Building Physics collision data...
WARNING: Map using power 4 displacements, terrain physics cannot be compressed, map will need additional memory and CPU.
done (0) (198534 bytes)
Placing detail props : 0...1...2...3...4...5...6...7...8...9...Material NATURE/BLENDGRASSGRAVEL002A uses unknown detail object type coastline_redgrass02!
10
Compacting texture/material tables...
Reduced 392 texinfos to 208
Reduced 41 texdatas to 32 (1097 bytes to 864)
Writing C:\Users\zdrow\Documents\vmf\gownoonightv2.bsp
0 seconds elapsed



16 threads
reading c:\users\zdrow\documents\vmf\gownoonightv2.bsp
reading c:\users\zdrow\documents\vmf\gownoonightv2.prt
 191 portalclusters
 585 numportals
0...1...2...3...4...5...6...7...8...9...100...1...2...3...4...5...6...7...8...9...10Optimized: 45 visible clusters (0.22%)
Total clusters visible: 20482
Average clusters visible: 107
Building PAS...
Average clusters audible: 188
visdatasize:10444  compressed from 9168
writing c:\users\zdrow\documents\vmf\gownoonightv2.bsp
0 seconds elapsed



[Reading texlights from 'lights.rad']
[48 texlights parsed from 'lights.rad']

Loading c:\users\zdrow\documents\vmf\gownoonightv2.bsp
1143 faces
82252 square feet [11844316.00 square inches]
2 Displacements
11592 Square Feet [1669301.88 Square Inches]
1143 patches before subdivision
20349 patches after subdivision
WARNING: light_spot at (376 664 495) has inner angle larger than 90 degrees! Clamping to 90...
WARNING: light_spot at (376 664 495) has outer angle larger than 90 degrees! Clamping to 90...
WARNING: light_spot at (-368 312 264) has outer angle larger than 90 degrees! Clamping to 90...
WARNING: light_spot at (-760 164 264) has outer angle larger than 90 degrees! Clamping to 90...
5 direct lights
0...1...2...3...4...5...6...7...8...9...100...1...2...3...4...5...6...7...8...9...10transfers 1936826, max 426
transfer lists:  14.8 megs
0...1...2...3...4...5...6...7...8...9...10	Bounce #1 added RGB(1556, 1334, 605)
0...1...2...3...4...5...6...7...8...9...10	Bounce #2 added RGB(212, 150, 49)
0...1...2...3...4...5...6...7...8...9...10	Bounce #3 added RGB(24, 14, 3)
0...1...2...3...4...5...6...7...8...9...10	Bounce #4 added RGB(3, 2, 0)
0...1...2...3...4...5...6...7...8...9...10	Bounce #5 added RGB(0, 0, 0)
Build Patch/Sample Hash Table(s).....Done<0.0030 sec>
0...1...2...3...4...5...6...7...8...9...10FinalLightFace Done
0 of 0 (0% of) surface lights went in leaf ambient cubes.
0...1...2...3...4...5...6...7...8...9...10Writing leaf ambient...done
Ready to Finish

Object names       Objects/Maxobjs  Memory / Maxmem  Fullness 
------------       ---------------  ---------------  -------- 
models                   3/2048          144/98304    ( 0.1%) 
brushes                232/16384        2784/196608   ( 1.4%) 
brushsides            1758/65536       14064/524288   ( 2.7%) 
planes                1302/65536       26040/1310720  ( 2.0%) 
vertexes              1971/65536       23652/786432   ( 3.0%) 
nodes                  348/65536       11136/2097152  ( 0.5%) 
texinfos               208/16384       14976/1179648  ( 1.3%) 
texdata                 32/8096         1024/259072   ( 0.4%) 
dispinfos                2/0             352/0        ( 0.0%) 
disp_verts             578/0           11560/0        ( 0.0%) 
disp_tris             1024/0            2048/0        ( 0.0%) 
disp_lmsamples       31546/0           31546/0        ( 0.0%) 
faces                 1143/65536       64008/3670016  ( 1.7%) 
hdr faces                0/65536           0/3670016  ( 0.0%) 
origfaces              774/65536       43344/3670016  ( 1.2%) 
leaves                 352/65536       11264/2097152  ( 0.5%) 
leaffaces             2263/65536        4526/131072   ( 3.5%) 
leafbrushes            626/65536        1252/131072   ( 1.0%) 
areas                    2/256            16/2048     ( 0.8%) 
surfedges             8705/512000      34820/2048000  ( 1.7%) 
edges                 5154/256000      20616/1024000  ( 2.0%) 
LDR worldlights          5/8192          440/720896   ( 0.1%) 
HDR worldlights          0/8192            0/720896   ( 0.0%) 
leafwaterdata            0/32768           0/393216   ( 0.0%) 
waterstrips            122/32768        1220/327680   ( 0.4%) 
waterverts               0/65536           0/786432   ( 0.0%) 
waterindices          2349/65536        4698/131072   ( 3.6%) 
cubemapsamples           1/1024           16/16384    ( 0.1%) 
overlays                 3/512          1056/180224   ( 0.6%) 
LDR lightdata         [variable]     1692948/0        ( 0.0%) 
HDR lightdata         [variable]           0/0        ( 0.0%) 
visdata               [variable]       10444/16777216 ( 0.1%) 
entdata               [variable]        6035/393216   ( 1.5%) 
LDR ambient table      352/65536        1408/262144   ( 0.5%) 
HDR ambient table      352/65536        1408/262144   ( 0.5%) 
LDR leaf ambient       936/65536       26208/1835008  ( 1.4%) 
HDR leaf ambient       352/65536        9856/1835008  ( 0.5%) 
occluders                0/0               0/0        ( 0.0%) 
occluder polygons        0/0               0/0        ( 0.0%) 
occluder vert ind        0/0               0/0        ( 0.0%) 
detail props          [variable]           1/12       ( 8.3%) 
static props          [variable]           1/11158    ( 0.0%) 
pakfile               [variable]      213399/0        ( 0.0%) 
physics               [variable]      198534/4194304  ( 4.7%) 
physics terrain       [variable]           0/1048576  ( 0.0%) 

Level flags = 0

Total triangle count: 3322
Writing c:\users\zdrow\documents\vmf\gownoonightv2.bsp
3 seconds elapsed



Using shader api: shaderapiempty.dll
materialPath: C:\Program Files (x86)\Steam\steamapps\common\Half-Life 2\ep2\materials
Loading C:\Users\zdrow\Documents\vmf\gownoonightv2.vmf
ConVarRef mat_specular_scalar doesn't point to an existing ConVar
Could not locate 'GameData' key in c:\program files (x86)\steam\steamapps\common\half-life 2\ep2\gameinfo.txt
Patching WVT material: maps/gownoonightv2/nature/blenddirtgravel001a_wvt_patch
fixing up env_cubemap materials on brush sides...
0...1...2...3...4...5...6...7...8...9...100...1...2...3...4...5...6...7...8...9...10Processing areas...done (0)
Building Faces...done (0)
Chop Details...done (0)
Find Visible Detail Sides...done (0)
Merging details...done (0)
FixTjuncs...
PruneNodes...
WriteBSP...
done (0)
writing C:\Users\zdrow\Documents\vmf\gownoonightv2.prt...Building visibility clusters...
done (0)
Creating default LDR cubemaps for env_cubemap using skybox materials:
   skybox/sky_day01_09*.vmt
 ! Run buildcubemaps in the engine to get the correct cube maps.
Creating default HDR cubemaps for env_cubemap using skybox materials:
   skybox/sky_day01_09*.vmt
 ! Run buildcubemaps in the engine to get the correct cube maps.
Finding displacement neighbors...
Finding lightmap sample positions...
Displacement Alpha : 0...1...2...3...4...5...6...7...8...9...10
Building Physics collision data...
WARNING: Map using power 4 displacements, terrain physics cannot be compressed, map will need additional memory and CPU.
done (0) (198534 bytes)
Placing detail props : 0...1...2...3...4...5...6...7...8...9...Material NATURE/BLENDGRASSGRAVEL002A uses unknown detail object type coastline_redgrass02!
10
Compacting texture/material tables...
Reduced 392 texinfos to 208
Reduced 41 texdatas to 32 (1097 bytes to 864)
Writing C:\Users\zdrow\Documents\vmf\gownoonightv2.bsp
0 seconds elapsed



16 threads
reading c:\users\zdrow\documents\vmf\gownoonightv2.bsp
reading c:\users\zdrow\documents\vmf\gownoonightv2.prt
 191 portalclusters
 585 numportals
0...1...2...3...4...5...6...7...8...9...100...1...2...3...4...5...6...7...8...9...10Optimized: 45 visible clusters (0.22%)
Total clusters visible: 20482
Average clusters visible: 107
Building PAS...
Average clusters audible: 188
visdatasize:10444  compressed from 9168
writing c:\users\zdrow\documents\vmf\gownoonightv2.bsp
0 seconds elapsed



[Reading texlights from 'lights.rad']
[48 texlights parsed from 'lights.rad']

Loading c:\users\zdrow\documents\vmf\gownoonightv2.bsp
1143 faces
82252 square feet [11844316.00 square inches]
2 Displacements
11592 Square Feet [1669301.88 Square Inches]
1143 patches before subdivision
20349 patches after subdivision
WARNING: light_spot at (376 664 495) has inner angle larger than 90 degrees! Clamping to 90...
WARNING: light_spot at (376 664 495) has outer angle larger than 90 degrees! Clamping to 90...
WARNING: light_spot at (-368 312 264) has outer angle larger than 90 degrees! Clamping to 90...
WARNING: light_spot at (-760 160 264) has outer angle larger than 90 degrees! Clamping to 90...
5 direct lights
0...1...2...3...4...5...6...7...8...9...100...1...2...3...4...5...6...7...8...9...10transfers 1936826, max 426
transfer lists:  14.8 megs
0...1...2...3...4...5...6...7...8...9...10	Bounce #1 added RGB(1548, 1327, 600)
0...1...2...3...4...5...6...7...8...9...10	Bounce #2 added RGB(212, 150, 49)
0...1...2...3...4...5...6...7...8...9...10	Bounce #3 added RGB(24, 14, 3)
0...1...2...3...4...5...6...7...8...9...10	Bounce #4 added RGB(3, 2, 0)
0...1...2...3...4...5...6...7...8...9...10	Bounce #5 added RGB(0, 0, 0)
Build Patch/Sample Hash Table(s).....Done<0.0031 sec>
0...1...2...3...4...5...6...7...8...9...10FinalLightFace Done
0 of 0 (0% of) surface lights went in leaf ambient cubes.
0...1...2...3...4...5...6...7...8...9...10Writing leaf ambient...done
Ready to Finish

Object names       Objects/Maxobjs  Memory / Maxmem  Fullness 
------------       ---------------  ---------------  -------- 
models                   3/2048          144/98304    ( 0.1%) 
brushes                232/16384        2784/196608   ( 1.4%) 
brushsides            1758/65536       14064/524288   ( 2.7%) 
planes                1302/65536       26040/1310720  ( 2.0%) 
vertexes              1971/65536       23652/786432   ( 3.0%) 
nodes                  348/65536       11136/2097152  ( 0.5%) 
texinfos               208/16384       14976/1179648  ( 1.3%) 
texdata                 32/8096         1024/259072   ( 0.4%) 
dispinfos                2/0             352/0        ( 0.0%) 
disp_verts             578/0           11560/0        ( 0.0%) 
disp_tris             1024/0            2048/0        ( 0.0%) 
disp_lmsamples       31546/0           31546/0        ( 0.0%) 
faces                 1143/65536       64008/3670016  ( 1.7%) 
hdr faces                0/65536           0/3670016  ( 0.0%) 
origfaces              774/65536       43344/3670016  ( 1.2%) 
leaves                 352/65536       11264/2097152  ( 0.5%) 
leaffaces             2263/65536        4526/131072   ( 3.5%) 
leafbrushes            626/65536        1252/131072   ( 1.0%) 
areas                    2/256            16/2048     ( 0.8%) 
surfedges             8705/512000      34820/2048000  ( 1.7%) 
edges                 5154/256000      20616/1024000  ( 2.0%) 
LDR worldlights          5/8192          440/720896   ( 0.1%) 
HDR worldlights          0/8192            0/720896   ( 0.0%) 
leafwaterdata            0/32768           0/393216   ( 0.0%) 
waterstrips            122/32768        1220/327680   ( 0.4%) 
waterverts               0/65536           0/786432   ( 0.0%) 
waterindices          2349/65536        4698/131072   ( 3.6%) 
cubemapsamples           1/1024           16/16384    ( 0.1%) 
overlays                 3/512          1056/180224   ( 0.6%) 
LDR lightdata         [variable]     1692948/0        ( 0.0%) 
HDR lightdata         [variable]           0/0        ( 0.0%) 
visdata               [variable]       10444/16777216 ( 0.1%) 
entdata               [variable]        6380/393216   ( 1.6%) 
LDR ambient table      352/65536        1408/262144   ( 0.5%) 
HDR ambient table      352/65536        1408/262144   ( 0.5%) 
LDR leaf ambient       937/65536       26236/1835008  ( 1.4%) 
HDR leaf ambient       352/65536        9856/1835008  ( 0.5%) 
occluders                0/0               0/0        ( 0.0%) 
occluder polygons        0/0               0/0        ( 0.0%) 
occluder vert ind        0/0               0/0        ( 0.0%) 
detail props          [variable]           1/12       ( 8.3%) 
static props          [variable]           1/11158    ( 0.0%) 
pakfile               [variable]      213399/0        ( 0.0%) 
physics               [variable]      198534/4194304  ( 4.7%) 
physics terrain       [variable]           0/1048576  ( 0.0%) 

Level flags = 0

Total triangle count: 3322
Writing c:\users\zdrow\documents\vmf\gownoonightv2.bsp
2 seconds elapsed
