PRT1
283
623
4 1 6 (640 5152 1024 ) (640 5184 1024 ) (640 5184 992 ) (640 5152 992 ) 
4 1 7 (640 5184 -64 ) (640 5184 -1024 ) (640 5152 -1024 ) (640 5152 -64 ) 
4 1 5 (640 5184 1024 ) (640 5344 1024 ) (640 5344 -1024 ) (640 5184 -1024 ) 
4 1 3 (640 5152 1024 ) (640 5152 992 ) (672 5152 992 ) (672 5152 1024 ) 
4 1 4 (640 5152 -64 ) (640 5152 -1024 ) (672 5152 -1024 ) (672 5152 -64 ) 
4 1 2 (672 5152 -1024 ) (712 5152 -1024 ) (712 5152 1024 ) (672 5152 1024 ) 
4 2 10 (712 5120 1024 ) (672 5120 1024 ) (672 5120 -1024 ) (712 5120 -1024 ) 
4 2 3 (672 5152 1024 ) (672 5152 992 ) (672 5120 992 ) (672 5120 1024 ) 
4 2 4 (672 5152 -64 ) (672 5152 -1024 ) (672 5120 -1024 ) (672 5120 -64 ) 
4 3 11 (672 5120 1024 ) (640 5120 1024 ) (640 5120 992 ) (672 5120 992 ) 
4 4 12 (640 5120 -64 ) (640 5120 -1024 ) (672 5120 -1024 ) (672 5120 -64 ) 
4 4 9 (640 5120 -1024 ) (640 5120 -96 ) (640 5152 -96 ) (640 5152 -1024 ) 
4 5 29 (0 5184 1024 ) (0 5344 1024 ) (0 5344 -1024 ) (0 5184 -1024 ) 
4 5 6 (640 5184 992 ) (640 5184 1024 ) (0 5184 1024 ) (0 5184 992 ) 
4 5 7 (0 5184 -1024 ) (640 5184 -1024 ) (640 5184 -64 ) (0 5184 -64 ) 
4 6 30 (0 5152 992 ) (0 5152 1024 ) (0 5184 1024 ) (0 5184 992 ) 
4 7 31 (0 5152 -1024 ) (0 5152 -64 ) (0 5184 -64 ) (0 5184 -1024 ) 
4 7 9 (640 5152 -1024 ) (640 5152 -96 ) (0 5152 -96 ) (0 5152 -1024 ) 
4 8 32 (0 5120 -64 ) (0 5120 992 ) (0 5152 992 ) (0 5152 -64 ) 
4 8 13 (640 5120 -64 ) (640 5120 992 ) (0 5120 992 ) (0 5120 -64 ) 
4 9 33 (0 5120 -1024 ) (0 5120 -96 ) (0 5152 -96 ) (0 5152 -1024 ) 
4 9 14 (640 5120 -1024 ) (640 5120 -96 ) (0 5120 -96 ) (0 5120 -1024 ) 
4 10 15 (712 4096 1024 ) (672 4096 1024 ) (672 4096 -1024 ) (712 4096 -1024 ) 
4 10 11 (672 4096 992 ) (672 4096 1024 ) (672 5120 1024 ) (672 5120 992 ) 
4 10 12 (672 5120 -1024 ) (672 4096 -1024 ) (672 4096 -64 ) (672 5120 -64 ) 
4 11 16 (672 4096 1024 ) (640 4096 1024 ) (640 4096 992 ) (672 4096 992 ) 
4 12 17 (640 4096 -64 ) (640 4096 -1024 ) (672 4096 -1024 ) (672 4096 -64 ) 
4 12 14 (640 4096 -1024 ) (640 4096 -96 ) (640 5120 -96 ) (640 5120 -1024 ) 
4 13 78 (0 4096 -64 ) (0 4096 992 ) (0 5120 992 ) (0 5120 -64 ) 
4 13 18 (0 4096 992 ) (0 4096 -64 ) (640 4096 -64 ) (640 4096 992 ) 
4 14 79 (0 4096 -1024 ) (0 4096 -96 ) (0 5120 -96 ) (0 5120 -1024 ) 
4 14 19 (0 4096 -96 ) (0 4096 -1024 ) (640 4096 -1024 ) (640 4096 -96 ) 
4 15 20 (712 3072 1024 ) (672 3072 1024 ) (672 3072 -1024 ) (712 3072 -1024 ) 
4 15 16 (672 3072 992 ) (672 3072 1024 ) (672 4096 1024 ) (672 4096 992 ) 
4 15 17 (672 4096 -1024 ) (672 3072 -1024 ) (672 3072 -64 ) (672 4096 -64 ) 
4 16 21 (672 3072 1024 ) (640 3072 1024 ) (640 3072 992 ) (672 3072 992 ) 
4 17 22 (640 3072 -64 ) (640 3072 -1024 ) (672 3072 -1024 ) (672 3072 -64 ) 
4 17 19 (640 3072 -1024 ) (640 3072 -96 ) (640 4096 -96 ) (640 4096 -1024 ) 
4 18 106 (0 3072 -64 ) (0 3072 992 ) (0 4096 992 ) (0 4096 -64 ) 
4 18 24 (640 3072 -64 ) (640 3072 992 ) (0 3072 992 ) (0 3072 -64 ) 
4 19 107 (0 3072 -1024 ) (0 3072 -96 ) (0 4096 -96 ) (0 4096 -1024 ) 
4 19 25 (640 3072 -1024 ) (640 3072 -96 ) (0 3072 -96 ) (0 3072 -1024 ) 
4 20 23 (672 2720 -1024 ) (712 2720 -1024 ) (712 2720 1024 ) (672 2720 1024 ) 
4 20 21 (672 2720 992 ) (672 2720 1024 ) (672 3072 1024 ) (672 3072 992 ) 
4 20 22 (672 3072 -1024 ) (672 2720 -1024 ) (672 2720 -64 ) (672 3072 -64 ) 
4 21 23 (640 2720 1024 ) (640 2720 992 ) (672 2720 992 ) (672 2720 1024 ) 
4 22 25 (640 3072 -96 ) (640 3072 -1024 ) (640 2720 -1024 ) (640 2720 -96 ) 
4 22 23 (640 2720 -64 ) (640 2720 -1024 ) (672 2720 -1024 ) (672 2720 -64 ) 
4 23 28 (640 2632 1024 ) (640 2688 1024 ) (640 2688 -1024 ) (640 2632 -1024 ) 
4 23 26 (640 2688 1024 ) (640 2720 1024 ) (640 2720 992 ) (640 2688 992 ) 
4 23 27 (640 2720 -64 ) (640 2720 -1024 ) (640 2688 -1024 ) (640 2688 -64 ) 
4 24 175 (0 2720 -64 ) (0 2720 992 ) (0 3072 992 ) (0 3072 -64 ) 
4 25 176 (0 2720 -1024 ) (0 2720 -96 ) (0 3072 -96 ) (0 3072 -1024 ) 
4 25 27 (640 2720 -1024 ) (640 2720 -96 ) (0 2720 -96 ) (0 2720 -1024 ) 
4 26 177 (0 2688 1024 ) (0 2720 1024 ) (0 2720 992 ) (0 2688 992 ) 
4 26 28 (640 2688 992 ) (640 2688 1024 ) (0 2688 1024 ) (0 2688 992 ) 
4 27 178 (0 2720 -64 ) (0 2720 -1024 ) (0 2688 -1024 ) (0 2688 -64 ) 
4 27 28 (0 2688 -1024 ) (640 2688 -1024 ) (640 2688 -64 ) (0 2688 -64 ) 
4 28 179 (0 2632 1024 ) (0 2688 1024 ) (0 2688 -1024 ) (0 2632 -1024 ) 
4 29 34 (-1024 5184 -1024 ) (-1024 5184 1024 ) (-1024 5344 1024 ) (-1024 5344 -1024 ) 
4 29 31 (0 5184 -1024 ) (0 5184 -64 ) (-1024 5184 -64 ) (-1024 5184 -1024 ) 
4 29 30 (0 5184 992 ) (0 5184 1024 ) (-1024 5184 1024 ) (-1024 5184 992 ) 
4 30 35 (-1024 5152 992 ) (-1024 5152 1024 ) (-1024 5184 1024 ) (-1024 5184 992 ) 
4 31 36 (-1024 5152 -1024 ) (-1024 5152 -64 ) (-1024 5184 -64 ) (-1024 5184 -1024 ) 
4 31 33 (0 5152 -1024 ) (0 5152 -96 ) (-1024 5152 -96 ) (-1024 5152 -1024 ) 
4 32 78 (0 5120 -64 ) (0 5120 992 ) (-1024 5120 992 ) (-1024 5120 -64 ) 
4 32 46 (-1024 5120 -64 ) (-1024 5120 224 ) (-1024 5152 224 ) (-1024 5152 -64 ) 
4 32 45 (-1024 5120 224 ) (-1024 5120 592 ) (-1024 5152 592 ) (-1024 5152 224 ) 
4 32 43 (-1024 5120 592 ) (-1024 5120 992 ) (-1024 5152 992 ) (-1024 5152 592 ) 
4 33 79 (0 5120 -1024 ) (0 5120 -96 ) (-1024 5120 -96 ) (-1024 5120 -1024 ) 
4 33 47 (-1024 5120 -1024 ) (-1024 5120 -96 ) (-1024 5152 -96 ) (-1024 5152 -1024 ) 
4 34 55 (-2048 5344 592 ) (-2048 5344 -1024 ) (-2048 5184 -1024 ) (-2048 5184 592 ) 
4 34 52 (-2048 5184 1024 ) (-2048 5344 1024 ) (-2048 5344 592 ) (-2048 5184 592 ) 
4 34 41 (-2048 5184 -1024 ) (-1288 5184 -1024 ) (-1288 5184 592 ) (-2048 5184 592 ) 
4 34 38 (-1288 5184 592 ) (-1288 5184 1024 ) (-1920 5184 1024 ) (-1920 5184 592 ) 
4 34 40 (-1920 5184 1024 ) (-2048 5184 1024 ) (-2048 5184 592 ) (-1920 5184 592 ) 
4 34 35 (-1024 5184 992 ) (-1024 5184 1024 ) (-1280 5184 1024 ) (-1280 5184 992 ) 
4 34 36 (-1280 5184 -1024 ) (-1024 5184 -1024 ) (-1024 5184 -64 ) (-1280 5184 -64 ) 
4 34 37 (-1288 5184 -1024 ) (-1280 5184 -1024 ) (-1280 5184 1024 ) (-1288 5184 1024 ) 
4 35 37 (-1280 5184 1024 ) (-1280 5184 992 ) (-1280 5152 992 ) (-1280 5152 1024 ) 
4 36 47 (-1024 5152 -1024 ) (-1024 5152 -96 ) (-1280 5152 -96 ) (-1280 5152 -1024 ) 
4 36 37 (-1280 5184 -64 ) (-1280 5184 -1024 ) (-1280 5152 -1024 ) (-1280 5152 -64 ) 
4 37 48 (-1288 5152 -64 ) (-1288 5152 -1024 ) (-1280 5152 -1024 ) (-1280 5152 -64 ) 
4 37 44 (-1280 5152 1024 ) (-1288 5152 1024 ) (-1288 5152 616 ) (-1280 5152 616 ) 
4 37 42 (-1288 5176 -1024 ) (-1288 5152 -1024 ) (-1288 5152 96 ) (-1288 5176 96 ) 
4 37 41 (-1288 5184 592 ) (-1288 5184 -1024 ) (-1288 5176 -1024 ) (-1288 5176 592 ) 
4 37 39 (-1288 5152 696 ) (-1288 5152 1024 ) (-1288 5176 1024 ) (-1288 5176 696 ) 
4 37 38 (-1288 5184 1024 ) (-1288 5184 592 ) (-1288 5176 592 ) (-1288 5176 1024 ) 
4 38 41 (-1920 5184 592 ) (-1288 5184 592 ) (-1288 5176 592 ) (-1920 5176 592 ) 
4 38 39 (-1920 5176 1024 ) (-1920 5176 696 ) (-1288 5176 696 ) (-1288 5176 1024 ) 
4 38 40 (-1920 5184 1024 ) (-1920 5184 592 ) (-1920 5176 592 ) (-1920 5176 1024 ) 
4 39 44 (-1288 5152 1024 ) (-1920 5152 1024 ) (-1920 5152 696 ) (-1288 5152 696 ) 
4 39 40 (-1920 5152 696 ) (-1920 5152 1024 ) (-1920 5176 1024 ) (-1920 5176 696 ) 
4 40 52 (-2048 5152 592 ) (-2048 5152 1024 ) (-2048 5184 1024 ) (-2048 5184 592 ) 
4 40 44 (-1920 5152 1024 ) (-2048 5152 1024 ) (-2048 5152 616 ) (-1920 5152 616 ) 
4 40 41 (-2048 5184 592 ) (-1920 5184 592 ) (-1920 5176 592 ) (-2048 5176 592 ) 
4 41 55 (-2048 5176 592 ) (-2048 5184 592 ) (-2048 5184 -1024 ) (-2048 5176 -1024 ) 
4 41 42 (-2048 5176 -1024 ) (-1288 5176 -1024 ) (-1288 5176 96 ) (-2048 5176 96 ) 
4 42 57 (-2048 5152 -1024 ) (-2048 5152 96 ) (-2048 5176 96 ) (-2048 5176 -1024 ) 
4 42 51 (-2048 5152 72 ) (-2048 5152 -1024 ) (-1288 5152 -1024 ) (-1288 5152 72 ) 
4 43 80 (-1024 5120 592 ) (-1024 5120 992 ) (-1264 5120 992 ) (-1264 5120 592 ) 
4 43 45 (-1024 5120 592 ) (-1264 5120 592 ) (-1264 5152 592 ) (-1024 5152 592 ) 
4 44 81 (-2048 5120 1024 ) (-2048 5120 616 ) (-1280 5120 616 ) (-1280 5120 1024 ) 
4 44 58 (-2048 5120 616 ) (-2048 5120 1024 ) (-2048 5152 1024 ) (-2048 5152 616 ) 
4 45 84 (-1024 5120 224 ) (-1024 5120 480 ) (-1264 5120 480 ) (-1264 5120 224 ) 
4 45 82 (-1024 5120 480 ) (-1024 5120 592 ) (-1264 5120 592 ) (-1264 5120 480 ) 
4 45 46 (-1024 5120 224 ) (-1264 5120 224 ) (-1264 5152 224 ) (-1024 5152 224 ) 
4 46 100 (-1024 5120 -64 ) (-1024 5120 224 ) (-1264 5120 224 ) (-1264 5120 -64 ) 
4 47 102 (-1024 5120 -1024 ) (-1024 5120 -96 ) (-1280 5120 -96 ) (-1280 5120 -1024 ) 
4 47 48 (-1280 5152 -1024 ) (-1280 5120 -1024 ) (-1280 5120 -96 ) (-1280 5152 -96 ) 
4 48 102 (-1288 5120 -96 ) (-1288 5120 -1024 ) (-1280 5120 -1024 ) (-1280 5120 -96 ) 
4 48 101 (-1280 5120 -64 ) (-1288 5120 -64 ) (-1288 5120 -96 ) (-1280 5120 -96 ) 
4 48 51 (-1288 5120 -1024 ) (-1288 5120 -64 ) (-1288 5152 -64 ) (-1288 5152 -1024 ) 
4 49 103 (-1288 5120 136 ) (-1288 5120 224 ) (-1296 5120 224 ) (-1296 5120 136 ) 
4 49 87 (-1288 5120 224 ) (-1288 5120 480 ) (-1296 5120 480 ) (-1296 5120 224 ) 
4 49 83 (-1288 5120 480 ) (-1288 5120 592 ) (-1296 5120 592 ) (-1296 5120 480 ) 
4 49 50 (-1296 5120 136 ) (-1296 5120 592 ) (-1296 5152 592 ) (-1296 5152 136 ) 
4 50 104 (-2048 5120 224 ) (-2048 5120 96 ) (-1296 5120 96 ) (-1296 5120 224 ) 
4 50 87 (-2048 5120 480 ) (-2048 5120 224 ) (-1296 5120 224 ) (-1296 5120 480 ) 
4 50 83 (-1296 5120 592 ) (-2048 5120 592 ) (-2048 5120 480 ) (-1296 5120 480 ) 
4 50 60 (-2048 5120 96 ) (-2048 5120 136 ) (-2048 5152 136 ) (-2048 5152 96 ) 
4 50 59 (-2048 5120 136 ) (-2048 5120 592 ) (-2048 5152 592 ) (-2048 5152 136 ) 
4 51 105 (-1288 5120 -1024 ) (-1288 5120 72 ) (-2048 5120 72 ) (-2048 5120 -1024 ) 
4 51 61 (-2048 5120 -1024 ) (-2048 5120 72 ) (-2048 5152 72 ) (-2048 5152 -1024 ) 
4 52 62 (-2368 5152 1024 ) (-2392 5152 1024 ) (-2392 5152 752 ) (-2368 5152 752 ) 
4 52 58 (-2048 5152 616 ) (-2048 5152 1024 ) (-2368 5152 1024 ) (-2368 5152 616 ) 
4 52 56 (-2368 5152 592 ) (-2392 5152 592 ) (-2392 5176 592 ) (-2368 5176 592 ) 
4 52 55 (-2392 5176 592 ) (-2392 5344 592 ) (-2048 5344 592 ) (-2048 5176 592 ) 
4 52 54 (-2392 5152 752 ) (-2392 5152 1024 ) (-2392 5176 1024 ) (-2392 5176 752 ) 
4 52 53 (-2392 5344 1024 ) (-2392 5344 592 ) (-2392 5176 592 ) (-2392 5176 1024 ) 
4 53 68 (-3072 5176 1024 ) (-3072 5344 1024 ) (-3072 5344 592 ) (-3072 5176 592 ) 
4 53 55 (-3072 5176 592 ) (-3072 5344 592 ) (-2392 5344 592 ) (-2392 5176 592 ) 
4 53 54 (-2392 5176 752 ) (-2392 5176 1024 ) (-3072 5176 1024 ) (-3072 5176 752 ) 
4 54 69 (-3072 5152 752 ) (-3072 5152 1024 ) (-3072 5176 1024 ) (-3072 5176 752 ) 
4 54 65 (-2392 5152 1024 ) (-3072 5152 1024 ) (-3072 5152 776 ) (-2392 5152 776 ) 
4 55 68 (-3072 5176 -1024 ) (-3072 5176 592 ) (-3072 5344 592 ) (-3072 5344 -1024 ) 
4 55 57 (-2048 5176 -1024 ) (-2048 5176 96 ) (-3072 5176 96 ) (-3072 5176 -1024 ) 
4 55 56 (-2368 5176 592 ) (-2392 5176 592 ) (-2392 5176 96 ) (-2368 5176 96 ) 
4 56 57 (-2368 5152 96 ) (-2392 5152 96 ) (-2392 5176 96 ) (-2368 5176 96 ) 
4 57 71 (-3072 5152 -1024 ) (-3072 5152 96 ) (-3072 5176 96 ) (-3072 5176 -1024 ) 
4 57 67 (-3072 5152 80 ) (-3072 5152 -1024 ) (-2392 5152 -1024 ) (-2392 5152 80 ) 
4 57 64 (-2392 5152 80 ) (-2392 5152 -1024 ) (-2368 5152 -1024 ) (-2368 5152 80 ) 
4 57 63 (-2368 5152 96 ) (-2384 5152 96 ) (-2384 5152 80 ) (-2368 5152 80 ) 
4 57 61 (-2048 5152 -1024 ) (-2048 5152 72 ) (-2368 5152 72 ) (-2368 5152 -1024 ) 
4 58 127 (-2048 5120 616 ) (-2048 5120 1024 ) (-2368 5120 1024 ) (-2368 5120 616 ) 
4 58 62 (-2368 5152 1024 ) (-2368 5152 752 ) (-2368 5120 752 ) (-2368 5120 1024 ) 
4 59 129 (-2360 5120 592 ) (-2368 5120 592 ) (-2368 5120 136 ) (-2360 5120 136 ) 
4 59 128 (-2048 5120 136 ) (-2048 5120 592 ) (-2360 5120 592 ) (-2360 5120 136 ) 
4 59 60 (-2360 5152 136 ) (-2048 5152 136 ) (-2048 5120 136 ) (-2360 5120 136 ) 
4 60 128 (-2048 5120 96 ) (-2048 5120 136 ) (-2360 5120 136 ) (-2360 5120 96 ) 
4 61 130 (-2048 5120 -1024 ) (-2048 5120 72 ) (-2368 5120 72 ) (-2368 5120 -1024 ) 
4 61 64 (-2368 5152 72 ) (-2368 5152 -1024 ) (-2368 5120 -1024 ) (-2368 5120 72 ) 
4 62 131 (-2368 5120 752 ) (-2368 5120 1024 ) (-2392 5120 1024 ) (-2392 5120 752 ) 
4 62 65 (-2392 5152 1024 ) (-2392 5152 776 ) (-2392 5120 776 ) (-2392 5120 1024 ) 
4 63 143 (-2368 5120 80 ) (-2368 5120 96 ) (-2384 5120 96 ) (-2384 5120 80 ) 
4 63 64 (-2384 5152 80 ) (-2368 5152 80 ) (-2368 5120 80 ) (-2384 5120 80 ) 
4 64 145 (-2368 5120 -1024 ) (-2368 5120 80 ) (-2392 5120 80 ) (-2392 5120 -1024 ) 
4 64 67 (-2392 5152 80 ) (-2392 5152 -1024 ) (-2392 5120 -1024 ) (-2392 5120 80 ) 
4 65 132 (-2392 5120 776 ) (-2392 5120 1024 ) (-3072 5120 1024 ) (-3072 5120 776 ) 
4 65 73 (-3072 5120 776 ) (-3072 5120 1024 ) (-3072 5152 1024 ) (-3072 5152 776 ) 
4 66 144 (-2392 5120 112 ) (-2392 5120 224 ) (-3072 5120 224 ) (-3072 5120 112 ) 
4 66 142 (-2392 5120 224 ) (-2392 5120 480 ) (-3072 5120 480 ) (-3072 5120 224 ) 
4 66 133 (-2392 5120 480 ) (-2392 5120 752 ) (-3072 5120 752 ) (-3072 5120 480 ) 
4 66 74 (-3072 5120 112 ) (-3072 5120 752 ) (-3072 5152 752 ) (-3072 5152 112 ) 
4 67 145 (-2392 5120 -1024 ) (-2392 5120 80 ) (-3072 5120 80 ) (-3072 5120 -1024 ) 
4 67 75 (-3072 5120 -1024 ) (-3072 5120 80 ) (-3072 5152 80 ) (-3072 5152 -1024 ) 
4 68 72 (-3896 5176 -1024 ) (-3096 5176 -1024 ) (-3096 5176 1024 ) (-3896 5176 1024 ) 
4 68 71 (-3096 5176 -1024 ) (-3072 5176 -1024 ) (-3072 5176 96 ) (-3096 5176 96 ) 
4 68 69 (-3072 5176 752 ) (-3072 5176 1024 ) (-3088 5176 1024 ) (-3088 5176 752 ) 
4 68 70 (-3088 5176 1024 ) (-3096 5176 1024 ) (-3096 5176 592 ) (-3088 5176 592 ) 
4 69 73 (-3072 5152 776 ) (-3072 5152 1024 ) (-3088 5152 1024 ) (-3088 5152 776 ) 
4 69 70 (-3088 5176 1024 ) (-3088 5176 752 ) (-3088 5152 752 ) (-3088 5152 1024 ) 
4 70 73 (-3088 5152 1024 ) (-3096 5152 1024 ) (-3096 5152 776 ) (-3088 5152 776 ) 
4 70 72 (-3096 5176 1024 ) (-3096 5176 592 ) (-3096 5152 592 ) (-3096 5152 1024 ) 
4 71 75 (-3072 5152 -1024 ) (-3072 5152 80 ) (-3088 5152 80 ) (-3088 5152 -1024 ) 
4 71 76 (-3088 5152 96 ) (-3096 5152 96 ) (-3096 5152 -1024 ) (-3088 5152 -1024 ) 
4 71 72 (-3096 5176 96 ) (-3096 5176 -1024 ) (-3096 5152 -1024 ) (-3096 5152 96 ) 
4 72 77 (-3104 5152 1024 ) (-3896 5152 1024 ) (-3896 5152 -1024 ) (-3104 5152 -1024 ) 
4 72 76 (-3104 5152 112 ) (-3104 5152 -1024 ) (-3096 5152 -1024 ) (-3096 5152 112 ) 
4 72 73 (-3096 5152 1024 ) (-3104 5152 1024 ) (-3104 5152 776 ) (-3096 5152 776 ) 
4 73 146 (-3072 5120 776 ) (-3072 5120 1024 ) (-3104 5120 1024 ) (-3104 5120 776 ) 
4 73 77 (-3104 5120 776 ) (-3104 5120 1024 ) (-3104 5152 1024 ) (-3104 5152 776 ) 
4 74 147 (-3072 5120 112 ) (-3072 5120 752 ) (-3088 5120 752 ) (-3088 5120 112 ) 
4 75 148 (-3072 5120 -1024 ) (-3072 5120 80 ) (-3088 5120 80 ) (-3088 5120 -1024 ) 
4 75 76 (-3088 5152 -1024 ) (-3088 5120 -1024 ) (-3088 5120 80 ) (-3088 5152 80 ) 
4 76 149 (-3088 5120 112 ) (-3104 5120 112 ) (-3104 5120 -1024 ) (-3088 5120 -1024 ) 
4 76 77 (-3104 5152 -1024 ) (-3104 5120 -1024 ) (-3104 5120 112 ) (-3104 5152 112 ) 
4 77 150 (-3104 5120 1024 ) (-3896 5120 1024 ) (-3896 5120 -1024 ) (-3104 5120 -1024 ) 
4 78 106 (0 4096 -64 ) (0 4096 992 ) (-1024 4096 992 ) (-1024 4096 -64 ) 
4 78 100 (-1024 5120 224 ) (-1024 5120 -64 ) (-1024 4096 -64 ) (-1024 4096 224 ) 
4 78 84 (-1024 5120 480 ) (-1024 5120 224 ) (-1024 4096 224 ) (-1024 4096 480 ) 
4 78 82 (-1024 5120 592 ) (-1024 5120 480 ) (-1024 4096 480 ) (-1024 4096 592 ) 
4 78 80 (-1024 5120 992 ) (-1024 5120 592 ) (-1024 4096 592 ) (-1024 4096 992 ) 
4 79 107 (0 4096 -1024 ) (0 4096 -96 ) (-1024 4096 -96 ) (-1024 4096 -1024 ) 
4 79 102 (-1024 5120 -96 ) (-1024 5120 -1024 ) (-1024 4096 -1024 ) (-1024 4096 -96 ) 
4 80 108 (-1024 4096 592 ) (-1024 4096 992 ) (-1264 4096 992 ) (-1264 4096 592 ) 
4 80 82 (-1024 4096 592 ) (-1264 4096 592 ) (-1264 5120 592 ) (-1024 5120 592 ) 
4 81 127 (-2048 5120 1024 ) (-2048 5120 616 ) (-2048 4096 616 ) (-2048 4096 1024 ) 
4 81 123 (-2048 4096 1024 ) (-2048 4096 616 ) (-1288 4096 616 ) (-1288 4096 1024 ) 
4 81 109 (-1288 4096 616 ) (-1280 4096 616 ) (-1280 4096 1024 ) (-1288 4096 1024 ) 
4 82 110 (-1024 4096 480 ) (-1024 4096 592 ) (-1264 4096 592 ) (-1264 4096 480 ) 
4 82 84 (-1264 5120 480 ) (-1024 5120 480 ) (-1024 4096 480 ) (-1264 4096 480 ) 
4 83 128 (-2048 5120 592 ) (-2048 5120 480 ) (-2048 4096 480 ) (-2048 4096 592 ) 
4 83 124 (-1288 4096 592 ) (-2048 4096 592 ) (-2048 4096 480 ) (-1288 4096 480 ) 
4 83 99 (-1288 4128 480 ) (-1288 4096 480 ) (-2048 4096 480 ) (-2048 4128 480 ) 
4 83 98 (-1288 4256 480 ) (-1288 4128 480 ) (-2048 4128 480 ) (-2048 4256 480 ) 
4 83 95 (-1288 4384 480 ) (-1288 4256 480 ) (-2048 4256 480 ) (-2048 4384 480 ) 
4 83 94 (-1288 4512 480 ) (-1288 4384 480 ) (-2048 4384 480 ) (-2048 4512 480 ) 
4 83 91 (-1288 4640 480 ) (-1288 4512 480 ) (-2048 4512 480 ) (-2048 4640 480 ) 
4 83 90 (-1288 4768 480 ) (-1288 4640 480 ) (-2048 4640 480 ) (-2048 4768 480 ) 
4 83 87 (-2048 5120 480 ) (-1288 5120 480 ) (-1288 4768 480 ) (-2048 4768 480 ) 
4 84 111 (-1024 4096 224 ) (-1024 4096 480 ) (-1264 4096 480 ) (-1264 4096 224 ) 
4 84 100 (-1024 4096 224 ) (-1264 4096 224 ) (-1264 5120 224 ) (-1024 5120 224 ) 
4 84 96 (-1264 4256 224 ) (-1264 4128 224 ) (-1264 4128 480 ) (-1264 4256 480 ) 
4 84 92 (-1264 4512 224 ) (-1264 4384 224 ) (-1264 4384 480 ) (-1264 4512 480 ) 
4 84 88 (-1264 4768 224 ) (-1264 4640 224 ) (-1264 4640 480 ) (-1264 4768 480 ) 
4 84 85 (-1264 5024 224 ) (-1264 4896 224 ) (-1264 4896 480 ) (-1264 5024 480 ) 
4 85 86 (-1280 5024 480 ) (-1280 5024 224 ) (-1280 4896 224 ) (-1280 4896 480 ) 
4 86 87 (-1288 5024 224 ) (-1288 4896 224 ) (-1288 4896 480 ) (-1288 5024 480 ) 
4 87 128 (-2048 5120 480 ) (-2048 5120 224 ) (-2048 4768 224 ) (-2048 4768 480 ) 
4 87 103 (-1296 5120 224 ) (-1288 5120 224 ) (-1288 4768 224 ) (-1296 4768 224 ) 
4 87 104 (-2048 4768 224 ) (-2048 5120 224 ) (-1296 5120 224 ) (-1296 4768 224 ) 
4 87 90 (-2048 4768 224 ) (-1288 4768 224 ) (-1288 4768 480 ) (-2048 4768 480 ) 
4 88 89 (-1280 4768 480 ) (-1280 4768 224 ) (-1280 4640 224 ) (-1280 4640 480 ) 
4 89 90 (-1288 4768 480 ) (-1288 4768 224 ) (-1288 4640 224 ) (-1288 4640 480 ) 
4 90 128 (-2048 4768 224 ) (-2048 4640 224 ) (-2048 4640 480 ) (-2048 4768 480 ) 
4 90 103 (-1296 4768 224 ) (-1288 4768 224 ) (-1288 4640 224 ) (-1296 4640 224 ) 
4 90 104 (-2048 4640 224 ) (-2048 4768 224 ) (-1296 4768 224 ) (-1296 4640 224 ) 
4 90 91 (-2048 4640 224 ) (-1288 4640 224 ) (-1288 4640 480 ) (-2048 4640 480 ) 
4 91 128 (-2048 4640 224 ) (-2048 4512 224 ) (-2048 4512 480 ) (-2048 4640 480 ) 
4 91 103 (-1296 4640 224 ) (-1288 4640 224 ) (-1288 4512 224 ) (-1296 4512 224 ) 
4 91 104 (-2048 4512 224 ) (-2048 4640 224 ) (-1296 4640 224 ) (-1296 4512 224 ) 
4 91 94 (-2048 4512 224 ) (-1288 4512 224 ) (-1288 4512 480 ) (-2048 4512 480 ) 
4 92 93 (-1280 4512 480 ) (-1280 4512 224 ) (-1280 4384 224 ) (-1280 4384 480 ) 
4 93 94 (-1288 4512 480 ) (-1288 4512 224 ) (-1288 4384 224 ) (-1288 4384 480 ) 
4 94 128 (-2048 4512 224 ) (-2048 4384 224 ) (-2048 4384 480 ) (-2048 4512 480 ) 
4 94 103 (-1296 4512 224 ) (-1288 4512 224 ) (-1288 4384 224 ) (-1296 4384 224 ) 
4 94 104 (-2048 4384 224 ) (-2048 4512 224 ) (-1296 4512 224 ) (-1296 4384 224 ) 
4 94 95 (-2048 4384 224 ) (-1288 4384 224 ) (-1288 4384 480 ) (-2048 4384 480 ) 
4 95 128 (-2048 4384 224 ) (-2048 4256 224 ) (-2048 4256 480 ) (-2048 4384 480 ) 
4 95 103 (-1296 4384 224 ) (-1288 4384 224 ) (-1288 4256 224 ) (-1296 4256 224 ) 
4 95 104 (-2048 4256 224 ) (-2048 4384 224 ) (-1296 4384 224 ) (-1296 4256 224 ) 
4 95 98 (-2048 4256 224 ) (-1288 4256 224 ) (-1288 4256 480 ) (-2048 4256 480 ) 
4 96 97 (-1280 4256 480 ) (-1280 4256 224 ) (-1280 4128 224 ) (-1280 4128 480 ) 
4 97 98 (-1288 4256 480 ) (-1288 4256 224 ) (-1288 4128 224 ) (-1288 4128 480 ) 
4 98 128 (-2048 4256 224 ) (-2048 4128 224 ) (-2048 4128 480 ) (-2048 4256 480 ) 
4 98 103 (-1296 4256 224 ) (-1288 4256 224 ) (-1288 4128 224 ) (-1296 4128 224 ) 
4 98 104 (-2048 4128 224 ) (-2048 4256 224 ) (-1296 4256 224 ) (-1296 4128 224 ) 
4 98 99 (-2048 4128 224 ) (-1288 4128 224 ) (-1288 4128 480 ) (-2048 4128 480 ) 
4 99 128 (-2048 4128 224 ) (-2048 4096 224 ) (-2048 4096 480 ) (-2048 4128 480 ) 
4 99 124 (-1288 4096 480 ) (-2048 4096 480 ) (-2048 4096 224 ) (-1288 4096 224 ) 
4 99 103 (-1288 4096 224 ) (-1296 4096 224 ) (-1296 4128 224 ) (-1288 4128 224 ) 
4 99 104 (-1296 4096 224 ) (-2048 4096 224 ) (-2048 4128 224 ) (-1296 4128 224 ) 
4 100 120 (-1024 4096 -64 ) (-1024 4096 224 ) (-1264 4096 224 ) (-1264 4096 -64 ) 
4 101 121 (-1280 4096 -64 ) (-1288 4096 -64 ) (-1288 4096 -96 ) (-1280 4096 -96 ) 
4 101 105 (-1288 4096 -96 ) (-1288 4096 -64 ) (-1288 5120 -64 ) (-1288 5120 -96 ) 
4 101 102 (-1288 4096 -96 ) (-1288 5120 -96 ) (-1280 5120 -96 ) (-1280 4096 -96 ) 
4 102 122 (-1024 4096 -1024 ) (-1024 4096 -96 ) (-1288 4096 -96 ) (-1288 4096 -1024 ) 
4 102 105 (-1288 4096 -1024 ) (-1288 4096 -96 ) (-1288 5120 -96 ) (-1288 5120 -1024 ) 
4 103 124 (-1288 4096 136 ) (-1288 4096 224 ) (-1296 4096 224 ) (-1296 4096 136 ) 
4 103 104 (-1296 4096 136 ) (-1296 4096 224 ) (-1296 5120 224 ) (-1296 5120 136 ) 
4 104 128 (-2048 5120 224 ) (-2048 5120 96 ) (-2048 4096 96 ) (-2048 4096 224 ) 
4 104 125 (-2048 4096 136 ) (-2048 4096 96 ) (-1296 4096 96 ) (-1296 4096 136 ) 
4 104 124 (-1296 4096 224 ) (-2048 4096 224 ) (-2048 4096 136 ) (-1296 4096 136 ) 
4 105 130 (-2048 5120 72 ) (-2048 5120 -1024 ) (-2048 4096 -1024 ) (-2048 4096 72 ) 
4 105 126 (-1288 4096 -1024 ) (-1288 4096 72 ) (-2048 4096 72 ) (-2048 4096 -1024 ) 
4 106 175 (0 3072 -64 ) (0 3072 992 ) (-1024 3072 992 ) (-1024 3072 -64 ) 
4 106 120 (-1024 4096 224 ) (-1024 4096 -64 ) (-1024 3072 -64 ) (-1024 3072 224 ) 
4 106 111 (-1024 4096 480 ) (-1024 4096 224 ) (-1024 3072 224 ) (-1024 3072 480 ) 
4 106 110 (-1024 4096 592 ) (-1024 4096 480 ) (-1024 3072 480 ) (-1024 3072 592 ) 
4 106 108 (-1024 4096 992 ) (-1024 4096 592 ) (-1024 3072 592 ) (-1024 3072 992 ) 
4 107 176 (0 3072 -1024 ) (0 3072 -96 ) (-1024 3072 -96 ) (-1024 3072 -1024 ) 
4 107 122 (-1024 4096 -96 ) (-1024 4096 -1024 ) (-1024 3072 -1024 ) (-1024 3072 -96 ) 
4 108 180 (-1024 3072 592 ) (-1024 3072 992 ) (-1264 3072 992 ) (-1264 3072 592 ) 
4 108 110 (-1264 4096 592 ) (-1024 4096 592 ) (-1024 3072 592 ) (-1264 3072 592 ) 
4 109 181 (-1280 3072 1024 ) (-1288 3072 1024 ) (-1288 3072 616 ) (-1280 3072 616 ) 
4 109 123 (-1288 3072 616 ) (-1288 3072 1024 ) (-1288 4096 1024 ) (-1288 4096 616 ) 
4 110 182 (-1024 3072 480 ) (-1024 3072 592 ) (-1264 3072 592 ) (-1264 3072 480 ) 
4 110 111 (-1024 3072 480 ) (-1264 3072 480 ) (-1264 4096 480 ) (-1024 4096 480 ) 
4 111 183 (-1024 3072 224 ) (-1024 3072 480 ) (-1264 3072 480 ) (-1264 3072 224 ) 
4 111 120 (-1264 4096 224 ) (-1024 4096 224 ) (-1024 3072 224 ) (-1264 3072 224 ) 
4 111 118 (-1264 3232 224 ) (-1264 3104 224 ) (-1264 3104 480 ) (-1264 3232 480 ) 
4 111 116 (-1264 3488 224 ) (-1264 3360 224 ) (-1264 3360 480 ) (-1264 3488 480 ) 
4 111 114 (-1264 3744 224 ) (-1264 3616 224 ) (-1264 3616 480 ) (-1264 3744 480 ) 
4 111 112 (-1264 4000 224 ) (-1264 3872 224 ) (-1264 3872 480 ) (-1264 4000 480 ) 
4 112 113 (-1280 4000 480 ) (-1280 4000 224 ) (-1280 3872 224 ) (-1280 3872 480 ) 
4 113 124 (-1288 3872 480 ) (-1288 4000 480 ) (-1288 4000 224 ) (-1288 3872 224 ) 
4 114 115 (-1280 3744 480 ) (-1280 3744 224 ) (-1280 3616 224 ) (-1280 3616 480 ) 
4 115 124 (-1288 3616 480 ) (-1288 3744 480 ) (-1288 3744 224 ) (-1288 3616 224 ) 
4 116 117 (-1280 3488 480 ) (-1280 3488 224 ) (-1280 3360 224 ) (-1280 3360 480 ) 
4 117 124 (-1288 3360 480 ) (-1288 3488 480 ) (-1288 3488 224 ) (-1288 3360 224 ) 
4 118 119 (-1280 3232 480 ) (-1280 3232 224 ) (-1280 3104 224 ) (-1280 3104 480 ) 
4 119 124 (-1288 3104 480 ) (-1288 3232 480 ) (-1288 3232 224 ) (-1288 3104 224 ) 
4 120 187 (-1024 3072 -64 ) (-1024 3072 224 ) (-1264 3072 224 ) (-1264 3072 -64 ) 
4 121 189 (-1280 3072 -64 ) (-1288 3072 -64 ) (-1288 3072 -96 ) (-1280 3072 -96 ) 
4 121 126 (-1288 3072 -96 ) (-1288 3072 -64 ) (-1288 4096 -64 ) (-1288 4096 -96 ) 
4 121 122 (-1288 3072 -96 ) (-1288 4096 -96 ) (-1280 4096 -96 ) (-1280 3072 -96 ) 
4 122 188 (-1024 3072 -1024 ) (-1024 3072 -96 ) (-1280 3072 -96 ) (-1280 3072 -1024 ) 
4 122 189 (-1280 3072 -96 ) (-1288 3072 -96 ) (-1288 3072 -1024 ) (-1280 3072 -1024 ) 
4 122 126 (-1288 3072 -1024 ) (-1288 3072 -96 ) (-1288 4096 -96 ) (-1288 4096 -1024 ) 
4 123 196 (-1288 3072 616 ) (-1288 3072 1024 ) (-2048 3072 1024 ) (-2048 3072 616 ) 
4 123 151 (-2048 3072 616 ) (-2048 3072 1024 ) (-2048 4096 1024 ) (-2048 4096 616 ) 
4 124 199 (-2048 3072 201.326630 ) (-2048 3072 197.185791 ) (-1980 3072 197.185791 ) (-1980 3072 201.326645 ) 
4 124 198 (-1980 3072 592 ) (-2048 3072 592 ) (-2048 3072 201.326630 ) (-1980 3072 201.326645 ) 
4 124 197 (-1288 3072 197.185791 ) (-1288 3072 592 ) (-1980 3072 592 ) (-1980 3072 197.185791 ) 
4 124 194 (-1992 3072 197.185791 ) (-2048 3072 197.185791 ) (-2048 3072 136 ) (-1992 3072 136 ) 
4 124 192 (-1984 3072 197.185791 ) (-1992 3072 197.185791 ) (-1992 3072 136 ) (-1984 3072 136 ) 
4 124 190 (-1288 3072 136 ) (-1288 3072 197.185791 ) (-1296 3072 197.185791 ) (-1296 3072 136 ) 
4 124 191 (-1296 3072 197.185791 ) (-1984 3072 197.185791 ) (-1984 3072 136 ) (-1296 3072 136 ) 
4 124 152 (-2048 3072 136 ) (-2048 3072 592 ) (-2048 4096 592 ) (-2048 4096 136 ) 
4 124 125 (-2048 3072 136 ) (-2048 4096 136 ) (-1296 4096 136 ) (-1296 3072 136 ) 
4 125 204 (-2048 3072 120 ) (-2048 3072 96 ) (-1984 3072 96 ) (-1984 3072 120 ) 
4 125 201 (-1984 3072 96 ) (-1920 3072 96 ) (-1920 3072 120 ) (-1984 3072 120 ) 
4 125 200 (-1920 3072 96 ) (-1296 3072 96 ) (-1296 3072 120 ) (-1920 3072 120 ) 
4 125 194 (-1992 3072 136 ) (-2048 3072 136 ) (-2048 3072 120 ) (-1992 3072 120 ) 
4 125 192 (-1984 3072 136 ) (-1992 3072 136 ) (-1992 3072 120 ) (-1984 3072 120 ) 
4 125 191 (-1296 3072 136 ) (-1984 3072 136 ) (-1984 3072 120 ) (-1296 3072 120 ) 
4 125 152 (-2048 3072 96 ) (-2048 3072 136 ) (-2048 4096 136 ) (-2048 4096 96 ) 
4 126 205 (-1288 3072 -1024 ) (-1288 3072 72 ) (-2048 3072 72 ) (-2048 3072 -1024 ) 
4 126 154 (-2048 3072 -1024 ) (-2048 3072 72 ) (-2048 4096 72 ) (-2048 4096 -1024 ) 
4 127 151 (-2048 4096 616 ) (-2048 4096 1024 ) (-2368 4096 1024 ) (-2368 4096 616 ) 
4 127 131 (-2368 4096 752 ) (-2368 4096 1024 ) (-2368 5120 1024 ) (-2368 5120 752 ) 
4 128 152 (-2048 4096 96 ) (-2048 4096 592 ) (-2360 4096 592 ) (-2360 4096 96 ) 
4 128 129 (-2360 4096 136 ) (-2360 4096 592 ) (-2360 5120 592 ) (-2360 5120 136 ) 
4 129 153 (-2360 4096 592 ) (-2368 4096 592 ) (-2368 4096 136 ) (-2360 4096 136 ) 
4 129 140 (-2368 4128 480 ) (-2368 4256 480 ) (-2368 4256 224 ) (-2368 4128 224 ) 
4 129 138 (-2368 4384 480 ) (-2368 4512 480 ) (-2368 4512 224 ) (-2368 4384 224 ) 
4 129 136 (-2368 4640 480 ) (-2368 4768 480 ) (-2368 4768 224 ) (-2368 4640 224 ) 
4 129 134 (-2368 4896 480 ) (-2368 5024 480 ) (-2368 5024 224 ) (-2368 4896 224 ) 
4 130 154 (-2048 4096 -1024 ) (-2048 4096 72 ) (-2368 4096 72 ) (-2368 4096 -1024 ) 
4 130 145 (-2368 4096 -1024 ) (-2368 4096 72 ) (-2368 5120 72 ) (-2368 5120 -1024 ) 
4 131 155 (-2368 4096 752 ) (-2368 4096 1024 ) (-2392 4096 1024 ) (-2392 4096 752 ) 
4 131 132 (-2392 4096 776 ) (-2392 4096 1024 ) (-2392 5120 1024 ) (-2392 5120 776 ) 
4 132 156 (-3072 4096 1024 ) (-3072 4096 776 ) (-2392 4096 776 ) (-2392 4096 1024 ) 
4 132 146 (-3072 5120 1024 ) (-3072 5120 776 ) (-3072 4096 776 ) (-3072 4096 1024 ) 
4 133 157 (-3072 4096 752 ) (-3072 4096 480 ) (-2392 4096 480 ) (-2392 4096 752 ) 
4 133 147 (-3072 5120 752 ) (-3072 5120 480 ) (-3072 4096 480 ) (-3072 4096 752 ) 
4 133 142 (-3072 4096 480 ) (-3072 5120 480 ) (-2392 5120 480 ) (-2392 4096 480 ) 
4 134 135 (-2376 5024 480 ) (-2376 5024 224 ) (-2376 4896 224 ) (-2376 4896 480 ) 
4 135 142 (-2392 5024 224 ) (-2392 4896 224 ) (-2392 4896 480 ) (-2392 5024 480 ) 
4 136 137 (-2376 4768 480 ) (-2376 4768 224 ) (-2376 4640 224 ) (-2376 4640 480 ) 
4 137 142 (-2392 4768 224 ) (-2392 4640 224 ) (-2392 4640 480 ) (-2392 4768 480 ) 
4 138 139 (-2376 4512 480 ) (-2376 4512 224 ) (-2376 4384 224 ) (-2376 4384 480 ) 
4 139 142 (-2392 4512 224 ) (-2392 4384 224 ) (-2392 4384 480 ) (-2392 4512 480 ) 
4 140 141 (-2376 4256 480 ) (-2376 4256 224 ) (-2376 4128 224 ) (-2376 4128 480 ) 
4 141 142 (-2392 4256 224 ) (-2392 4128 224 ) (-2392 4128 480 ) (-2392 4256 480 ) 
4 142 166 (-2392 4096 480 ) (-3072 4096 480 ) (-3072 4096 224 ) (-2392 4096 224 ) 
4 142 147 (-3072 5120 480 ) (-3072 5120 224 ) (-3072 4096 224 ) (-3072 4096 480 ) 
4 142 144 (-3072 5120 224 ) (-2392 5120 224 ) (-2392 4096 224 ) (-3072 4096 224 ) 
4 143 167 (-2368 4096 80 ) (-2368 4096 96 ) (-2384 4096 96 ) (-2384 4096 80 ) 
4 143 145 (-2384 5120 80 ) (-2368 5120 80 ) (-2368 4096 80 ) (-2384 4096 80 ) 
4 144 168 (-2392 4096 224 ) (-3072 4096 224 ) (-3072 4096 112 ) (-2392 4096 112 ) 
4 144 147 (-3072 5120 224 ) (-3072 5120 112 ) (-3072 4096 112 ) (-3072 4096 224 ) 
4 145 169 (-2368 4096 -1024 ) (-2368 4096 80 ) (-3072 4096 80 ) (-3072 4096 -1024 ) 
4 145 148 (-3072 5120 80 ) (-3072 5120 -1024 ) (-3072 4096 -1024 ) (-3072 4096 80 ) 
4 146 170 (-3072 4096 776 ) (-3072 4096 1024 ) (-3104 4096 1024 ) (-3104 4096 776 ) 
4 146 150 (-3104 4096 776 ) (-3104 4096 1024 ) (-3104 5120 1024 ) (-3104 5120 776 ) 
4 147 171 (-3072 4096 112 ) (-3072 4096 752 ) (-3088 4096 752 ) (-3088 4096 112 ) 
4 148 172 (-3072 4096 -1024 ) (-3072 4096 80 ) (-3088 4096 80 ) (-3088 4096 -1024 ) 
4 148 149 (-3088 5120 -1024 ) (-3088 4096 -1024 ) (-3088 4096 80 ) (-3088 5120 80 ) 
4 149 173 (-3104 4096 112 ) (-3104 4096 -1024 ) (-3088 4096 -1024 ) (-3088 4096 112 ) 
4 149 150 (-3104 5120 -1024 ) (-3104 4096 -1024 ) (-3104 4096 112 ) (-3104 5120 112 ) 
4 150 174 (-3104 4096 1024 ) (-3896 4096 1024 ) (-3896 4096 -1024 ) (-3104 4096 -1024 ) 
4 151 223 (-2048 3072 616 ) (-2048 3072 1024 ) (-2368 3072 1024 ) (-2368 3072 616 ) 
4 151 155 (-2368 3072 752 ) (-2368 3072 1024 ) (-2368 4096 1024 ) (-2368 4096 752 ) 
4 152 225 (-2048 3072 197.185822 ) (-2048 3072 201.326614 ) (-2360 3072 201.326630 ) (-2360 3072 197.185822 ) 
4 152 224 (-2048 3072 201.326614 ) (-2048 3072 592 ) (-2360 3072 592 ) (-2360 3072 201.326630 ) 
4 152 217 (-2048 3072 96 ) (-2048 3072 197.185822 ) (-2360 3072 197.185822 ) (-2360 3072 96 ) 
4 152 153 (-2360 3072 136 ) (-2360 3072 592 ) (-2360 4096 592 ) (-2360 4096 136 ) 
4 153 225 (-2368 3072 201.326630 ) (-2368 3072 197.185791 ) (-2360 3072 197.185791 ) (-2360 3072 201.326645 ) 
4 153 224 (-2360 3072 592 ) (-2368 3072 592 ) (-2368 3072 201.326630 ) (-2360 3072 201.326645 ) 
4 153 218 (-2368 3072 197.185791 ) (-2368 3072 136 ) (-2360 3072 136 ) (-2360 3072 197.185791 ) 
4 153 164 (-2368 3104 480 ) (-2368 3232 480 ) (-2368 3232 224 ) (-2368 3104 224 ) 
4 153 162 (-2368 3360 480 ) (-2368 3488 480 ) (-2368 3488 224 ) (-2368 3360 224 ) 
4 153 160 (-2368 3616 480 ) (-2368 3744 480 ) (-2368 3744 224 ) (-2368 3616 224 ) 
4 153 158 (-2368 3872 480 ) (-2368 4000 480 ) (-2368 4000 224 ) (-2368 3872 224 ) 
4 154 219 (-2048 3072 -1024 ) (-2048 3072 72 ) (-2368 3072 72 ) (-2368 3072 -1024 ) 
4 154 169 (-2368 3072 -1024 ) (-2368 3072 72 ) (-2368 4096 72 ) (-2368 4096 -1024 ) 
4 155 238 (-2368 3072 752 ) (-2368 3072 1024 ) (-2392 3072 1024 ) (-2392 3072 752 ) 
4 155 156 (-2392 3072 776 ) (-2392 3072 1024 ) (-2392 4096 1024 ) (-2392 4096 776 ) 
4 156 242 (-3072 3072 1024 ) (-3072 3072 776 ) (-2392 3072 776 ) (-2392 3072 1024 ) 
4 156 170 (-3072 4096 1024 ) (-3072 4096 776 ) (-3072 3072 776 ) (-3072 3072 1024 ) 
4 157 243 (-3072 3072 752 ) (-3072 3072 480 ) (-2392 3072 480 ) (-2392 3072 752 ) 
4 157 171 (-3072 4096 752 ) (-3072 4096 480 ) (-3072 3072 480 ) (-3072 3072 752 ) 
4 157 166 (-3072 3072 480 ) (-3072 4096 480 ) (-2392 4096 480 ) (-2392 3072 480 ) 
4 158 159 (-2376 4000 480 ) (-2376 4000 224 ) (-2376 3872 224 ) (-2376 3872 480 ) 
4 159 166 (-2392 4000 224 ) (-2392 3872 224 ) (-2392 3872 480 ) (-2392 4000 480 ) 
4 160 161 (-2376 3744 480 ) (-2376 3744 224 ) (-2376 3616 224 ) (-2376 3616 480 ) 
4 161 166 (-2392 3744 224 ) (-2392 3616 224 ) (-2392 3616 480 ) (-2392 3744 480 ) 
4 162 163 (-2376 3488 480 ) (-2376 3488 224 ) (-2376 3360 224 ) (-2376 3360 480 ) 
4 163 166 (-2392 3488 224 ) (-2392 3360 224 ) (-2392 3360 480 ) (-2392 3488 480 ) 
4 164 165 (-2376 3232 480 ) (-2376 3232 224 ) (-2376 3104 224 ) (-2376 3104 480 ) 
4 165 166 (-2392 3232 224 ) (-2392 3104 224 ) (-2392 3104 480 ) (-2392 3232 480 ) 
4 166 253 (-3072 3072 240 ) (-3072 3072 224 ) (-2392 3072 224 ) (-2392 3072 240 ) 
4 166 246 (-3072 3072 384 ) (-3072 3072 240 ) (-2392 3072 240 ) (-2392 3072 384 ) 
4 166 243 (-2392 3072 480 ) (-3072 3072 480 ) (-3072 3072 384 ) (-2392 3072 384 ) 
4 166 171 (-3072 4096 480 ) (-3072 4096 224 ) (-3072 3072 224 ) (-3072 3072 480 ) 
4 166 168 (-3072 4096 224 ) (-2392 4096 224 ) (-2392 3072 224 ) (-3072 3072 224 ) 
4 167 250 (-2368 3072 80 ) (-2368 3072 96 ) (-2384 3072 96 ) (-2384 3072 80 ) 
4 167 169 (-2384 4096 80 ) (-2368 4096 80 ) (-2368 3072 80 ) (-2384 3072 80 ) 
4 168 253 (-2392 3072 224 ) (-3072 3072 224 ) (-3072 3072 112 ) (-2392 3072 112 ) 
4 168 171 (-3072 4096 224 ) (-3072 4096 112 ) (-3072 3072 112 ) (-3072 3072 224 ) 
4 169 265 (-2368 3072 -1024 ) (-2368 3072 64 ) (-3072 3072 64 ) (-3072 3072 -1024 ) 
4 169 254 (-2392 3072 80 ) (-3072 3072 80 ) (-3072 3072 64 ) (-2392 3072 64 ) 
4 169 251 (-2384 3072 80 ) (-2392 3072 80 ) (-2392 3072 64 ) (-2384 3072 64 ) 
4 169 250 (-2368 3072 64 ) (-2368 3072 80 ) (-2384 3072 80 ) (-2384 3072 64 ) 
4 169 172 (-3072 4096 80 ) (-3072 4096 -1024 ) (-3072 3072 -1024 ) (-3072 3072 80 ) 
4 170 267 (-3072 3072 776 ) (-3072 3072 1024 ) (-3104 3072 1024 ) (-3104 3072 776 ) 
4 170 174 (-3104 3072 776 ) (-3104 3072 1024 ) (-3104 4096 1024 ) (-3104 4096 776 ) 
4 171 273 (-3072 3072 112 ) (-3072 3072 384 ) (-3088 3072 384 ) (-3088 3072 112 ) 
4 171 268 (-3072 3072 384 ) (-3072 3072 752 ) (-3088 3072 752 ) (-3088 3072 384 ) 
4 172 274 (-3072 3072 -1024 ) (-3072 3072 80 ) (-3088 3072 80 ) (-3088 3072 -1024 ) 
4 172 173 (-3088 4096 -1024 ) (-3088 3072 -1024 ) (-3088 3072 80 ) (-3088 4096 80 ) 
4 173 281 (-3104 3072 112 ) (-3104 3072 -1024 ) (-3096 3072 -1024 ) (-3096 3072 112 ) 
4 173 275 (-3096 3072 -1024 ) (-3088 3072 -1024 ) (-3088 3072 112 ) (-3096 3072 112 ) 
4 173 174 (-3104 4096 -1024 ) (-3104 3072 -1024 ) (-3104 3072 112 ) (-3104 4096 112 ) 
4 174 282 (-3896 3072 384 ) (-3896 3072 -1024 ) (-3104 3072 -1024 ) (-3104 3072 384 ) 
4 174 272 (-3104 3072 1024 ) (-3896 3072 1024 ) (-3896 3072 384 ) (-3104 3072 384 ) 
4 175 187 (-1024 3072 224 ) (-1024 3072 -64 ) (-1024 2720 -64 ) (-1024 2720 224 ) 
4 175 186 (-1024 2848 224 ) (-1024 2720 224 ) (-1024 2720 480 ) (-1024 2848 480 ) 
4 175 184 (-1024 2976 224 ) (-1024 2848 224 ) (-1024 2848 480 ) (-1024 2976 480 ) 
4 175 183 (-1024 3072 480 ) (-1024 3072 224 ) (-1024 2976 224 ) (-1024 2976 480 ) 
4 175 182 (-1024 3072 592 ) (-1024 3072 480 ) (-1024 2720 480 ) (-1024 2720 592 ) 
4 175 180 (-1024 3072 992 ) (-1024 3072 592 ) (-1024 2720 592 ) (-1024 2720 992 ) 
4 176 188 (-1024 3072 -96 ) (-1024 3072 -1024 ) (-1024 2720 -1024 ) (-1024 2720 -96 ) 
4 176 178 (0 2720 -1024 ) (0 2720 -96 ) (-1024 2720 -96 ) (-1024 2720 -1024 ) 
4 177 206 (-1024 2688 992 ) (-1024 2688 1024 ) (-1024 2720 1024 ) (-1024 2720 992 ) 
4 177 179 (0 2688 992 ) (0 2688 1024 ) (-1024 2688 1024 ) (-1024 2688 992 ) 
4 178 207 (-1024 2688 -1024 ) (-1024 2688 -64 ) (-1024 2720 -64 ) (-1024 2720 -1024 ) 
4 178 179 (0 2688 -1024 ) (0 2688 -64 ) (-1024 2688 -64 ) (-1024 2688 -1024 ) 
4 179 216 (-1024 2632 1024 ) (-1024 2688 1024 ) (-1024 2688 -1024 ) (-1024 2632 -1024 ) 
4 180 182 (-1024 2720 592 ) (-1264 2720 592 ) (-1264 3072 592 ) (-1024 3072 592 ) 
4 181 208 (-1288 2720 1024 ) (-1288 2720 616 ) (-1280 2720 616 ) (-1280 2720 1024 ) 
4 181 196 (-1288 3072 1024 ) (-1288 3072 616 ) (-1288 2720 616 ) (-1288 2720 1024 ) 
4 182 186 (-1024 2720 480 ) (-1264 2720 480 ) (-1264 2848 480 ) (-1024 2848 480 ) 
4 182 184 (-1264 2848 480 ) (-1264 2976 480 ) (-1024 2976 480 ) (-1024 2848 480 ) 
4 182 183 (-1264 2976 480 ) (-1264 3072 480 ) (-1024 3072 480 ) (-1024 2976 480 ) 
4 183 187 (-1264 3072 224 ) (-1024 3072 224 ) (-1024 2976 224 ) (-1264 2976 224 ) 
4 183 184 (-1264 2976 224 ) (-1024 2976 224 ) (-1024 2976 480 ) (-1264 2976 480 ) 
4 184 187 (-1264 2976 224 ) (-1024 2976 224 ) (-1024 2848 224 ) (-1264 2848 224 ) 
4 184 186 (-1264 2848 224 ) (-1024 2848 224 ) (-1024 2848 480 ) (-1264 2848 480 ) 
4 184 185 (-1280 2976 480 ) (-1280 2976 224 ) (-1280 2848 224 ) (-1280 2848 480 ) 
5 185 197 (-1288 2976 224 ) (-1288 2971.927734 224 ) (-1288 2848 257.206238 ) (-1288 2848 480 ) (-1288 2976 480 ) 
3 185 190 (-1288 2971.927734 224 ) (-1288 2848 224 ) (-1288 2848 257.206238 ) 
4 186 187 (-1024 2720 224 ) (-1264 2720 224 ) (-1264 2848 224 ) (-1024 2848 224 ) 
4 188 207 (-1024 2720 -1024 ) (-1024 2720 -96 ) (-1280 2720 -96 ) (-1280 2720 -1024 ) 
4 188 189 (-1280 3072 -1024 ) (-1280 2720 -1024 ) (-1280 2720 -96 ) (-1280 3072 -96 ) 
4 189 208 (-1280 2720 -64 ) (-1288 2720 -64 ) (-1288 2720 -1024 ) (-1280 2720 -1024 ) 
4 189 205 (-1288 3072 -64 ) (-1288 3072 -1024 ) (-1288 2720 -1024 ) (-1288 2720 -64 ) 
4 190 197 (-1296 2720 291.503906 ) (-1288 2720 291.503906 ) (-1288 3072 197.185669 ) (-1296 3072 197.185669 ) 
4 190 191 (-1296 2720 291.500000 ) (-1296 3072 197.182480 ) (-1296 3072 136 ) (-1296 2720 136 ) 
4 191 203 (-1920 2832 120 ) (-1920 2816 120 ) (-1984 2816 120 ) (-1984 2832 120 ) 
4 191 202 (-1920 2848 120 ) (-1920 2832 120 ) (-1984 2832 120 ) (-1984 2848 120 ) 
4 191 201 (-1984 3072 120 ) (-1920 3072 120 ) (-1920 2848 120 ) (-1984 2848 120 ) 
4 191 200 (-1920 3072 120 ) (-1296 3072 120 ) (-1296 2720 120 ) (-1920 2720 120 ) 
4 191 199 (-1980 2906.959717 241.408112 ) (-1980 3072 197.185669 ) (-1984 3072 197.185669 ) (-1984 2906.959717 241.408112 ) 
4 191 197 (-1980 2720 291.503906 ) (-1296 2720 291.503906 ) (-1296 3072 197.185669 ) (-1980 3072 197.185669 ) 
4 191 193 (-1984 2800 224 ) (-1984 2800 120 ) (-1984 2736 120 ) (-1984 2736 224 ) 
4 191 192 (-1984 2896 244.341217 ) (-1984 3072 197.182480 ) (-1984 3072 120 ) (-1984 2896 120 ) 
4 192 204 (-1992 3072 120 ) (-1984 3072 120 ) (-1984 2896 120 ) (-1992 2896 120 ) 
4 192 199 (-1984 2906.959961 241.408051 ) (-1984 3072 197.185669 ) (-1992 3072 197.185669 ) (-1992 2906.959961 241.408051 ) 
4 192 194 (-1992 2896 244.341217 ) (-1992 3072 197.182480 ) (-1992 3072 120 ) (-1992 2896 120 ) 
4 193 195 (-1992 2800 224 ) (-1992 2800 120 ) (-1992 2736 120 ) (-1992 2736 224 ) 
4 194 217 (-2048 3072 197.185547 ) (-2048 3072 120 ) (-2048 2896 120 ) (-2048 2896 244.344574 ) 
4 194 204 (-2048 3072 120 ) (-1992 3072 120 ) (-1992 2896 120 ) (-2048 2896 120 ) 
4 194 199 (-2048 3072 197.185669 ) (-2048 2906.959961 241.408035 ) (-1992 2906.959961 241.408051 ) (-1992 3072 197.185669 ) 
4 195 221 (-2048 2888 120 ) (-2048 2720 120 ) (-2048 2720 240 ) (-2048 2888 240 ) 
4 196 223 (-2048 3072 1024 ) (-2048 3072 616 ) (-2048 2720 616 ) (-2048 2720 1024 ) 
4 196 209 (-1288 2720 696 ) (-1288 2720 1024 ) (-1920 2720 1024 ) (-1920 2720 696 ) 
4 196 210 (-1920 2720 1024 ) (-2048 2720 1024 ) (-2048 2720 616 ) (-1920 2720 616 ) 
4 197 199 (-1980 3072 197.185791 ) (-1980 2906.959717 241.408005 ) (-1980 2908 245.271072 ) (-1980 3072 201.326630 ) 
4 197 198 (-1980 2720 295.646362 ) (-1980 2720 592 ) (-1980 3072 592 ) (-1980 3072 201.326630 ) 
4 198 224 (-2048 3072 592 ) (-2048 3072 201.326660 ) (-2048 2720 295.646301 ) (-2048 2720 592 ) 
4 198 199 (-1980 3072 201.328918 ) (-1980 2908 245.273087 ) (-2048 2908 245.273071 ) (-2048 3072 201.328918 ) 
4 199 225 (-2048 3072 201.326660 ) (-2048 3072 197.185547 ) (-2048 2906.959717 241.407898 ) (-2048 2908 245.271057 ) 
4 200 203 (-1920 2816 112 ) (-1920 2816 120 ) (-1920 2832 120 ) (-1920 2832 112 ) 
4 200 202 (-1920 2832 104 ) (-1920 2832 120 ) (-1920 2848 120 ) (-1920 2848 104 ) 
4 200 201 (-1920 3072 96 ) (-1920 2848 96 ) (-1920 2848 120 ) (-1920 3072 120 ) 
4 201 204 (-1984 3072 96 ) (-1984 2896 96 ) (-1984 2896 120 ) (-1984 3072 120 ) 
4 201 202 (-1984 2848 120 ) (-1984 2848 104 ) (-1920 2848 104 ) (-1920 2848 120 ) 
4 202 203 (-1984 2832 120 ) (-1984 2832 112 ) (-1920 2832 112 ) (-1920 2832 120 ) 
4 204 217 (-2048 3072 120 ) (-2048 3072 96 ) (-2048 2896 96 ) (-2048 2896 120 ) 
4 205 222 (-2048 2896 -1024 ) (-2048 2720 -1024 ) (-2048 2720 72 ) (-2048 2896 72 ) 
4 205 219 (-2048 3072 72 ) (-2048 3072 -1024 ) (-2048 2896 -1024 ) (-2048 2896 72 ) 
4 205 214 (-1288 2720 -1024 ) (-1288 2720 72 ) (-2048 2720 72 ) (-2048 2720 -1024 ) 
4 206 216 (-1024 2688 992 ) (-1024 2688 1024 ) (-1280 2688 1024 ) (-1280 2688 992 ) 
4 206 208 (-1280 2688 992 ) (-1280 2688 1024 ) (-1280 2720 1024 ) (-1280 2720 992 ) 
4 207 216 (-1280 2688 -1024 ) (-1024 2688 -1024 ) (-1024 2688 -64 ) (-1280 2688 -64 ) 
4 207 208 (-1280 2720 -1024 ) (-1280 2688 -1024 ) (-1280 2688 -64 ) (-1280 2720 -64 ) 
4 208 216 (-1288 2688 -1024 ) (-1280 2688 -1024 ) (-1280 2688 1024 ) (-1288 2688 1024 ) 
4 208 214 (-1288 2720 -1024 ) (-1288 2696 -1024 ) (-1288 2696 96 ) (-1288 2720 96 ) 
4 208 209 (-1288 2696 696 ) (-1288 2696 1024 ) (-1288 2720 1024 ) (-1288 2720 696 ) 
4 208 215 (-1288 2696 -1024 ) (-1288 2688 -1024 ) (-1288 2688 1024 ) (-1288 2696 1024 ) 
4 209 210 (-1920 2696 696 ) (-1920 2696 1024 ) (-1920 2720 1024 ) (-1920 2720 696 ) 
4 209 215 (-1288 2696 696 ) (-1288 2696 1024 ) (-1920 2696 1024 ) (-1920 2696 696 ) 
4 210 226 (-2048 2696 1024 ) (-2048 2720 1024 ) (-2048 2720 592 ) (-2048 2696 592 ) 
4 210 215 (-1920 2696 1024 ) (-2048 2696 1024 ) (-2048 2696 592 ) (-1920 2696 592 ) 
4 211 227 (-2048 2720 248 ) (-2048 2720 240 ) (-2048 2696 240 ) (-2048 2696 248 ) 
4 211 212 (-1992 2720 240 ) (-1984 2720 240 ) (-1984 2696 240 ) (-1992 2696 240 ) 
4 211 215 (-2048 2696 248 ) (-2048 2696 240 ) (-1984 2696 240 ) (-1984 2696 248 ) 
4 212 213 (-1992 2720 96 ) (-1992 2696 96 ) (-1992 2696 120 ) (-1992 2720 120 ) 
4 212 215 (-1992 2696 96 ) (-1984 2696 96 ) (-1984 2696 240 ) (-1992 2696 240 ) 
4 212 214 (-1984 2696 96 ) (-1992 2696 96 ) (-1992 2720 96 ) (-1984 2720 96 ) 
4 213 230 (-2048 2720 120 ) (-2048 2720 96 ) (-2048 2696 96 ) (-2048 2696 120 ) 
4 213 214 (-1992 2696 96 ) (-2048 2696 96 ) (-2048 2720 96 ) (-1992 2720 96 ) 
4 213 215 (-2048 2696 120 ) (-2048 2696 96 ) (-1992 2696 96 ) (-1992 2696 120 ) 
4 214 231 (-2048 2720 64 ) (-2048 2720 -1024 ) (-2048 2696 -1024 ) (-2048 2696 64 ) 
4 214 230 (-2048 2720 96 ) (-2048 2720 64 ) (-2048 2696 64 ) (-2048 2696 96 ) 
4 214 215 (-2048 2696 -1024 ) (-1288 2696 -1024 ) (-1288 2696 96 ) (-2048 2696 96 ) 
4 215 234 (-2048 2696 64 ) (-2048 2696 -1024 ) (-2048 2688 -1024 ) (-2048 2688 64 ) 
4 215 232 (-2048 2688 1024 ) (-2048 2696 1024 ) (-2048 2696 64 ) (-2048 2688 64 ) 
4 215 216 (-2048 2688 -1024 ) (-1288 2688 -1024 ) (-1288 2688 1024 ) (-2048 2688 1024 ) 
4 216 234 (-2048 2688 64 ) (-2048 2688 -1024 ) (-2048 2632 -1024 ) (-2048 2632 64 ) 
4 216 232 (-2048 2632 1024 ) (-2048 2688 1024 ) (-2048 2688 64 ) (-2048 2632 64 ) 
4 217 225 (-2048 2906.959961 241.408295 ) (-2048 3072 197.186127 ) (-2360 3072 197.185562 ) (-2360 2906.959961 241.407990 ) 
4 217 220 (-2320 2896 208 ) (-2320 2896 152 ) (-2232 2896 152 ) (-2232 2896 208 ) 
4 217 218 (-2360 2896 136 ) (-2360 2896 244.344711 ) (-2360 3072 197.185562 ) (-2360 3072 136 ) 
4 218 225 (-2368 3072 197.185547 ) (-2368 2906.959961 241.407990 ) (-2360 2906.959961 241.407990 ) (-2360 3072 197.185562 ) 
4 219 265 (-2368 2896 -1024 ) (-2368 2896 64 ) (-2368 3072 64 ) (-2368 3072 -1024 ) 
4 219 250 (-2368 2896 64 ) (-2368 2896 72 ) (-2368 3072 72 ) (-2368 3072 64 ) 
4 219 222 (-2368 2896 72 ) (-2368 2896 -1024 ) (-2048 2896 -1024 ) (-2048 2896 72 ) 
4 220 221 (-2232 2888 152 ) (-2232 2888 208 ) (-2320 2888 208 ) (-2320 2888 152 ) 
4 221 228 (-2321 2720 120 ) (-2273 2720 120 ) (-2273 2720 228 ) (-2321 2720 228 ) 
4 222 265 (-2368 2720 -1024 ) (-2368 2720 64 ) (-2368 2896 64 ) (-2368 2896 -1024 ) 
4 222 250 (-2368 2768 72 ) (-2368 2896 72 ) (-2368 2896 64 ) (-2368 2768 64 ) 
4 222 252 (-2368 2720 64 ) (-2368 2720 72 ) (-2368 2768 72 ) (-2368 2768 64 ) 
4 222 231 (-2368 2720 64 ) (-2368 2720 -1024 ) (-2048 2720 -1024 ) (-2048 2720 64 ) 
4 222 230 (-2273 2720 64 ) (-2048 2720 64 ) (-2048 2720 72 ) (-2273 2720 72 ) 
4 223 238 (-2368 2720 752 ) (-2368 2720 1024 ) (-2368 3072 1024 ) (-2368 3072 752 ) 
4 223 226 (-2368 2720 1024 ) (-2368 2720 616 ) (-2048 2720 616 ) (-2048 2720 1024 ) 
4 224 225 (-2368 2908 245.272049 ) (-2368 3072 201.327698 ) (-2048 3072 201.327698 ) (-2048 2908 245.272049 ) 
4 226 239 (-2368 2696 752 ) (-2368 2696 1024 ) (-2368 2720 1024 ) (-2368 2720 752 ) 
4 226 235 (-2368 2696 1024 ) (-2368 2696 592 ) (-2248 2696 592 ) (-2248 2696 1024 ) 
4 226 233 (-2248 2696 592 ) (-2224 2696 592 ) (-2224 2696 1024 ) (-2248 2696 1024 ) 
4 226 232 (-2224 2696 592 ) (-2048 2696 592 ) (-2048 2696 1024 ) (-2224 2696 1024 ) 
4 227 240 (-2368 2696 240 ) (-2368 2696 248 ) (-2368 2720 248 ) (-2368 2720 240 ) 
4 227 233 (-2248 2696 240 ) (-2224 2696 240 ) (-2224 2696 248 ) (-2248 2696 248 ) 
4 227 232 (-2224 2696 240 ) (-2048 2696 240 ) (-2048 2696 248 ) (-2224 2696 248 ) 
4 228 229 (-2273 2718 120 ) (-2273 2718 228 ) (-2321 2718 228 ) (-2321 2718 120 ) 
4 229 236 (-2321 2696 120 ) (-2273 2696 120 ) (-2273 2696 228 ) (-2321 2696 228 ) 
4 230 232 (-2224 2696 64 ) (-2048 2696 64 ) (-2048 2696 120 ) (-2224 2696 120 ) 
4 230 231 (-2048 2696 64 ) (-2273 2696 64 ) (-2273 2720 64 ) (-2048 2720 64 ) 
4 231 265 (-2368 2696 -1024 ) (-2368 2696 64 ) (-2368 2720 64 ) (-2368 2720 -1024 ) 
4 231 237 (-2368 2696 32 ) (-2368 2696 -1024 ) (-2248 2696 -1024 ) (-2248 2696 32 ) 
4 231 234 (-2248 2696 -1024 ) (-2048 2696 -1024 ) (-2048 2696 64 ) (-2248 2696 64 ) 
4 232 234 (-2048 2632 64 ) (-2224 2632 64 ) (-2224 2696 64 ) (-2048 2696 64 ) 
4 232 233 (-2224 2632 240 ) (-2224 2632 1024 ) (-2224 2696 1024 ) (-2224 2696 240 ) 
4 233 235 (-2248 2696 1024 ) (-2248 2696 272 ) (-2248 2632 272 ) (-2248 2632 1024 ) 
4 234 237 (-2248 2696 32 ) (-2248 2696 -1024 ) (-2248 2632 -1024 ) (-2248 2632 32 ) 
4 235 241 (-2368 2632 272 ) (-2368 2632 384 ) (-2368 2696 384 ) (-2368 2696 272 ) 
4 235 239 (-2368 2632 752 ) (-2368 2632 1024 ) (-2368 2696 1024 ) (-2368 2696 752 ) 
4 236 257 (-2368 2632 120 ) (-2368 2632 240 ) (-2368 2696 240 ) (-2368 2696 120 ) 
4 237 266 (-2368 2632 -1024 ) (-2368 2632 32 ) (-2368 2696 32 ) (-2368 2696 -1024 ) 
4 238 242 (-2392 2720 776 ) (-2392 2720 1024 ) (-2392 3072 1024 ) (-2392 3072 776 ) 
4 238 239 (-2368 2720 1024 ) (-2392 2720 1024 ) (-2392 2720 752 ) (-2368 2720 752 ) 
4 239 242 (-2392 2632 776 ) (-2392 2632 1024 ) (-2392 2720 1024 ) (-2392 2720 776 ) 
4 240 247 (-2392 2720 240 ) (-2392 2696 240 ) (-2392 2696 352 ) (-2392 2720 352 ) 
4 240 241 (-2368 2696 384 ) (-2392 2696 384 ) (-2392 2696 272 ) (-2368 2696 272 ) 
4 241 248 (-2392 2632 272 ) (-2392 2632 352 ) (-2392 2696 352 ) (-2392 2696 272 ) 
4 242 267 (-3072 3072 1024 ) (-3072 3072 776 ) (-3072 2632 776 ) (-3072 2632 1024 ) 
4 243 268 (-3072 3072 752 ) (-3072 3072 384 ) (-3072 2768 384 ) (-3072 2768 752 ) 
4 243 246 (-2392 3072 384 ) (-2392 2768 384 ) (-3072 2768 384 ) (-3072 3072 384 ) 
4 243 244 (-2392 2768 392 ) (-2392 2768 752 ) (-3072 2768 752 ) (-3072 2768 392 ) 
4 244 269 (-3072 2752 392 ) (-3072 2752 752 ) (-3072 2768 752 ) (-3072 2768 392 ) 
4 244 245 (-2392 2752 392 ) (-2392 2752 752 ) (-3072 2752 752 ) (-3072 2752 392 ) 
4 245 270 (-3072 2752 384 ) (-3072 2632 384 ) (-3072 2632 752 ) (-3072 2752 752 ) 
4 246 273 (-3072 3072 384 ) (-3072 3072 240 ) (-3072 2768 240 ) (-3072 2768 384 ) 
4 246 253 (-3072 2768 240 ) (-3072 3072 240 ) (-2392 3072 240 ) (-2392 2768 240 ) 
4 247 256 (-3072 2720 240 ) (-3072 2736 240 ) (-2392 2736 240 ) (-2392 2720 240 ) 
4 247 248 (-2392 2696 272 ) (-2392 2696 352 ) (-3072 2696 352 ) (-3072 2696 272 ) 
4 249 250 (-2368 2768 96 ) (-2384 2768 96 ) (-2384 2888 96 ) (-2368 2888 96 ) 
4 249 252 (-2368 2768 112 ) (-2384 2768 112 ) (-2384 2768 96 ) (-2368 2768 96 ) 
4 250 265 (-2384 3072 64 ) (-2368 3072 64 ) (-2368 2768 64 ) (-2384 2768 64 ) 
4 250 251 (-2384 3072 64 ) (-2384 2768 64 ) (-2384 2768 80 ) (-2384 3072 80 ) 
4 250 252 (-2384 2768 64 ) (-2368 2768 64 ) (-2368 2768 96 ) (-2384 2768 96 ) 
4 251 265 (-2392 3072 64 ) (-2384 3072 64 ) (-2384 2768 64 ) (-2392 2768 64 ) 
4 251 254 (-2392 3072 64 ) (-2392 2768 64 ) (-2392 2768 80 ) (-2392 3072 80 ) 
4 251 252 (-2392 2768 80 ) (-2392 2768 64 ) (-2384 2768 64 ) (-2384 2768 80 ) 
4 252 265 (-2368 2768 64 ) (-2368 2720 64 ) (-2392 2720 64 ) (-2392 2768 64 ) 
4 252 255 (-2392 2768 64 ) (-2392 2736 64 ) (-2392 2736 96 ) (-2392 2768 96 ) 
4 252 256 (-2392 2736 64 ) (-2392 2720 64 ) (-2392 2720 112 ) (-2392 2736 112 ) 
4 253 273 (-3072 3072 240 ) (-3072 3072 112 ) (-3072 2768 112 ) (-3072 2768 240 ) 
4 254 274 (-3072 3072 80 ) (-3072 3072 64 ) (-3072 2768 64 ) (-3072 2768 80 ) 
4 254 265 (-3072 2768 64 ) (-3072 3072 64 ) (-2392 3072 64 ) (-2392 2768 64 ) 
4 254 255 (-3072 2768 64 ) (-2392 2768 64 ) (-2392 2768 80 ) (-3072 2768 80 ) 
4 255 276 (-3072 2768 64 ) (-3072 2736 64 ) (-3072 2736 96 ) (-3072 2768 96 ) 
4 255 265 (-3072 2736 64 ) (-3072 2768 64 ) (-2392 2768 64 ) (-2392 2736 64 ) 
4 255 256 (-3072 2736 64 ) (-2392 2736 64 ) (-2392 2736 96 ) (-3072 2736 96 ) 
4 256 277 (-3072 2736 64 ) (-3072 2720 64 ) (-3072 2720 120 ) (-3072 2736 120 ) 
4 256 265 (-3072 2720 64 ) (-3072 2736 64 ) (-2392 2736 64 ) (-2392 2720 64 ) 
4 257 258 (-2512 2696 240 ) (-2512 2696 120 ) (-2512 2632 120 ) (-2512 2632 240 ) 
4 258 259 (-2528 2696 240 ) (-2528 2696 112 ) (-2528 2632 112 ) (-2528 2632 240 ) 
4 259 260 (-2544 2696 240 ) (-2544 2696 104 ) (-2544 2632 104 ) (-2544 2632 240 ) 
4 260 261 (-2560 2696 240 ) (-2560 2696 96 ) (-2560 2632 96 ) (-2560 2632 240 ) 
4 261 262 (-2576 2696 240 ) (-2576 2696 88 ) (-2576 2632 88 ) (-2576 2632 240 ) 
4 262 263 (-2592 2696 240 ) (-2592 2696 80 ) (-2592 2632 80 ) (-2592 2632 240 ) 
4 263 264 (-2608 2696 240 ) (-2608 2696 72 ) (-2608 2632 72 ) (-2608 2632 240 ) 
4 265 277 (-3072 2736 -1024 ) (-3072 2696 -1024 ) (-3072 2696 64 ) (-3072 2736 64 ) 
4 265 276 (-3072 2768 -1024 ) (-3072 2736 -1024 ) (-3072 2736 64 ) (-3072 2768 64 ) 
4 265 274 (-3072 3072 64 ) (-3072 3072 -1024 ) (-3072 2768 -1024 ) (-3072 2768 64 ) 
4 265 266 (-3072 2696 -1024 ) (-2368 2696 -1024 ) (-2368 2696 32 ) (-3072 2696 32 ) 
4 266 278 (-3072 2696 -1024 ) (-3072 2632 -1024 ) (-3072 2632 32 ) (-3072 2696 32 ) 
4 267 272 (-3104 2632 776 ) (-3104 2632 1024 ) (-3104 3072 1024 ) (-3104 3072 776 ) 
4 268 273 (-3088 2768 384 ) (-3088 3072 384 ) (-3072 3072 384 ) (-3072 2768 384 ) 
4 268 269 (-3088 2768 752 ) (-3088 2768 392 ) (-3072 2768 392 ) (-3072 2768 752 ) 
4 269 271 (-3088 2752 752 ) (-3088 2752 392 ) (-3080 2752 392 ) (-3080 2752 752 ) 
4 269 270 (-3080 2752 392 ) (-3072 2752 392 ) (-3072 2752 752 ) (-3080 2752 752 ) 
4 270 271 (-3080 2752 752 ) (-3080 2752 392 ) (-3080 2632 392 ) (-3080 2632 752 ) 
4 272 282 (-3104 2632 384 ) (-3896 2632 384 ) (-3896 3072 384 ) (-3104 3072 384 ) 
4 274 276 (-3088 2768 80 ) (-3088 2768 -1024 ) (-3072 2768 -1024 ) (-3072 2768 80 ) 
4 274 275 (-3088 3072 -1024 ) (-3088 2768 -1024 ) (-3088 2768 80 ) (-3088 3072 80 ) 
4 275 281 (-3096 3072 -1024 ) (-3096 2768 -1024 ) (-3096 2768 112 ) (-3096 3072 112 ) 
4 275 276 (-3096 2768 96 ) (-3096 2768 -1024 ) (-3088 2768 -1024 ) (-3088 2768 96 ) 
4 276 281 (-3096 2768 -1024 ) (-3096 2736 -1024 ) (-3096 2736 96 ) (-3096 2768 96 ) 
4 276 279 (-3096 2736 96 ) (-3096 2736 -1024 ) (-3088 2736 -1024 ) (-3088 2736 96 ) 
4 276 277 (-3088 2736 -1024 ) (-3072 2736 -1024 ) (-3072 2736 96 ) (-3088 2736 96 ) 
4 277 279 (-3088 2736 112 ) (-3088 2736 -1024 ) (-3088 2696 -1024 ) (-3088 2696 112 ) 
4 277 278 (-3088 2696 64 ) (-3088 2696 -1024 ) (-3072 2696 -1024 ) (-3072 2696 64 ) 
4 278 280 (-3088 2696 -1024 ) (-3088 2632 -1024 ) (-3088 2632 64 ) (-3088 2696 64 ) 
4 279 281 (-3096 2736 -1024 ) (-3096 2696 -1024 ) (-3096 2696 112 ) (-3096 2736 112 ) 
4 279 280 (-3096 2696 64 ) (-3096 2696 -1024 ) (-3088 2696 -1024 ) (-3088 2696 64 ) 
4 280 281 (-3096 2696 -1024 ) (-3096 2632 -1024 ) (-3096 2632 64 ) (-3096 2696 64 ) 
4 281 282 (-3104 3072 -1024 ) (-3104 2632 -1024 ) (-3104 2632 112 ) (-3104 3072 112 ) 
