PRT1
66
113
4 0 4 (64 320 32 ) (192 320 32 ) (192 320 144 ) (64 320 144 ) 
4 1 26 (0 0 256 ) (0 0 320 ) (0 320 320 ) (0 320 256 ) 
4 1 15 (128 0 320 ) (0 0 320 ) (0 0 256 ) (128 0 256 ) 
4 1 5 (256 0 256 ) (256 0 320 ) (128 0 320 ) (128 0 256 ) 
4 1 3 (4 320 256 ) (124 320 256 ) (124 0 256 ) (4 0 256 ) 
4 1 2 (132 320 256 ) (248 320 256 ) (248 0 256 ) (132 0 256 ) 
4 2 6 (248 0 256 ) (132 0 256 ) (132 0 248 ) (248 0 248 ) 
4 2 4 (132 320 248 ) (248 320 248 ) (248 0 248 ) (132 0 248 ) 
4 3 16 (124 0 256 ) (4 0 256 ) (4 0 248 ) (124 0 248 ) 
4 3 4 (4 320 248 ) (124 320 248 ) (124 0 248 ) (4 0 248 ) 
4 4 29 (0 0 32 ) (0 0 248 ) (0 320 248 ) (0 320 32 ) 
4 4 17 (128 0 248 ) (120 0 248 ) (120 0 32 ) (128 0 32 ) 
4 4 19 (120 0 248 ) (0 0 248 ) (0 0 32 ) (120 0 32 ) 
4 4 7 (256 0 32 ) (256 0 248 ) (128 0 248 ) (128 0 32 ) 
4 5 20 (256 -128 256 ) (256 -128 320 ) (128 -128 320 ) (128 -128 256 ) 
4 5 15 (128 -128 256 ) (128 -128 320 ) (128 0 320 ) (128 0 256 ) 
4 5 6 (248 -128 256 ) (132 -128 256 ) (132 0 256 ) (248 0 256 ) 
4 6 14 (248 -128 248 ) (132 -128 248 ) (132 -112 248 ) (248 -112 248 ) 
4 6 13 (132 -112 248 ) (132 -96 248 ) (248 -96 248 ) (248 -112 248 ) 
4 6 12 (132 -96 248 ) (132 -80 248 ) (248 -80 248 ) (248 -96 248 ) 
4 6 11 (132 -80 248 ) (132 -64 248 ) (248 -64 248 ) (248 -80 248 ) 
4 6 10 (132 -64 248 ) (132 -48 248 ) (248 -48 248 ) (248 -64 248 ) 
4 6 9 (132 -48 248 ) (132 -32 248 ) (248 -32 248 ) (248 -48 248 ) 
4 6 8 (132 -32 248 ) (132 -16 248 ) (248 -16 248 ) (248 -32 248 ) 
4 6 7 (132 -16 248 ) (132 0 248 ) (248 0 248 ) (248 -16 248 ) 
4 7 17 (128 0 32 ) (128 -16 32 ) (128 -16 248 ) (128 0 248 ) 
4 7 8 (256 -16 248 ) (128 -16 248 ) (128 -16 40 ) (256 -16 40 ) 
4 8 18 (128 -32 104 ) (128 -32 248 ) (128 -16 248 ) (128 -16 104 ) 
4 8 9 (256 -32 248 ) (128 -32 248 ) (128 -32 48 ) (256 -32 48 ) 
4 9 18 (128 -48 104 ) (128 -48 248 ) (128 -32 248 ) (128 -32 104 ) 
4 9 10 (256 -48 248 ) (128 -48 248 ) (128 -48 56 ) (256 -48 56 ) 
4 10 18 (128 -64 104 ) (128 -64 248 ) (128 -48 248 ) (128 -48 104 ) 
4 10 11 (256 -64 248 ) (128 -64 248 ) (128 -64 64 ) (256 -64 64 ) 
4 11 18 (128 -80 104 ) (128 -80 248 ) (128 -64 248 ) (128 -64 104 ) 
4 11 12 (256 -80 248 ) (128 -80 248 ) (128 -80 72 ) (256 -80 72 ) 
4 12 18 (128 -96 104 ) (128 -96 248 ) (128 -80 248 ) (128 -80 104 ) 
4 12 13 (256 -96 248 ) (128 -96 248 ) (128 -96 80 ) (256 -96 80 ) 
4 13 18 (128 -112 104 ) (128 -112 248 ) (128 -96 248 ) (128 -96 104 ) 
4 13 14 (256 -112 248 ) (128 -112 248 ) (128 -112 88 ) (256 -112 88 ) 
4 14 22 (248 -128 248 ) (128 -128 248 ) (128 -128 96 ) (248 -128 96 ) 
4 14 18 (128 -128 104 ) (128 -128 248 ) (128 -112 248 ) (128 -112 104 ) 
4 15 43 (0 -128 256 ) (0 -128 320 ) (0 0 320 ) (0 0 256 ) 
4 15 20 (0 -128 320 ) (0 -128 256 ) (128 -128 256 ) (128 -128 320 ) 
4 15 16 (124 -128 256 ) (4 -128 256 ) (4 0 256 ) (124 0 256 ) 
4 16 18 (124 -16 248 ) (124 -128 248 ) (120 -128 248 ) (120 -16 248 ) 
4 16 17 (120 0 248 ) (124 0 248 ) (124 -16 248 ) (120 -16 248 ) 
4 16 19 (4 0 248 ) (120 0 248 ) (120 -128 248 ) (4 -128 248 ) 
4 17 18 (120 -16 248 ) (120 -16 104 ) (128 -16 104 ) (128 -16 248 ) 
4 17 19 (120 0 32 ) (120 -16 32 ) (120 -16 248 ) (120 0 248 ) 
4 18 23 (128 -128 104 ) (128 -128 248 ) (120 -128 248 ) (120 -128 104 ) 
4 18 19 (120 -128 104 ) (120 -128 248 ) (120 -16 248 ) (120 -16 104 ) 
4 19 46 (0 -128 32 ) (0 -128 248 ) (0 0 248 ) (0 0 32 ) 
4 19 23 (0 -128 248 ) (0 -128 104 ) (120 -128 104 ) (120 -128 248 ) 
4 20 47 (0 -320 256 ) (0 -320 320 ) (0 -128 320 ) (0 -128 256 ) 
4 21 22 (248 -136 96 ) (248 -320 96 ) (248 -320 224 ) (248 -136 247 ) 
4 22 23 (128 -136 104 ) (128 -136 247 ) (128 -128 248 ) (128 -128 104 ) 
4 22 24 (128 -136 96 ) (128 -320 96 ) (128 -320 224 ) (128 -136 247 ) 
4 23 53 (0 -128 224 ) (0 -128 104 ) (0 -136 104 ) (0 -136 224 ) 
4 23 48 (0 -136 247 ) (0 -128 248 ) (0 -128 224 ) (0 -136 224 ) 
4 23 24 (128 -136 104 ) (128 -136 247 ) (0 -136 247 ) (0 -136 104 ) 
4 24 54 (0 -320 96 ) (0 -320 224 ) (0 -136 224 ) (0 -136 96 ) 
3 24 48 (0 -320 224 ) (0 -136 247 ) (0 -136 224 ) 
4 25 29 (-192 320 32 ) (-64 320 32 ) (-64 320 144 ) (-192 320 144 ) 
4 26 43 (0 0 256 ) (0 0 320 ) (-256 0 320 ) (-256 0 256 ) 
4 26 27 (-4 0 256 ) (-124 0 256 ) (-124 320 256 ) (-4 320 256 ) 
4 26 28 (-132 0 256 ) (-248 0 256 ) (-248 320 256 ) (-132 320 256 ) 
4 27 44 (-4 0 256 ) (-124 0 256 ) (-124 0 248 ) (-4 0 248 ) 
4 27 29 (-124 320 248 ) (-4 320 248 ) (-4 0 248 ) (-124 0 248 ) 
4 28 45 (-132 0 256 ) (-248 0 256 ) (-248 0 248 ) (-132 0 248 ) 
4 28 29 (-248 320 248 ) (-132 320 248 ) (-132 0 248 ) (-248 0 248 ) 
4 29 46 (0 0 32 ) (0 0 248 ) (-256 0 248 ) (-256 0 32 ) 
4 30 42 (-1184 320 0 ) (-1184 384 0 ) (-1120 384 0 ) (-1120 320 0 ) 
4 31 42 (-1184 192 0 ) (-1184 256 0 ) (-1120 256 0 ) (-1120 192 0 ) 
4 32 42 (-1184 64 0 ) (-1184 128 0 ) (-1120 128 0 ) (-1120 64 0 ) 
4 33 42 (-1312 320 0 ) (-1312 384 0 ) (-1248 384 0 ) (-1248 320 0 ) 
4 34 42 (-1312 192 0 ) (-1312 256 0 ) (-1248 256 0 ) (-1248 192 0 ) 
4 35 42 (-1312 64 0 ) (-1312 128 0 ) (-1248 128 0 ) (-1248 64 0 ) 
4 36 42 (-1440 320 0 ) (-1440 384 0 ) (-1376 384 0 ) (-1376 320 0 ) 
4 37 42 (-1440 192 0 ) (-1440 256 0 ) (-1376 256 0 ) (-1376 192 0 ) 
4 38 42 (-1440 64 0 ) (-1440 128 0 ) (-1376 128 0 ) (-1376 64 0 ) 
4 39 42 (-1568 320 0 ) (-1568 384 0 ) (-1504 384 0 ) (-1504 320 0 ) 
4 40 42 (-1568 192 0 ) (-1568 256 0 ) (-1504 256 0 ) (-1504 192 0 ) 
4 41 42 (-1568 64 0 ) (-1568 128 0 ) (-1504 128 0 ) (-1504 64 0 ) 
4 42 65 (-1088 0 0 ) (-1624 0 0 ) (-1624 0 -128 ) (-1088 0 -128 ) 
4 43 47 (-256 -128 320 ) (-256 -128 256 ) (0 -128 256 ) (0 -128 320 ) 
4 43 44 (-4 -128 256 ) (-124 -128 256 ) (-124 0 256 ) (-4 0 256 ) 
4 43 45 (-132 -128 256 ) (-248 -128 256 ) (-248 0 256 ) (-132 0 256 ) 
4 44 46 (-4 -128 248 ) (-124 -128 248 ) (-124 0 248 ) (-4 0 248 ) 
4 45 46 (-132 -128 248 ) (-248 -128 248 ) (-248 0 248 ) (-132 0 248 ) 
4 46 53 (-248 -128 104 ) (0 -128 104 ) (0 -128 224 ) (-248 -128 224 ) 
4 46 48 (-248 -128 224 ) (0 -128 224 ) (0 -128 248 ) (-248 -128 248 ) 
4 48 54 (0 -320 224 ) (-248 -320 224 ) (-248 -136 224 ) (0 -136 224 ) 
4 48 53 (-248 -136 224 ) (-248 -128 224 ) (0 -128 224 ) (0 -136 224 ) 
3 48 49 (-248 -136 224 ) (-248 -320 224 ) (-248 -136 247 ) 
4 49 54 (-248 -320 224 ) (-252 -320 224 ) (-252 -136 224 ) (-248 -136 224 ) 
4 49 51 (-252 -260 231.498047 ) (-252 -188 240.498047 ) (-252 -188 228 ) (-252 -260 228 ) 
4 49 50 (-252 -188 240.498047 ) (-252 -136 246.998047 ) (-252 -136 224 ) (-252 -188 224 ) 
3 49 52 (-252 -319.984375 224 ) (-252 -260 231.498047 ) (-252 -260 224 ) 
4 50 55 (-256 -188 224 ) (-256 -136 224 ) (-252 -136 224 ) (-252 -188 224 ) 
4 50 51 (-252 -188 228 ) (-252 -188 240.500000 ) (-256 -188 240.500000 ) (-256 -188 228 ) 
4 51 52 (-252 -260 228 ) (-252 -260 231.500000 ) (-256 -260 231.500000 ) (-256 -260 228 ) 
4 52 57 (-252 -320 224 ) (-256 -320 224 ) (-256 -260 224 ) (-252 -260 224 ) 
4 53 54 (0 -136 104 ) (0 -136 224 ) (-248 -136 224 ) (-248 -136 104 ) 
4 54 56 (-252 -192 96 ) (-252 -256 96 ) (-252 -256 224 ) (-252 -192 224 ) 
4 54 57 (-252 -260 96 ) (-252 -320 96 ) (-252 -320 224 ) (-252 -260 224 ) 
4 54 55 (-252 -136 224 ) (-252 -136 96 ) (-252 -188 96 ) (-252 -188 224 ) 
4 56 58 (-256 -256 224 ) (-256 -192 224 ) (-256 -192 96 ) (-256 -256 96 ) 
4 58 60 (-1024 -192 96 ) (-1024 -256 96 ) (-1024 -256 224 ) (-1024 -192 224 ) 
4 59 61 (-1184 0 32 ) (-1120 0 32 ) (-1120 -64 32 ) (-1184 -64 32 ) 
4 61 65 (-1184 0 0 ) (-1120 0 0 ) (-1120 -64 0 ) (-1184 -64 0 ) 
4 62 65 (-1312 -64 0 ) (-1312 0 0 ) (-1248 0 0 ) (-1248 -64 0 ) 
4 63 65 (-1440 -64 0 ) (-1440 0 0 ) (-1376 0 0 ) (-1376 -64 0 ) 
4 64 65 (-1568 -64 0 ) (-1568 0 0 ) (-1504 0 0 ) (-1504 -64 0 ) 
