


Using shader api: shaderapiempty.dll
materialPath: C:\Program Files (x86)\Steam\steamapps\common\Half-Life 2\ep2\materials
Loading C:\Users\zdrow\Documents\vmf\kolejowa.vmf
ConVarRef mat_specular_scalar doesn't point to an existing ConVar
Could not locate 'GameData' key in c:\program files (x86)\steam\steamapps\common\half-life 2\ep2\gameinfo.txt
Patching WVT material: maps/kolejowa/nature/blenddirtgravel001a_wvt_patch
fixing up env_cubemap materials on brush sides...
0...1...2...3...4...5...6...7...8...9...100...1...2...3...4...5...6...7...8...9...10Processing areas...done (0)
Building Faces...done (0)
Chop Details...done (0)
Find Visible Detail Sides...done (0)
Merging details...done (0)
FixTjuncs...
PruneNodes...
WriteBSP...
done (0)
writing C:\Users\zdrow\Documents\vmf\kolejowa.prt...Building visibility clusters...
done (0)
Creating default LDR cubemaps for env_cubemap using skybox materials:
   skybox/sky_day01_09*.vmt
 ! Run buildcubemaps in the engine to get the correct cube maps.
Creating default HDR cubemaps for env_cubemap using skybox materials:
   skybox/sky_day01_09*.vmt
 ! Run buildcubemaps in the engine to get the correct cube maps.
Finding displacement neighbors...
Finding lightmap sample positions...
Displacement Alpha : 0...1...2...3...4...5...6...7...8...9...10
Building Physics collision data...
WARNING: Map using power 4 displacements, terrain physics cannot be compressed, map will need additional memory and CPU.
done (0) (910550 bytes)
Placing detail props : 0...1...2...3...4...5...6...7...8...9...Material NATURE/BLENDGRASSGRAVEL002A uses unknown detail object type coastline_redgrass02!
Material NATURE/BLENDGRASSGRAVEL002A uses unknown detail object type coastline_redgrass02!
Material NATURE/BLENDGRASSGRAVEL002A uses unknown detail object type coastline_redgrass02!
Material NATURE/BLENDGRASSGRAVEL002A uses unknown detail object type coastline_redgrass02!
Material NATURE/BLENDGRASSGRAVEL002A uses unknown detail object type coastline_redgrass02!
10
Compacting texture/material tables...
Reduced 606 texinfos to 285
Reduced 46 texdatas to 37 (1197 bytes to 997)
Writing C:\Users\zdrow\Documents\vmf\kolejowa.bsp
1 second elapsed



16 threads
reading c:\users\zdrow\documents\vmf\kolejowa.bsp
reading c:\users\zdrow\documents\vmf\kolejowa.prt
 479 portalclusters
1727 numportals
0...1...2...3...4...5...6...7...8...9...100...1...2...3...4...5...6...7...8...9...10Optimized: 386 visible clusters (0.26%)
Total clusters visible: 146121
Average clusters visible: 305
Building PAS...
Average clusters audible: 471
visdatasize:59067  compressed from 61312
writing c:\users\zdrow\documents\vmf\kolejowa.bsp
12 seconds elapsed



[Reading texlights from 'lights.rad']
[48 texlights parsed from 'lights.rad']

Loading c:\users\zdrow\documents\vmf\kolejowa.bsp
1644 faces
343652 square feet [49485900.00 square inches]
14 Displacements
80137 Square Feet [11539753.00 Square Inches]
1644 patches before subdivision
39810 patches after subdivision
WARNING: light_spot at (376 664 495) has inner angle larger than 90 degrees! Clamping to 90...
WARNING: light_spot at (376 664 495) has outer angle larger than 90 degrees! Clamping to 90...
WARNING: light_spot at (-368 312 264) has outer angle larger than 90 degrees! Clamping to 90...
WARNING: light_spot at (-760 160 264) has outer angle larger than 90 degrees! Clamping to 90...
50 direct lights
0...1...2...3...4...5...6...7...8...9...100...1...2...3...4...5...6...7...8...9...10transfers 2967527, max 457
transfer lists:  22.6 megs
0...1...2...3...4...5...6...7...8...9...10	Bounce #1 added RGB(1802, 1516, 699)
0...1...2...3...4...5...6...7...8...9...10	Bounce #2 added RGB(215, 154, 51)
0...1...2...3...4...5...6...7...8...9...10	Bounce #3 added RGB(23, 14, 3)
0...1...2...3...4...5...6...7...8...9...10	Bounce #4 added RGB(3, 2, 0)
0...1...2...3...4...5...6...7...8...9...10	Bounce #5 added RGB(0, 0, 0)
Build Patch/Sample Hash Table(s).....Done<0.0086 sec>
0...1...2...3...4...5...6...7...8...9...10FinalLightFace Done
40 of 40 (100% of) surface lights went in leaf ambient cubes.
0...1...2...3...4...5...6...7...8...9...10Writing leaf ambient...done
Ready to Finish

Object names       Objects/Maxobjs  Memory / Maxmem  Fullness 
------------       ---------------  ---------------  -------- 
models                   3/2048          144/98304    ( 0.1%) 
brushes                305/16384        3660/196608   ( 1.9%) 
brushsides            2476/65536       19808/524288   ( 3.8%) 
planes                2038/65536       40760/1310720  ( 3.1%) 
vertexes              3000/65536       36000/786432   ( 4.6%) 
nodes                  761/65536       24352/2097152  ( 1.2%) 
texinfos               285/16384       20520/1179648  ( 1.7%) 
texdata                 37/8096         1184/259072   ( 0.5%) 
dispinfos               14/0            2464/0        ( 0.0%) 
disp_verts            4046/0           80920/0        ( 0.0%) 
disp_tris             7168/0           14336/0        ( 0.0%) 
disp_lmsamples      218222/0          218222/0        ( 0.0%) 
faces                 1644/65536       92064/3670016  ( 2.5%) 
hdr faces                0/65536           0/3670016  ( 0.0%) 
origfaces              959/65536       53704/3670016  ( 1.5%) 
leaves                 765/65536       24480/2097152  ( 1.2%) 
leaffaces             2804/65536        5608/131072   ( 4.3%) 
leafbrushes           1003/65536        2006/131072   ( 1.5%) 
areas                    2/256            16/2048     ( 0.8%) 
surfedges            11785/512000      47140/2048000  ( 2.3%) 
edges                 7117/256000      28468/1024000  ( 2.8%) 
LDR worldlights         50/8192         4400/720896   ( 0.6%) 
HDR worldlights          0/8192            0/720896   ( 0.0%) 
leafwaterdata            0/32768           0/393216   ( 0.0%) 
waterstrips            243/32768        2430/327680   ( 0.7%) 
waterverts               0/65536           0/786432   ( 0.0%) 
waterindices          4527/65536        9054/131072   ( 6.9%) 
cubemapsamples           1/1024           16/16384    ( 0.1%) 
overlays                 3/512          1056/180224   ( 0.6%) 
LDR lightdata         [variable]     2284832/0        ( 0.0%) 
HDR lightdata         [variable]           0/0        ( 0.0%) 
visdata               [variable]       59067/16777216 ( 0.4%) 
entdata               [variable]       17345/393216   ( 4.4%) 
LDR ambient table      765/65536        3060/262144   ( 1.2%) 
HDR ambient table      765/65536        3060/262144   ( 1.2%) 
LDR leaf ambient      1400/65536       39200/1835008  ( 2.1%) 
HDR leaf ambient       765/65536       21420/1835008  ( 1.2%) 
occluders                0/0               0/0        ( 0.0%) 
occluder polygons        0/0               0/0        ( 0.0%) 
occluder vert ind        0/0               0/0        ( 0.0%) 
detail props          [variable]           1/12       ( 8.3%) 
static props          [variable]           1/12624    ( 0.0%) 
pakfile               [variable]      213607/0        ( 0.0%) 
physics               [variable]      910550/4194304  (21.7%) 
physics terrain       [variable]           0/1048576  ( 0.0%) 

Level flags = 0

Total triangle count: 4614
Writing c:\users\zdrow\documents\vmf\kolejowa.bsp
2 seconds elapsed



Using shader api: shaderapiempty.dll
materialPath: C:\Program Files (x86)\Steam\steamapps\common\Half-Life 2\ep2\materials
Loading C:\Users\zdrow\Documents\vmf\kolejowa.vmf
ConVarRef mat_specular_scalar doesn't point to an existing ConVar
Could not locate 'GameData' key in c:\program files (x86)\steam\steamapps\common\half-life 2\ep2\gameinfo.txt
Patching WVT material: maps/kolejowa/nature/blenddirtgravel001a_wvt_patch
fixing up env_cubemap materials on brush sides...
0...1...2...3...4...5...6...7...8...9...100...1...2...3...4...5...6...7...8...9...10Processing areas...done (0)
Building Faces...done (0)
Chop Details...done (0)
Find Visible Detail Sides...done (0)
Merging details...done (0)
FixTjuncs...
PruneNodes...
WriteBSP...
done (0)
writing C:\Users\zdrow\Documents\vmf\kolejowa.prt...Building visibility clusters...
done (0)
Creating default LDR cubemaps for env_cubemap using skybox materials:
   skybox/sky_day01_09*.vmt
 ! Run buildcubemaps in the engine to get the correct cube maps.
Creating default HDR cubemaps for env_cubemap using skybox materials:
   skybox/sky_day01_09*.vmt
 ! Run buildcubemaps in the engine to get the correct cube maps.
Finding displacement neighbors...
Finding lightmap sample positions...
Displacement Alpha : 0...1...2...3...4...5...6...7...8...9...10
Building Physics collision data...
WARNING: Map using power 4 displacements, terrain physics cannot be compressed, map will need additional memory and CPU.
done (0) (910550 bytes)
Placing detail props : 0...1...2...3...4...5...6...7...8...9...Material NATURE/BLENDGRASSGRAVEL002A uses unknown detail object type coastline_redgrass02!
Material NATURE/BLENDGRASSGRAVEL002A uses unknown detail object type coastline_redgrass02!
Material NATURE/BLENDGRASSGRAVEL002A uses unknown detail object type coastline_redgrass02!
Material NATURE/BLENDGRASSGRAVEL002A uses unknown detail object type coastline_redgrass02!
Material NATURE/BLENDGRASSGRAVEL002A uses unknown detail object type coastline_redgrass02!
10
Compacting texture/material tables...
Reduced 606 texinfos to 285
Reduced 46 texdatas to 37 (1197 bytes to 997)
Writing C:\Users\zdrow\Documents\vmf\kolejowa.bsp
1 second elapsed



Using shader api: shaderapiempty.dll
materialPath: C:\Program Files (x86)\Steam\steamapps\common\Half-Life 2\ep2\materials
Loading C:\Users\zdrow\Documents\vmf\kolejowa.vmf
ConVarRef mat_specular_scalar doesn't point to an existing ConVar
Could not locate 'GameData' key in c:\program files (x86)\steam\steamapps\common\half-life 2\ep2\gameinfo.txt
Patching WVT material: maps/kolejowa/nature/blenddirtgravel001a_wvt_patch
fixing up env_cubemap materials on brush sides...
0...1...2...3...4...5...6...7...8...9...100...1...2...3...4...5...6...7...8...9...10Processing areas...done (0)
Building Faces...done (0)
Chop Details...done (0)
Find Visible Detail Sides...done (0)
Merging details...done (0)
FixTjuncs...
PruneNodes...
WriteBSP...
done (0)
writing C:\Users\zdrow\Documents\vmf\kolejowa.prt...Building visibility clusters...
done (0)
Creating default LDR cubemaps for env_cubemap using skybox materials:
   skybox/sky_day01_09*.vmt
 ! Run buildcubemaps in the engine to get the correct cube maps.
Creating default HDR cubemaps for env_cubemap using skybox materials:
   skybox/sky_day01_09*.vmt
 ! Run buildcubemaps in the engine to get the correct cube maps.
Finding displacement neighbors...
Finding lightmap sample positions...
Displacement Alpha : 0...1...2...3...4...5...6...7...8...9...10
Building Physics collision data...
WARNING: Map using power 4 displacements, terrain physics cannot be compressed, map will need additional memory and CPU.
done (0) (910550 bytes)
Placing detail props : 0...1...2...3...4...5...6...7...8...9...Material NATURE/BLENDGRASSGRAVEL002A uses unknown detail object type coastline_redgrass02!
Material NATURE/BLENDGRASSGRAVEL002A uses unknown detail object type coastline_redgrass02!
Material NATURE/BLENDGRASSGRAVEL002A uses unknown detail object type coastline_redgrass02!
Material NATURE/BLENDGRASSGRAVEL002A uses unknown detail object type coastline_redgrass02!
Material NATURE/BLENDGRASSGRAVEL002A uses unknown detail object type coastline_redgrass02!
10
Compacting texture/material tables...
Reduced 606 texinfos to 285
Reduced 46 texdatas to 37 (1197 bytes to 997)
Writing C:\Users\zdrow\Documents\vmf\kolejowa.bsp
1 second elapsed



16 threads
reading c:\users\zdrow\documents\vmf\kolejowa.bsp
reading c:\users\zdrow\documents\vmf\kolejowa.prt
 479 portalclusters
1727 numportals
0...1...2...3...4...5...6...7...8...9...100...1...2...3...4...5...6...7...8...9...10Optimized: 386 visible clusters (0.26%)
Total clusters visible: 146121
Average clusters visible: 305
Building PAS...
Average clusters audible: 471
visdatasize:59067  compressed from 61312
writing c:\users\zdrow\documents\vmf\kolejowa.bsp
12 seconds elapsed



[Reading texlights from 'lights.rad']
[48 texlights parsed from 'lights.rad']

Loading c:\users\zdrow\documents\vmf\kolejowa.bsp
1644 faces
343652 square feet [49485900.00 square inches]
14 Displacements
80137 Square Feet [11539753.00 Square Inches]
1644 patches before subdivision
39810 patches after subdivision
WARNING: light_spot at (376 664 495) has inner angle larger than 90 degrees! Clamping to 90...
WARNING: light_spot at (376 664 495) has outer angle larger than 90 degrees! Clamping to 90...
WARNING: light_spot at (-368 312 264) has outer angle larger than 90 degrees! Clamping to 90...
WARNING: light_spot at (-760 160 264) has outer angle larger than 90 degrees! Clamping to 90...
50 direct lights
0...1...2...3...4...5...6...7...8...9...100...1...2...3...4...5...6...7...8...9...10transfers 2967527, max 457
transfer lists:  22.6 megs
0...1...2...3...4...5...6...7...8...9...10	Bounce #1 added RGB(1802, 1516, 699)
0...1...2...3...4...5...6...7...8...9...10	Bounce #2 added RGB(215, 154, 51)
0...1...2...3...4...5...6...7...8...9...10	Bounce #3 added RGB(23, 14, 3)
0...1...2...3...4...5...6...7...8...9...10	Bounce #4 added RGB(3, 2, 0)
0...1...2...3...4...5...6...7...8...9...10	Bounce #5 added RGB(0, 0, 0)
Build Patch/Sample Hash Table(s).....Done<0.0076 sec>
0...1...2...3...4...5...6...7...8...9...10FinalLightFace Done
40 of 40 (100% of) surface lights went in leaf ambient cubes.
0...1...2...3...4...5...6...7...8...9...10Writing leaf ambient...done
Ready to Finish

Object names       Objects/Maxobjs  Memory / Maxmem  Fullness 
------------       ---------------  ---------------  -------- 
models                   3/2048          144/98304    ( 0.1%) 
brushes                305/16384        3660/196608   ( 1.9%) 
brushsides            2476/65536       19808/524288   ( 3.8%) 
planes                2038/65536       40760/1310720  ( 3.1%) 
vertexes              3000/65536       36000/786432   ( 4.6%) 
nodes                  761/65536       24352/2097152  ( 1.2%) 
texinfos               285/16384       20520/1179648  ( 1.7%) 
texdata                 37/8096         1184/259072   ( 0.5%) 
dispinfos               14/0            2464/0        ( 0.0%) 
disp_verts            4046/0           80920/0        ( 0.0%) 
disp_tris             7168/0           14336/0        ( 0.0%) 
disp_lmsamples      218222/0          218222/0        ( 0.0%) 
faces                 1644/65536       92064/3670016  ( 2.5%) 
hdr faces                0/65536           0/3670016  ( 0.0%) 
origfaces              959/65536       53704/3670016  ( 1.5%) 
leaves                 765/65536       24480/2097152  ( 1.2%) 
leaffaces             2804/65536        5608/131072   ( 4.3%) 
leafbrushes           1003/65536        2006/131072   ( 1.5%) 
areas                    2/256            16/2048     ( 0.8%) 
surfedges            11785/512000      47140/2048000  ( 2.3%) 
edges                 7117/256000      28468/1024000  ( 2.8%) 
LDR worldlights         50/8192         4400/720896   ( 0.6%) 
HDR worldlights          0/8192            0/720896   ( 0.0%) 
leafwaterdata            0/32768           0/393216   ( 0.0%) 
waterstrips            243/32768        2430/327680   ( 0.7%) 
waterverts               0/65536           0/786432   ( 0.0%) 
waterindices          4527/65536        9054/131072   ( 6.9%) 
cubemapsamples           1/1024           16/16384    ( 0.1%) 
overlays                 3/512          1056/180224   ( 0.6%) 
LDR lightdata         [variable]     2284832/0        ( 0.0%) 
HDR lightdata         [variable]           0/0        ( 0.0%) 
visdata               [variable]       59067/16777216 ( 0.4%) 
entdata               [variable]       17345/393216   ( 4.4%) 
LDR ambient table      765/65536        3060/262144   ( 1.2%) 
HDR ambient table      765/65536        3060/262144   ( 1.2%) 
LDR leaf ambient      1400/65536       39200/1835008  ( 2.1%) 
HDR leaf ambient       765/65536       21420/1835008  ( 1.2%) 
occluders                0/0               0/0        ( 0.0%) 
occluder polygons        0/0               0/0        ( 0.0%) 
occluder vert ind        0/0               0/0        ( 0.0%) 
detail props          [variable]           1/12       ( 8.3%) 
static props          [variable]           1/12624    ( 0.0%) 
pakfile               [variable]      213607/0        ( 0.0%) 
physics               [variable]      910550/4194304  (21.7%) 
physics terrain       [variable]           0/1048576  ( 0.0%) 

Level flags = 0

Total triangle count: 4614
Writing c:\users\zdrow\documents\vmf\kolejowa.bsp
2 seconds elapsed



Using shader api: shaderapiempty.dll
materialPath: C:\Program Files (x86)\Steam\steamapps\common\Half-Life 2\ep2\materials
Loading C:\Users\zdrow\Documents\vmf\kolejowa.vmf
ConVarRef mat_specular_scalar doesn't point to an existing ConVar
Could not locate 'GameData' key in c:\program files (x86)\steam\steamapps\common\half-life 2\ep2\gameinfo.txt
Patching WVT material: maps/kolejowa/nature/blenddirtgravel001a_wvt_patch
fixing up env_cubemap materials on brush sides...
0...1...2...3...4...5...6...7...8...9...100...1...2...3...4...5...6...7...8...9...10Processing areas...done (0)
Building Faces...done (0)
Chop Details...done (0)
Find Visible Detail Sides...done (0)
Merging details...done (0)
FixTjuncs...
PruneNodes...
WriteBSP...
done (0)
writing C:\Users\zdrow\Documents\vmf\kolejowa.prt...Building visibility clusters...
done (0)
Creating default LDR cubemaps for env_cubemap using skybox materials:
   skybox/sky_day01_09*.vmt
 ! Run buildcubemaps in the engine to get the correct cube maps.
Creating default HDR cubemaps for env_cubemap using skybox materials:
   skybox/sky_day01_09*.vmt
 ! Run buildcubemaps in the engine to get the correct cube maps.
Finding displacement neighbors...
Finding lightmap sample positions...
Displacement Alpha : 0...1...2...3...4...5...6...7...8...9...10
Building Physics collision data...
WARNING: Map using power 4 displacements, terrain physics cannot be compressed, map will need additional memory and CPU.
done (0) (910550 bytes)
Placing detail props : 0...1...2...3...4...5...6...7...8...9...Material NATURE/BLENDGRASSGRAVEL002A uses unknown detail object type coastline_redgrass02!
Material NATURE/BLENDGRASSGRAVEL002A uses unknown detail object type coastline_redgrass02!
Material NATURE/BLENDGRASSGRAVEL002A uses unknown detail object type coastline_redgrass02!
Material NATURE/BLENDGRASSGRAVEL002A uses unknown detail object type coastline_redgrass02!
Material NATURE/BLENDGRASSGRAVEL002A uses unknown detail object type coastline_redgrass02!
10
Compacting texture/material tables...
Reduced 606 texinfos to 285
Reduced 46 texdatas to 37 (1197 bytes to 997)
Writing C:\Users\zdrow\Documents\vmf\kolejowa.bsp
1 second elapsed



Using shader api: shaderapiempty.dll
materialPath: C:\Program Files (x86)\Steam\steamapps\common\Half-Life 2\ep2\materials
Loading C:\Users\zdrow\Documents\vmf\kolejowa.vmf
ConVarRef mat_specular_scalar doesn't point to an existing ConVar
Could not locate 'GameData' key in c:\program files (x86)\steam\steamapps\common\half-life 2\ep2\gameinfo.txt
Patching WVT material: maps/kolejowa/nature/blenddirtgravel001a_wvt_patch
fixing up env_cubemap materials on brush sides...
0...1...2...3...4...5...6...7...8...9...100...1...2...3...4...5...6...7...8...9...10Processing areas...done (0)
Building Faces...done (0)
Chop Details...done (0)
Find Visible Detail Sides...done (0)
Merging details...done (0)
FixTjuncs...
PruneNodes...
WriteBSP...
done (0)
writing C:\Users\zdrow\Documents\vmf\kolejowa.prt...Building visibility clusters...
done (0)
Creating default LDR cubemaps for env_cubemap using skybox materials:
   skybox/sky_day01_09*.vmt
 ! Run buildcubemaps in the engine to get the correct cube maps.
Creating default HDR cubemaps for env_cubemap using skybox materials:
   skybox/sky_day01_09*.vmt
 ! Run buildcubemaps in the engine to get the correct cube maps.
Finding displacement neighbors...
Finding lightmap sample positions...
Displacement Alpha : 0...1...2...3...4...5...6...7...8...9...10
Building Physics collision data...
WARNING: Map using power 4 displacements, terrain physics cannot be compressed, map will need additional memory and CPU.
done (0) (910550 bytes)
Placing detail props : 0...1...2...3...4...5...6...7...8...9...Material NATURE/BLENDGRASSGRAVEL002A uses unknown detail object type coastline_redgrass02!
Material NATURE/BLENDGRASSGRAVEL002A uses unknown detail object type coastline_redgrass02!
Material NATURE/BLENDGRASSGRAVEL002A uses unknown detail object type coastline_redgrass02!
Material NATURE/BLENDGRASSGRAVEL002A uses unknown detail object type coastline_redgrass02!
Material NATURE/BLENDGRASSGRAVEL002A uses unknown detail object type coastline_redgrass02!
10
Compacting texture/material tables...
Reduced 606 texinfos to 285
Reduced 46 texdatas to 37 (1197 bytes to 997)
Writing C:\Users\zdrow\Documents\vmf\kolejowa.bsp
1 second elapsed



16 threads
reading c:\users\zdrow\documents\vmf\kolejowa.bsp
reading c:\users\zdrow\documents\vmf\kolejowa.prt
 479 portalclusters
1727 numportals
0...1...2...3...4...5...6...7...8...9...100...1...2...3...4...5...6...7...8...9...10Optimized: 386 visible clusters (0.26%)
Total clusters visible: 146121
Average clusters visible: 305
Building PAS...
Average clusters audible: 471
visdatasize:59067  compressed from 61312
writing c:\users\zdrow\documents\vmf\kolejowa.bsp
12 seconds elapsed



[Reading texlights from 'lights.rad']
[48 texlights parsed from 'lights.rad']

Loading c:\users\zdrow\documents\vmf\kolejowa.bsp
1644 faces
343652 square feet [49485900.00 square inches]
14 Displacements
80137 Square Feet [11539753.00 Square Inches]
1644 patches before subdivision
39810 patches after subdivision
WARNING: light_spot at (376 664 495) has inner angle larger than 90 degrees! Clamping to 90...
WARNING: light_spot at (376 664 495) has outer angle larger than 90 degrees! Clamping to 90...
WARNING: light_spot at (-368 312 264) has outer angle larger than 90 degrees! Clamping to 90...
WARNING: light_spot at (-760 160 264) has outer angle larger than 90 degrees! Clamping to 90...
50 direct lights
0...1...2...3...4...5...6...7...8...9...100...1...2...3...4...5...6...7...8...9...10transfers 2967527, max 457
transfer lists:  22.6 megs
0...1...2...3...4...5...6...7...8...9...10	Bounce #1 added RGB(1802, 1516, 699)
0...1...2...3...4...5...6...7...8...9...10	Bounce #2 added RGB(215, 154, 51)
0...1...2...3...4...5...6...7...8...9...10	Bounce #3 added RGB(23, 14, 3)
0...1...2...3...4...5...6...7...8...9...10	Bounce #4 added RGB(3, 2, 0)
0...1...2...3...4...5...6...7...8...9...10	Bounce #5 added RGB(0, 0, 0)
Build Patch/Sample Hash Table(s).....Done<0.0078 sec>
0...1...2...3...4...5...6...7...8...9...10FinalLightFace Done
40 of 40 (100% of) surface lights went in leaf ambient cubes.
0...1...2...3...4...5...6...7...8...9...10Writing leaf ambient...done
Ready to Finish

Object names       Objects/Maxobjs  Memory / Maxmem  Fullness 
------------       ---------------  ---------------  -------- 
models                   3/2048          144/98304    ( 0.1%) 
brushes                305/16384        3660/196608   ( 1.9%) 
brushsides            2476/65536       19808/524288   ( 3.8%) 
planes                2038/65536       40760/1310720  ( 3.1%) 
vertexes              3000/65536       36000/786432   ( 4.6%) 
nodes                  761/65536       24352/2097152  ( 1.2%) 
texinfos               285/16384       20520/1179648  ( 1.7%) 
texdata                 37/8096         1184/259072   ( 0.5%) 
dispinfos               14/0            2464/0        ( 0.0%) 
disp_verts            4046/0           80920/0        ( 0.0%) 
disp_tris             7168/0           14336/0        ( 0.0%) 
disp_lmsamples      218222/0          218222/0        ( 0.0%) 
faces                 1644/65536       92064/3670016  ( 2.5%) 
hdr faces                0/65536           0/3670016  ( 0.0%) 
origfaces              959/65536       53704/3670016  ( 1.5%) 
leaves                 765/65536       24480/2097152  ( 1.2%) 
leaffaces             2804/65536        5608/131072   ( 4.3%) 
leafbrushes           1003/65536        2006/131072   ( 1.5%) 
areas                    2/256            16/2048     ( 0.8%) 
surfedges            11785/512000      47140/2048000  ( 2.3%) 
edges                 7117/256000      28468/1024000  ( 2.8%) 
LDR worldlights         50/8192         4400/720896   ( 0.6%) 
HDR worldlights          0/8192            0/720896   ( 0.0%) 
leafwaterdata            0/32768           0/393216   ( 0.0%) 
waterstrips            243/32768        2430/327680   ( 0.7%) 
waterverts               0/65536           0/786432   ( 0.0%) 
waterindices          4527/65536        9054/131072   ( 6.9%) 
cubemapsamples           1/1024           16/16384    ( 0.1%) 
overlays                 3/512          1056/180224   ( 0.6%) 
LDR lightdata         [variable]     2284832/0        ( 0.0%) 
HDR lightdata         [variable]           0/0        ( 0.0%) 
visdata               [variable]       59067/16777216 ( 0.4%) 
entdata               [variable]       17345/393216   ( 4.4%) 
LDR ambient table      765/65536        3060/262144   ( 1.2%) 
HDR ambient table      765/65536        3060/262144   ( 1.2%) 
LDR leaf ambient      1400/65536       39200/1835008  ( 2.1%) 
HDR leaf ambient       765/65536       21420/1835008  ( 1.2%) 
occluders                0/0               0/0        ( 0.0%) 
occluder polygons        0/0               0/0        ( 0.0%) 
occluder vert ind        0/0               0/0        ( 0.0%) 
detail props          [variable]           1/12       ( 8.3%) 
static props          [variable]           1/12624    ( 0.0%) 
pakfile               [variable]      213607/0        ( 0.0%) 
physics               [variable]      910550/4194304  (21.7%) 
physics terrain       [variable]           0/1048576  ( 0.0%) 

Level flags = 0

Total triangle count: 4614
Writing c:\users\zdrow\documents\vmf\kolejowa.bsp
2 seconds elapsed



Using shader api: shaderapiempty.dll
materialPath: C:\Program Files (x86)\Steam\steamapps\common\Half-Life 2\ep2\materials
Loading C:\Users\zdrow\Documents\vmf\kolejowa.vmf
ConVarRef mat_specular_scalar doesn't point to an existing ConVar
Could not locate 'GameData' key in c:\program files (x86)\steam\steamapps\common\half-life 2\ep2\gameinfo.txt
Patching WVT material: maps/kolejowa/nature/blenddirtgravel001a_wvt_patch
fixing up env_cubemap materials on brush sides...
0...1...2...3...4...5...6...7...8...9...100...1...2...3...4...5...6...7...8...9...10Processing areas...done (0)
Building Faces...done (0)
Chop Details...done (0)
Find Visible Detail Sides...done (0)
Merging details...done (0)
FixTjuncs...
PruneNodes...
WriteBSP...
done (0)
writing C:\Users\zdrow\Documents\vmf\kolejowa.prt...Building visibility clusters...
done (0)
Creating default LDR cubemaps for env_cubemap using skybox materials:
   skybox/sky_day01_09*.vmt
 ! Run buildcubemaps in the engine to get the correct cube maps.
Creating default HDR cubemaps for env_cubemap using skybox materials:
   skybox/sky_day01_09*.vmt
 ! Run buildcubemaps in the engine to get the correct cube maps.
Finding displacement neighbors...
Finding lightmap sample positions...
Displacement Alpha : 0...1...2...3...4...5...6...7...8...9...10
Building Physics collision data...
WARNING: Map using power 4 displacements, terrain physics cannot be compressed, map will need additional memory and CPU.
done (0) (910550 bytes)
Placing detail props : 0...1...2...3...4...5...6...7...8...9...Material NATURE/BLENDGRASSGRAVEL002A uses unknown detail object type coastline_redgrass02!
Material NATURE/BLENDGRASSGRAVEL002A uses unknown detail object type coastline_redgrass02!
Material NATURE/BLENDGRASSGRAVEL002A uses unknown detail object type coastline_redgrass02!
Material NATURE/BLENDGRASSGRAVEL002A uses unknown detail object type coastline_redgrass02!
Material NATURE/BLENDGRASSGRAVEL002A uses unknown detail object type coastline_redgrass02!
10
Compacting texture/material tables...
Reduced 606 texinfos to 285
Reduced 46 texdatas to 37 (1197 bytes to 997)
Writing C:\Users\zdrow\Documents\vmf\kolejowa.bsp
1 second elapsed



16 threads
reading c:\users\zdrow\documents\vmf\kolejowa.bsp
reading c:\users\zdrow\documents\vmf\kolejowa.prt
 479 portalclusters
1727 numportals
0...1...2...3...4...5...6...7...8...9...100...1...2...3...4...5...6...7...8...9...10Optimized: 386 visible clusters (0.26%)
Total clusters visible: 146121
Average clusters visible: 305
Building PAS...
Average clusters audible: 471
visdatasize:59067  compressed from 61312
writing c:\users\zdrow\documents\vmf\kolejowa.bsp
12 seconds elapsed



[Reading texlights from 'lights.rad']
[48 texlights parsed from 'lights.rad']

Loading c:\users\zdrow\documents\vmf\kolejowa.bsp
1644 faces
343652 square feet [49485900.00 square inches]
14 Displacements
80137 Square Feet [11539753.00 Square Inches]
1644 patches before subdivision
39810 patches after subdivision
WARNING: light_spot at (376 664 495) has inner angle larger than 90 degrees! Clamping to 90...
WARNING: light_spot at (376 664 495) has outer angle larger than 90 degrees! Clamping to 90...
WARNING: light_spot at (-368 312 264) has outer angle larger than 90 degrees! Clamping to 90...
WARNING: light_spot at (-760 160 264) has outer angle larger than 90 degrees! Clamping to 90...
50 direct lights
0...1...2...3...4...5...6...7...8...9...100...1...2...3...4...5...6...7...8...9...10transfers 2967527, max 457
transfer lists:  22.6 megs
0...1...2...3...4...5...6...7...8...9...10	Bounce #1 added RGB(1802, 1516, 699)
0...1...2...3...4...5...6...7...8...9...10	Bounce #2 added RGB(215, 154, 51)
0...1...2...3...4...5...6...7...8...9...10	Bounce #3 added RGB(23, 14, 3)
0...1...2...3...4...5...6...7...8...9...10	Bounce #4 added RGB(3, 2, 0)
0...1...2...3...4...5...6...7...8...9...10	Bounce #5 added RGB(0, 0, 0)
Build Patch/Sample Hash Table(s).....Done<0.0078 sec>
0...1...2...3...4...5...6...7...8...9...10FinalLightFace Done
40 of 40 (100% of) surface lights went in leaf ambient cubes.
0...1...2...3...4...5...6...7...8...9...10Writing leaf ambient...done
Ready to Finish

Object names       Objects/Maxobjs  Memory / Maxmem  Fullness 
------------       ---------------  ---------------  -------- 
models                   3/2048          144/98304    ( 0.1%) 
brushes                305/16384        3660/196608   ( 1.9%) 
brushsides            2476/65536       19808/524288   ( 3.8%) 
planes                2038/65536       40760/1310720  ( 3.1%) 
vertexes              3000/65536       36000/786432   ( 4.6%) 
nodes                  761/65536       24352/2097152  ( 1.2%) 
texinfos               285/16384       20520/1179648  ( 1.7%) 
texdata                 37/8096         1184/259072   ( 0.5%) 
dispinfos               14/0            2464/0        ( 0.0%) 
disp_verts            4046/0           80920/0        ( 0.0%) 
disp_tris             7168/0           14336/0        ( 0.0%) 
disp_lmsamples      218222/0          218222/0        ( 0.0%) 
faces                 1644/65536       92064/3670016  ( 2.5%) 
hdr faces                0/65536           0/3670016  ( 0.0%) 
origfaces              959/65536       53704/3670016  ( 1.5%) 
leaves                 765/65536       24480/2097152  ( 1.2%) 
leaffaces             2804/65536        5608/131072   ( 4.3%) 
leafbrushes           1003/65536        2006/131072   ( 1.5%) 
areas                    2/256            16/2048     ( 0.8%) 
surfedges            11785/512000      47140/2048000  ( 2.3%) 
edges                 7117/256000      28468/1024000  ( 2.8%) 
LDR worldlights         50/8192         4400/720896   ( 0.6%) 
HDR worldlights          0/8192            0/720896   ( 0.0%) 
leafwaterdata            0/32768           0/393216   ( 0.0%) 
waterstrips            243/32768        2430/327680   ( 0.7%) 
waterverts               0/65536           0/786432   ( 0.0%) 
waterindices          4527/65536        9054/131072   ( 6.9%) 
cubemapsamples           1/1024           16/16384    ( 0.1%) 
overlays                 3/512          1056/180224   ( 0.6%) 
LDR lightdata         [variable]     2284832/0        ( 0.0%) 
HDR lightdata         [variable]           0/0        ( 0.0%) 
visdata               [variable]       59067/16777216 ( 0.4%) 
entdata               [variable]       17345/393216   ( 4.4%) 
LDR ambient table      765/65536        3060/262144   ( 1.2%) 
HDR ambient table      765/65536        3060/262144   ( 1.2%) 
LDR leaf ambient      1400/65536       39200/1835008  ( 2.1%) 
HDR leaf ambient       765/65536       21420/1835008  ( 1.2%) 
occluders                0/0               0/0        ( 0.0%) 
occluder polygons        0/0               0/0        ( 0.0%) 
occluder vert ind        0/0               0/0        ( 0.0%) 
detail props          [variable]           1/12       ( 8.3%) 
static props          [variable]           1/12624    ( 0.0%) 
pakfile               [variable]      213607/0        ( 0.0%) 
physics               [variable]      910550/4194304  (21.7%) 
physics terrain       [variable]           0/1048576  ( 0.0%) 

Level flags = 0

Total triangle count: 4614
Writing c:\users\zdrow\documents\vmf\kolejowa.bsp
2 seconds elapsed



Using shader api: shaderapiempty.dll
materialPath: C:\Program Files (x86)\Steam\steamapps\common\Half-Life 2\ep2\materials
Loading C:\Users\zdrow\Documents\vmf\kolejowa.vmf
ConVarRef mat_specular_scalar doesn't point to an existing ConVar
Could not locate 'GameData' key in c:\program files (x86)\steam\steamapps\common\half-life 2\ep2\gameinfo.txt
Patching WVT material: maps/kolejowa/nature/blenddirtgravel001a_wvt_patch
fixing up env_cubemap materials on brush sides...
0...1...2...3...4...5...6...7...8...9...100...1...2...3...4...5...6...7...8...9...10Processing areas...done (0)
Building Faces...done (0)
Chop Details...done (0)
Find Visible Detail Sides...done (0)
Merging details...done (0)
FixTjuncs...
PruneNodes...
WriteBSP...
done (0)
writing C:\Users\zdrow\Documents\vmf\kolejowa.prt...Building visibility clusters...
done (0)
Creating default LDR cubemaps for env_cubemap using skybox materials:
   skybox/sky_day01_09*.vmt
 ! Run buildcubemaps in the engine to get the correct cube maps.
Creating default HDR cubemaps for env_cubemap using skybox materials:
   skybox/sky_day01_09*.vmt
 ! Run buildcubemaps in the engine to get the correct cube maps.
Finding displacement neighbors...
Finding lightmap sample positions...
Displacement Alpha : 0...1...2...3...4...5...6...7...8...9...10
Building Physics collision data...
WARNING: Map using power 4 displacements, terrain physics cannot be compressed, map will need additional memory and CPU.
done (0) (910550 bytes)
Placing detail props : 0...1...2...3...4...5...6...7...8...9...Material NATURE/BLENDGRASSGRAVEL002A uses unknown detail object type coastline_redgrass02!
Material NATURE/BLENDGRASSGRAVEL002A uses unknown detail object type coastline_redgrass02!
Material NATURE/BLENDGRASSGRAVEL002A uses unknown detail object type coastline_redgrass02!
Material NATURE/BLENDGRASSGRAVEL002A uses unknown detail object type coastline_redgrass02!
Material NATURE/BLENDGRASSGRAVEL002A uses unknown detail object type coastline_redgrass02!
10
Compacting texture/material tables...
Reduced 606 texinfos to 285
Reduced 46 texdatas to 37 (1197 bytes to 997)
Writing C:\Users\zdrow\Documents\vmf\kolejowa.bsp
1 second elapsed



16 threads
reading c:\users\zdrow\documents\vmf\kolejowa.bsp
reading c:\users\zdrow\documents\vmf\kolejowa.prt
 479 portalclusters
1727 numportals
0...1...2...3...4...5...6...7...8...9...100...1...2...3...4...5...6...7...8...9...10Optimized: 386 visible clusters (0.26%)
Total clusters visible: 146121
Average clusters visible: 305
Building PAS...
Average clusters audible: 471
visdatasize:59067  compressed from 61312
writing c:\users\zdrow\documents\vmf\kolejowa.bsp
12 seconds elapsed



[Reading texlights from 'lights.rad']
[48 texlights parsed from 'lights.rad']

Loading c:\users\zdrow\documents\vmf\kolejowa.bsp
1644 faces
343652 square feet [49485900.00 square inches]
14 Displacements
80137 Square Feet [11539753.00 Square Inches]
1644 patches before subdivision
39810 patches after subdivision
WARNING: light_spot at (376 664 495) has inner angle larger than 90 degrees! Clamping to 90...
WARNING: light_spot at (376 664 495) has outer angle larger than 90 degrees! Clamping to 90...
WARNING: light_spot at (-368 312 264) has outer angle larger than 90 degrees! Clamping to 90...
WARNING: light_spot at (-760 160 264) has outer angle larger than 90 degrees! Clamping to 90...
50 direct lights
0...1...2...3...4...5...6...7...8...9...100...1...2...3...4...5...6...7...8...9...10transfers 2967527, max 457
transfer lists:  22.6 megs
0...1...2...3...4...5...6...7...8...9...10	Bounce #1 added RGB(1802, 1516, 699)
0...1...2...3...4...5...6...7...8...9...10	Bounce #2 added RGB(215, 154, 51)
0...1...2...3...4...5...6...7...8...9...10	Bounce #3 added RGB(23, 14, 3)
0...1...2...3...4...5...6...7...8...9...10	Bounce #4 added RGB(3, 2, 0)
0...1...2...3...4...5...6...7...8...9...10	Bounce #5 added RGB(0, 0, 0)
Build Patch/Sample Hash Table(s).....Done<0.0080 sec>
0...1...2...3...4...5...6...7...8...9...10FinalLightFace Done
40 of 40 (100% of) surface lights went in leaf ambient cubes.
0...1...2...3...4...5...6...7...8...9...10Writing leaf ambient...done
Ready to Finish

Object names       Objects/Maxobjs  Memory / Maxmem  Fullness 
------------       ---------------  ---------------  -------- 
models                   3/2048          144/98304    ( 0.1%) 
brushes                305/16384        3660/196608   ( 1.9%) 
brushsides            2476/65536       19808/524288   ( 3.8%) 
planes                2038/65536       40760/1310720  ( 3.1%) 
vertexes              3000/65536       36000/786432   ( 4.6%) 
nodes                  761/65536       24352/2097152  ( 1.2%) 
texinfos               285/16384       20520/1179648  ( 1.7%) 
texdata                 37/8096         1184/259072   ( 0.5%) 
dispinfos               14/0            2464/0        ( 0.0%) 
disp_verts            4046/0           80920/0        ( 0.0%) 
disp_tris             7168/0           14336/0        ( 0.0%) 
disp_lmsamples      218222/0          218222/0        ( 0.0%) 
faces                 1644/65536       92064/3670016  ( 2.5%) 
hdr faces                0/65536           0/3670016  ( 0.0%) 
origfaces              959/65536       53704/3670016  ( 1.5%) 
leaves                 765/65536       24480/2097152  ( 1.2%) 
leaffaces             2804/65536        5608/131072   ( 4.3%) 
leafbrushes           1003/65536        2006/131072   ( 1.5%) 
areas                    2/256            16/2048     ( 0.8%) 
surfedges            11785/512000      47140/2048000  ( 2.3%) 
edges                 7117/256000      28468/1024000  ( 2.8%) 
LDR worldlights         50/8192         4400/720896   ( 0.6%) 
HDR worldlights          0/8192            0/720896   ( 0.0%) 
leafwaterdata            0/32768           0/393216   ( 0.0%) 
waterstrips            243/32768        2430/327680   ( 0.7%) 
waterverts               0/65536           0/786432   ( 0.0%) 
waterindices          4527/65536        9054/131072   ( 6.9%) 
cubemapsamples           1/1024           16/16384    ( 0.1%) 
overlays                 3/512          1056/180224   ( 0.6%) 
LDR lightdata         [variable]     2284832/0        ( 0.0%) 
HDR lightdata         [variable]           0/0        ( 0.0%) 
visdata               [variable]       59067/16777216 ( 0.4%) 
entdata               [variable]       17345/393216   ( 4.4%) 
LDR ambient table      765/65536        3060/262144   ( 1.2%) 
HDR ambient table      765/65536        3060/262144   ( 1.2%) 
LDR leaf ambient      1400/65536       39200/1835008  ( 2.1%) 
HDR leaf ambient       765/65536       21420/1835008  ( 1.2%) 
occluders                0/0               0/0        ( 0.0%) 
occluder polygons        0/0               0/0        ( 0.0%) 
occluder vert ind        0/0               0/0        ( 0.0%) 
detail props          [variable]           1/12       ( 8.3%) 
static props          [variable]           1/12624    ( 0.0%) 
pakfile               [variable]      213607/0        ( 0.0%) 
physics               [variable]      910550/4194304  (21.7%) 
physics terrain       [variable]           0/1048576  ( 0.0%) 

Level flags = 0

Total triangle count: 4614
Writing c:\users\zdrow\documents\vmf\kolejowa.bsp
2 seconds elapsed



Using shader api: shaderapiempty.dll
materialPath: C:\Program Files (x86)\Steam\steamapps\common\Half-Life 2\ep2\materials
Loading C:\Users\zdrow\Documents\vmf\kolejowa.vmf
ConVarRef mat_specular_scalar doesn't point to an existing ConVar
Could not locate 'GameData' key in c:\program files (x86)\steam\steamapps\common\half-life 2\ep2\gameinfo.txt
Patching WVT material: maps/kolejowa/nature/blenddirtgravel001a_wvt_patch
fixing up env_cubemap materials on brush sides...
0...1...2...3...4...5...6...7...8...9...100...1...2...3...4...5...6...7...8...9...10Processing areas...done (0)
Building Faces...done (0)
Chop Details...done (0)
Find Visible Detail Sides...done (0)
Merging details...done (0)
FixTjuncs...
PruneNodes...
WriteBSP...
done (0)
writing C:\Users\zdrow\Documents\vmf\kolejowa.prt...Building visibility clusters...
done (0)
Creating default LDR cubemaps for env_cubemap using skybox materials:
   skybox/sky_day01_09*.vmt
 ! Run buildcubemaps in the engine to get the correct cube maps.
Creating default HDR cubemaps for env_cubemap using skybox materials:
   skybox/sky_day01_09*.vmt
 ! Run buildcubemaps in the engine to get the correct cube maps.
Finding displacement neighbors...
Finding lightmap sample positions...
Displacement Alpha : 0...1...2...3...4...5...6...7...8...9...10
Building Physics collision data...
WARNING: Map using power 4 displacements, terrain physics cannot be compressed, map will need additional memory and CPU.
done (0) (910550 bytes)
Placing detail props : 0...1...2...3...4...5...6...7...8...9...Material NATURE/BLENDGRASSGRAVEL002A uses unknown detail object type coastline_redgrass02!
Material NATURE/BLENDGRASSGRAVEL002A uses unknown detail object type coastline_redgrass02!
Material NATURE/BLENDGRASSGRAVEL002A uses unknown detail object type coastline_redgrass02!
Material NATURE/BLENDGRASSGRAVEL002A uses unknown detail object type coastline_redgrass02!
Material NATURE/BLENDGRASSGRAVEL002A uses unknown detail object type coastline_redgrass02!
10
Compacting texture/material tables...
Reduced 606 texinfos to 285
Reduced 46 texdatas to 37 (1197 bytes to 997)
Writing C:\Users\zdrow\Documents\vmf\kolejowa.bsp
1 second elapsed



16 threads
reading c:\users\zdrow\documents\vmf\kolejowa.bsp
reading c:\users\zdrow\documents\vmf\kolejowa.prt
 479 portalclusters
1727 numportals
0...1...2...3...4...5...6...7...8...9...100...1...2...3...4...5...6...7...8...9...10Optimized: 386 visible clusters (0.26%)
Total clusters visible: 146121
Average clusters visible: 305
Building PAS...
Average clusters audible: 471
visdatasize:59067  compressed from 61312
writing c:\users\zdrow\documents\vmf\kolejowa.bsp
12 seconds elapsed



[Reading texlights from 'lights.rad']
[48 texlights parsed from 'lights.rad']

Loading c:\users\zdrow\documents\vmf\kolejowa.bsp
1644 faces
343652 square feet [49485900.00 square inches]
14 Displacements
80137 Square Feet [11539753.00 Square Inches]
1644 patches before subdivision
39810 patches after subdivision
WARNING: light_spot at (376 664 495) has inner angle larger than 90 degrees! Clamping to 90...
WARNING: light_spot at (376 664 495) has outer angle larger than 90 degrees! Clamping to 90...
WARNING: light_spot at (-368 312 264) has outer angle larger than 90 degrees! Clamping to 90...
WARNING: light_spot at (-760 160 264) has outer angle larger than 90 degrees! Clamping to 90...
50 direct lights
0...1...2...3...4...5...6...7...8...9...100...1...2...3...4...5...6...7...8...9...10transfers 2967527, max 457
transfer lists:  22.6 megs
0...1...2...3...4...5...6...7...8...9...10	Bounce #1 added RGB(1802, 1516, 699)
0...1...2...3...4...5...6...7...8...9...10	Bounce #2 added RGB(215, 154, 51)
0...1...2...3...4...5...6...7...8...9...10	Bounce #3 added RGB(23, 14, 3)
0...1...2...3...4...5...6...7...8...9...10	Bounce #4 added RGB(3, 2, 0)
0...1...2...3...4...5...6...7...8...9...10	Bounce #5 added RGB(0, 0, 0)
Build Patch/Sample Hash Table(s).....Done<0.0077 sec>
0...1...2...3...4...5...6...7...8...9...10FinalLightFace Done
40 of 40 (100% of) surface lights went in leaf ambient cubes.
0...1...2...3...4...5...6...7...8...9...10Writing leaf ambient...done
Ready to Finish

Object names       Objects/Maxobjs  Memory / Maxmem  Fullness 
------------       ---------------  ---------------  -------- 
models                   3/2048          144/98304    ( 0.1%) 
brushes                305/16384        3660/196608   ( 1.9%) 
brushsides            2476/65536       19808/524288   ( 3.8%) 
planes                2038/65536       40760/1310720  ( 3.1%) 
vertexes              3000/65536       36000/786432   ( 4.6%) 
nodes                  761/65536       24352/2097152  ( 1.2%) 
texinfos               285/16384       20520/1179648  ( 1.7%) 
texdata                 37/8096         1184/259072   ( 0.5%) 
dispinfos               14/0            2464/0        ( 0.0%) 
disp_verts            4046/0           80920/0        ( 0.0%) 
disp_tris             7168/0           14336/0        ( 0.0%) 
disp_lmsamples      218222/0          218222/0        ( 0.0%) 
faces                 1644/65536       92064/3670016  ( 2.5%) 
hdr faces                0/65536           0/3670016  ( 0.0%) 
origfaces              959/65536       53704/3670016  ( 1.5%) 
leaves                 765/65536       24480/2097152  ( 1.2%) 
leaffaces             2804/65536        5608/131072   ( 4.3%) 
leafbrushes           1003/65536        2006/131072   ( 1.5%) 
areas                    2/256            16/2048     ( 0.8%) 
surfedges            11785/512000      47140/2048000  ( 2.3%) 
edges                 7117/256000      28468/1024000  ( 2.8%) 
LDR worldlights         50/8192         4400/720896   ( 0.6%) 
HDR worldlights          0/8192            0/720896   ( 0.0%) 
leafwaterdata            0/32768           0/393216   ( 0.0%) 
waterstrips            243/32768        2430/327680   ( 0.7%) 
waterverts               0/65536           0/786432   ( 0.0%) 
waterindices          4527/65536        9054/131072   ( 6.9%) 
cubemapsamples           1/1024           16/16384    ( 0.1%) 
overlays                 3/512          1056/180224   ( 0.6%) 
LDR lightdata         [variable]     2284832/0        ( 0.0%) 
HDR lightdata         [variable]           0/0        ( 0.0%) 
visdata               [variable]       59067/16777216 ( 0.4%) 
entdata               [variable]       17345/393216   ( 4.4%) 
LDR ambient table      765/65536        3060/262144   ( 1.2%) 
HDR ambient table      765/65536        3060/262144   ( 1.2%) 
LDR leaf ambient      1400/65536       39200/1835008  ( 2.1%) 
HDR leaf ambient       765/65536       21420/1835008  ( 1.2%) 
occluders                0/0               0/0        ( 0.0%) 
occluder polygons        0/0               0/0        ( 0.0%) 
occluder vert ind        0/0               0/0        ( 0.0%) 
detail props          [variable]           1/12       ( 8.3%) 
static props          [variable]           1/12624    ( 0.0%) 
pakfile               [variable]      213607/0        ( 0.0%) 
physics               [variable]      910550/4194304  (21.7%) 
physics terrain       [variable]           0/1048576  ( 0.0%) 

Level flags = 0

Total triangle count: 4614
Writing c:\users\zdrow\documents\vmf\kolejowa.bsp
2 seconds elapsed
