


materialPath: D:\Programy\Steam\steamapps\common\Half-Life 2\ep2\materials
Loading D:\vmf\mya.vmf
Could not locate 'GameData' key in d:\programy\steam\steamapps\common\half-life 2\ep2\gameinfo.txt
fixing up env_cubemap materials on brush sides...
0...1...2...3...4...5...6...7...8...9...100...1...2...3...4...5...6...7...8...9...10Processing areas...done (0)
Building Faces...done (0)
FixTjuncs...
PruneNodes...
WriteBSP...
done (0)
writing D:\vmf\mya.prt...Building visibility clusters...
done (0)
Creating default LDR cubemaps for env_cubemap using skybox materials:
   skybox/sky_day01_01*.vmt
 ! Run buildcubemaps in the engine to get the correct cube maps.
Creating default HDR cubemaps for env_cubemap using skybox materials:
   skybox/sky_day01_01*.vmt
 ! Run buildcubemaps in the engine to get the correct cube maps.
Finding displacement neighbors...
Finding lightmap sample positions...
Displacement Alpha : 0...1...2...3...4...5...6...7...8...9...10
Building Physics collision data...
done (0) (9175 bytes)
Placing detail props : 0...1...2...3...4...5...6...7...8...9...10
Compacting texture/material tables...
Reduced 28 texinfos to 21
Reduced 2 texdatas to 2 (44 bytes to 44)
Writing D:\vmf\mya.bsp
0 seconds elapsed



16 threads
reading d:\vmf\mya.bsp
reading d:\vmf\mya.prt
  45 portalclusters
  99 numportals
0...1...2...3...4...5...6...7...8...9...100...1...2...3...4...5...6...7...8...9...10Optimized: 0 visible clusters (0.00%)
Total clusters visible: 1547
Average clusters visible: 34
Building PAS...
Average clusters audible: 45
visdatasize:906  compressed from 720
writing d:\vmf\mya.bsp
0 seconds elapsed



[Reading texlights from 'lights.rad']
[48 texlights parsed from 'lights.rad']

Loading d:\vmf\mya.bsp
158 faces
89624 square feet [12905984.00 square inches]
0 Displacements
0 Square Feet [0.00 Square Inches]
158 patches before subdivision
2532 patches after subdivision
2 direct lights
0...1...2...3...4...5...6...7...8...9...100...1...2...3...4...5...6...7...8...9...10transfers 56053, max 124
transfer lists:   0.4 megs
0...1...2...3...4...5...6...7...8...9...10	Bounce #1 added RGB(3384, 3305, 3305)
0...1...2...3...4...5...6...7...8...9...10	Bounce #2 added RGB(209, 199, 199)
0...1...2...3...4...5...6...7...8...9...10	Bounce #3 added RGB(12, 11, 11)
0...1...2...3...4...5...6...7...8...9...10	Bounce #4 added RGB(1, 1, 1)
Build Patch/Sample Hash Table(s).....Done<0.0004 sec>
0...1...2...3...4...5...6...7...8...9...10FinalLightFace Done
0 of 0 (0% of) surface lights went in leaf ambient cubes.
0...1...2...3...4...5...6...7...8...9...10Writing leaf ambient...done
Ready to Finish

Object names       Objects/Maxobjs  Memory / Maxmem  Fullness 
------------       ---------------  ---------------  -------- 
models                   1/1024           48/49152    ( 0.1%) 
brushes                 25/8192          300/98304    ( 0.3%) 
brushsides             150/65536        1200/524288   ( 0.2%) 
planes                  92/65536        1840/1310720  ( 0.1%) 
vertexes               195/65536        2340/786432   ( 0.3%) 
nodes                  100/65536        3200/2097152  ( 0.2%) 
texinfos                21/12288        1512/884736   ( 0.2%) 
texdata                  2/2048           64/65536    ( 0.1%) 
dispinfos                0/0               0/0        ( 0.0%) 
disp_verts               0/0               0/0        ( 0.0%) 
disp_tris                0/0               0/0        ( 0.0%) 
disp_lmsamples           0/0               0/0        ( 0.0%) 
faces                  158/65536        8848/3670016  ( 0.2%) 
hdr faces                0/65536           0/3670016  ( 0.0%) 
origfaces               90/65536        5040/3670016  ( 0.1%) 
leaves                 102/65536        3264/2097152  ( 0.2%) 
leaffaces              190/65536         380/131072   ( 0.3%) 
leafbrushes             48/65536          96/131072   ( 0.1%) 
areas                    2/256            16/2048     ( 0.8%) 
surfedges             1076/512000       4304/2048000  ( 0.2%) 
edges                  584/256000       2336/1024000  ( 0.2%) 
LDR worldlights          2/8192          176/720896   ( 0.0%) 
HDR worldlights          0/8192            0/720896   ( 0.0%) 
leafwaterdata            0/32768           0/393216   ( 0.0%) 
waterstrips              8/32768          80/327680   ( 0.0%) 
waterverts               0/65536           0/786432   ( 0.0%) 
waterindices           135/65536         270/131072   ( 0.2%) 
cubemapsamples           0/1024            0/16384    ( 0.0%) 
overlays                 0/512             0/180224   ( 0.0%) 
LDR lightdata         [variable]       56764/0        ( 0.0%) 
HDR lightdata         [variable]           0/0        ( 0.0%) 
visdata               [variable]         906/16777216 ( 0.0%) 
entdata               [variable]         693/393216   ( 0.2%) 
LDR ambient table      102/65536         408/262144   ( 0.2%) 
HDR ambient table      102/65536         408/262144   ( 0.2%) 
LDR leaf ambient       368/65536       10304/1835008  ( 0.6%) 
HDR leaf ambient       102/65536        2856/1835008  ( 0.2%) 
occluders                0/0               0/0        ( 0.0%) 
occluder polygons        0/0               0/0        ( 0.0%) 
occluder vert ind        0/0               0/0        ( 0.0%) 
detail props          [variable]           1/12       ( 8.3%) 
static props          [variable]           1/12       ( 8.3%) 
pakfile               [variable]      105643/0        ( 0.0%) 
physics               [variable]        9175/4194304  ( 0.2%) 
physics terrain       [variable]           2/1048576  ( 0.0%) 

Level flags = 0

Total triangle count: 400
Writing d:\vmf\mya.bsp
0 seconds elapsed



materialPath: D:\Programy\Steam\steamapps\common\Half-Life 2\ep2\materials
Loading D:\vmf\mya.vmf
Could not locate 'GameData' key in d:\programy\steam\steamapps\common\half-life 2\ep2\gameinfo.txt
fixing up env_cubemap materials on brush sides...
0...1...2...3...4...5...6...7...8...9...100...1...2...3...4...5...6...7...8...9...10Processing areas...done (0)
Building Faces...done (0)
FixTjuncs...
PruneNodes...
WriteBSP...
done (0)
writing D:\vmf\mya.prt...Building visibility clusters...
done (0)
Creating default LDR cubemaps for env_cubemap using skybox materials:
   skybox/sky_day01_01*.vmt
 ! Run buildcubemaps in the engine to get the correct cube maps.
Creating default HDR cubemaps for env_cubemap using skybox materials:
   skybox/sky_day01_01*.vmt
 ! Run buildcubemaps in the engine to get the correct cube maps.
Finding displacement neighbors...
Finding lightmap sample positions...
Displacement Alpha : 0...1...2...3...4...5...6...7...8...9...10
Building Physics collision data...
done (0) (17343 bytes)
Placing detail props : 0...1...2...3...4...5...6...7...8...9...10
Compacting texture/material tables...
Reduced 31 texinfos to 12
Reduced 2 texdatas to 2 (44 bytes to 44)
Writing D:\vmf\mya.bsp
0 seconds elapsed



16 threads
reading d:\vmf\mya.bsp
reading d:\vmf\mya.prt
  18 portalclusters
  25 numportals
0...1...2...3...4...5...6...7...8...9...100...1...2...3...4...5...6...7...8...9...10Optimized: 0 visible clusters (0.00%)
Total clusters visible: 262
Average clusters visible: 14
Building PAS...
Average clusters audible: 18
visdatasize:259  compressed from 288
writing d:\vmf\mya.bsp
0 seconds elapsed



[Reading texlights from 'lights.rad']
[48 texlights parsed from 'lights.rad']

Loading d:\vmf\mya.bsp
105 faces
13841 square feet [1993216.00 square inches]
0 Displacements
0 Square Feet [0.00 Square Inches]
105 patches before subdivision
1945 patches after subdivision
2 direct lights
0...1...2...3...4...5...6...7...8...9...100...1...2...3...4...5...6...7...8...9...10transfers 131317, max 221
transfer lists:   1.0 megs
0...1...2...3...4...5...6...7...8...9...10	Bounce #1 added RGB(274, 268, 268)
0...1...2...3...4...5...6...7...8...9...10	Bounce #2 added RGB(29, 28, 28)
0...1...2...3...4...5...6...7...8...9...10	Bounce #3 added RGB(3, 3, 3)
0...1...2...3...4...5...6...7...8...9...10	Bounce #4 added RGB(0, 0, 0)
Build Patch/Sample Hash Table(s).....Done<0.0003 sec>
0...1...2...3...4...5...6...7...8...9...10FinalLightFace Done
0 of 0 (0% of) surface lights went in leaf ambient cubes.
0...1...2...3...4...5...6...7...8...9...10Writing leaf ambient...done
Ready to Finish

Object names       Objects/Maxobjs  Memory / Maxmem  Fullness 
------------       ---------------  ---------------  -------- 
models                   1/1024           48/49152    ( 0.1%) 
brushes                 50/8192          600/98304    ( 0.6%) 
brushsides             300/65536        2400/524288   ( 0.5%) 
planes                 130/65536        2600/1310720  ( 0.2%) 
vertexes               182/65536        2184/786432   ( 0.3%) 
nodes                   54/65536        1728/2097152  ( 0.1%) 
texinfos                12/12288         864/884736   ( 0.1%) 
texdata                  2/2048           64/65536    ( 0.1%) 
dispinfos                0/0               0/0        ( 0.0%) 
disp_verts               0/0               0/0        ( 0.0%) 
disp_tris                0/0               0/0        ( 0.0%) 
disp_lmsamples           0/0               0/0        ( 0.0%) 
faces                  105/65536        5880/3670016  ( 0.2%) 
hdr faces                0/65536           0/3670016  ( 0.0%) 
origfaces               66/65536        3696/3670016  ( 0.1%) 
leaves                  56/65536        1792/2097152  ( 0.1%) 
leaffaces              112/65536         224/131072   ( 0.2%) 
leafbrushes             67/65536         134/131072   ( 0.1%) 
areas                    2/256            16/2048     ( 0.8%) 
surfedges              788/512000       3152/2048000  ( 0.2%) 
edges                  495/256000       1980/1024000  ( 0.2%) 
LDR worldlights          2/8192          176/720896   ( 0.0%) 
HDR worldlights          0/8192            0/720896   ( 0.0%) 
leafwaterdata            0/32768           0/393216   ( 0.0%) 
waterstrips              9/32768          90/327680   ( 0.0%) 
waterverts               0/65536           0/786432   ( 0.0%) 
waterindices           165/65536         330/131072   ( 0.3%) 
cubemapsamples           0/1024            0/16384    ( 0.0%) 
overlays                 0/512             0/180224   ( 0.0%) 
LDR lightdata         [variable]       37416/0        ( 0.0%) 
HDR lightdata         [variable]           0/0        ( 0.0%) 
visdata               [variable]         259/16777216 ( 0.0%) 
entdata               [variable]         791/393216   ( 0.2%) 
LDR ambient table       56/65536         224/262144   ( 0.1%) 
HDR ambient table       56/65536         224/262144   ( 0.1%) 
LDR leaf ambient       148/65536        4144/1835008  ( 0.2%) 
HDR leaf ambient        56/65536        1568/1835008  ( 0.1%) 
occluders                0/0               0/0        ( 0.0%) 
occluder polygons        0/0               0/0        ( 0.0%) 
occluder vert ind        0/0               0/0        ( 0.0%) 
detail props          [variable]           1/12       ( 8.3%) 
static props          [variable]           1/12       ( 8.3%) 
pakfile               [variable]      105643/0        ( 0.0%) 
physics               [variable]       17343/4194304  ( 0.4%) 
physics terrain       [variable]           2/1048576  ( 0.0%) 

Level flags = 0

Total triangle count: 314
Writing d:\vmf\mya.bsp
0 seconds elapsed



materialPath: D:\Programy\Steam\steamapps\common\Half-Life 2\ep2\materials
Loading D:\vmf\mya.vmf
Could not locate 'GameData' key in d:\programy\steam\steamapps\common\half-life 2\ep2\gameinfo.txt
fixing up env_cubemap materials on brush sides...
0...1...2...3...4...5...6...7...8...9...100...1...2...3...4...5...6...7...8...9...10Processing areas...done (0)
Building Faces...done (0)
FixTjuncs...
PruneNodes...
WriteBSP...
done (0)
writing D:\vmf\mya.prt...Building visibility clusters...
done (0)
Creating default LDR cubemaps for env_cubemap using skybox materials:
   skybox/sky_day01_01*.vmt
 ! Run buildcubemaps in the engine to get the correct cube maps.
Creating default HDR cubemaps for env_cubemap using skybox materials:
   skybox/sky_day01_01*.vmt
 ! Run buildcubemaps in the engine to get the correct cube maps.
Finding displacement neighbors...
Finding lightmap sample positions...
Displacement Alpha : 0...1...2...3...4...5...6...7...8...9...10
Building Physics collision data...
done (0) (17343 bytes)
Placing detail props : 0...1...2...3...4...5...6...7...8...9...10
Compacting texture/material tables...
Reduced 31 texinfos to 12
Reduced 2 texdatas to 2 (44 bytes to 44)
Writing D:\vmf\mya.bsp
0 seconds elapsed



16 threads
reading d:\vmf\mya.bsp
reading d:\vmf\mya.prt
  18 portalclusters
  25 numportals
0...1...2...3...4...5...6...7...8...9...100...1...2...3...4...5...6...7...8...9...10Optimized: 0 visible clusters (0.00%)
Total clusters visible: 262
Average clusters visible: 14
Building PAS...
Average clusters audible: 18
visdatasize:259  compressed from 288
writing d:\vmf\mya.bsp
0 seconds elapsed



[Reading texlights from 'lights.rad']
[48 texlights parsed from 'lights.rad']

Loading d:\vmf\mya.bsp
105 faces
13841 square feet [1993216.00 square inches]
0 Displacements
0 Square Feet [0.00 Square Inches]
105 patches before subdivision
1945 patches after subdivision
12 direct lights
0...1...2...3...4...5...6...7...8...9...100...1...2...3...4...5...6...7...8...9...10transfers 131317, max 221
transfer lists:   1.0 megs
0...1...2...3...4...5...6...7...8...9...10	Bounce #1 added RGB(2225, 2127, 1779)
0...1...2...3...4...5...6...7...8...9...10	Bounce #2 added RGB(230, 214, 179)
0...1...2...3...4...5...6...7...8...9...10	Bounce #3 added RGB(24, 22, 19)
0...1...2...3...4...5...6...7...8...9...10	Bounce #4 added RGB(3, 2, 2)
0...1...2...3...4...5...6...7...8...9...10	Bounce #5 added RGB(0, 0, 0)
Build Patch/Sample Hash Table(s).....Done<0.0003 sec>
0...1...2...3...4...5...6...7...8...9...10FinalLightFace Done
0 of 0 (0% of) surface lights went in leaf ambient cubes.
0...1...2...3...4...5...6...7...8...9...10Writing leaf ambient...done
Ready to Finish

Object names       Objects/Maxobjs  Memory / Maxmem  Fullness 
------------       ---------------  ---------------  -------- 
models                   1/1024           48/49152    ( 0.1%) 
brushes                 50/8192          600/98304    ( 0.6%) 
brushsides             300/65536        2400/524288   ( 0.5%) 
planes                 130/65536        2600/1310720  ( 0.2%) 
vertexes               182/65536        2184/786432   ( 0.3%) 
nodes                   54/65536        1728/2097152  ( 0.1%) 
texinfos                12/12288         864/884736   ( 0.1%) 
texdata                  2/2048           64/65536    ( 0.1%) 
dispinfos                0/0               0/0        ( 0.0%) 
disp_verts               0/0               0/0        ( 0.0%) 
disp_tris                0/0               0/0        ( 0.0%) 
disp_lmsamples           0/0               0/0        ( 0.0%) 
faces                  105/65536        5880/3670016  ( 0.2%) 
hdr faces                0/65536           0/3670016  ( 0.0%) 
origfaces               66/65536        3696/3670016  ( 0.1%) 
leaves                  56/65536        1792/2097152  ( 0.1%) 
leaffaces              112/65536         224/131072   ( 0.2%) 
leafbrushes             67/65536         134/131072   ( 0.1%) 
areas                    2/256            16/2048     ( 0.8%) 
surfedges              788/512000       3152/2048000  ( 0.2%) 
edges                  495/256000       1980/1024000  ( 0.2%) 
LDR worldlights         12/8192         1056/720896   ( 0.1%) 
HDR worldlights          0/8192            0/720896   ( 0.0%) 
leafwaterdata            0/32768           0/393216   ( 0.0%) 
waterstrips              9/32768          90/327680   ( 0.0%) 
waterverts               0/65536           0/786432   ( 0.0%) 
waterindices           165/65536         330/131072   ( 0.3%) 
cubemapsamples           0/1024            0/16384    ( 0.0%) 
overlays                 0/512             0/180224   ( 0.0%) 
LDR lightdata         [variable]       37416/0        ( 0.0%) 
HDR lightdata         [variable]           0/0        ( 0.0%) 
visdata               [variable]         259/16777216 ( 0.0%) 
entdata               [variable]        4689/393216   ( 1.2%) 
LDR ambient table       56/65536         224/262144   ( 0.1%) 
HDR ambient table       56/65536         224/262144   ( 0.1%) 
LDR leaf ambient       193/65536        5404/1835008  ( 0.3%) 
HDR leaf ambient        56/65536        1568/1835008  ( 0.1%) 
occluders                0/0               0/0        ( 0.0%) 
occluder polygons        0/0               0/0        ( 0.0%) 
occluder vert ind        0/0               0/0        ( 0.0%) 
detail props          [variable]           1/12       ( 8.3%) 
static props          [variable]           1/12       ( 8.3%) 
pakfile               [variable]      105643/0        ( 0.0%) 
physics               [variable]       17343/4194304  ( 0.4%) 
physics terrain       [variable]           2/1048576  ( 0.0%) 

Level flags = 0

Total triangle count: 314
Writing d:\vmf\mya.bsp
0 seconds elapsed



materialPath: D:\Programy\Steam\steamapps\common\Half-Life 2\ep2\materials
Loading D:\vmf\mya.vmf
Could not locate 'GameData' key in d:\programy\steam\steamapps\common\half-life 2\ep2\gameinfo.txt
fixing up env_cubemap materials on brush sides...
0...1...2...3...4...5...6...7...8...9...100...1...2...3...4...5...6...7...8...9...10Processing areas...done (0)
Building Faces...done (0)
FixTjuncs...
PruneNodes...
WriteBSP...
done (0)
writing D:\vmf\mya.prt...Building visibility clusters...
done (0)
Creating default LDR cubemaps for env_cubemap using skybox materials:
   skybox/sky_day01_01*.vmt
 ! Run buildcubemaps in the engine to get the correct cube maps.
Creating default HDR cubemaps for env_cubemap using skybox materials:
   skybox/sky_day01_01*.vmt
 ! Run buildcubemaps in the engine to get the correct cube maps.
Finding displacement neighbors...
Finding lightmap sample positions...
Displacement Alpha : 0...1...2...3...4...5...6...7...8...9...10
Building Physics collision data...
done (0) (17343 bytes)
Placing detail props : 0...1...2...3...4...5...6...7...8...9...10
Compacting texture/material tables...
Reduced 31 texinfos to 12
Reduced 2 texdatas to 2 (44 bytes to 44)
Writing D:\vmf\mya.bsp
0 seconds elapsed



16 threads
reading d:\vmf\mya.bsp
reading d:\vmf\mya.prt
  18 portalclusters
  25 numportals
0...1...2...3...4...5...6...7...8...9...100...1...2...3...4...5...6...7...8...9...10Optimized: 0 visible clusters (0.00%)
Total clusters visible: 262
Average clusters visible: 14
Building PAS...
Average clusters audible: 18
visdatasize:259  compressed from 288
writing d:\vmf\mya.bsp
0 seconds elapsed



[Reading texlights from 'lights.rad']
[48 texlights parsed from 'lights.rad']

Loading d:\vmf\mya.bsp
273 faces
13841 square feet [1993216.00 square inches]
0 Displacements
0 Square Feet [0.00 Square Inches]
273 patches before subdivision
21451 patches after subdivision
12 direct lights
0...1...2...3...4...5...6...7...8...9...100...1...2...3...4...5...6...7...8...9...10transfers 2470263, max 328
transfer lists:  18.8 megs
0...1...2...3...4...5...6...7...8...9...10	Bounce #1 added RGB(23554, 22523, 18841)
0...1...2...3...4...5...6...7...8...9...10	Bounce #2 added RGB(2455, 2293, 1918)
0...1...2...3...4...5...6...7...8...9...10	Bounce #3 added RGB(265, 241, 202)
0...1...2...3...4...5...6...7...8...9...10	Bounce #4 added RGB(28, 25, 21)
0...1...2...3...4...5...6...7...8...9...10	Bounce #5 added RGB(3, 3, 2)
0...1...2...3...4...5...6...7...8...9...10	Bounce #6 added RGB(0, 0, 0)
Build Patch/Sample Hash Table(s).....Done<0.0034 sec>
0...1...2...3...4...5...6...7...8...9...10FinalLightFace Done
0 of 0 (0% of) surface lights went in leaf ambient cubes.
0...1...2...3...4...5...6...7...8...9...10Writing leaf ambient...done
Ready to Finish

Object names       Objects/Maxobjs  Memory / Maxmem  Fullness 
------------       ---------------  ---------------  -------- 
models                   1/1024           48/49152    ( 0.1%) 
brushes                 50/8192          600/98304    ( 0.6%) 
brushsides             300/65536        2400/524288   ( 0.5%) 
planes                 130/65536        2600/1310720  ( 0.2%) 
vertexes               403/65536        4836/786432   ( 0.6%) 
nodes                   54/65536        1728/2097152  ( 0.1%) 
texinfos                12/12288         864/884736   ( 0.1%) 
texdata                  2/2048           64/65536    ( 0.1%) 
dispinfos                0/0               0/0        ( 0.0%) 
disp_verts               0/0               0/0        ( 0.0%) 
disp_tris                0/0               0/0        ( 0.0%) 
disp_lmsamples           0/0               0/0        ( 0.0%) 
faces                  273/65536       15288/3670016  ( 0.4%) 
hdr faces                0/65536           0/3670016  ( 0.0%) 
origfaces               66/65536        3696/3670016  ( 0.1%) 
leaves                  56/65536        1792/2097152  ( 0.1%) 
leaffaces              310/65536         620/131072   ( 0.5%) 
leafbrushes             67/65536         134/131072   ( 0.1%) 
areas                    2/256            16/2048     ( 0.8%) 
surfedges             1566/512000       6264/2048000  ( 0.3%) 
edges                  884/256000       3536/1024000  ( 0.3%) 
LDR worldlights         12/8192         1056/720896   ( 0.1%) 
HDR worldlights          0/8192            0/720896   ( 0.0%) 
leafwaterdata            0/32768           0/393216   ( 0.0%) 
waterstrips             30/32768         300/327680   ( 0.1%) 
waterverts               0/65536           0/786432   ( 0.0%) 
waterindices           423/65536         846/131072   ( 0.6%) 
cubemapsamples           0/1024            0/16384    ( 0.0%) 
overlays                 0/512             0/180224   ( 0.0%) 
LDR lightdata         [variable]      536360/0        ( 0.0%) 
HDR lightdata         [variable]           0/0        ( 0.0%) 
visdata               [variable]         259/16777216 ( 0.0%) 
entdata               [variable]        4689/393216   ( 1.2%) 
LDR ambient table       56/65536         224/262144   ( 0.1%) 
HDR ambient table       56/65536         224/262144   ( 0.1%) 
LDR leaf ambient       195/65536        5460/1835008  ( 0.3%) 
HDR leaf ambient        56/65536        1568/1835008  ( 0.1%) 
occluders                0/0               0/0        ( 0.0%) 
occluder polygons        0/0               0/0        ( 0.0%) 
occluder vert ind        0/0               0/0        ( 0.0%) 
detail props          [variable]           1/12       ( 8.3%) 
static props          [variable]           1/12       ( 8.3%) 
pakfile               [variable]      105643/0        ( 0.0%) 
physics               [variable]       17343/4194304  ( 0.4%) 
physics terrain       [variable]           2/1048576  ( 0.0%) 

Level flags = 0

Total triangle count: 756
Writing d:\vmf\mya.bsp
1 second elapsed



materialPath: D:\Programy\Steam\steamapps\common\Half-Life 2\ep2\materials
Loading D:\vmf\mya.vmf
Could not locate 'GameData' key in d:\programy\steam\steamapps\common\half-life 2\ep2\gameinfo.txt
fixing up env_cubemap materials on brush sides...
0...1...2...3...4...5...6...7...8...9...100...1...2...3...4...5...6...7...8...9...10Processing areas...done (0)
Building Faces...done (0)
FixTjuncs...
PruneNodes...
WriteBSP...
done (0)
writing D:\vmf\mya.prt...Building visibility clusters...
done (0)
Creating default LDR cubemaps for env_cubemap using skybox materials:
   skybox/sky_day01_01*.vmt
 ! Run buildcubemaps in the engine to get the correct cube maps.
Creating default HDR cubemaps for env_cubemap using skybox materials:
   skybox/sky_day01_01*.vmt
 ! Run buildcubemaps in the engine to get the correct cube maps.
Finding displacement neighbors...
Finding lightmap sample positions...
Displacement Alpha : 0...1...2...3...4...5...6...7...8...9...10
Building Physics collision data...
done (0) (17703 bytes)
Placing detail props : 0...1...2...3...4...5...6...7...8...9...10
Compacting texture/material tables...
Reduced 31 texinfos to 12
Reduced 2 texdatas to 2 (44 bytes to 44)
Writing D:\vmf\mya.bsp
0 seconds elapsed



16 threads
reading d:\vmf\mya.bsp
reading d:\vmf\mya.prt
  19 portalclusters
  25 numportals
0...1...2...3...4...5...6...7...8...9...100...1...2...3...4...5...6...7...8...9...10Optimized: 2 visible clusters (0.68%)
Total clusters visible: 295
Average clusters visible: 15
Building PAS...
Average clusters audible: 19
visdatasize:272  compressed from 304
writing d:\vmf\mya.bsp
0 seconds elapsed



[Reading texlights from 'lights.rad']
[48 texlights parsed from 'lights.rad']

Loading d:\vmf\mya.bsp
106 faces
13877 square feet [1998336.00 square inches]
0 Displacements
0 Square Feet [0.00 Square Inches]
106 patches before subdivision
1996 patches after subdivision
12 direct lights
0...1...2...3...4...5...6...7...8...9...100...1...2...3...4...5...6...7...8...9...10transfers 136028, max 223
transfer lists:   1.0 megs
0...1...2...3...4...5...6...7...8...9...10	Bounce #1 added RGB(2261, 2162, 1808)
0...1...2...3...4...5...6...7...8...9...10	Bounce #2 added RGB(234, 218, 183)
0...1...2...3...4...5...6...7...8...9...10	Bounce #3 added RGB(25, 23, 19)
0...1...2...3...4...5...6...7...8...9...10	Bounce #4 added RGB(3, 2, 2)
0...1...2...3...4...5...6...7...8...9...10	Bounce #5 added RGB(0, 0, 0)
Build Patch/Sample Hash Table(s).....Done<0.0003 sec>
0...1...2...3...4...5...6...7...8...9...10FinalLightFace Done
0 of 0 (0% of) surface lights went in leaf ambient cubes.
0...1...2...3...4...5...6...7...8...9...10Writing leaf ambient...done
Ready to Finish

Object names       Objects/Maxobjs  Memory / Maxmem  Fullness 
------------       ---------------  ---------------  -------- 
models                   1/1024           48/49152    ( 0.1%) 
brushes                 51/8192          612/98304    ( 0.6%) 
brushsides             306/65536        2448/524288   ( 0.5%) 
planes                 118/65536        2360/1310720  ( 0.2%) 
vertexes               183/65536        2196/786432   ( 0.3%) 
nodes                   56/65536        1792/2097152  ( 0.1%) 
texinfos                12/12288         864/884736   ( 0.1%) 
texdata                  2/2048           64/65536    ( 0.1%) 
dispinfos                0/0               0/0        ( 0.0%) 
disp_verts               0/0               0/0        ( 0.0%) 
disp_tris                0/0               0/0        ( 0.0%) 
disp_lmsamples           0/0               0/0        ( 0.0%) 
faces                  106/65536        5936/3670016  ( 0.2%) 
hdr faces                0/65536           0/3670016  ( 0.0%) 
origfaces               70/65536        3920/3670016  ( 0.1%) 
leaves                  58/65536        1856/2097152  ( 0.1%) 
leaffaces              116/65536         232/131072   ( 0.2%) 
leafbrushes             68/65536         136/131072   ( 0.1%) 
areas                    2/256            16/2048     ( 0.8%) 
surfedges              812/512000       3248/2048000  ( 0.2%) 
edges                  512/256000       2048/1024000  ( 0.2%) 
LDR worldlights         12/8192         1056/720896   ( 0.1%) 
HDR worldlights          0/8192            0/720896   ( 0.0%) 
leafwaterdata            0/32768           0/393216   ( 0.0%) 
waterstrips             10/32768         100/327680   ( 0.0%) 
waterverts               0/65536           0/786432   ( 0.0%) 
waterindices           174/65536         348/131072   ( 0.3%) 
cubemapsamples           0/1024            0/16384    ( 0.0%) 
overlays                 0/512             0/180224   ( 0.0%) 
LDR lightdata         [variable]       37524/0        ( 0.0%) 
HDR lightdata         [variable]           0/0        ( 0.0%) 
visdata               [variable]         272/16777216 ( 0.0%) 
entdata               [variable]        4689/393216   ( 1.2%) 
LDR ambient table       58/65536         232/262144   ( 0.1%) 
HDR ambient table       58/65536         232/262144   ( 0.1%) 
LDR leaf ambient       185/65536        5180/1835008  ( 0.3%) 
HDR leaf ambient        58/65536        1624/1835008  ( 0.1%) 
occluders                0/0               0/0        ( 0.0%) 
occluder polygons        0/0               0/0        ( 0.0%) 
occluder vert ind        0/0               0/0        ( 0.0%) 
detail props          [variable]           1/12       ( 8.3%) 
static props          [variable]           1/12       ( 8.3%) 
pakfile               [variable]      105643/0        ( 0.0%) 
physics               [variable]       17703/4194304  ( 0.4%) 
physics terrain       [variable]           2/1048576  ( 0.0%) 

Level flags = 0

Total triangle count: 320
Writing d:\vmf\mya.bsp
0 seconds elapsed
