


materialPath: D:\Programy\Steam\steamapps\common\Half-Life 2\ep2\materials
Loading D:\vmf\mya1.vmf
Could not locate 'GameData' key in d:\programy\steam\steamapps\common\half-life 2\ep2\gameinfo.txt
fixing up env_cubemap materials on brush sides...
0...1...2...3...4...5...6...7...8...9...100...1...2...3...4...5...6...7...8...9...10Processing areas...done (0)
Building Faces...done (0)
FixTjuncs...
PruneNodes...
WriteBSP...
done (0)
writing D:\vmf\mya1.prt...Building visibility clusters...
done (0)
Creating default LDR cubemaps for env_cubemap using skybox materials:
   skybox/sky_day01_01*.vmt
 ! Run buildcubemaps in the engine to get the correct cube maps.
Creating default HDR cubemaps for env_cubemap using skybox materials:
   skybox/sky_day01_01*.vmt
 ! Run buildcubemaps in the engine to get the correct cube maps.
Finding displacement neighbors...
Finding lightmap sample positions...
Displacement Alpha : 0...1...2...3...4...5...6...7...8...9...10
Building Physics collision data...
done (0) (17728 bytes)
Placing detail props : 0...1...2...3...4...5...6...7...8...9...10
Compacting texture/material tables...
Reduced 43 texinfos to 17
Reduced 5 texdatas to 5 (113 bytes to 113)
Writing D:\vmf\mya1.bsp
0 seconds elapsed



16 threads
reading d:\vmf\mya1.bsp
reading d:\vmf\mya1.prt
  19 portalclusters
  25 numportals
0...1...2...3...4...5...6...7...8...9...100...1...2...3...4...5...6...7...8...9...10Optimized: 2 visible clusters (0.68%)
Total clusters visible: 295
Average clusters visible: 15
Building PAS...
Average clusters audible: 19
visdatasize:272  compressed from 304
writing d:\vmf\mya1.bsp
0 seconds elapsed



[Reading texlights from 'lights.rad']
[48 texlights parsed from 'lights.rad']

Loading d:\vmf\mya1.bsp
106 faces
13877 square feet [1998336.00 square inches]
0 Displacements
0 Square Feet [0.00 Square Inches]
106 patches before subdivision
1996 patches after subdivision
12 direct lights
0...1...2...3...4...5...6...7...8...9...100...1...2...3...4...5...6...7...8...9...10transfers 136028, max 223
transfer lists:   1.0 megs
0...1...2...3...4...5...6...7...8...9...10	Bounce #1 added RGB(7835, 7026, 4391)
0...1...2...3...4...5...6...7...8...9...10	Bounce #2 added RGB(2896, 2311, 1001)
0...1...2...3...4...5...6...7...8...9...10	Bounce #3 added RGB(1179, 844, 255)
0...1...2...3...4...5...6...7...8...9...10	Bounce #4 added RGB(487, 312, 65)
0...1...2...3...4...5...6...7...8...9...10	Bounce #5 added RGB(204, 117, 17)
0...1...2...3...4...5...6...7...8...9...10	Bounce #6 added RGB(86, 44, 4)
0...1...2...3...4...5...6...7...8...9...10	Bounce #7 added RGB(36, 17, 1)
0...1...2...3...4...5...6...7...8...9...10	Bounce #8 added RGB(15, 6, 0)
0...1...2...3...4...5...6...7...8...9...10	Bounce #9 added RGB(6, 2, 0)
0...1...2...3...4...5...6...7...8...9...10	Bounce #10 added RGB(3, 1, 0)
0...1...2...3...4...5...6...7...8...9...10	Bounce #11 added RGB(1, 0, 0)
0...1...2...3...4...5...6...7...8...9...10	Bounce #12 added RGB(0, 0, 0)
Build Patch/Sample Hash Table(s).....Done<0.0003 sec>
0...1...2...3...4...5...6...7...8...9...10FinalLightFace Done
0 of 0 (0% of) surface lights went in leaf ambient cubes.
0...1...2...3...4...5...6...7...8...9...10Writing leaf ambient...done
Ready to Finish

Object names       Objects/Maxobjs  Memory / Maxmem  Fullness 
------------       ---------------  ---------------  -------- 
models                   1/1024           48/49152    ( 0.1%) 
brushes                 51/8192          612/98304    ( 0.6%) 
brushsides             306/65536        2448/524288   ( 0.5%) 
planes                 118/65536        2360/1310720  ( 0.2%) 
vertexes               183/65536        2196/786432   ( 0.3%) 
nodes                   56/65536        1792/2097152  ( 0.1%) 
texinfos                17/12288        1224/884736   ( 0.1%) 
texdata                  5/2048          160/65536    ( 0.2%) 
dispinfos                0/0               0/0        ( 0.0%) 
disp_verts               0/0               0/0        ( 0.0%) 
disp_tris                0/0               0/0        ( 0.0%) 
disp_lmsamples           0/0               0/0        ( 0.0%) 
faces                  106/65536        5936/3670016  ( 0.2%) 
hdr faces                0/65536           0/3670016  ( 0.0%) 
origfaces               70/65536        3920/3670016  ( 0.1%) 
leaves                  58/65536        1856/2097152  ( 0.1%) 
leaffaces              116/65536         232/131072   ( 0.2%) 
leafbrushes             68/65536         136/131072   ( 0.1%) 
areas                    2/256            16/2048     ( 0.8%) 
surfedges              812/512000       3248/2048000  ( 0.2%) 
edges                  512/256000       2048/1024000  ( 0.2%) 
LDR worldlights         12/8192         1056/720896   ( 0.1%) 
HDR worldlights          0/8192            0/720896   ( 0.0%) 
leafwaterdata            0/32768           0/393216   ( 0.0%) 
waterstrips             10/32768         100/327680   ( 0.0%) 
waterverts               0/65536           0/786432   ( 0.0%) 
waterindices           174/65536         348/131072   ( 0.3%) 
cubemapsamples           0/1024            0/16384    ( 0.0%) 
overlays                 0/512             0/180224   ( 0.0%) 
LDR lightdata         [variable]       65112/0        ( 0.0%) 
HDR lightdata         [variable]           0/0        ( 0.0%) 
visdata               [variable]         272/16777216 ( 0.0%) 
entdata               [variable]        4689/393216   ( 1.2%) 
LDR ambient table       58/65536         232/262144   ( 0.1%) 
HDR ambient table       58/65536         232/262144   ( 0.1%) 
LDR leaf ambient       201/65536        5628/1835008  ( 0.3%) 
HDR leaf ambient        58/65536        1624/1835008  ( 0.1%) 
occluders                0/0               0/0        ( 0.0%) 
occluder polygons        0/0               0/0        ( 0.0%) 
occluder vert ind        0/0               0/0        ( 0.0%) 
detail props          [variable]           1/12       ( 8.3%) 
static props          [variable]           1/12       ( 8.3%) 
pakfile               [variable]      105647/0        ( 0.0%) 
physics               [variable]       17728/4194304  ( 0.4%) 
physics terrain       [variable]           2/1048576  ( 0.0%) 

Level flags = 0

Total triangle count: 320
Writing d:\vmf\mya1.bsp
0 seconds elapsed



materialPath: D:\Programy\Steam\steamapps\common\Half-Life 2\ep2\materials
Loading D:\vmf\mya1.vmf
Could not locate 'GameData' key in d:\programy\steam\steamapps\common\half-life 2\ep2\gameinfo.txt
fixing up env_cubemap materials on brush sides...
0...1...2...3...4...5...6...7...8...9...100...1...2...3...4...5...6...7...8...9...10Processing areas...done (0)
Building Faces...done (0)
FixTjuncs...
PruneNodes...
WriteBSP...
done (0)
writing D:\vmf\mya1.prt...Building visibility clusters...
done (0)
Creating default LDR cubemaps for env_cubemap using skybox materials:
   skybox/sky_day01_01*.vmt
 ! Run buildcubemaps in the engine to get the correct cube maps.
Creating default HDR cubemaps for env_cubemap using skybox materials:
   skybox/sky_day01_01*.vmt
 ! Run buildcubemaps in the engine to get the correct cube maps.
Finding displacement neighbors...
Finding lightmap sample positions...
Displacement Alpha : 0...1...2...3...4...5...6...7...8...9...10
Building Physics collision data...
done (0) (19235 bytes)
Placing detail props : 0...1...2...3...4...5...6...7...8...9...10
Compacting texture/material tables...
Reduced 49 texinfos to 18
Reduced 6 texdatas to 6 (131 bytes to 131)
Writing D:\vmf\mya1.bsp
0 seconds elapsed



16 threads
reading d:\vmf\mya1.bsp
reading d:\vmf\mya1.prt
  19 portalclusters
  25 numportals
0...1...2...3...4...5...6...7...8...9...100...1...2...3...4...5...6...7...8...9...10Optimized: 2 visible clusters (0.68%)
Total clusters visible: 295
Average clusters visible: 15
Building PAS...
Average clusters audible: 19
visdatasize:272  compressed from 304
writing d:\vmf\mya1.bsp
0 seconds elapsed



[Reading texlights from 'lights.rad']
[48 texlights parsed from 'lights.rad']

Loading d:\vmf\mya1.bsp
106 faces
13877 square feet [1998336.00 square inches]
0 Displacements
0 Square Feet [0.00 Square Inches]
106 patches before subdivision
1996 patches after subdivision
12 direct lights
0...1...2...3...4...5...6...7...8...9...100...1...2...3...4...5...6...7...8...9...10transfers 136028, max 223
transfer lists:   1.0 megs
0...1...2...3...4...5...6...7...8...9...10	Bounce #1 added RGB(8912, 8026, 5177)
0...1...2...3...4...5...6...7...8...9...10	Bounce #2 added RGB(3557, 2896, 1421)
0...1...2...3...4...5...6...7...8...9...10	Bounce #3 added RGB(1478, 1093, 419)
0...1...2...3...4...5...6...7...8...9...10	Bounce #4 added RGB(613, 410, 124)
0...1...2...3...4...5...6...7...8...9...10	Bounce #5 added RGB(256, 155, 38)
0...1...2...3...4...5...6...7...8...9...10	Bounce #6 added RGB(107, 59, 12)
0...1...2...3...4...5...6...7...8...9...10	Bounce #7 added RGB(45, 22, 4)
0...1...2...3...4...5...6...7...8...9...10	Bounce #8 added RGB(19, 9, 1)
0...1...2...3...4...5...6...7...8...9...10	Bounce #9 added RGB(8, 3, 0)
0...1...2...3...4...5...6...7...8...9...10	Bounce #10 added RGB(3, 1, 0)
0...1...2...3...4...5...6...7...8...9...10	Bounce #11 added RGB(1, 0, 0)
0...1...2...3...4...5...6...7...8...9...10	Bounce #12 added RGB(1, 0, 0)
Build Patch/Sample Hash Table(s).....Done<0.0003 sec>
0...1...2...3...4...5...6...7...8...9...10FinalLightFace Done
0 of 0 (0% of) surface lights went in leaf ambient cubes.
0...1...2...3...4...5...6...7...8...9...10Writing leaf ambient...done
Ready to Finish

Object names       Objects/Maxobjs  Memory / Maxmem  Fullness 
------------       ---------------  ---------------  -------- 
models                   1/1024           48/49152    ( 0.1%) 
brushes                 56/8192          672/98304    ( 0.7%) 
brushsides             336/65536        2688/524288   ( 0.5%) 
planes                 118/65536        2360/1310720  ( 0.2%) 
vertexes               187/65536        2244/786432   ( 0.3%) 
nodes                   56/65536        1792/2097152  ( 0.1%) 
texinfos                18/12288        1296/884736   ( 0.1%) 
texdata                  6/2048          192/65536    ( 0.3%) 
dispinfos                0/0               0/0        ( 0.0%) 
disp_verts               0/0               0/0        ( 0.0%) 
disp_tris                0/0               0/0        ( 0.0%) 
disp_lmsamples           0/0               0/0        ( 0.0%) 
faces                  106/65536        5936/3670016  ( 0.2%) 
hdr faces                0/65536           0/3670016  ( 0.0%) 
origfaces               74/65536        4144/3670016  ( 0.1%) 
leaves                  58/65536        1856/2097152  ( 0.1%) 
leaffaces              116/65536         232/131072   ( 0.2%) 
leafbrushes             77/65536         154/131072   ( 0.1%) 
areas                    2/256            16/2048     ( 0.8%) 
surfedges              828/512000       3312/2048000  ( 0.2%) 
edges                  523/256000       2092/1024000  ( 0.2%) 
LDR worldlights         12/8192         1056/720896   ( 0.1%) 
HDR worldlights          0/8192            0/720896   ( 0.0%) 
leafwaterdata            0/32768           0/393216   ( 0.0%) 
waterstrips             10/32768         100/327680   ( 0.0%) 
waterverts               0/65536           0/786432   ( 0.0%) 
waterindices           174/65536         348/131072   ( 0.3%) 
cubemapsamples           0/1024            0/16384    ( 0.0%) 
overlays                 0/512             0/180224   ( 0.0%) 
LDR lightdata         [variable]       80028/0        ( 0.0%) 
HDR lightdata         [variable]           0/0        ( 0.0%) 
visdata               [variable]         272/16777216 ( 0.0%) 
entdata               [variable]        4690/393216   ( 1.2%) 
LDR ambient table       58/65536         232/262144   ( 0.1%) 
HDR ambient table       58/65536         232/262144   ( 0.1%) 
LDR leaf ambient       203/65536        5684/1835008  ( 0.3%) 
HDR leaf ambient        58/65536        1624/1835008  ( 0.1%) 
occluders                0/0               0/0        ( 0.0%) 
occluder polygons        0/0               0/0        ( 0.0%) 
occluder vert ind        0/0               0/0        ( 0.0%) 
detail props          [variable]           1/12       ( 8.3%) 
static props          [variable]           1/12       ( 8.3%) 
pakfile               [variable]      105647/0        ( 0.0%) 
physics               [variable]       19235/4194304  ( 0.5%) 
physics terrain       [variable]           2/1048576  ( 0.0%) 

Level flags = 0

Total triangle count: 320
Writing d:\vmf\mya1.bsp
0 seconds elapsed



Using shader api: shaderapiempty.dll
materialPath: C:\Program Files (x86)\Steam\steamapps\common\Half-Life 2\ep2\materials
Loading C:\Users\zdrow\Documents\vmf\mya1.vmf
ConVarRef mat_specular_scalar doesn't point to an existing ConVar
Could not locate 'GameData' key in c:\program files (x86)\steam\steamapps\common\half-life 2\ep2\gameinfo.txt
fixing up env_cubemap materials on brush sides...
0...1...2...3...4...5...6...7...8...9...100...1...2...3...4...5...6...7...8...9...10Processing areas...done (0)
Building Faces...done (0)
FixTjuncs...
PruneNodes...
WriteBSP...
done (0)
writing C:\Users\zdrow\Documents\vmf\mya1.prt...Building visibility clusters...
done (0)
Creating default LDR cubemaps for env_cubemap using skybox materials:
   skybox/sky_day01_01*.vmt
 ! Run buildcubemaps in the engine to get the correct cube maps.
Creating default HDR cubemaps for env_cubemap using skybox materials:
   skybox/sky_day01_01*.vmt
 ! Run buildcubemaps in the engine to get the correct cube maps.
Finding displacement neighbors...
Finding lightmap sample positions...
Displacement Alpha : 0...1...2...3...4...5...6...7...8...9...10
Building Physics collision data...
done (0) (19235 bytes)
Placing detail props : 0...1...2...3...4...5...6...7...8...9...10
Compacting texture/material tables...
Reduced 49 texinfos to 18
Reduced 6 texdatas to 6 (131 bytes to 131)
Writing C:\Users\zdrow\Documents\vmf\mya1.bsp
0 seconds elapsed



16 threads
reading c:\users\zdrow\documents\vmf\mya1.bsp
reading c:\users\zdrow\documents\vmf\mya1.prt
  19 portalclusters
  25 numportals
0...1...2...3...4...5...6...7...8...9...100...1...2...3...4...5...6...7...8...9...10Optimized: 2 visible clusters (0.68%)
Total clusters visible: 295
Average clusters visible: 15
Building PAS...
Average clusters audible: 19
visdatasize:272  compressed from 304
writing c:\users\zdrow\documents\vmf\mya1.bsp
0 seconds elapsed



[Reading texlights from 'lights.rad']
[48 texlights parsed from 'lights.rad']

Loading c:\users\zdrow\documents\vmf\mya1.bsp
106 faces
13877 square feet [1998336.00 square inches]
0 Displacements
0 Square Feet [0.00 Square Inches]
106 patches before subdivision
1996 patches after subdivision
12 direct lights
0...1...2...3...4...5...6...7...8...9...100...1...2...3...4...5...6...7...8...9...10transfers 136028, max 223
transfer lists:   1.0 megs
0...1...2...3...4...5...6...7...8...9...10	Bounce #1 added RGB(8912, 8026, 5177)
0...1...2...3...4...5...6...7...8...9...10	Bounce #2 added RGB(3558, 2896, 1421)
0...1...2...3...4...5...6...7...8...9...10	Bounce #3 added RGB(1478, 1093, 419)
0...1...2...3...4...5...6...7...8...9...10	Bounce #4 added RGB(613, 410, 124)
0...1...2...3...4...5...6...7...8...9...10	Bounce #5 added RGB(256, 155, 38)
0...1...2...3...4...5...6...7...8...9...10	Bounce #6 added RGB(107, 59, 12)
0...1...2...3...4...5...6...7...8...9...10	Bounce #7 added RGB(45, 22, 4)
0...1...2...3...4...5...6...7...8...9...10	Bounce #8 added RGB(19, 9, 1)
0...1...2...3...4...5...6...7...8...9...10	Bounce #9 added RGB(8, 3, 0)
0...1...2...3...4...5...6...7...8...9...10	Bounce #10 added RGB(3, 1, 0)
0...1...2...3...4...5...6...7...8...9...10	Bounce #11 added RGB(1, 0, 0)
0...1...2...3...4...5...6...7...8...9...10	Bounce #12 added RGB(1, 0, 0)
Build Patch/Sample Hash Table(s).....Done<0.0003 sec>
0...1...2...3...4...5...6...7...8...9...10FinalLightFace Done
0 of 0 (0% of) surface lights went in leaf ambient cubes.
0...1...2...3...4...5...6...7...8...9...10Writing leaf ambient...done
Ready to Finish

Object names       Objects/Maxobjs  Memory / Maxmem  Fullness 
------------       ---------------  ---------------  -------- 
models                   1/2048           48/98304    ( 0.0%) 
brushes                 56/16384         672/196608   ( 0.3%) 
brushsides             336/65536        2688/524288   ( 0.5%) 
planes                 118/65536        2360/1310720  ( 0.2%) 
vertexes               187/65536        2244/786432   ( 0.3%) 
nodes                   56/65536        1792/2097152  ( 0.1%) 
texinfos                18/16384        1296/1179648  ( 0.1%) 
texdata                  6/8096          192/259072   ( 0.1%) 
dispinfos                0/0               0/0        ( 0.0%) 
disp_verts               0/0               0/0        ( 0.0%) 
disp_tris                0/0               0/0        ( 0.0%) 
disp_lmsamples           0/0               0/0        ( 0.0%) 
faces                  106/65536        5936/3670016  ( 0.2%) 
hdr faces                0/65536           0/3670016  ( 0.0%) 
origfaces               74/65536        4144/3670016  ( 0.1%) 
leaves                  58/65536        1856/2097152  ( 0.1%) 
leaffaces              116/65536         232/131072   ( 0.2%) 
leafbrushes             77/65536         154/131072   ( 0.1%) 
areas                    2/256            16/2048     ( 0.8%) 
surfedges              828/512000       3312/2048000  ( 0.2%) 
edges                  523/256000       2092/1024000  ( 0.2%) 
LDR worldlights         12/8192         1056/720896   ( 0.1%) 
HDR worldlights          0/8192            0/720896   ( 0.0%) 
leafwaterdata            0/32768           0/393216   ( 0.0%) 
waterstrips             10/32768         100/327680   ( 0.0%) 
waterverts               0/65536           0/786432   ( 0.0%) 
waterindices           174/65536         348/131072   ( 0.3%) 
cubemapsamples           0/1024            0/16384    ( 0.0%) 
overlays                 0/512             0/180224   ( 0.0%) 
LDR lightdata         [variable]       80028/0        ( 0.0%) 
HDR lightdata         [variable]           0/0        ( 0.0%) 
visdata               [variable]         272/16777216 ( 0.0%) 
entdata               [variable]        4690/393216   ( 1.2%) 
LDR ambient table       58/65536         232/262144   ( 0.1%) 
HDR ambient table       58/65536         232/262144   ( 0.1%) 
LDR leaf ambient       203/65536        5684/1835008  ( 0.3%) 
HDR leaf ambient        58/65536        1624/1835008  ( 0.1%) 
occluders                0/0               0/0        ( 0.0%) 
occluder polygons        0/0               0/0        ( 0.0%) 
occluder vert ind        0/0               0/0        ( 0.0%) 
detail props          [variable]           1/12       ( 8.3%) 
static props          [variable]           1/12       ( 8.3%) 
pakfile               [variable]      105647/0        ( 0.0%) 
physics               [variable]       19235/4194304  ( 0.5%) 
physics terrain       [variable]           2/1048576  ( 0.0%) 

Level flags = 0

Total triangle count: 320
Writing c:\users\zdrow\documents\vmf\mya1.bsp
0 seconds elapsed
