PRT1
19
25
4 0 5 (256 240 240 ) (256 640 240 ) (256 640 64 ) (256 240 64 ) 
4 1 2 (272 144 64 ) (272 80 64 ) (272 80 240 ) (272 144 240 ) 
4 2 6 (256 80 240 ) (256 144 240 ) (256 144 64 ) (256 80 64 ) 
4 3 9 (464 0 240 ) (272 0 240 ) (272 0 64 ) (464 0 64 ) 
4 3 4 (272 48 64 ) (272 0 64 ) (272 0 240 ) (272 48 240 ) 
4 4 10 (272 0 240 ) (256 0 240 ) (256 0 64 ) (272 0 64 ) 
4 4 6 (256 0 240 ) (256 48 240 ) (256 48 64 ) (256 0 64 ) 
4 5 6 (144 240 64 ) (256 240 64 ) (256 240 240 ) (144 240 240 ) 
4 6 11 (256 0 240 ) (144 0 240 ) (144 0 64 ) (256 0 64 ) 
4 6 7 (144 48 64 ) (144 0 64 ) (144 0 240 ) (144 48 240 ) 
4 7 11 (144 0 240 ) (0 0 240 ) (0 0 64 ) (144 0 64 ) 
4 7 8 (0 0 64 ) (0 0 240 ) (0 48 240 ) (0 48 64 ) 
4 8 17 (-48 0 240 ) (-144 0 240 ) (-144 0 64 ) (-48 0 64 ) 
4 8 16 (0 0 64 ) (0 0 240 ) (-48 0 240 ) (-48 0 64 ) 
4 9 10 (272 0 64 ) (272 -48 64 ) (272 -48 240 ) (272 0 240 ) 
4 10 11 (256 0 64 ) (256 -48 64 ) (256 -48 240 ) (256 0 240 ) 
4 11 16 (0 0 240 ) (0 0 64 ) (0 -48 64 ) (0 -48 240 ) 
4 11 13 (0 -48 64 ) (48 -48 64 ) (48 -48 240 ) (0 -48 240 ) 
4 11 12 (160 -48 64 ) (240 -48 64 ) (240 -48 240 ) (160 -48 240 ) 
4 12 14 (160 -64 64 ) (240 -64 64 ) (240 -64 240 ) (160 -64 240 ) 
4 13 16 (0 -48 64 ) (0 -64 64 ) (0 -64 240 ) (0 -48 240 ) 
4 13 15 (0 -64 64 ) (48 -64 64 ) (48 -64 240 ) (0 -64 240 ) 
4 15 18 (0 -64 64 ) (0 -400 64 ) (0 -400 240 ) (0 -64 240 ) 
4 16 18 (-48 -64 64 ) (0 -64 64 ) (0 -64 240 ) (-48 -64 240 ) 
4 16 17 (-48 0 64 ) (-48 -48 64 ) (-48 -48 240 ) (-48 0 240 ) 
