PRT1
46
98
4 0 18 (1024 -564.727173 336 ) (1024 -523.272705 336 ) (1024 -523.272766 256 ) (1024 -564.727234 256 ) 
4 1 12 (192 0 64 ) (192 0 256 ) (0 0 256 ) (0 0 64 ) 
4 1 9 (0 0 64 ) (0 0 88 ) (0 128 88 ) (0 128 64 ) 
4 1 5 (0 0 88 ) (0 0 240 ) (0 128 240 ) (0 128 88 ) 
4 1 4 (0 0 240 ) (0 0 256 ) (0 128 256 ) (0 128 240 ) 
4 1 2 (192 32 64 ) (192 0 64 ) (0 0 64 ) (0 32 64 ) 
4 2 12 (192 0 61.090908 ) (192 0 64 ) (0 0 64 ) (0 0 61.090908 ) 
3 2 11 (0 0 61.090908 ) (0 0 64 ) (0 32 64 ) 
4 3 8 (-296 256 88 ) (-296 128 88 ) (-352 128 88 ) (-352 256 88 ) 
4 3 5 (-352 128 88 ) (-296 128 88 ) (-296 128 160 ) (-352 128 160 ) 
4 4 21 (-448 0 256 ) (-480 0 256 ) (-480 0 240 ) (-448 0 240 ) 
4 4 20 (0 0 240 ) (0 0 256 ) (-448 0 256 ) (-448 0 240 ) 
4 4 7 (-400 0 240 ) (-448 0 240 ) (-448 128 240 ) (-400 128 240 ) 
4 4 6 (-384 0 240 ) (-400 0 240 ) (-400 128 240 ) (-384 128 240 ) 
4 4 5 (0 0 240 ) (-384 0 240 ) (-384 128 240 ) (0 128 240 ) 
4 5 22 (0 0 88 ) (0 0 160 ) (-384 0 160 ) (-384 0 88 ) 
4 5 20 (0 0 160 ) (0 0 240 ) (-384 0 240 ) (-384 0 160 ) 
4 5 9 (0 128 88 ) (0 0 88 ) (-384 0 88 ) (-384 128 88 ) 
4 5 6 (-384 0 240 ) (-384 128 240 ) (-384 128 96 ) (-384 0 96 ) 
4 6 23 (-400 0 160 ) (-400 0 96 ) (-384 0 96 ) (-384 0 160 ) 
4 6 20 (-384 0 240 ) (-400 0 240 ) (-400 0 160 ) (-384 0 160 ) 
4 6 7 (-400 0 240 ) (-400 128 240 ) (-400 128 96 ) (-400 0 96 ) 
4 7 24 (-448 0 160 ) (-448 0 88 ) (-400 0 88 ) (-400 0 160 ) 
4 7 20 (-400 0 240 ) (-448 0 240 ) (-448 0 160 ) (-400 0 160 ) 
4 7 10 (-400 0 88 ) (-448 0 88 ) (-448 128 88 ) (-400 128 88 ) 
4 8 9 (-352 128 64 ) (-296 128 64 ) (-296 128 88 ) (-352 128 88 ) 
4 9 36 (0 0 64 ) (0 0 88 ) (-384 0 88 ) (-384 0 64 ) 
4 9 11 (0 0 64 ) (-384 0 64 ) (-384 32 64 ) (0 32 64 ) 
4 10 37 (-400 0 88 ) (-448 0 88 ) (-448 0 64 ) (-400 0 64 ) 
4 11 43 (0 0 61.090908 ) (0 0 64 ) (-384 0 64 ) (-384 0 61.090908 ) 
4 12 43 (0 0 64 ) (0 0 61.090912 ) (0 -56 56 ) (0 -56 64 ) 
4 12 36 (0 0 88 ) (0 0 64 ) (0 -56 64 ) (0 -56 88 ) 
4 12 22 (0 0 160 ) (0 0 88 ) (0 -56 88 ) (0 -56 160 ) 
4 12 20 (0 0 256 ) (0 0 160 ) (0 -56 160 ) (0 -56 256 ) 
4 12 13 (192 -56 56 ) (192 -56 256 ) (0 -56 256 ) (0 -56 56 ) 
4 13 44 (0 -64 56 ) (0 -64 64 ) (0 -56 64 ) (0 -56 56 ) 
4 13 36 (0 -64 64 ) (0 -64 88 ) (0 -56 88 ) (0 -56 64 ) 
4 13 22 (0 -64 88 ) (0 -64 160 ) (0 -56 160 ) (0 -56 88 ) 
4 13 20 (0 -64 160 ) (0 -64 256 ) (0 -56 256 ) (0 -56 160 ) 
20 13 15 (70.181015 -64 172.979004 ) (75.754517 -64 175.818817 ) (80.181091 -64 180.245361 ) (83.020927 -64 185.818909 ) (84 -64 191.996338 ) (83.019432 -64 198.183304 ) (80.179703 -64 203.756683 ) (75.756905 -64 208.179413 ) (70.179985 -64 211.021057 ) (64 -64 212 ) (57.819832 -64 211.021118 ) (52.243637 -64 208.179962 ) (47.820114 -64 203.756454 ) (44.979061 -64 198.180603 ) (44 -64 192 ) (44.978489 -64 185.821442 ) (47.820927 -64 180.242584 ) (52.243073 -64 175.820633 ) (57.820549 -64 172.978851 ) (64 -64 172 ) 
4 13 14 (0 -56 56 ) (192 -56 56 ) (192 -64 56 ) (0 -64 56 ) 
4 14 45 (0 -64 48 ) (0 -64 56 ) (0 -56 56 ) (0 -56 48 ) 
20 15 19 (70.180939 -256 172.979004 ) (75.754562 -256 175.818878 ) (80.181114 -256 180.245407 ) (83.020943 -256 185.818924 ) (84 -256 191.996307 ) (83.019440 -256 198.183258 ) (80.179680 -256 203.756714 ) (75.756920 -256 208.179413 ) (70.180000 -256 211.021057 ) (64 -256 212 ) (57.819889 -256 211.021149 ) (52.244919 -256 208.180618 ) (47.819099 -256 203.754822 ) (44.979050 -256 198.180939 ) (44 -256 192 ) (44.978809 -256 185.820175 ) (47.820042 -256 180.243683 ) (52.243507 -256 175.820404 ) (57.820572 -256 172.978836 ) (64 -256 172 ) 
4 16 17 (352 -320 256 ) (352 -384 256 ) (352 -384 296 ) (352 -320 296 ) 
4 17 19 (192 -384 256 ) (128 -384 256 ) (128 -320 256 ) (192 -320 256 ) 
4 19 40 (0 -448 64 ) (0 -448 88 ) (0 -256 88 ) (0 -256 64 ) 
4 19 33 (0 -448 88 ) (0 -448 104 ) (0 -256 104 ) (0 -256 88 ) 
4 19 31 (0 -448 104 ) (0 -448 106 ) (0 -256 106 ) (0 -256 104 ) 
4 19 29 (0 -448 106 ) (0 -448 119 ) (0 -256 119 ) (0 -256 106 ) 
4 19 26 (0 -448 119 ) (0 -448 256 ) (0 -256 256 ) (0 -256 119 ) 
4 20 23 (-400 0 160 ) (-384 0 160 ) (-384 -64 160 ) (-400 -64 160 ) 
4 20 22 (-384 0 160 ) (0 0 160 ) (0 -64 160 ) (-384 -64 160 ) 
4 20 24 (-448 -64 160 ) (-448 0 160 ) (-400 0 160 ) (-400 -64 160 ) 
4 20 21 (-448 0 256 ) (-448 0 240 ) (-448 -64 240 ) (-448 -64 256 ) 
4 22 36 (-384 0 88 ) (0 0 88 ) (0 -64 88 ) (-384 -64 88 ) 
4 22 23 (-384 -64 96 ) (-384 -64 160 ) (-384 0 160 ) (-384 0 96 ) 
4 23 24 (-400 -64 96 ) (-400 -64 160 ) (-400 0 160 ) (-400 0 96 ) 
4 24 37 (-448 0 88 ) (-400 0 88 ) (-400 -64 88 ) (-448 -64 88 ) 
4 25 38 (-352 -128 88 ) (-296 -128 88 ) (-296 -256 88 ) (-352 -256 88 ) 
4 25 34 (-301.255005 -256 88 ) (-296 -256 88 ) (-296 -256 104 ) (-301.255005 -256 104 ) 
4 25 32 (-352 -256 88 ) (-301.255005 -256 88 ) (-301.255005 -256 104 ) (-352 -256 104 ) 
4 25 31 (-296 -256 104 ) (-296 -256 106 ) (-352 -256 106 ) (-352 -256 104 ) 
4 25 30 (-296 -256 106 ) (-296 -256 119 ) (-352 -256 119 ) (-352 -256 106 ) 
4 25 26 (-296 -256 119 ) (-296 -256 160 ) (-352 -256 160 ) (-352 -256 119 ) 
4 26 28 (-55.505676 -448 119 ) (-56.929276 -448 119 ) (-149.393021 -355.536011 119 ) (-148.685989 -354.827972 119 ) 
4 26 27 (-160.707016 -344.221985 119 ) (-248.928772 -256 119 ) (-247.522781 -256 119 ) (-160 -343.514984 119 ) 
4 26 29 (0 -448 119 ) (-55.505676 -448 119 ) (-247.522781 -256 119 ) (0 -256 119 ) 
4 26 30 (-56.929276 -448 119 ) (-448 -448 119 ) (-448 -256 119 ) (-248.928772 -256 119 ) 
4 27 31 (-160.707016 -344.221985 106 ) (-248.928772 -256 106 ) (-247.522781 -256 106 ) (-160 -343.514984 106 ) 
4 27 29 (-160.001068 -343.516113 106 ) (-247.525009 -256 106 ) (-247.521240 -256 119 ) (-160 -343.514221 119 ) 
4 27 30 (-248.930222 -256 106 ) (-160.707764 -344.222717 106 ) (-160.705399 -344.220398 119 ) (-248.925781 -256 119 ) 
4 28 31 (-55.505676 -448 106 ) (-56.929276 -448 106 ) (-149.393021 -355.536011 106 ) (-148.685989 -354.827972 106 ) 
4 28 30 (-149.393738 -355.536774 106 ) (-56.930756 -448 106 ) (-56.925781 -448 119 ) (-149.391388 -355.534393 119 ) 
4 28 29 (-55.507813 -448 106 ) (-148.687088 -354.829071 106 ) (-148.685211 -354.827240 119 ) (-55.504150 -448 119 ) 
4 29 31 (0 -448 106 ) (-55.505676 -448 106 ) (-247.522781 -256 106 ) (0 -256 106 ) 
4 30 31 (-56.929276 -448 106 ) (-448 -448 106 ) (-448 -256 106 ) (-248.928772 -256 106 ) 
4 31 35 (-18.745020 -448 104 ) (-109.254997 -448 104 ) (-160 -397.255005 104 ) (-114.745010 -352 104 ) 
4 31 34 (-205.255005 -352 104 ) (-301.255005 -256 104 ) (-210.744995 -256 104 ) (-160 -306.744995 104 ) 
4 31 33 (0 -448 104 ) (-18.745020 -448 104 ) (-210.744995 -256 104 ) (0 -256 104 ) 
4 31 32 (-109.254997 -448 104 ) (-448 -448 104 ) (-448 -256 104 ) (-301.255005 -256 104 ) 
4 32 39 (-448 -256 88 ) (-301.255005 -256 88 ) (-109.254997 -448 88 ) (-448 -448 88 ) 
4 32 35 (-160.001404 -397.256409 104 ) (-109.257813 -448 104 ) (-109.257813 -448 88 ) (-160.001404 -397.256409 88 ) 
4 32 34 (-301.257813 -256 88 ) (-301.257813 -256 104 ) (-205.256409 -352.001404 104 ) (-205.256409 -352.001404 88 ) 
4 33 40 (-210.744995 -256 88 ) (0 -256 88 ) (0 -448 88 ) (-18.745020 -448 88 ) 
4 33 35 (-18.742188 -448 88 ) (-18.742188 -448 104 ) (-114.743599 -351.998596 104 ) (-114.743599 -351.998596 88 ) 
4 33 34 (-159.998596 -306.743591 104 ) (-210.742188 -256 104 ) (-210.742188 -256 88 ) (-159.998596 -306.743591 88 ) 
4 34 41 (-301.255005 -256 88 ) (-210.744995 -256 88 ) (-160 -306.744995 88 ) (-205.255005 -352 88 ) 
4 35 42 (-114.745010 -352 88 ) (-18.745020 -448 88 ) (-109.254997 -448 88 ) (-160 -397.255005 88 ) 
4 36 44 (0 -56 64 ) (0 -64 64 ) (-384 -64 64 ) (-384 -56 64 ) 
4 36 43 (-384 0 64 ) (0 0 64 ) (0 -56 64 ) (-384 -56 64 ) 
4 38 41 (-301.255005 -256 64 ) (-296 -256 64 ) (-296 -256 88 ) (-301.255005 -256 88 ) 
4 38 39 (-352 -256 64 ) (-301.255005 -256 64 ) (-301.255005 -256 88 ) (-352 -256 88 ) 
4 39 42 (-109.259766 -448 88 ) (-109.259766 -448 64 ) (-160.002380 -397.257385 64 ) (-160.002380 -397.257385 88 ) 
4 39 41 (-205.257385 -352.002380 64 ) (-301.259766 -256 64 ) (-301.259766 -256 88 ) (-205.257401 -352.002380 88 ) 
4 40 42 (-114.743599 -351.998596 64 ) (-18.742188 -448 64 ) (-18.742188 -448 88 ) (-114.743599 -351.998596 88 ) 
4 40 41 (-210.742172 -256 88 ) (-210.742172 -256 64 ) (-159.998596 -306.743591 64 ) (-159.998596 -306.743591 88 ) 
4 43 44 (-384 -56 64 ) (-384 -56 56 ) (0 -56 56 ) (0 -56 64 ) 
4 44 45 (0 -64 56 ) (-384 -64 56 ) (-384 -56 56 ) (0 -56 56 ) 
